((href https://github.com/OCamlPro/opam-repository/blob/master/packages/numerix.0.22/opam)(log((1372072362.17425704(Completed 0((status(Failed()))(duration 488.40473294258117676)(output((err"The compilation of numerix.0.22 failed.\n\n==== ERROR [while installing numerix.0.22] ====\n# opam-version    1.0.1 (df84b0565f0709578c581c1dea82246688d2804f)\n# os              openbsd\n# command         gmake clean lib examples test\n# path            /tmp/ocamlot/ocamlot.work.2013-06-24.18/opam-install/system/build/numerix.0.22\n# compiler        system (4.01.0)\n# exit-code       2\n# env-file        /tmp/ocamlot/ocamlot.work.2013-06-24.18/opam-install/system/build/numerix.0.22/numerix-6844-60459a.env\n# stdout-file     /tmp/ocamlot/ocamlot.work.2013-06-24.18/opam-install/system/build/numerix.0.22/numerix-6844-60459a.out\n# stderr-file     /tmp/ocamlot/ocamlot.work.2013-06-24.18/opam-install/system/build/numerix.0.22/numerix-6844-60459a.err\n### stdout ###\nrm -f kernel/n/o/*\nrm -f kernel/ocaml/o/*\ngcc -O2 -Wall  -Duse_clong -c -o kernel/n/o/numerix-c.o kernel/n/c/numerix.c\ngcc -O2 -Wall  -Duse_dlong -c -o kernel/n/o/numerix-d.o kernel/n/c/numerix.c\ngcc -O2 -Wall  -Duse_slong -c -o kernel/n/o/numerix-s.o kernel/n/c/numerix.c\ngcc -O2 -Wall  -Duse_slong -c -o kernel/n/o/numerix-t.o kernel/n/ppc32/numerix.S\n### stderr ###\n...[truncated]\nkernel/n/ppc32/shift.S:188: Error: junk at end of line: `@slw r8,r4,r6@add r8,r8,r9@srw r9,r4,r7@stw r8,0(r5)@lwz r4,4(r3)@slw r8,r4,r6@add r8,r8,r9@srw r9,r4,r7@stw r8,4(r5)@lwz r4,8(r3)@slw r8,r4,r6@add r8,r8,r9@srw r9,r4,r7@stw r8,8(r5)@lwz r4,12(r3)@slw r8,r4,r6@add r8,r8,r9@srw r9,r4,r7@stw r8,12(r5)'\nkernel/n/ppc32/shift.S:189: Error: junk at end of line: `@slw r8,r4,r6@add r8,r8,r9@srw r9,r4,r7@stw r8,16(r5)@lwz r4,20(r3)@slw r8,r4,r6@add r8,r8,r9@srw r9,r4,r7@stw r8,20(r5)@lwz r4,24(r3)@slw r8,r4,r6@add r8,r8,r9@srw r9,r4,r7@stw r8,24(r5)@lwz r4,28(r3)@slw r8,r4,r6@add r8,r8,r9@srw r9,r4,r7@stw r8,28(r5)'\nkernel/n/ppc32/shift.S:190: Error: junk at end of line: `@slw r8,r4,r6@add r8,r8,r9@srw r9,r4,r7@stw r8,32(r5)@lwz r4,36(r3)@slw r8,r4,r6@add r8,r8,r9@srw r9,r4,r7@stw r8,36(r5)@lwz r4,40(r3)@slw r8,r4,r6@add r8,r8,r9@srw r9,r4,r7@stw r8,40(r5)@lwz r4,44(r3)@slw r8,r4,r6@add r8,r8,r9@srw r9,r4,r7@stw r8,44(r5)'\nkernel/n/ppc32/shift.S:191: Error: junk at end of line: `@slw r8,r4,r6@add r8,r8,r9@srw r9,r4,r7@stw r8,48(r5)@lwz r4,52(r3)@slw r8,r4,r6@add r8,r8,r9@srw r9,r4,r7@stw r8,52(r5)@lwz r4,56(r3)@slw r8,r4,r6@add r8,r8,r9@srw r9,r4,r7@stw r8,56(r5)@lwz r4,60(r3)@slw r8,r4,r6@add r8,r8,r9@srw r9,r4,r7@stw r8,60(r5)'\nkernel/n/ppc32/shift.S:192: Error: junk at end of line: `@slw r8,r4,r6@add r8,r8,r9@srw r9,r4,r7@stw r8,64(r5)@lwz r4,68(r3)@slw r8,r4,r6@add r8,r8,r9@srw r9,r4,r7@stw r8,68(r5)@lwz r4,72(r3)@slw r8,r4,r6@add r8,r8,r9@srw r9,r4,r7@stw r8,72(r5)@lwz r4,76(r3)@slw r8,r4,r6@add r8,r8,r9@srw r9,r4,r7@stw r8,76(r5)'\nkernel/n/ppc32/shift.S:193: Error: junk at end of line: `@slw r8,r4,r6@add r8,r8,r9@srw r9,r4,r7@stw r8,80(r5)@lwz r4,84(r3)@slw r8,r4,r6@add r8,r8,r9@srw r9,r4,r7@stw r8,84(r5)@lwz r4,88(r3)@slw r8,r4,r6@add r8,r8,r9@srw r9,r4,r7@stw r8,88(r5)@lwz r4,92(r3)@slw r8,r4,r6@add r8,r8,r9@srw r9,r4,r7@stw r8,92(r5)'\nkernel/n/ppc32/shift.S:194: Error: junk at end of line: `@slw r8,r4,r6@add r8,r8,r9@srw r9,r4,r7@stw r8,96(r5)@lwz r4,100(r3)@slw r8,r4,r6@add r8,r8,r9@srw r9,r4,r7@stw r8,100(r5)@lwz r4,104(r3)@slw r8,r4,r6@add r8,r8,r9@srw r9,r4,r7@stw r8,104(r5)@lwz r4,108(r3)@slw r8,r4,r6@add r8,r8,r9@srw r9,r4,r7@stw r8,108(r5)'\nkernel/n/ppc32/shift.S:195: Error: junk at end of line: `@slw r8,r4,r6@add r8,r8,r9@srw r9,r4,r7@stw r8,112(r5)@lwz r4,116(r3)@slw r8,r4,r6@add r8,r8,r9@srw r9,r4,r7@stw r8,116(r5)@lwz r4,120(r3)@slw r8,r4,r6@add r8,r8,r9@srw r9,r4,r7@stw r8,120(r5)@lwz r4,124(r3)@slw r8,r4,r6@add r8,r8,r9@srw r9,r4,r7@stw r8,124(r5)'\nkernel/n/ppc32/shift.S:202: Error: Unrecognized opcode: `r3'\ngmake: *** [kernel/n/o/numerix-t.o] Error 1\n\n'opam install --verbose --yes numerix.0.22' failed.\n\nOCAMLOT After 488.40s Opam_task.run \"opam install --verbose --yes numerix.0.22\" failed (4) in 56.57s\n")(out"The following actions will be performed:\n - install numerix.0.22\n1 to install | 0 to reinstall | 0 to upgrade | 0 to downgrade | 0 to remove\n\n=-=-= Installing numerix.0.22 =-=-=\nDownloading http://pauillac.inria.fr/~quercia/cdrom/bibs/numerix.tar.gz.\n  % Total    % Received % Xferd  Average Speed   Time    Time     Time  Current\n                                 Dload  Upload   Total   Spent    Left  Speed\n\r  0     0    0     0    0     0      0      0 --:--:-- --:--:-- --:--:--     0\r 25 1173k   25  295k    0     0   923k      0  0:00:01 --:--:--  0:00:01 1058k\r100 1173k  100 1173k    0     0  1592k      0 --:--:-- --:--:-- --:--:-- 1685k\n200\nCreating /tmp/ocamlot/ocamlot.work.2013-06-24.18/opam-install/repo/ocamlot/archives/numerix.0.22+opam.tar.gz.\nExtracting /tmp/ocamlot/ocamlot.work.2013-06-24.18/opam-install/archives/numerix.0.22+opam.tar.gz.\nBuilding numerix.0.22:\n  ./configure --prefix=/tmp/ocamlot/ocamlot.work.2013-06-24.18/opam-install/system --enable-sse2 --disable-lang --enable-ocaml --enable-clong --enable-dlong --enable-slong --enable-gmp --enable-ocaml_bignum\n  gmake clean lib examples test\n  gmake install\n  mkdir -p /tmp/ocamlot/ocamlot.work.2013-06-24.18/opam-install/system/doc/numerix/\n  cp doc/english/numerix.pdf /tmp/ocamlot/ocamlot.work.2013-06-24.18/opam-install/system/doc/numerix/numerix-en.pdf\n  cp doc/francais/numerix.pdf /tmp/ocamlot/ocamlot.work.2013-06-24.18/opam-install/system/doc/numerix/numerix-fr.pdf\n  echo *** Check that /tmp/ocamlot/ocamlot.work.2013-06-24.18/opam-install/system/lib is in your LD_LIBRARY_PATH ***\nchecking for gcc... gcc\nchecking for C compiler default output file name... a.out\nchecking whether the C compiler works... yes\nchecking whether we are cross compiling... no\nchecking for suffix of executables... \nchecking for suffix of object files... o\nchecking whether we are using the GNU C compiler... yes\nchecking whether gcc accepts -g... yes\nchecking for gcc option to accept ANSI C... none needed\nchecking how to run the C preprocessor... gcc -E\nchecking for egrep... grep -E\nchecking for ANSI C header files... yes\nchecking for sys/types.h... yes\nchecking for sys/stat.h... yes\nchecking for stdlib.h... yes\nchecking for string.h... yes\nchecking for memory.h... yes\nchecking for strings.h... yes\nchecking for inttypes.h... yes\nchecking for stdint.h... yes\nchecking for unistd.h... yes\nchecking for long... yes\nchecking size of long... 4\nchecking for long long... yes\nchecking size of long long... 8\nchecking build system type... powerpc-unknown-openbsd5.3\nchecking host system type... powerpc-unknown-openbsd5.3\nchecking for gcc... (cached) gcc\nchecking whether we are using the GNU C compiler... (cached) yes\nchecking whether gcc accepts -g... (cached) yes\nchecking for gcc option to accept ANSI C... (cached) none needed\nchecking for ar... ar\nchecking for ranlib... ranlib\nchecking for working alloca.h... no\nchecking for alloca... yes\nchecking for ocamlc.opt... ocamlc.opt\nchecking for ocamlopt.opt... ocamlopt.opt\nchecking for ocamlmktop... ocamlmktop\nchecking for ocamlmklib... ocamlmklib\nchecking for Ocaml directory... /home/avsm/src/git/avsm/worker/ocaml/4.01+macppc/lib/ocaml\nchecking for __gmpz_init in -lgmp... no\nconfigure: WARNING: --enable-gmp selected but -lgmp fails\nchecking for /home/avsm/src/git/avsm/worker/ocaml/4.01+macppc/lib/ocaml/libnums.a... yes\nconfigure: creating kernel/n/makefile\nconfigure: creating kernel/c/makefile\nconfigure: creating kernel/caml/makefile\nconfigure: creating kernel/ocaml/makefile\nconfigure: creating kernel/pascal/makefile\nconfigure: creating ./config.status\nconfig.status: creating Makefile\nconfig.status: creating kernel/config.h\n\nConfigure summary\n-----------------\nmachine word size           32 bits\nprocessor                   ppc32\nuse alloca                  no\nuse longlong                yes\nshared libraries            no\nlanguages selected          Ocaml\nmodules selected            Clong Dlong Slong Gmp Big(ocaml)\nbin directory               /tmp/ocamlot/ocamlot.work.2013-06-24.18/opam-install/system/bin\nlib directory               /tmp/ocamlot/ocamlot.work.2013-06-24.18/opam-install/system/lib\ninclude directory           /tmp/ocamlot/ocamlot.work.2013-06-24.18/opam-install/system/include\n\nTo build Numerix            make lib\nTo compile the examples     make examples\nTo test Numerix             make test\nTo build,compile and test   make all\nTo install Numerix          make install\nrm -f kernel/n/o/*\nrm -f kernel/ocaml/o/*\ngcc -O2 -Wall  -Duse_clong -c -o kernel/n/o/numerix-c.o kernel/n/c/numerix.c\ngcc -O2 -Wall  -Duse_dlong -c -o kernel/n/o/numerix-d.o kernel/n/c/numerix.c\ngcc -O2 -Wall  -Duse_slong -c -o kernel/n/o/numerix-s.o kernel/n/c/numerix.c\ngcc -O2 -Wall  -Duse_slong -c -o kernel/n/o/numerix-t.o kernel/n/ppc32/numerix.S\nIn file included from kernel/n/ppc32/numerix.S:30:\nkernel/n/ppc32/dumpreg.S:81:9: warning: no newline at end of file\nkernel/n/ppc32/dumpreg.S: Assembler messages:\nkernel/n/ppc32/dumpreg.S:59: Error: Unrecognized opcode: `r28'\nkernel/n/ppc32/dumpreg.S:60: Error: Unrecognized opcode: `r31'\nkernel/n/ppc32/dumpreg.S:63: Error: syntax error; found `(' but expected `,'\nkernel/n/ppc32/dumpreg.S:63: Error: junk at end of line: `(Lsn_dump_fmt-Lsn_dump_here)'\nkernel/n/ppc32/dumpreg.S:64: Error: Unrecognized opcode: `r30'\nkernel/n/ppc32/dumpreg.S:65: Error: Unrecognized opcode: `r29'\nkernel/n/ppc32/dumpreg.S:67: Error: Unrecognized opcode: `affiche'\nkernel/n/ppc32/dumpreg.S:73: Error: syntax error; found `(' but expected `,'\nkernel/n/ppc32/dumpreg.S:73: Error: junk at end of line: `(Lsn_dump_fmt1-Lsn_dump_fmt)'\nkernel/n/ppc32/dumpreg.S:78: Error: Unrecognized opcode: `termin\233'\nkernel/n/ppc32/add.S:26: Error: junk at end of line, first unrecognized character is `+'\nkernel/n/ppc32/add.S:27: Error: junk at end of line, first unrecognized character is `|'\nkernel/n/ppc32/add.S:28: Error: junk at end of line, first unrecognized character is `+'\nkernel/n/ppc32/add.S:30: Error: Unrecognized opcode: `entr\233e'\nkernel/n/ppc32/add.S:31: Error: Unrecognized opcode: `r3'\nkernel/n/ppc32/add.S:32: Error: junk at end of line, first unrecognized character is `('\nkernel/n/ppc32/add.S:33: Error: junk at end of line, first unrecognized character is `o'\nkernel/n/ppc32/add.S:34: Error: junk at end of line, first unrecognized character is `o'\nkernel/n/ppc32/add.S:35: Error: junk at end of line, first unrecognized character is `r'\nkernel/n/ppc32/add.S:38: Error: junk at end of line, first unrecognized character is `('\nkernel/n/ppc32/add.S:39: Error: Unrecognized opcode: `ca'\nkernel/n/ppc32/add.S:40: Error: Unrecognized opcode: `r3'\nkernel/n/ppc32/add.S:42: Error: Unrecognized opcode: `registres'\nkernel/n/ppc32/add.S:43: Error: Unrecognized opcode: `ctr'\nkernel/n/ppc32/add.S:44: Error: Unrecognized opcode: `r4'\nkernel/n/ppc32/add.S:45: Error: Unrecognized opcode: `r10'\nkernel/n/ppc32/add.S:46: Error: Unrecognized opcode: `r11'\nkernel/n/ppc32/add.S:47: Error: Unrecognized opcode: `r12'\nkernel/n/ppc32/add.S:49: Error: Unrecognized opcode: `corps'\nkernel/n/ppc32/add.S:56: Error: Unrecognized opcode: `boucle'\nkernel/n/ppc32/add.S:58: Error: junk at end of line: `@lwz r4,0(r11)@adde r3,r3,r4@stw r3,0(r12)@lwz r3,4(r10)@lwz r4,4(r11)@adde r3,r3,r4@stw r3,4(r12)@lwz r3,8(r10)@lwz r4,8(r11)@adde r3,r3,r4@stw r3,8(r12)@lwz r3,12(r10)@lwz r4,12(r11)@adde r3,r3,r4@stw r3,12(r12)'\nkernel/n/ppc32/add.S:59: Error: junk at end of line: `@lwz r4,16(r11)@adde r3,r3,r4@stw r3,16(r12)@lwz r3,20(r10)@lwz r4,20(r11)@adde r3,r3,r4@stw r3,20(r12)@lwz r3,24(r10)@lwz r4,24(r11)@adde r3,r3,r4@stw r3,24(r12)@lwz r3,28(r10)@lwz r4,28(r11)@adde r3,r3,r4@stw r3,28(r12)'\nkernel/n/ppc32/add.S:60: Error: junk at end of line: `@lwz r4,32(r11)@adde r3,r3,r4@stw r3,32(r12)@lwz r3,36(r10)@lwz r4,36(r11)@adde r3,r3,r4@stw r3,36(r12)@lwz r3,40(r10)@lwz r4,40(r11)@adde r3,r3,r4@stw r3,40(r12)@lwz r3,44(r10)@lwz r4,44(r11)@adde r3,r3,r4@stw r3,44(r12)'\nkernel/n/ppc32/add.S:61: Error: junk at end of line: `@lwz r4,48(r11)@adde r3,r3,r4@stw r3,48(r12)@lwz r3,52(r10)@lwz r4,52(r11)@adde r3,r3,r4@stw r3,52(r12)@lwz r3,56(r10)@lwz r4,56(r11)@adde r3,r3,r4@stw r3,56(r12)@lwz r3,60(r10)@lwz r4,60(r11)@adde r3,r3,r4@stw r3,60(r12)'\nkernel/n/ppc32/add.S:62: Error: junk at end of line: `@lwz r4,64(r11)@adde r3,r3,r4@stw r3,64(r12)@lwz r3,68(r10)@lwz r4,68(r11)@adde r3,r3,r4@stw r3,68(r12)@lwz r3,72(r10)@lwz r4,72(r11)@adde r3,r3,r4@stw r3,72(r12)@lwz r3,76(r10)@lwz r4,76(r11)@adde r3,r3,r4@stw r3,76(r12)'\nkernel/n/ppc32/add.S:63: Error: junk at end of line: `@lwz r4,80(r11)@adde r3,r3,r4@stw r3,80(r12)@lwz r3,84(r10)@lwz r4,84(r11)@adde r3,r3,r4@stw r3,84(r12)@lwz r3,88(r10)@lwz r4,88(r11)@adde r3,r3,r4@stw r3,88(r12)@lwz r3,92(r10)@lwz r4,92(r11)@adde r3,r3,r4@stw r3,92(r12)'\nkernel/n/ppc32/add.S:64: Error: junk at end of line: `@lwz r4,96(r11)@adde r3,r3,r4@stw r3,96(r12)@lwz r3,100(r10)@lwz r4,100(r11)@adde r3,r3,r4@stw r3,100(r12)@lwz r3,104(r10)@lwz r4,104(r11)@adde r3,r3,r4@stw r3,104(r12)@lwz r3,108(r10)@lwz r4,108(r11)@adde r3,r3,r4@stw r3,108(r12)'\nkernel/n/ppc32/add.S:65: Error: junk at end of line: `@lwz r4,112(r11)@adde r3,r3,r4@stw r3,112(r12)@lwz r3,116(r10)@lwz r4,116(r11)@adde r3,r3,r4@stw r3,116(r12)@lwz r3,120(r10)@lwz r4,120(r11)@adde r3,r3,r4@stw r3,120(r12)@lwz r3,124(r10)@lwz r4,124(r11)@adde r3,r3,r4@stw r3,124(r12)'\nkernel/n/ppc32/add.S:75: Error: junk at end of line, first unrecognized character is `+'\nkernel/n/ppc32/add.S:76: Error: junk at end of line, first unrecognized character is `|'\nkernel/n/ppc32/add.S:77: Error: junk at end of line, first unrecognized character is `+'\nkernel/n/ppc32/add.S:79: Error: Unrecognized opcode: `chiffre'\nkernel/n/ppc32/add.S:82: Error: junk at end of line, first unrecognized character is `d'\nkernel/n/ppc32/add.S:83: Error: junk at end of line, first unrecognized character is `d'\nkernel/n/ppc32/add.S:84: Error: junk at end of line, first unrecognized character is `d'\nkernel/n/ppc32/add.S:86: Error: symbol `sortie' is already defined\nkernel/n/ppc32/add.S:87: Error: Unrecognized opcode: `c'\nkernel/n/ppc32/add.S:88: Error: Unrecognized opcode: `retourne'\nkernel/n/ppc32/add.S:102: Error: Unrecognized opcode: `r0'\nkernel/n/ppc32/add.S:104: Error: Unrecognized opcode: `additionne'\nkernel/n/ppc32/add.S:105: Error: Unrecognized opcode: `r8'\nkernel/n/ppc32/add.S:106: Error: bad expression\nkernel/n/ppc32/add.S:106: Error: missing operand\nkernel/n/ppc32/add.S:106: Error: syntax error; found `\nkernel/n/ppc32/add.S:107: Error: Unrecognized opcode: `lb'\nkernel/n/ppc32/add.S:109: Error: Unrecognized opcode: `r8'\nkernel/n/ppc32/add.S:110: Error: Unrecognized opcode: `cadre'\nkernel/n/ppc32/add.S:113: Error: Unrecognized opcode: `si'\nkernel/n/ppc32/add.S:114: Error: Unrecognized opcode: `ctr'\nkernel/n/ppc32/add.S:115: Error: Unrecognized opcode: `lr'\nkernel/n/ppc32/add.S:119: Error: syntax error; found `(' but expected `,'\nkernel/n/ppc32/add.S:119: Error: junk at end of line: `(Lsn_addloop - Lsn_add_here)'\nkernel/n/ppc32/add.S:123: Error: Unrecognized opcode: `effectue'\nkernel/n/ppc32/add.S:126: Error: Unrecognized opcode: `propage'\nkernel/n/ppc32/add.S:133: Error: Unrecognized opcode: `r3'\nkernel/n/ppc32/add.S:134: Error: Unrecognized opcode: `r3'\nkernel/n/ppc32/add.S:135: Error: Unrecognized opcode: `c[i]'\nkernel/n/ppc32/add.S:139: Error: Unrecognized opcode: `r3'\nkernel/n/ppc32/add.S:153: Error: junk at end of line, first unrecognized character is `+'\nkernel/n/ppc32/add.S:154: Error: junk at end of line, first unrecognized character is `|'\nkernel/n/ppc32/add.S:155: Error: junk at end of line, first unrecognized character is `+'\nkernel/n/ppc32/add.S:157: Error: Unrecognized opcode: `chiffre'\nkernel/n/ppc32/add.S:158: Error: symbol `entr\233e' is already defined\nkernel/n/ppc32/add.S:159: Error: junk at end of line, first unrecognized character is `d'\nkernel/n/ppc32/add.S:160: Error: junk at end of line, first unrecognized character is `d'\nkernel/n/ppc32/add.S:162: Error: symbol `sortie' is already defined\nkernel/n/ppc32/add.S:163: Error: bad expression\nkernel/n/ppc32/add.S:163: Error: missing operand\nkernel/n/ppc32/add.S:163: Error: missing operand\nkernel/n/ppc32/add.S:164: Error: Unrecognized opcode: `retourne'\nkernel/n/ppc32/add.S:178: Error: Unrecognized opcode: `r0'\nkernel/n/ppc32/add.S:180: Error: Unrecognized opcode: `additionne'\nkernel/n/ppc32/add.S:181: Error: Unrecognized opcode: `r8'\nkernel/n/ppc32/add.S:182: Error: bad expression\nkernel/n/ppc32/add.S:182: Error: missing operand\nkernel/n/ppc32/add.S:182: Error: syntax error; found `\nkernel/n/ppc32/add.S:183: Error: Unrecognized opcode: `lb'\nkernel/n/ppc32/add.S:185: Error: Unrecognized opcode: `r8'\nkernel/n/ppc32/add.S:186: Error: Unrecognized opcode: `cadre'\nkernel/n/ppc32/add.S:189: Error: Unrecognized opcode: `si'\nkernel/n/ppc32/add.S:190: Error: Unrecognized opcode: `ctr'\nkernel/n/ppc32/add.S:191: Error: Unrecognized opcode: `lr'\nkernel/n/ppc32/add.S:195: Error: syntax error; found `(' but expected `,'\nkernel/n/ppc32/add.S:195: Error: junk at end of line: `(Lsn_addloop - Lsn_inc_here)'\nkernel/n/ppc32/add.S:199: Error: Unrecognized opcode: `effectue'\nkernel/n/ppc32/add.S:201: Error: Unrecognized opcode: `propage'\nkernel/n/ppc32/add.S:202: Error: Unrecognized opcode: `r3'\nkernel/n/ppc32/add.S:215: Error: Unrecognized opcode: `r3'\nkernel/n/ppc32/add.S:230: Error: junk at end of line, first unrecognized character is `+'\nkernel/n/ppc32/add.S:231: Error: junk at end of line, first unrecognized character is `|'\nkernel/n/ppc32/add.S:232: Error: junk at end of line, first unrecognized character is `+'\nkernel/n/ppc32/add.S:234: Error: Unrecognized opcode: `entr\233e'\nkernel/n/ppc32/add.S:235: Error: Unrecognized opcode: `r3'\nkernel/n/ppc32/add.S:236: Error: junk at end of line, first unrecognized character is `('\nkernel/n/ppc32/add.S:237: Error: junk at end of line, first unrecognized character is `o'\nkernel/n/ppc32/add.S:238: Error: junk at end of line, first unrecognized character is `o'\nkernel/n/ppc32/add.S:239: Error: junk at end of line, first unrecognized character is `r'\nkernel/n/ppc32/add.S:241: Error: symbol `sortie' is already defined\nkernel/n/ppc32/add.S:242: Error: junk at end of line, first unrecognized character is `('\nkernel/n/ppc32/add.S:243: Error: Unrecognized opcode: `ca'\nkernel/n/ppc32/add.S:244: Error: Unrecognized opcode: `r3'\nkernel/n/ppc32/add.S:246: Error: Unrecognized opcode: `registres'\nkernel/n/ppc32/add.S:247: Error: Unrecognized opcode: `ctr'\nkernel/n/ppc32/add.S:248: Error: Unrecognized opcode: `r4'\nkernel/n/ppc32/add.S:249: Error: Unrecognized opcode: `r10'\nkernel/n/ppc32/add.S:250: Error: Unrecognized opcode: `r11'\nkernel/n/ppc32/add.S:251: Error: Unrecognized opcode: `r12'\nkernel/n/ppc32/add.S:253: Error: Unrecognized opcode: `corps'\nkernel/n/ppc32/add.S:260: Error: Unrecognized opcode: `boucle'\nkernel/n/ppc32/add.S:262: Error: junk at end of line: `@lwz r4,0(r11)@subfe r3,r4,r3@stw r3,0(r12)@lwz r3,4(r10)@lwz r4,4(r11)@subfe r3,r4,r3@stw r3,4(r12)@lwz r3,8(r10)@lwz r4,8(r11)@subfe r3,r4,r3@stw r3,8(r12)@lwz r3,12(r10)@lwz r4,12(r11)@subfe r3,r4,r3@stw r3,12(r12)'\nkernel/n/ppc32/add.S:263: Error: junk at end of line: `@lwz r4,16(r11)@subfe r3,r4,r3@stw r3,16(r12)@lwz r3,20(r10)@lwz r4,20(r11)@subfe r3,r4,r3@stw r3,20(r12)@lwz r3,24(r10)@lwz r4,24(r11)@subfe r3,r4,r3@stw r3,24(r12)@lwz r3,28(r10)@lwz r4,28(r11)@subfe r3,r4,r3@stw r3,28(r12)'\nkernel/n/ppc32/add.S:264: Error: junk at end of line: `@lwz r4,32(r11)@subfe r3,r4,r3@stw r3,32(r12)@lwz r3,36(r10)@lwz r4,36(r11)@subfe r3,r4,r3@stw r3,36(r12)@lwz r3,40(r10)@lwz r4,40(r11)@subfe r3,r4,r3@stw r3,40(r12)@lwz r3,44(r10)@lwz r4,44(r11)@subfe r3,r4,r3@stw r3,44(r12)'\nkernel/n/ppc32/add.S:265: Error: junk at end of line: `@lwz r4,48(r11)@subfe r3,r4,r3@stw r3,48(r12)@lwz r3,52(r10)@lwz r4,52(r11)@subfe r3,r4,r3@stw r3,52(r12)@lwz r3,56(r10)@lwz r4,56(r11)@subfe r3,r4,r3@stw r3,56(r12)@lwz r3,60(r10)@lwz r4,60(r11)@subfe r3,r4,r3@stw r3,60(r12)'\nkernel/n/ppc32/add.S:266: Error: junk at end of line: `@lwz r4,64(r11)@subfe r3,r4,r3@stw r3,64(r12)@lwz r3,68(r10)@lwz r4,68(r11)@subfe r3,r4,r3@stw r3,68(r12)@lwz r3,72(r10)@lwz r4,72(r11)@subfe r3,r4,r3@stw r3,72(r12)@lwz r3,76(r10)@lwz r4,76(r11)@subfe r3,r4,r3@stw r3,76(r12)'\nkernel/n/ppc32/add.S:267: Error: junk at end of line: `@lwz r4,80(r11)@subfe r3,r4,r3@stw r3,80(r12)@lwz r3,84(r10)@lwz r4,84(r11)@subfe r3,r4,r3@stw r3,84(r12)@lwz r3,88(r10)@lwz r4,88(r11)@subfe r3,r4,r3@stw r3,88(r12)@lwz r3,92(r10)@lwz r4,92(r11)@subfe r3,r4,r3@stw r3,92(r12)'\nkernel/n/ppc32/add.S:268: Error: junk at end of line: `@lwz r4,96(r11)@subfe r3,r4,r3@stw r3,96(r12)@lwz r3,100(r10)@lwz r4,100(r11)@subfe r3,r4,r3@stw r3,100(r12)@lwz r3,104(r10)@lwz r4,104(r11)@subfe r3,r4,r3@stw r3,104(r12)@lwz r3,108(r10)@lwz r4,108(r11)@subfe r3,r4,r3@stw r3,108(r12)'\nkernel/n/ppc32/add.S:269: Error: junk at end of line: `@lwz r4,112(r11)@subfe r3,r4,r3@stw r3,112(r12)@lwz r3,116(r10)@lwz r4,116(r11)@subfe r3,r4,r3@stw r3,116(r12)@lwz r3,120(r10)@lwz r4,120(r11)@subfe r3,r4,r3@stw r3,120(r12)@lwz r3,124(r10)@lwz r4,124(r11)@subfe r3,r4,r3@stw r3,124(r12)'\nkernel/n/ppc32/add.S:279: Error: junk at end of line, first unrecognized character is `+'\nkernel/n/ppc32/add.S:280: Error: junk at end of line, first unrecognized character is `|'\nkernel/n/ppc32/add.S:281: Error: junk at end of line, first unrecognized character is `+'\nkernel/n/ppc32/add.S:283: Error: Unrecognized opcode: `chiffre'\nkernel/n/ppc32/add.S:285: Error: symbol `entr\233e' is already defined\nkernel/n/ppc32/add.S:286: Error: junk at end of line, first unrecognized character is `d'\nkernel/n/ppc32/add.S:287: Error: junk at end of line, first unrecognized character is `d'\nkernel/n/ppc32/add.S:288: Error: junk at end of line, first unrecognized character is `d'\nkernel/n/ppc32/add.S:290: Error: symbol `sortie' is already defined\nkernel/n/ppc32/add.S:291: Error: Unrecognized opcode: `c'\nkernel/n/ppc32/add.S:292: Error: Unrecognized opcode: `retourne'\nkernel/n/ppc32/add.S:306: Error: Unrecognized opcode: `r0'\nkernel/n/ppc32/add.S:308: Error: Unrecognized opcode: `retranche'\nkernel/n/ppc32/add.S:309: Error: Unrecognized opcode: `r8'\nkernel/n/ppc32/add.S:310: Error: Unrecognized opcode: `r9'\nkernel/n/ppc32/add.S:312: Error: Unrecognized opcode: `r8'\nkernel/n/ppc32/add.S:313: Error: Unrecognized opcode: `cadre'\nkernel/n/ppc32/add.S:316: Error: bad expression\nkernel/n/ppc32/add.S:316: Error: syntax error; found `\nkernel/n/ppc32/add.S:317: Error: Unrecognized opcode: `si'\nkernel/n/ppc32/add.S:318: Error: Unrecognized opcode: `ctr'\nkernel/n/ppc32/add.S:319: Error: Unrecognized opcode: `lr'\nkernel/n/ppc32/add.S:323: Error: syntax error; found `(' but expected `,'\nkernel/n/ppc32/add.S:323: Error: junk at end of line: `(Lsn_subloop - Lsn_sub_here)'\nkernel/n/ppc32/add.S:327: Error: Unrecognized opcode: `effectue'\nkernel/n/ppc32/add.S:330: Error: Unrecognized opcode: `propage'\nkernel/n/ppc32/add.S:338: Error: Unrecognized opcode: `r3'\nkernel/n/ppc32/add.S:339: Error: Unrecognized opcode: `r3'\nkernel/n/ppc32/add.S:340: Error: Unrecognized opcode: `c[i]'\nkernel/n/ppc32/add.S:343: Error: Unrecognized opcode: `r3'\nkernel/n/ppc32/add.S:358: Error: junk at end of line, first unrecognized character is `+'\nkernel/n/ppc32/add.S:359: Error: junk at end of line, first unrecognized character is `|'\nkernel/n/ppc32/add.S:360: Error: junk at end of line, first unrecognized character is `+'\nkernel/n/ppc32/add.S:362: Error: Unrecognized opcode: `chiffre'\nkernel/n/ppc32/add.S:363: Error: symbol `entr\233e' is already defined\nkernel/n/ppc32/add.S:364: Error: junk at end of line, first unrecognized character is `d'\nkernel/n/ppc32/add.S:365: Error: junk at end of line, first unrecognized character is `d'\nkernel/n/ppc32/add.S:367: Error: symbol `sortie' is already defined\nkernel/n/ppc32/add.S:368: Error: bad expression\nkernel/n/ppc32/add.S:368: Error: missing operand\nkernel/n/ppc32/add.S:368: Error: missing operand\nkernel/n/ppc32/add.S:369: Error: Unrecognized opcode: `retourne'\nkernel/n/ppc32/add.S:383: Error: Unrecognized opcode: `r0'\nkernel/n/ppc32/add.S:385: Error: Unrecognized opcode: `retranche'\nkernel/n/ppc32/add.S:386: Error: Unrecognized opcode: `r8'\nkernel/n/ppc32/add.S:387: Error: Unrecognized opcode: `lb'\nkernel/n/ppc32/add.S:389: Error: Unrecognized opcode: `r8'\nkernel/n/ppc32/add.S:390: Error: Unrecognized opcode: `cadre'\nkernel/n/ppc32/add.S:393: Error: bad expression\nkernel/n/ppc32/add.S:393: Error: syntax error; found `\nkernel/n/ppc32/add.S:394: Error: Unrecognized opcode: `si'\nkernel/n/ppc32/add.S:395: Error: Unrecognized opcode: `ctr'\nkernel/n/ppc32/add.S:396: Error: Unrecognized opcode: `lr'\nkernel/n/ppc32/add.S:400: Error: syntax error; found `(' but expected `,'\nkernel/n/ppc32/add.S:400: Error: junk at end of line: `(Lsn_subloop - Lsn_dec_here)'\nkernel/n/ppc32/add.S:404: Error: Unrecognized opcode: `effectue'\nkernel/n/ppc32/add.S:406: Error: Unrecognized opcode: `propage'\nkernel/n/ppc32/add.S:407: Error: Unrecognized opcode: `r3'\nkernel/n/ppc32/add.S:421: Error: Unrecognized opcode: `r3'\nkernel/n/ppc32/add.S:437: Error: junk at end of line, first unrecognized character is `+'\nkernel/n/ppc32/add.S:438: Error: junk at end of line, first unrecognized character is `|'\nkernel/n/ppc32/add.S:439: Error: junk at end of line, first unrecognized character is `+'\nkernel/n/ppc32/add.S:441: Error: Unrecognized opcode: `chiffre'\nkernel/n/ppc32/add.S:442: Error: symbol `entr\233e' is already defined\nkernel/n/ppc32/add.S:443: Error: junk at end of line, first unrecognized character is `d'\nkernel/n/ppc32/add.S:444: Error: junk at end of line, first unrecognized character is `d'\nkernel/n/ppc32/add.S:445: Error: junk at end of line, first unrecognized character is `d'\nkernel/n/ppc32/add.S:446: Error: bad expression\nkernel/n/ppc32/add.S:446: Error: syntax error; found `=' but expected `,'\nkernel/n/ppc32/add.S:446: Error: junk at end of line: `=lb>0'\nkernel/n/ppc32/add.S:448: Error: symbol `sortie' is already defined\nkernel/n/ppc32/add.S:449: Error: Unrecognized opcode: `c'\nkernel/n/ppc32/add.S:450: Error: Unrecognized opcode: `r2'\nkernel/n/ppc32/add.S:453: Error: Unrecognized opcode: `fonction'\nkernel/n/ppc32/add.S:464: Error: bad expression\nkernel/n/ppc32/add.S:464: Error: syntax error; found `\nkernel/n/ppc32/add.S:468: Error: Unrecognized opcode: `r10'\nkernel/n/ppc32/add.S:469: Error: Unrecognized opcode: `r12'\nkernel/n/ppc32/add.S:470: Error: Unrecognized opcode: `r2'\nkernel/n/ppc32/add.S:472: Error: Unrecognized opcode: `recopie'\nkernel/n/ppc32/add.S:482: Error: Unrecognized opcode: `soustrait'\nkernel/n/ppc32/add.S:486: Error: Unrecognized opcode: `ca'\nkernel/n/ppc32/add.S:493: Error: Unrecognized opcode: `ici'\nkernel/n/ppc32/add.S:495: Error: Unrecognized opcode: `r2'\nkernel/n/ppc32/add.S:503: Error: Unrecognized opcode: `r0'\nkernel/n/ppc32/add.S:504: Error: Unrecognized opcode: `restaure'\nkernel/n/ppc32/add.S:508: Error: Unrecognized opcode: `retranche'\nkernel/n/ppc32/add.S:509: Error: Unrecognized opcode: `r8'\nkernel/n/ppc32/add.S:510: Error: Unrecognized opcode: `lb'\nkernel/n/ppc32/add.S:512: Error: Unrecognized opcode: `r8'\nkernel/n/ppc32/add.S:513: Error: Unrecognized opcode: `cadre'\nkernel/n/ppc32/add.S:516: Error: Unrecognized opcode: `ca'\nkernel/n/ppc32/add.S:517: Error: Unrecognized opcode: `si'\nkernel/n/ppc32/add.S:518: Error: Unrecognized opcode: `ctr'\nkernel/n/ppc32/add.S:519: Error: Unrecognized opcode: `lr'\nkernel/n/ppc32/add.S:523: Error: syntax error; found `(' but expected `,'\nkernel/n/ppc32/add.S:523: Error: junk at end of line: `(Lsn_subloop - Lsn_asub_here)'\nkernel/n/ppc32/add.S:527: Error: Unrecognized opcode: `effectue'\nkernel/n/ppc32/add.S:530: Error: Unrecognized opcode: `propage'\nkernel/n/ppc32/add.S:537: Error: Unrecognized opcode: `r3'\nkernel/n/ppc32/add.S:538: Error: Unrecognized opcode: `r3'\nkernel/n/ppc32/add.S:539: Error: Unrecognized opcode: `c[i]'\nkernel/n/ppc32/add.S:540: Error: Unrecognized opcode: `a++'\nkernel/n/ppc32/add.S:541: Error: Unrecognized opcode: `c++'\nkernel/n/ppc32/add.S:552: Error: junk at end of line, first unrecognized character is `+'\nkernel/n/ppc32/add.S:553: Error: junk at end of line, first unrecognized character is `|'\nkernel/n/ppc32/add.S:554: Error: junk at end of line, first unrecognized character is `+'\nkernel/n/ppc32/add.S:556: Error: Unrecognized opcode: `void'\nkernel/n/ppc32/add.S:557: Error: symbol `entr\233e' is already defined\nkernel/n/ppc32/add.S:558: Error: Unrecognized opcode: `a,b,c,d'\nkernel/n/ppc32/add.S:560: Error: symbol `contraintes' is already defined\nkernel/n/ppc32/add.S:561: Error: Unrecognized opcode: `n'\nkernel/n/ppc32/add.S:563: Error: symbol `sortie' is already defined\nkernel/n/ppc32/add.S:564: Error: Unrecognized opcode: `c'\nkernel/n/ppc32/add.S:565: Error: Unrecognized opcode: `d'\nkernel/n/ppc32/add.S:566: Error: Unrecognized opcode: `ca'\nkernel/n/ppc32/add.S:567: Error: Unrecognized opcode: `r6'\nkernel/n/ppc32/add.S:569: Error: symbol `remarque' is already defined\nkernel/n/ppc32/add.S:570: Error: Unrecognized opcode: `fonction'\nkernel/n/ppc32/add.S:575: Error: Unrecognized opcode: `r0'\nkernel/n/ppc32/add.S:577: Error: Unrecognized opcode: `r8'\nkernel/n/ppc32/add.S:578: Error: Unrecognized opcode: `r7'\nkernel/n/ppc32/add.S:580: Error: Unrecognized opcode: `r8'\nkernel/n/ppc32/add.S:581: Error: Unrecognized opcode: `cadre'\nkernel/n/ppc32/add.S:585: Error: Unrecognized opcode: `recule'\nkernel/n/ppc32/add.S:586: Error: Unrecognized opcode: `lr'\nkernel/n/ppc32/add.S:589: Error: syntax error; found `(' but expected `,'\nkernel/n/ppc32/add.S:589: Error: junk at end of line: `(Lsn_half_add_sub_loop - Lsn_half_add_sub_here + 20)'\nkernel/n/ppc32/add.S:594: Error: Unrecognized opcode: `ctr'\nkernel/n/ppc32/add.S:595: Error: Unrecognized opcode: `r3'\nkernel/n/ppc32/add.S:599: Error: junk at end of line: `3'\nkernel/n/ppc32/add.S:599: Error: Unrecognized opcode: `c'\nkernel/n/ppc32/add.S:601: Error: Unrecognized opcode: `corps'\nkernel/n/ppc32/add.S:610: Error: Unrecognized opcode: `boucle'\nkernel/n/ppc32/add.S:612: Error: junk at end of line: `@lwz r4,0(r11)@adde r3,r4,r3@insrwi r5,r3,1,0@stw r5,0(r10)@srwi r5,r3,1@lwz r3,4(r9)@lwz r4,4(r11)@adde r3,r4,r3@insrwi r5,r3,1,0@stw r5,4(r10)@srwi r5,r3,1@lwz r3,8(r9)@lwz r4,8(r11)@adde r3,r4,r3@insrwi r5,r3,1,0@stw r5,8(r10)@srwi r5,r3,1@lwz r3,12(r9)@lwz r4,12(r11)@adde r3,r4,r3@insrwi r5,r3,1,0@stw r5,12(r10)@srwi r5,r3,1'\nkernel/n/ppc32/add.S:613: Error: junk at end of line: `@lwz r4,16(r11)@adde r3,r4,r3@insrwi r5,r3,1,0@stw r5,16(r10)@srwi r5,r3,1@lwz r3,20(r9)@lwz r4,20(r11)@adde r3,r4,r3@insrwi r5,r3,1,0@stw r5,20(r10)@srwi r5,r3,1@lwz r3,24(r9)@lwz r4,24(r11)@adde r3,r4,r3@insrwi r5,r3,1,0@stw r5,24(r10)@srwi r5,r3,1@lwz r3,28(r9)@lwz r4,28(r11)@adde r3,r4,r3@insrwi r5,r3,1,0@stw r5,28(r10)@srwi r5,r3,1'\nkernel/n/ppc32/add.S:614: Error: junk at end of line: `@lwz r4,32(r11)@adde r3,r4,r3@insrwi r5,r3,1,0@stw r5,32(r10)@srwi r5,r3,1@lwz r3,36(r9)@lwz r4,36(r11)@adde r3,r4,r3@insrwi r5,r3,1,0@stw r5,36(r10)@srwi r5,r3,1@lwz r3,40(r9)@lwz r4,40(r11)@adde r3,r4,r3@insrwi r5,r3,1,0@stw r5,40(r10)@srwi r5,r3,1@lwz r3,44(r9)@lwz r4,44(r11)@adde r3,r4,r3@insrwi r5,r3,1,0@stw r5,44(r10)@srwi r5,r3,1'\nkernel/n/ppc32/add.S:615: Error: junk at end of line: `@lwz r4,48(r11)@adde r3,r4,r3@insrwi r5,r3,1,0@stw r5,48(r10)@srwi r5,r3,1@lwz r3,52(r9)@lwz r4,52(r11)@adde r3,r4,r3@insrwi r5,r3,1,0@stw r5,52(r10)@srwi r5,r3,1@lwz r3,56(r9)@lwz r4,56(r11)@adde r3,r4,r3@insrwi r5,r3,1,0@stw r5,56(r10)@srwi r5,r3,1@lwz r3,60(r9)@lwz r4,60(r11)@adde r3,r4,r3@insrwi r5,r3,1,0@stw r5,60(r10)@srwi r5,r3,1'\nkernel/n/ppc32/add.S:616: Error: junk at end of line: `@lwz r4,64(r11)@adde r3,r4,r3@insrwi r5,r3,1,0@stw r5,64(r10)@srwi r5,r3,1@lwz r3,68(r9)@lwz r4,68(r11)@adde r3,r4,r3@insrwi r5,r3,1,0@stw r5,68(r10)@srwi r5,r3,1@lwz r3,72(r9)@lwz r4,72(r11)@adde r3,r4,r3@insrwi r5,r3,1,0@stw r5,72(r10)@srwi r5,r3,1@lwz r3,76(r9)@lwz r4,76(r11)@adde r3,r4,r3@insrwi r5,r3,1,0@stw r5,76(r10)@srwi r5,r3,1'\nkernel/n/ppc32/add.S:617: Error: junk at end of line: `@lwz r4,80(r11)@adde r3,r4,r3@insrwi r5,r3,1,0@stw r5,80(r10)@srwi r5,r3,1@lwz r3,84(r9)@lwz r4,84(r11)@adde r3,r4,r3@insrwi r5,r3,1,0@stw r5,84(r10)@srwi r5,r3,1@lwz r3,88(r9)@lwz r4,88(r11)@adde r3,r4,r3@insrwi r5,r3,1,0@stw r5,88(r10)@srwi r5,r3,1@lwz r3,92(r9)@lwz r4,92(r11)@adde r3,r4,r3@insrwi r5,r3,1,0@stw r5,92(r10)@srwi r5,r3,1'\nkernel/n/ppc32/add.S:618: Error: junk at end of line: `@lwz r4,96(r11)@adde r3,r4,r3@insrwi r5,r3,1,0@stw r5,96(r10)@srwi r5,r3,1@lwz r3,100(r9)@lwz r4,100(r11)@adde r3,r4,r3@insrwi r5,r3,1,0@stw r5,100(r10)@srwi r5,r3,1@lwz r3,104(r9)@lwz r4,104(r11)@adde r3,r4,r3@insrwi r5,r3,1,0@stw r5,104(r10)@srwi r5,r3,1@lwz r3,108(r9)@lwz r4,108(r11)@adde r3,r4,r3@insrwi r5,r3,1,0@stw r5,108(r10)@srwi r5,r3,1'\nkernel/n/ppc32/add.S:619: Error: junk at end of line: `@lwz r4,112(r11)@adde r3,r4,r3@insrwi r5,r3,1,0@stw r5,112(r10)@srwi r5,r3,1@lwz r3,116(r9)@lwz r4,116(r11)@adde r3,r4,r3@insrwi r5,r3,1,0@stw r5,116(r10)@srwi r5,r3,1@lwz r3,120(r9)@lwz r4,120(r11)@adde r3,r4,r3@insrwi r5,r3,1,0@stw r5,120(r10)@srwi r5,r3,1@lwz r3,124(r9)@lwz r4,124(r11)@adde r3,r4,r3@insrwi r5,r3,1,0@stw r5,124(r10)@srwi r5,r3,1'\nkernel/n/ppc32/add.S:626: Error: Unrecognized opcode: `sauve'\nkernel/n/ppc32/add.S:631: Error: syntax error; found `(' but expected `,'\nkernel/n/ppc32/add.S:631: Error: junk at end of line: `(Lsn_subloop - Lsn_half_add_sub_here)'\nkernel/n/ppc32/add.S:635: Error: Unrecognized opcode: `lr'\nkernel/n/ppc32/add.S:636: Error: Unrecognized opcode: `ctr'\nkernel/n/ppc32/add.S:637: Error: Unrecognized opcode: `recadre'\nkernel/n/ppc32/add.S:641: Error: Unrecognized opcode: `ca'\nkernel/n/ppc32/add.S:642: Error: Unrecognized opcode: `d'\nkernel/n/ppc32/add.S:644: Error: Unrecognized opcode: `termin\233'\nkernel/n/ppc32/mul_n2.S:26: Error: junk at end of line, first unrecognized character is `+'\nkernel/n/ppc32/mul_n2.S:27: Error: junk at end of line, first unrecognized character is `|'\nkernel/n/ppc32/mul_n2.S:28: Error: junk at end of line, first unrecognized character is `+'\nkernel/n/ppc32/mul_n2.S:30: Error: Unrecognized opcode: `entr\233e'\nkernel/n/ppc32/mul_n2.S:31: Error: junk at end of line, first unrecognized character is `e'\nkernel/n/ppc32/mul_n2.S:32: Error: junk at end of line, first unrecognized character is `('\nkernel/n/ppc32/mul_n2.S:34: Error: junk at end of line, first unrecognized character is `m'\nkernel/n/ppc32/mul_n2.S:35: Error: junk at end of line, first unrecognized character is `r'\nkernel/n/ppc32/mul_n2.S:37: Error: symbol `sortie' is already defined\nkernel/n/ppc32/mul_n2.S:38: Error: junk at end of line, first unrecognized character is `('\nkernel/n/ppc32/mul_n2.S:39: Error: Unrecognized opcode: `r3'\nkernel/n/ppc32/mul_n2.S:40: Error: Unrecognized opcode: `r4'\nkernel/n/ppc32/mul_n2.S:42: Error: Unrecognized opcode: `registres'\nkernel/n/ppc32/mul_n2.S:43: Error: Unrecognized opcode: `ctr'\nkernel/n/ppc32/mul_n2.S:44: Error: Unrecognized opcode: `r5'\nkernel/n/ppc32/mul_n2.S:45: Error: Unrecognized opcode: `r11'\nkernel/n/ppc32/mul_n2.S:46: Error: Unrecognized opcode: `r12'\nkernel/n/ppc32/mul_n2.S:48: Error: Unrecognized opcode: `corps'\nkernel/n/ppc32/mul_n2.S:57: Error: Unrecognized opcode: `boucle'\nkernel/n/ppc32/mul_n2.S:59: Error: junk at end of line: `@mullw r4,r10,r5@mulhwu r5,r10,r5@addc r4,r4,r3@addze r3,r5@stw r4,0(r12)@lwz r5,4(r11)@mullw r4,r10,r5@mulhwu r5,r10,r5@addc r4,r4,r3@addze r3,r5@stw r4,4(r12)@lwz r5,8(r11)@mullw r4,r10,r5@mulhwu r5,r10,r5@addc r4,r4,r3@addze r3,r5@stw r4,8(r12)@lwz r5,12(r11)@mullw r4,r10,r5@mulhwu r5,r10,r5@addc r4,r4,r3@addze r3,r5@stw r4,12(r12)'\nkernel/n/ppc32/mul_n2.S:60: Error: junk at end of line: `@mullw r4,r10,r5@mulhwu r5,r10,r5@addc r4,r4,r3@addze r3,r5@stw r4,16(r12)@lwz r5,20(r11)@mullw r4,r10,r5@mulhwu r5,r10,r5@addc r4,r4,r3@addze r3,r5@stw r4,20(r12)@lwz r5,24(r11)@mullw r4,r10,r5@mulhwu r5,r10,r5@addc r4,r4,r3@addze r3,r5@stw r4,24(r12)@lwz r5,28(r11)@mullw r4,r10,r5@mulhwu r5,r10,r5@addc r4,r4,r3@addze r3,r5@stw r4,28(r12)'\nkernel/n/ppc32/mul_n2.S:61: Error: junk at end of line: `@mullw r4,r10,r5@mulhwu r5,r10,r5@addc r4,r4,r3@addze r3,r5@stw r4,32(r12)@lwz r5,36(r11)@mullw r4,r10,r5@mulhwu r5,r10,r5@addc r4,r4,r3@addze r3,r5@stw r4,36(r12)@lwz r5,40(r11)@mullw r4,r10,r5@mulhwu r5,r10,r5@addc r4,r4,r3@addze r3,r5@stw r4,40(r12)@lwz r5,44(r11)@mullw r4,r10,r5@mulhwu r5,r10,r5@addc r4,r4,r3@addze r3,r5@stw r4,44(r12)'\nkernel/n/ppc32/mul_n2.S:62: Error: junk at end of line: `@mullw r4,r10,r5@mulhwu r5,r10,r5@addc r4,r4,r3@addze r3,r5@stw r4,48(r12)@lwz r5,52(r11)@mullw r4,r10,r5@mulhwu r5,r10,r5@addc r4,r4,r3@addze r3,r5@stw r4,52(r12)@lwz r5,56(r11)@mullw r4,r10,r5@mulhwu r5,r10,r5@addc r4,r4,r3@addze r3,r5@stw r4,56(r12)@lwz r5,60(r11)@mullw r4,r10,r5@mulhwu r5,r10,r5@addc r4,r4,r3@addze r3,r5@stw r4,60(r12)'\nkernel/n/ppc32/mul_n2.S:63: Error: junk at end of line: `@mullw r4,r10,r5@mulhwu r5,r10,r5@addc r4,r4,r3@addze r3,r5@stw r4,64(r12)@lwz r5,68(r11)@mullw r4,r10,r5@mulhwu r5,r10,r5@addc r4,r4,r3@addze r3,r5@stw r4,68(r12)@lwz r5,72(r11)@mullw r4,r10,r5@mulhwu r5,r10,r5@addc r4,r4,r3@addze r3,r5@stw r4,72(r12)@lwz r5,76(r11)@mullw r4,r10,r5@mulhwu r5,r10,r5@addc r4,r4,r3@addze r3,r5@stw r4,76(r12)'\nkernel/n/ppc32/mul_n2.S:64: Error: junk at end of line: `@mullw r4,r10,r5@mulhwu r5,r10,r5@addc r4,r4,r3@addze r3,r5@stw r4,80(r12)@lwz r5,84(r11)@mullw r4,r10,r5@mulhwu r5,r10,r5@addc r4,r4,r3@addze r3,r5@stw r4,84(r12)@lwz r5,88(r11)@mullw r4,r10,r5@mulhwu r5,r10,r5@addc r4,r4,r3@addze r3,r5@stw r4,88(r12)@lwz r5,92(r11)@mullw r4,r10,r5@mulhwu r5,r10,r5@addc r4,r4,r3@addze r3,r5@stw r4,92(r12)'\nkernel/n/ppc32/mul_n2.S:65: Error: junk at end of line: `@mullw r4,r10,r5@mulhwu r5,r10,r5@addc r4,r4,r3@addze r3,r5@stw r4,96(r12)@lwz r5,100(r11)@mullw r4,r10,r5@mulhwu r5,r10,r5@addc r4,r4,r3@addze r3,r5@stw r4,100(r12)@lwz r5,104(r11)@mullw r4,r10,r5@mulhwu r5,r10,r5@addc r4,r4,r3@addze r3,r5@stw r4,104(r12)@lwz r5,108(r11)@mullw r4,r10,r5@mulhwu r5,r10,r5@addc r4,r4,r3@addze r3,r5@stw r4,108(r12)'\nkernel/n/ppc32/mul_n2.S:66: Error: junk at end of line: `@mullw r4,r10,r5@mulhwu r5,r10,r5@addc r4,r4,r3@addze r3,r5@stw r4,112(r12)@lwz r5,116(r11)@mullw r4,r10,r5@mulhwu r5,r10,r5@addc r4,r4,r3@addze r3,r5@stw r4,116(r12)@lwz r5,120(r11)@mullw r4,r10,r5@mulhwu r5,r10,r5@addc r4,r4,r3@addze r3,r5@stw r4,120(r12)@lwz r5,124(r11)@mullw r4,r10,r5@mulhwu r5,r10,r5@addc r4,r4,r3@addze r3,r5@stw r4,124(r12)'\nkernel/n/ppc32/mul_n2.S:74: Error: junk at end of line, first unrecognized character is `+'\nkernel/n/ppc32/mul_n2.S:75: Error: junk at end of line, first unrecognized character is `|'\nkernel/n/ppc32/mul_n2.S:76: Error: junk at end of line, first unrecognized character is `+'\nkernel/n/ppc32/mul_n2.S:78: Error: Unrecognized opcode: `entr\233e'\nkernel/n/ppc32/mul_n2.S:79: Error: junk at end of line, first unrecognized character is `e'\nkernel/n/ppc32/mul_n2.S:81: Error: junk at end of line, first unrecognized character is `('\nkernel/n/ppc32/mul_n2.S:82: Error: junk at end of line, first unrecognized character is `m'\nkernel/n/ppc32/mul_n2.S:83: Error: junk at end of line, first unrecognized character is `r'\nkernel/n/ppc32/mul_n2.S:85: Error: symbol `sortie' is already defined\nkernel/n/ppc32/mul_n2.S:86: Error: junk at end of line, first unrecognized character is `('\nkernel/n/ppc32/mul_n2.S:87: Error: Unrecognized opcode: `r3'\nkernel/n/ppc32/mul_n2.S:89: Error: Unrecognized opcode: `registres'\nkernel/n/ppc32/mul_n2.S:90: Error: Unrecognized opcode: `ctr'\nkernel/n/ppc32/mul_n2.S:91: Error: Unrecognized opcode: `r5,r6,r7,r8'\nkernel/n/ppc32/mul_n2.S:92: Error: Unrecognized opcode: `r11'\nkernel/n/ppc32/mul_n2.S:93: Error: Unrecognized opcode: `r12'\nkernel/n/ppc32/mul_n2.S:95: Error: Unrecognized opcode: `corps'\nkernel/n/ppc32/mul_n2.S:109: Error: Unrecognized opcode: `boucle'\nkernel/n/ppc32/mul_n2.S:111: Error: junk at end of line: `@mullw r5,r9,r8@mulhwu r6,r9,r8@mullw r7,r10,r8@mulhwu r8,r10,r8@addc r5,r5,r3@stw r5,0(r12)@adde r6,r6,r7@addze r8,r8@addc r3,r6,r4@addze r4,r8@lwz r8,4(r11)@mullw r5,r9,r8@mulhwu r6,r9,r8@mullw r7,r10,r8@mulhwu r8,r10,r8@addc r5,r5,r3@stw r5,4(r12)@adde r6,r6,r7@addze r8,r8@addc r3,r6,r4@addze r4,r8@lwz r8,8(r11)@mullw r5,r9,r8@mulhwu r6,r9,r8@mullw r7,r10,r8@mulhwu r8,r10,r8@addc r5,r5,r3@stw r5,8(r12)@adde r6,r6,r7@addze r8,r8@addc r3,r6,r4@addze r4,r8@lwz r8,12(r11)@mullw r5,r9,r8@mulhwu r6,r9,r8@mullw r7,r10,r8@mulhwu r8,r10,r8@addc r5,r5,r3@stw r5,12(r12)@adde r6,r6,r7@addze r8,r8@addc r3,r6,r4@addze r4,r8'\nkernel/n/ppc32/mul_n2.S:112: Error: junk at end of line: `@mullw r5,r9,r8@mulhwu r6,r9,r8@mullw r7,r10,r8@mulhwu r8,r10,r8@addc r5,r5,r3@stw r5,16(r12)@adde r6,r6,r7@addze r8,r8@addc r3,r6,r4@addze r4,r8@lwz r8,20(r11)@mullw r5,r9,r8@mulhwu r6,r9,r8@mullw r7,r10,r8@mulhwu r8,r10,r8@addc r5,r5,r3@stw r5,20(r12)@adde r6,r6,r7@addze r8,r8@addc r3,r6,r4@addze r4,r8@lwz r8,24(r11)@mullw r5,r9,r8@mulhwu r6,r9,r8@mullw r7,r10,r8@mulhwu r8,r10,r8@addc r5,r5,r3@stw r5,24(r12)@adde r6,r6,r7@addze r8,r8@addc r3,r6,r4@addze r4,r8@lwz r8,28(r11)@mullw r5,r9,r8@mulhwu r6,r9,r8@mullw r7,r10,r8@mulhwu r8,r10,r8@addc r5,r5,r3@stw r5,28(r12)@adde r6,r6,r7@addze r8,r8@addc r3,r6,r4@addze r4,r8'\nkernel/n/ppc32/mul_n2.S:113: Error: junk at end of line: `@mullw r5,r9,r8@mulhwu r6,r9,r8@mullw r7,r10,r8@mulhwu r8,r10,r8@addc r5,r5,r3@stw r5,32(r12)@adde r6,r6,r7@addze r8,r8@addc r3,r6,r4@addze r4,r8@lwz r8,36(r11)@mullw r5,r9,r8@mulhwu r6,r9,r8@mullw r7,r10,r8@mulhwu r8,r10,r8@addc r5,r5,r3@stw r5,36(r12)@adde r6,r6,r7@addze r8,r8@addc r3,r6,r4@addze r4,r8@lwz r8,40(r11)@mullw r5,r9,r8@mulhwu r6,r9,r8@mullw r7,r10,r8@mulhwu r8,r10,r8@addc r5,r5,r3@stw r5,40(r12)@adde r6,r6,r7@addze r8,r8@addc r3,r6,r4@addze r4,r8@lwz r8,44(r11)@mullw r5,r9,r8@mulhwu r6,r9,r8@mullw r7,r10,r8@mulhwu r8,r10,r8@addc r5,r5,r3@stw r5,44(r12)@adde r6,r6,r7@addze r8,r8@addc r3,r6,r4@addze r4,r8'\nkernel/n/ppc32/mul_n2.S:114: Error: junk at end of line: `@mullw r5,r9,r8@mulhwu r6,r9,r8@mullw r7,r10,r8@mulhwu r8,r10,r8@addc r5,r5,r3@stw r5,48(r12)@adde r6,r6,r7@addze r8,r8@addc r3,r6,r4@addze r4,r8@lwz r8,52(r11)@mullw r5,r9,r8@mulhwu r6,r9,r8@mullw r7,r10,r8@mulhwu r8,r10,r8@addc r5,r5,r3@stw r5,52(r12)@adde r6,r6,r7@addze r8,r8@addc r3,r6,r4@addze r4,r8@lwz r8,56(r11)@mullw r5,r9,r8@mulhwu r6,r9,r8@mullw r7,r10,r8@mulhwu r8,r10,r8@addc r5,r5,r3@stw r5,56(r12)@adde r6,r6,r7@addze r8,r8@addc r3,r6,r4@addze r4,r8@lwz r8,60(r11)@mullw r5,r9,r8@mulhwu r6,r9,r8@mullw r7,r10,r8@mulhwu r8,r10,r8@addc r5,r5,r3@stw r5,60(r12)@adde r6,r6,r7@addze r8,r8@addc r3,r6,r4@addze r4,r8'\nkernel/n/ppc32/mul_n2.S:115: Error: junk at end of line: `@mullw r5,r9,r8@mulhwu r6,r9,r8@mullw r7,r10,r8@mulhwu r8,r10,r8@addc r5,r5,r3@stw r5,64(r12)@adde r6,r6,r7@addze r8,r8@addc r3,r6,r4@addze r4,r8@lwz r8,68(r11)@mullw r5,r9,r8@mulhwu r6,r9,r8@mullw r7,r10,r8@mulhwu r8,r10,r8@addc r5,r5,r3@stw r5,68(r12)@adde r6,r6,r7@addze r8,r8@addc r3,r6,r4@addze r4,r8@lwz r8,72(r11)@mullw r5,r9,r8@mulhwu r6,r9,r8@mullw r7,r10,r8@mulhwu r8,r10,r8@addc r5,r5,r3@stw r5,72(r12)@adde r6,r6,r7@addze r8,r8@addc r3,r6,r4@addze r4,r8@lwz r8,76(r11)@mullw r5,r9,r8@mulhwu r6,r9,r8@mullw r7,r10,r8@mulhwu r8,r10,r8@addc r5,r5,r3@stw r5,76(r12)@adde r6,r6,r7@addze r8,r8@addc r3,r6,r4@addze r4,r8'\nkernel/n/ppc32/mul_n2.S:116: Error: junk at end of line: `@mullw r5,r9,r8@mulhwu r6,r9,r8@mullw r7,r10,r8@mulhwu r8,r10,r8@addc r5,r5,r3@stw r5,80(r12)@adde r6,r6,r7@addze r8,r8@addc r3,r6,r4@addze r4,r8@lwz r8,84(r11)@mullw r5,r9,r8@mulhwu r6,r9,r8@mullw r7,r10,r8@mulhwu r8,r10,r8@addc r5,r5,r3@stw r5,84(r12)@adde r6,r6,r7@addze r8,r8@addc r3,r6,r4@addze r4,r8@lwz r8,88(r11)@mullw r5,r9,r8@mulhwu r6,r9,r8@mullw r7,r10,r8@mulhwu r8,r10,r8@addc r5,r5,r3@stw r5,88(r12)@adde r6,r6,r7@addze r8,r8@addc r3,r6,r4@addze r4,r8@lwz r8,92(r11)@mullw r5,r9,r8@mulhwu r6,r9,r8@mullw r7,r10,r8@mulhwu r8,r10,r8@addc r5,r5,r3@stw r5,92(r12)@adde r6,r6,r7@addze r8,r8@addc r3,r6,r4@addze r4,r8'\nkernel/n/ppc32/mul_n2.S:117: Error: junk at end of line: `@mullw r5,r9,r8@mulhwu r6,r9,r8@mullw r7,r10,r8@mulhwu r8,r10,r8@addc r5,r5,r3@stw r5,96(r12)@adde r6,r6,r7@addze r8,r8@addc r3,r6,r4@addze r4,r8@lwz r8,100(r11)@mullw r5,r9,r8@mulhwu r6,r9,r8@mullw r7,r10,r8@mulhwu r8,r10,r8@addc r5,r5,r3@stw r5,100(r12)@adde r6,r6,r7@addze r8,r8@addc r3,r6,r4@addze r4,r8@lwz r8,104(r11)@mullw r5,r9,r8@mulhwu r6,r9,r8@mullw r7,r10,r8@mulhwu r8,r10,r8@addc r5,r5,r3@stw r5,104(r12)@adde r6,r6,r7@addze r8,r8@addc r3,r6,r4@addze r4,r8@lwz r8,108(r11)@mullw r5,r9,r8@mulhwu r6,r9,r8@mullw r7,r10,r8@mulhwu r8,r10,r8@addc r5,r5,r3@stw r5,108(r12)@adde r6,r6,r7@addze r8,r8@addc r3,r6,r4@addze r4,r8'\nkernel/n/ppc32/mul_n2.S:118: Error: junk at end of line: `@mullw r5,r9,r8@mulhwu r6,r9,r8@mullw r7,r10,r8@mulhwu r8,r10,r8@addc r5,r5,r3@stw r5,112(r12)@adde r6,r6,r7@addze r8,r8@addc r3,r6,r4@addze r4,r8@lwz r8,116(r11)@mullw r5,r9,r8@mulhwu r6,r9,r8@mullw r7,r10,r8@mulhwu r8,r10,r8@addc r5,r5,r3@stw r5,116(r12)@adde r6,r6,r7@addze r8,r8@addc r3,r6,r4@addze r4,r8@lwz r8,120(r11)@mullw r5,r9,r8@mulhwu r6,r9,r8@mullw r7,r10,r8@mulhwu r8,r10,r8@addc r5,r5,r3@stw r5,120(r12)@adde r6,r6,r7@addze r8,r8@addc r3,r6,r4@addze r4,r8@lwz r8,124(r11)@mullw r5,r9,r8@mulhwu r6,r9,r8@mullw r7,r10,r8@mulhwu r8,r10,r8@addc r5,r5,r3@stw r5,124(r12)@adde r6,r6,r7@addze r8,r8@addc r3,r6,r4@addze r4,r8'\nkernel/n/ppc32/mul_n2.S:126: Error: junk at end of line, first unrecognized character is `+'\nkernel/n/ppc32/mul_n2.S:127: Error: junk at end of line, first unrecognized character is `|'\nkernel/n/ppc32/mul_n2.S:128: Error: junk at end of line, first unrecognized character is `+'\nkernel/n/ppc32/mul_n2.S:130: Error: Unrecognized opcode: `entr\233e'\nkernel/n/ppc32/mul_n2.S:131: Error: symbol `r4' is already defined\nkernel/n/ppc32/mul_n2.S:131: Error: junk at end of line, first unrecognized character is `e'\nkernel/n/ppc32/mul_n2.S:133: Error: junk at end of line, first unrecognized character is `('\nkernel/n/ppc32/mul_n2.S:134: Error: junk at end of line, first unrecognized character is `m'\nkernel/n/ppc32/mul_n2.S:135: Error: junk at end of line, first unrecognized character is `r'\nkernel/n/ppc32/mul_n2.S:137: Error: symbol `sortie' is already defined\nkernel/n/ppc32/mul_n2.S:138: Error: junk at end of line, first unrecognized character is `('\nkernel/n/ppc32/mul_n2.S:139: Error: Unrecognized opcode: `r3'\nkernel/n/ppc32/mul_n2.S:141: Error: Unrecognized opcode: `registres'\nkernel/n/ppc32/mul_n2.S:142: Error: Unrecognized opcode: `ctr'\nkernel/n/ppc32/mul_n2.S:143: Error: Unrecognized opcode: `r4,'\nkernel/n/ppc32/mul_n2.S:144: Error: Unrecognized opcode: `r11'\nkernel/n/ppc32/mul_n2.S:145: Error: Unrecognized opcode: `r12'\nkernel/n/ppc32/mul_n2.S:147: Error: Unrecognized opcode: `corps'\nkernel/n/ppc32/mul_n2.S:159: Error: Unrecognized opcode: `boucle'\nkernel/n/ppc32/mul_n2.S:161: Error: junk at end of line: `@mullw r4,r9,r5@mulhwu r5,r9,r5@addc r4,r4,r3@addze r3,r5@lwz r5,0(r12)@addc r5,r5,r4@stw r5,0(r12)@addze r3,r3@lwz r5,4(r11)@mullw r4,r9,r5@mulhwu r5,r9,r5@addc r4,r4,r3@addze r3,r5@lwz r5,4(r12)@addc r5,r5,r4@stw r5,4(r12)@addze r3,r3@lwz r5,8(r11)@mullw r4,r9,r5@mulhwu r5,r9,r5@addc r4,r4,r3@addze r3,r5@lwz r5,8(r12)@addc r5,r5,r4@stw r5,8(r12)@addze r3,r3@lwz r5,12(r11)@mullw r4,r9,r5@mulhwu r5,r9,r5@addc r4,r4,r3@addze r3,r5@lwz r5,12(r12)@addc r5,r5,r4@stw r5,12(r12)@addze r3,r3'\nkernel/n/ppc32/mul_n2.S:162: Error: junk at end of line: `@mullw r4,r9,r5@mulhwu r5,r9,r5@addc r4,r4,r3@addze r3,r5@lwz r5,16(r12)@addc r5,r5,r4@stw r5,16(r12)@addze r3,r3@lwz r5,20(r11)@mullw r4,r9,r5@mulhwu r5,r9,r5@addc r4,r4,r3@addze r3,r5@lwz r5,20(r12)@addc r5,r5,r4@stw r5,20(r12)@addze r3,r3@lwz r5,24(r11)@mullw r4,r9,r5@mulhwu r5,r9,r5@addc r4,r4,r3@addze r3,r5@lwz r5,24(r12)@addc r5,r5,r4@stw r5,24(r12)@addze r3,r3@lwz r5,28(r11)@mullw r4,r9,r5@mulhwu r5,r9,r5@addc r4,r4,r3@addze r3,r5@lwz r5,28(r12)@addc r5,r5,r4@stw r5,28(r12)@addze r3,r3'\nkernel/n/ppc32/mul_n2.S:163: Error: junk at end of line: `@mullw r4,r9,r5@mulhwu r5,r9,r5@addc r4,r4,r3@addze r3,r5@lwz r5,32(r12)@addc r5,r5,r4@stw r5,32(r12)@addze r3,r3@lwz r5,36(r11)@mullw r4,r9,r5@mulhwu r5,r9,r5@addc r4,r4,r3@addze r3,r5@lwz r5,36(r12)@addc r5,r5,r4@stw r5,36(r12)@addze r3,r3@lwz r5,40(r11)@mullw r4,r9,r5@mulhwu r5,r9,r5@addc r4,r4,r3@addze r3,r5@lwz r5,40(r12)@addc r5,r5,r4@stw r5,40(r12)@addze r3,r3@lwz r5,44(r11)@mullw r4,r9,r5@mulhwu r5,r9,r5@addc r4,r4,r3@addze r3,r5@lwz r5,44(r12)@addc r5,r5,r4@stw r5,44(r12)@addze r3,r3'\nkernel/n/ppc32/mul_n2.S:164: Error: junk at end of line: `@mullw r4,r9,r5@mulhwu r5,r9,r5@addc r4,r4,r3@addze r3,r5@lwz r5,48(r12)@addc r5,r5,r4@stw r5,48(r12)@addze r3,r3@lwz r5,52(r11)@mullw r4,r9,r5@mulhwu r5,r9,r5@addc r4,r4,r3@addze r3,r5@lwz r5,52(r12)@addc r5,r5,r4@stw r5,52(r12)@addze r3,r3@lwz r5,56(r11)@mullw r4,r9,r5@mulhwu r5,r9,r5@addc r4,r4,r3@addze r3,r5@lwz r5,56(r12)@addc r5,r5,r4@stw r5,56(r12)@addze r3,r3@lwz r5,60(r11)@mullw r4,r9,r5@mulhwu r5,r9,r5@addc r4,r4,r3@addze r3,r5@lwz r5,60(r12)@addc r5,r5,r4@stw r5,60(r12)@addze r3,r3'\nkernel/n/ppc32/mul_n2.S:165: Error: junk at end of line: `@mullw r4,r9,r5@mulhwu r5,r9,r5@addc r4,r4,r3@addze r3,r5@lwz r5,64(r12)@addc r5,r5,r4@stw r5,64(r12)@addze r3,r3@lwz r5,68(r11)@mullw r4,r9,r5@mulhwu r5,r9,r5@addc r4,r4,r3@addze r3,r5@lwz r5,68(r12)@addc r5,r5,r4@stw r5,68(r12)@addze r3,r3@lwz r5,72(r11)@mullw r4,r9,r5@mulhwu r5,r9,r5@addc r4,r4,r3@addze r3,r5@lwz r5,72(r12)@addc r5,r5,r4@stw r5,72(r12)@addze r3,r3@lwz r5,76(r11)@mullw r4,r9,r5@mulhwu r5,r9,r5@addc r4,r4,r3@addze r3,r5@lwz r5,76(r12)@addc r5,r5,r4@stw r5,76(r12)@addze r3,r3'\nkernel/n/ppc32/mul_n2.S:166: Error: junk at end of line: `@mullw r4,r9,r5@mulhwu r5,r9,r5@addc r4,r4,r3@addze r3,r5@lwz r5,80(r12)@addc r5,r5,r4@stw r5,80(r12)@addze r3,r3@lwz r5,84(r11)@mullw r4,r9,r5@mulhwu r5,r9,r5@addc r4,r4,r3@addze r3,r5@lwz r5,84(r12)@addc r5,r5,r4@stw r5,84(r12)@addze r3,r3@lwz r5,88(r11)@mullw r4,r9,r5@mulhwu r5,r9,r5@addc r4,r4,r3@addze r3,r5@lwz r5,88(r12)@addc r5,r5,r4@stw r5,88(r12)@addze r3,r3@lwz r5,92(r11)@mullw r4,r9,r5@mulhwu r5,r9,r5@addc r4,r4,r3@addze r3,r5@lwz r5,92(r12)@addc r5,r5,r4@stw r5,92(r12)@addze r3,r3'\nkernel/n/ppc32/mul_n2.S:167: Error: junk at end of line: `@mullw r4,r9,r5@mulhwu r5,r9,r5@addc r4,r4,r3@addze r3,r5@lwz r5,96(r12)@addc r5,r5,r4@stw r5,96(r12)@addze r3,r3@lwz r5,100(r11)@mullw r4,r9,r5@mulhwu r5,r9,r5@addc r4,r4,r3@addze r3,r5@lwz r5,100(r12)@addc r5,r5,r4@stw r5,100(r12)@addze r3,r3@lwz r5,104(r11)@mullw r4,r9,r5@mulhwu r5,r9,r5@addc r4,r4,r3@addze r3,r5@lwz r5,104(r12)@addc r5,r5,r4@stw r5,104(r12)@addze r3,r3@lwz r5,108(r11)@mullw r4,r9,r5@mulhwu r5,r9,r5@addc r4,r4,r3@addze r3,r5@lwz r5,108(r12)@addc r5,r5,r4@stw r5,108(r12)@addze r3,r3'\nkernel/n/ppc32/mul_n2.S:168: Error: junk at end of line: `@mullw r4,r9,r5@mulhwu r5,r9,r5@addc r4,r4,r3@addze r3,r5@lwz r5,112(r12)@addc r5,r5,r4@stw r5,112(r12)@addze r3,r3@lwz r5,116(r11)@mullw r4,r9,r5@mulhwu r5,r9,r5@addc r4,r4,r3@addze r3,r5@lwz r5,116(r12)@addc r5,r5,r4@stw r5,116(r12)@addze r3,r3@lwz r5,120(r11)@mullw r4,r9,r5@mulhwu r5,r9,r5@addc r4,r4,r3@addze r3,r5@lwz r5,120(r12)@addc r5,r5,r4@stw r5,120(r12)@addze r3,r3@lwz r5,124(r11)@mullw r4,r9,r5@mulhwu r5,r9,r5@addc r4,r4,r3@addze r3,r5@lwz r5,124(r12)@addc r5,r5,r4@stw r5,124(r12)@addze r3,r3'\nkernel/n/ppc32/mul_n2.S:176: Error: junk at end of line, first unrecognized character is `+'\nkernel/n/ppc32/mul_n2.S:177: Error: junk at end of line, first unrecognized character is `|'\nkernel/n/ppc32/mul_n2.S:178: Error: junk at end of line, first unrecognized character is `+'\nkernel/n/ppc32/mul_n2.S:180: Error: Unrecognized opcode: `entr\233e'\nkernel/n/ppc32/mul_n2.S:181: Error: junk at end of line, first unrecognized character is `e'\nkernel/n/ppc32/mul_n2.S:183: Error: junk at end of line, first unrecognized character is `('\nkernel/n/ppc32/mul_n2.S:184: Error: junk at end of line, first unrecognized character is `m'\nkernel/n/ppc32/mul_n2.S:185: Error: junk at end of line, first unrecognized character is `r'\nkernel/n/ppc32/mul_n2.S:187: Error: symbol `sortie' is already defined\nkernel/n/ppc32/mul_n2.S:188: Error: junk at end of line, first unrecognized character is `('\nkernel/n/ppc32/mul_n2.S:189: Error: Unrecognized opcode: `r3'\nkernel/n/ppc32/mul_n2.S:191: Error: Unrecognized opcode: `registres'\nkernel/n/ppc32/mul_n2.S:192: Error: Unrecognized opcode: `ctr'\nkernel/n/ppc32/mul_n2.S:193: Error: Unrecognized opcode: `r4,'\nkernel/n/ppc32/mul_n2.S:194: Error: Unrecognized opcode: `r11'\nkernel/n/ppc32/mul_n2.S:195: Error: Unrecognized opcode: `r12'\nkernel/n/ppc32/mul_n2.S:197: Error: Unrecognized opcode: `corps'\nkernel/n/ppc32/mul_n2.S:210: Error: Unrecognized opcode: `boucle'\nkernel/n/ppc32/mul_n2.S:212: Error: junk at end of line: `@mullw r4,r9,r5@mulhwu r5,r9,r5@addc r4,r4,r3@addze r3,r5@lwz r5,0(r12)@subfc r5,r4,r5@stw r5,0(r12)@subfe r5,r5,r5@subf r3,r5,r3@lwz r5,4(r11)@mullw r4,r9,r5@mulhwu r5,r9,r5@addc r4,r4,r3@addze r3,r5@lwz r5,4(r12)@subfc r5,r4,r5@stw r5,4(r12)@subfe r5,r5,r5@subf r3,r5,r3@lwz r5,8(r11)@mullw r4,r9,r5@mulhwu r5,r9,r5@addc r4,r4,r3@addze r3,r5@lwz r5,8(r12)@subfc r5,r4,r5@stw r5,8(r12)@subfe r5,r5,r5@subf r3,r5,r3@lwz r5,12(r11)@mullw r4,r9,r5@mulhwu r5,r9,r5@addc r4,r4,r3@addze r3,r5@lwz r5,12(r12)@subfc r5,r4,r5@stw r5,12(r12)@subfe r5,r5,r5@subf r3,r5,r3'\nkernel/n/ppc32/mul_n2.S:213: Error: junk at end of line: `@mullw r4,r9,r5@mulhwu r5,r9,r5@addc r4,r4,r3@addze r3,r5@lwz r5,16(r12)@subfc r5,r4,r5@stw r5,16(r12)@subfe r5,r5,r5@subf r3,r5,r3@lwz r5,20(r11)@mullw r4,r9,r5@mulhwu r5,r9,r5@addc r4,r4,r3@addze r3,r5@lwz r5,20(r12)@subfc r5,r4,r5@stw r5,20(r12)@subfe r5,r5,r5@subf r3,r5,r3@lwz r5,24(r11)@mullw r4,r9,r5@mulhwu r5,r9,r5@addc r4,r4,r3@addze r3,r5@lwz r5,24(r12)@subfc r5,r4,r5@stw r5,24(r12)@subfe r5,r5,r5@subf r3,r5,r3@lwz r5,28(r11)@mullw r4,r9,r5@mulhwu r5,r9,r5@addc r4,r4,r3@addze r3,r5@lwz r5,28(r12)@subfc r5,r4,r5@stw r5,28(r12)@subfe r5,r5,r5@subf r3,r5,r3'\nkernel/n/ppc32/mul_n2.S:214: Error: junk at end of line: `@mullw r4,r9,r5@mulhwu r5,r9,r5@addc r4,r4,r3@addze r3,r5@lwz r5,32(r12)@subfc r5,r4,r5@stw r5,32(r12)@subfe r5,r5,r5@subf r3,r5,r3@lwz r5,36(r11)@mullw r4,r9,r5@mulhwu r5,r9,r5@addc r4,r4,r3@addze r3,r5@lwz r5,36(r12)@subfc r5,r4,r5@stw r5,36(r12)@subfe r5,r5,r5@subf r3,r5,r3@lwz r5,40(r11)@mullw r4,r9,r5@mulhwu r5,r9,r5@addc r4,r4,r3@addze r3,r5@lwz r5,40(r12)@subfc r5,r4,r5@stw r5,40(r12)@subfe r5,r5,r5@subf r3,r5,r3@lwz r5,44(r11)@mullw r4,r9,r5@mulhwu r5,r9,r5@addc r4,r4,r3@addze r3,r5@lwz r5,44(r12)@subfc r5,r4,r5@stw r5,44(r12)@subfe r5,r5,r5@subf r3,r5,r3'\nkernel/n/ppc32/mul_n2.S:215: Error: junk at end of line: `@mullw r4,r9,r5@mulhwu r5,r9,r5@addc r4,r4,r3@addze r3,r5@lwz r5,48(r12)@subfc r5,r4,r5@stw r5,48(r12)@subfe r5,r5,r5@subf r3,r5,r3@lwz r5,52(r11)@mullw r4,r9,r5@mulhwu r5,r9,r5@addc r4,r4,r3@addze r3,r5@lwz r5,52(r12)@subfc r5,r4,r5@stw r5,52(r12)@subfe r5,r5,r5@subf r3,r5,r3@lwz r5,56(r11)@mullw r4,r9,r5@mulhwu r5,r9,r5@addc r4,r4,r3@addze r3,r5@lwz r5,56(r12)@subfc r5,r4,r5@stw r5,56(r12)@subfe r5,r5,r5@subf r3,r5,r3@lwz r5,60(r11)@mullw r4,r9,r5@mulhwu r5,r9,r5@addc r4,r4,r3@addze r3,r5@lwz r5,60(r12)@subfc r5,r4,r5@stw r5,60(r12)@subfe r5,r5,r5@subf r3,r5,r3'\nkernel/n/ppc32/mul_n2.S:216: Error: junk at end of line: `@mullw r4,r9,r5@mulhwu r5,r9,r5@addc r4,r4,r3@addze r3,r5@lwz r5,64(r12)@subfc r5,r4,r5@stw r5,64(r12)@subfe r5,r5,r5@subf r3,r5,r3@lwz r5,68(r11)@mullw r4,r9,r5@mulhwu r5,r9,r5@addc r4,r4,r3@addze r3,r5@lwz r5,68(r12)@subfc r5,r4,r5@stw r5,68(r12)@subfe r5,r5,r5@subf r3,r5,r3@lwz r5,72(r11)@mullw r4,r9,r5@mulhwu r5,r9,r5@addc r4,r4,r3@addze r3,r5@lwz r5,72(r12)@subfc r5,r4,r5@stw r5,72(r12)@subfe r5,r5,r5@subf r3,r5,r3@lwz r5,76(r11)@mullw r4,r9,r5@mulhwu r5,r9,r5@addc r4,r4,r3@addze r3,r5@lwz r5,76(r12)@subfc r5,r4,r5@stw r5,76(r12)@subfe r5,r5,r5@subf r3,r5,r3'\nkernel/n/ppc32/mul_n2.S:217: Error: junk at end of line: `@mullw r4,r9,r5@mulhwu r5,r9,r5@addc r4,r4,r3@addze r3,r5@lwz r5,80(r12)@subfc r5,r4,r5@stw r5,80(r12)@subfe r5,r5,r5@subf r3,r5,r3@lwz r5,84(r11)@mullw r4,r9,r5@mulhwu r5,r9,r5@addc r4,r4,r3@addze r3,r5@lwz r5,84(r12)@subfc r5,r4,r5@stw r5,84(r12)@subfe r5,r5,r5@subf r3,r5,r3@lwz r5,88(r11)@mullw r4,r9,r5@mulhwu r5,r9,r5@addc r4,r4,r3@addze r3,r5@lwz r5,88(r12)@subfc r5,r4,r5@stw r5,88(r12)@subfe r5,r5,r5@subf r3,r5,r3@lwz r5,92(r11)@mullw r4,r9,r5@mulhwu r5,r9,r5@addc r4,r4,r3@addze r3,r5@lwz r5,92(r12)@subfc r5,r4,r5@stw r5,92(r12)@subfe r5,r5,r5@subf r3,r5,r3'\nkernel/n/ppc32/mul_n2.S:218: Error: junk at end of line: `@mullw r4,r9,r5@mulhwu r5,r9,r5@addc r4,r4,r3@addze r3,r5@lwz r5,96(r12)@subfc r5,r4,r5@stw r5,96(r12)@subfe r5,r5,r5@subf r3,r5,r3@lwz r5,100(r11)@mullw r4,r9,r5@mulhwu r5,r9,r5@addc r4,r4,r3@addze r3,r5@lwz r5,100(r12)@subfc r5,r4,r5@stw r5,100(r12)@subfe r5,r5,r5@subf r3,r5,r3@lwz r5,104(r11)@mullw r4,r9,r5@mulhwu r5,r9,r5@addc r4,r4,r3@addze r3,r5@lwz r5,104(r12)@subfc r5,r4,r5@stw r5,104(r12)@subfe r5,r5,r5@subf r3,r5,r3@lwz r5,108(r11)@mullw r4,r9,r5@mulhwu r5,r9,r5@addc r4,r4,r3@addze r3,r5@lwz r5,108(r12)@subfc r5,r4,r5@stw r5,108(r12)@subfe r5,r5,r5@subf r3,r5,r3'\nkernel/n/ppc32/mul_n2.S:219: Error: junk at end of line: `@mullw r4,r9,r5@mulhwu r5,r9,r5@addc r4,r4,r3@addze r3,r5@lwz r5,112(r12)@subfc r5,r4,r5@stw r5,112(r12)@subfe r5,r5,r5@subf r3,r5,r3@lwz r5,116(r11)@mullw r4,r9,r5@mulhwu r5,r9,r5@addc r4,r4,r3@addze r3,r5@lwz r5,116(r12)@subfc r5,r4,r5@stw r5,116(r12)@subfe r5,r5,r5@subf r3,r5,r3@lwz r5,120(r11)@mullw r4,r9,r5@mulhwu r5,r9,r5@addc r4,r4,r3@addze r3,r5@lwz r5,120(r12)@subfc r5,r4,r5@stw r5,120(r12)@subfe r5,r5,r5@subf r3,r5,r3@lwz r5,124(r11)@mullw r4,r9,r5@mulhwu r5,r9,r5@addc r4,r4,r3@addze r3,r5@lwz r5,124(r12)@subfc r5,r4,r5@stw r5,124(r12)@subfe r5,r5,r5@subf r3,r5,r3'\nkernel/n/ppc32/mul_n2.S:228: Error: junk at end of line, first unrecognized character is `+'\nkernel/n/ppc32/mul_n2.S:229: Error: junk at end of line, first unrecognized character is `|'\nkernel/n/ppc32/mul_n2.S:230: Error: junk at end of line, first unrecognized character is `+'\nkernel/n/ppc32/mul_n2.S:232: Error: Unrecognized opcode: `entr\233e'\nkernel/n/ppc32/mul_n2.S:233: Error: symbol `r4' is already defined\nkernel/n/ppc32/mul_n2.S:233: Error: junk at end of line, first unrecognized character is `e'\nkernel/n/ppc32/mul_n2.S:234: Error: symbol `r10' is already defined\nkernel/n/ppc32/mul_n2.S:235: Error: junk at end of line, first unrecognized character is `('\nkernel/n/ppc32/mul_n2.S:236: Error: junk at end of line, first unrecognized character is `m'\nkernel/n/ppc32/mul_n2.S:237: Error: junk at end of line, first unrecognized character is `r'\nkernel/n/ppc32/mul_n2.S:239: Error: symbol `sortie' is already defined\nkernel/n/ppc32/mul_n2.S:240: Error: junk at end of line, first unrecognized character is `('\nkernel/n/ppc32/mul_n2.S:241: Error: symbol `r4' is already defined\nkernel/n/ppc32/mul_n2.S:241: Error: Unrecognized opcode: `r3'\nkernel/n/ppc32/mul_n2.S:243: Error: Unrecognized opcode: `registres'\nkernel/n/ppc32/mul_n2.S:244: Error: Unrecognized opcode: `ctr'\nkernel/n/ppc32/mul_n2.S:245: Error: Unrecognized opcode: `r5,r6,r7,r8'\nkernel/n/ppc32/mul_n2.S:246: Error: Unrecognized opcode: `r11'\nkernel/n/ppc32/mul_n2.S:247: Error: Unrecognized opcode: `r12'\nkernel/n/ppc32/mul_n2.S:249: Error: Unrecognized opcode: `corps'\nkernel/n/ppc32/mul_n2.S:250: Error: Unrecognized opcode: `ou'\nkernel/n/ppc32/mul_n2.S:266: Error: Unrecognized opcode: `boucle'\nkernel/n/ppc32/mul_n2.S:268: Error: junk at end of line: `@mullw r5,r8,r9@mulhwu r6,r8,r9@mullw r7,r8,r10@mulhwu r8,r8,r10@addc r5,r3,r5@adde r6,r7,r6@addze r8,r8@lwz r3,0(r12)@addc r5,r3,r5@stw r5,0(r12)@adde r3,r4,r6@addze r4,r8@lwz r8,4(r11)@mullw r5,r8,r9@mulhwu r6,r8,r9@mullw r7,r8,r10@mulhwu r8,r8,r10@addc r5,r3,r5@adde r6,r7,r6@addze r8,r8@lwz r3,4(r12)@addc r5,r3,r5@stw r5,4(r12)@adde r3,r4,r6@addze r4,r8@lwz r8,8(r11)@mullw r5,r8,r9@mulhwu r6,r8,r9@mullw r7,r8,r10@mulhwu r8,r8,r10@addc r5,r3,r5@adde r6,r7,r6@addze r8,r8@lwz r3,8(r12)@addc r5,r3,r5@stw r5,8(r12)@adde r3,r4,r6@addze r4,r8@lwz r8,12(r11)@mullw r5,r8,r9@mulhwu r6,r8,r9@mullw r7,r8,r10@mulhwu r8,r8,r10@addc r5,r3,r5@adde r6,r7,r6@addze r8,r8@lwz r3,12(r12)@addc r5,r3,r5@stw r5,12(r12)@adde r3,r4,r6@addze r4,r8'\nkernel/n/ppc32/mul_n2.S:269: Error: junk at end of line: `@mullw r5,r8,r9@mulhwu r6,r8,r9@mullw r7,r8,r10@mulhwu r8,r8,r10@addc r5,r3,r5@adde r6,r7,r6@addze r8,r8@lwz r3,16(r12)@addc r5,r3,r5@stw r5,16(r12)@adde r3,r4,r6@addze r4,r8@lwz r8,20(r11)@mullw r5,r8,r9@mulhwu r6,r8,r9@mullw r7,r8,r10@mulhwu r8,r8,r10@addc r5,r3,r5@adde r6,r7,r6@addze r8,r8@lwz r3,20(r12)@addc r5,r3,r5@stw r5,20(r12)@adde r3,r4,r6@addze r4,r8@lwz r8,24(r11)@mullw r5,r8,r9@mulhwu r6,r8,r9@mullw r7,r8,r10@mulhwu r8,r8,r10@addc r5,r3,r5@adde r6,r7,r6@addze r8,r8@lwz r3,24(r12)@addc r5,r3,r5@stw r5,24(r12)@adde r3,r4,r6@addze r4,r8@lwz r8,28(r11)@mullw r5,r8,r9@mulhwu r6,r8,r9@mullw r7,r8,r10@mulhwu r8,r8,r10@addc r5,r3,r5@adde r6,r7,r6@addze r8,r8@lwz r3,28(r12)@addc r5,r3,r5@stw r5,28(r12)@adde r3,r4,r6@addze r4,r8'\nkernel/n/ppc32/mul_n2.S:270: Error: junk at end of line: `@mullw r5,r8,r9@mulhwu r6,r8,r9@mullw r7,r8,r10@mulhwu r8,r8,r10@addc r5,r3,r5@adde r6,r7,r6@addze r8,r8@lwz r3,32(r12)@addc r5,r3,r5@stw r5,32(r12)@adde r3,r4,r6@addze r4,r8@lwz r8,36(r11)@mullw r5,r8,r9@mulhwu r6,r8,r9@mullw r7,r8,r10@mulhwu r8,r8,r10@addc r5,r3,r5@adde r6,r7,r6@addze r8,r8@lwz r3,36(r12)@addc r5,r3,r5@stw r5,36(r12)@adde r3,r4,r6@addze r4,r8@lwz r8,40(r11)@mullw r5,r8,r9@mulhwu r6,r8,r9@mullw r7,r8,r10@mulhwu r8,r8,r10@addc r5,r3,r5@adde r6,r7,r6@addze r8,r8@lwz r3,40(r12)@addc r5,r3,r5@stw r5,40(r12)@adde r3,r4,r6@addze r4,r8@lwz r8,44(r11)@mullw r5,r8,r9@mulhwu r6,r8,r9@mullw r7,r8,r10@mulhwu r8,r8,r10@addc r5,r3,r5@adde r6,r7,r6@addze r8,r8@lwz r3,44(r12)@addc r5,r3,r5@stw r5,44(r12)@adde r3,r4,r6@addze r4,r8'\nkernel/n/ppc32/mul_n2.S:271: Error: junk at end of line: `@mullw r5,r8,r9@mulhwu r6,r8,r9@mullw r7,r8,r10@mulhwu r8,r8,r10@addc r5,r3,r5@adde r6,r7,r6@addze r8,r8@lwz r3,48(r12)@addc r5,r3,r5@stw r5,48(r12)@adde r3,r4,r6@addze r4,r8@lwz r8,52(r11)@mullw r5,r8,r9@mulhwu r6,r8,r9@mullw r7,r8,r10@mulhwu r8,r8,r10@addc r5,r3,r5@adde r6,r7,r6@addze r8,r8@lwz r3,52(r12)@addc r5,r3,r5@stw r5,52(r12)@adde r3,r4,r6@addze r4,r8@lwz r8,56(r11)@mullw r5,r8,r9@mulhwu r6,r8,r9@mullw r7,r8,r10@mulhwu r8,r8,r10@addc r5,r3,r5@adde r6,r7,r6@addze r8,r8@lwz r3,56(r12)@addc r5,r3,r5@stw r5,56(r12)@adde r3,r4,r6@addze r4,r8@lwz r8,60(r11)@mullw r5,r8,r9@mulhwu r6,r8,r9@mullw r7,r8,r10@mulhwu r8,r8,r10@addc r5,r3,r5@adde r6,r7,r6@addze r8,r8@lwz r3,60(r12)@addc r5,r3,r5@stw r5,60(r12)@adde r3,r4,r6@addze r4,r8'\nkernel/n/ppc32/mul_n2.S:272: Error: junk at end of line: `@mullw r5,r8,r9@mulhwu r6,r8,r9@mullw r7,r8,r10@mulhwu r8,r8,r10@addc r5,r3,r5@adde r6,r7,r6@addze r8,r8@lwz r3,64(r12)@addc r5,r3,r5@stw r5,64(r12)@adde r3,r4,r6@addze r4,r8@lwz r8,68(r11)@mullw r5,r8,r9@mulhwu r6,r8,r9@mullw r7,r8,r10@mulhwu r8,r8,r10@addc r5,r3,r5@adde r6,r7,r6@addze r8,r8@lwz r3,68(r12)@addc r5,r3,r5@stw r5,68(r12)@adde r3,r4,r6@addze r4,r8@lwz r8,72(r11)@mullw r5,r8,r9@mulhwu r6,r8,r9@mullw r7,r8,r10@mulhwu r8,r8,r10@addc r5,r3,r5@adde r6,r7,r6@addze r8,r8@lwz r3,72(r12)@addc r5,r3,r5@stw r5,72(r12)@adde r3,r4,r6@addze r4,r8@lwz r8,76(r11)@mullw r5,r8,r9@mulhwu r6,r8,r9@mullw r7,r8,r10@mulhwu r8,r8,r10@addc r5,r3,r5@adde r6,r7,r6@addze r8,r8@lwz r3,76(r12)@addc r5,r3,r5@stw r5,76(r12)@adde r3,r4,r6@addze r4,r8'\nkernel/n/ppc32/mul_n2.S:273: Error: junk at end of line: `@mullw r5,r8,r9@mulhwu r6,r8,r9@mullw r7,r8,r10@mulhwu r8,r8,r10@addc r5,r3,r5@adde r6,r7,r6@addze r8,r8@lwz r3,80(r12)@addc r5,r3,r5@stw r5,80(r12)@adde r3,r4,r6@addze r4,r8@lwz r8,84(r11)@mullw r5,r8,r9@mulhwu r6,r8,r9@mullw r7,r8,r10@mulhwu r8,r8,r10@addc r5,r3,r5@adde r6,r7,r6@addze r8,r8@lwz r3,84(r12)@addc r5,r3,r5@stw r5,84(r12)@adde r3,r4,r6@addze r4,r8@lwz r8,88(r11)@mullw r5,r8,r9@mulhwu r6,r8,r9@mullw r7,r8,r10@mulhwu r8,r8,r10@addc r5,r3,r5@adde r6,r7,r6@addze r8,r8@lwz r3,88(r12)@addc r5,r3,r5@stw r5,88(r12)@adde r3,r4,r6@addze r4,r8@lwz r8,92(r11)@mullw r5,r8,r9@mulhwu r6,r8,r9@mullw r7,r8,r10@mulhwu r8,r8,r10@addc r5,r3,r5@adde r6,r7,r6@addze r8,r8@lwz r3,92(r12)@addc r5,r3,r5@stw r5,92(r12)@adde r3,r4,r6@addze r4,r8'\nkernel/n/ppc32/mul_n2.S:274: Error: junk at end of line: `@mullw r5,r8,r9@mulhwu r6,r8,r9@mullw r7,r8,r10@mulhwu r8,r8,r10@addc r5,r3,r5@adde r6,r7,r6@addze r8,r8@lwz r3,96(r12)@addc r5,r3,r5@stw r5,96(r12)@adde r3,r4,r6@addze r4,r8@lwz r8,100(r11)@mullw r5,r8,r9@mulhwu r6,r8,r9@mullw r7,r8,r10@mulhwu r8,r8,r10@addc r5,r3,r5@adde r6,r7,r6@addze r8,r8@lwz r3,100(r12)@addc r5,r3,r5@stw r5,100(r12)@adde r3,r4,r6@addze r4,r8@lwz r8,104(r11)@mullw r5,r8,r9@mulhwu r6,r8,r9@mullw r7,r8,r10@mulhwu r8,r8,r10@addc r5,r3,r5@adde r6,r7,r6@addze r8,r8@lwz r3,104(r12)@addc r5,r3,r5@stw r5,104(r12)@adde r3,r4,r6@addze r4,r8@lwz r8,108(r11)@mullw r5,r8,r9@mulhwu r6,r8,r9@mullw r7,r8,r10@mulhwu r8,r8,r10@addc r5,r3,r5@adde r6,r7,r6@addze r8,r8@lwz r3,108(r12)@addc r5,r3,r5@stw r5,108(r12)@adde r3,r4,r6@addze r4,r8'\nkernel/n/ppc32/mul_n2.S:275: Error: junk at end of line: `@mullw r5,r8,r9@mulhwu r6,r8,r9@mullw r7,r8,r10@mulhwu r8,r8,r10@addc r5,r3,r5@adde r6,r7,r6@addze r8,r8@lwz r3,112(r12)@addc r5,r3,r5@stw r5,112(r12)@adde r3,r4,r6@addze r4,r8@lwz r8,116(r11)@mullw r5,r8,r9@mulhwu r6,r8,r9@mullw r7,r8,r10@mulhwu r8,r8,r10@addc r5,r3,r5@adde r6,r7,r6@addze r8,r8@lwz r3,116(r12)@addc r5,r3,r5@stw r5,116(r12)@adde r3,r4,r6@addze r4,r8@lwz r8,120(r11)@mullw r5,r8,r9@mulhwu r6,r8,r9@mullw r7,r8,r10@mulhwu r8,r8,r10@addc r5,r3,r5@adde r6,r7,r6@addze r8,r8@lwz r3,120(r12)@addc r5,r3,r5@stw r5,120(r12)@adde r3,r4,r6@addze r4,r8@lwz r8,124(r11)@mullw r5,r8,r9@mulhwu r6,r8,r9@mullw r7,r8,r10@mulhwu r8,r8,r10@addc r5,r3,r5@adde r6,r7,r6@addze r8,r8@lwz r3,124(r12)@addc r5,r3,r5@stw r5,124(r12)@adde r3,r4,r6@addze r4,r8'\nkernel/n/ppc32/mul_n2.S:283: Error: junk at end of line, first unrecognized character is `+'\nkernel/n/ppc32/mul_n2.S:284: Error: junk at end of line, first unrecognized character is `|'\nkernel/n/ppc32/mul_n2.S:285: Error: junk at end of line, first unrecognized character is `+'\nkernel/n/ppc32/mul_n2.S:287: Error: Unrecognized opcode: `unsigned'\nkernel/n/ppc32/mul_n2.S:289: Error: symbol `entr\233e' is already defined\nkernel/n/ppc32/mul_n2.S:290: Error: junk at end of line, first unrecognized character is `d'\nkernel/n/ppc32/mul_n2.S:291: Error: junk at end of line, first unrecognized character is `d'\nkernel/n/ppc32/mul_n2.S:293: Error: symbol `sortie' is already defined\nkernel/n/ppc32/mul_n2.S:294: Error: Unrecognized opcode: `c'\nkernel/n/ppc32/mul_n2.S:295: Error: Unrecognized opcode: `retourne'\nkernel/n/ppc32/mul_n2.S:307: Error: Unrecognized opcode: `r8'\nkernel/n/ppc32/mul_n2.S:309: Error: Unrecognized opcode: `cas'\nkernel/n/ppc32/mul_n2.S:312: Error: Unrecognized opcode: `r0'\nkernel/n/ppc32/mul_n2.S:313: Error: Unrecognized opcode: `ctr'\nkernel/n/ppc32/mul_n2.S:316: Error: Unrecognized opcode: `r8'\nkernel/n/ppc32/mul_n2.S:317: Error: Unrecognized opcode: `cadre'\nkernel/n/ppc32/mul_n2.S:319: Error: Unrecognized opcode: `lr'\nkernel/n/ppc32/mul_n2.S:323: Error: syntax error; found `(' but expected `,'\nkernel/n/ppc32/mul_n2.S:323: Error: junk at end of line: `(Lsn_mulloop - Lsn_mul_1_here + 20)'\nkernel/n/ppc32/mul_n2.S:327: Error: Unrecognized opcode: `r10'\nkernel/n/ppc32/mul_n2.S:328: Error: symbol `r3' is already defined\nkernel/n/ppc32/mul_n2.S:328: Error: Unrecognized opcode: `r4'\nkernel/n/ppc32/mul_n2.S:331: Error: Unrecognized opcode: `effectue'\nkernel/n/ppc32/mul_n2.S:342: Error: junk at end of line, first unrecognized character is `+'\nkernel/n/ppc32/mul_n2.S:343: Error: junk at end of line, first unrecognized character is `|'\nkernel/n/ppc32/mul_n2.S:344: Error: junk at end of line, first unrecognized character is `+'\nkernel/n/ppc32/mul_n2.S:346: Error: Unrecognized opcode: `void'\nkernel/n/ppc32/mul_n2.S:348: Error: symbol `entr\233e' is already defined\nkernel/n/ppc32/mul_n2.S:349: Error: junk at end of line, first unrecognized character is `d'\nkernel/n/ppc32/mul_n2.S:350: Error: junk at end of line, first unrecognized character is `d'\nkernel/n/ppc32/mul_n2.S:351: Error: junk at end of line, first unrecognized character is `d'\nkernel/n/ppc32/mul_n2.S:352: Error: symbol `contraintes' is already defined\nkernel/n/ppc32/mul_n2.S:352: Error: junk at end of line, first unrecognized character is `0'\nkernel/n/ppc32/mul_n2.S:354: Error: symbol `sortie' is already defined\nkernel/n/ppc32/mul_n2.S:355: Error: Unrecognized opcode: `c'\nkernel/n/ppc32/mul_n2.S:375: Error: Unrecognized opcode: `r0'\nkernel/n/ppc32/mul_n2.S:376: Error: Unrecognized opcode: `sauvegarde'\nkernel/n/ppc32/mul_n2.S:378: Error: Unrecognized opcode: `pr\233pare'\nkernel/n/ppc32/mul_n2.S:379: Error: bad expression\nkernel/n/ppc32/mul_n2.S:379: Error: syntax error; found `(' but expected `,'\nkernel/n/ppc32/mul_n2.S:379: Error: junk at end of line: `(la/32)'\nkernel/n/ppc32/mul_n2.S:381: Error: Unrecognized opcode: `r4'\nkernel/n/ppc32/mul_n2.S:383: Error: Unrecognized opcode: `cadre'\nkernel/n/ppc32/mul_n2.S:385: Error: Unrecognized opcode: `r9'\nkernel/n/ppc32/mul_n2.S:388: Error: Unrecognized opcode: `muladd'\nkernel/n/ppc32/mul_n2.S:390: Error: syntax error; found `(' but expected `,'\nkernel/n/ppc32/mul_n2.S:390: Error: junk at end of line: `(Lsn_muladdloop2 - Lsn_mul_n2_here)'\nkernel/n/ppc32/mul_n2.S:392: Error: Unrecognized opcode: `sauve'\nkernel/n/ppc32/mul_n2.S:393: Error: Unrecognized opcode: `cr0'\nkernel/n/ppc32/mul_n2.S:394: Error: Unrecognized opcode: `lb'\nkernel/n/ppc32/mul_n2.S:397: Error: Unrecognized opcode: `cas'\nkernel/n/ppc32/mul_n2.S:398: Error: Unrecognized opcode: `lr'\nkernel/n/ppc32/mul_n2.S:400: Error: syntax error; found `(' but expected `,'\nkernel/n/ppc32/mul_n2.S:400: Error: junk at end of line: `(Lsn_mulloop - Lsn_mul_n2_here)'\nkernel/n/ppc32/mul_n2.S:403: Error: Unrecognized opcode: `r10'\nkernel/n/ppc32/mul_n2.S:404: Error: Unrecognized opcode: `r3'\nkernel/n/ppc32/mul_n2.S:405: Error: Unrecognized opcode: `init'\nkernel/n/ppc32/mul_n2.S:406: Error: Unrecognized opcode: `c[0..la-1]'\nkernel/n/ppc32/mul_n2.S:407: Error: Unrecognized opcode: `c[la]'\nkernel/n/ppc32/mul_n2.S:408: Error: bad expression\nkernel/n/ppc32/mul_n2.S:408: Warning: missing operand; zero assumed\nkernel/n/ppc32/mul_n2.S:409: Error: Unrecognized opcode: `c'\nkernel/n/ppc32/mul_n2.S:412: Error: Unrecognized opcode: `cas'\nkernel/n/ppc32/mul_n2.S:414: Error: Unrecognized opcode: `lr'\nkernel/n/ppc32/mul_n2.S:416: Error: syntax error; found `(' but expected `,'\nkernel/n/ppc32/mul_n2.S:416: Error: junk at end of line: `(Lsn_mulloop2 - Lsn_mul_n2_here)'\nkernel/n/ppc32/mul_n2.S:420: Error: Unrecognized opcode: `boucle'\nkernel/n/ppc32/mul_n2.S:422: Error: symbol `r10' is already defined\nkernel/n/ppc32/mul_n2.S:422: Error: Unrecognized opcode: `r9'\nkernel/n/ppc32/mul_n2.S:424: Error: symbol `r4' is already defined\nkernel/n/ppc32/mul_n2.S:424: Error: Unrecognized opcode: `r3'\nkernel/n/ppc32/mul_n2.S:426: Error: Unrecognized opcode: `init'\nkernel/n/ppc32/mul_n2.S:427: Error: Unrecognized opcode: `c[i..i+la-1]'\nkernel/n/ppc32/mul_n2.S:428: Error: Unrecognized opcode: `c[i+la]:c[i+la+1]'\nkernel/n/ppc32/mul_n2.S:430: Error: bad expression\nkernel/n/ppc32/mul_n2.S:430: Error: syntax error; found `2' but expected `,'\nkernel/n/ppc32/mul_n2.S:430: Error: junk at end of line: `2'\nkernel/n/ppc32/mul_n2.S:431: Error: Unrecognized opcode: `c'\nkernel/n/ppc32/mul_n2.S:432: Error: Unrecognized opcode: `lb'\nkernel/n/ppc32/mul_n2.S:435: Error: Unrecognized opcode: `lr'\nkernel/n/ppc32/mul_n2.S:436: Error: Unrecognized opcode: `recadre'\nkernel/n/ppc32/mul_n2.S:441: Error: Unrecognized opcode: `termin\233'\nkernel/n/ppc32/mul_n2.S:442: Error: Unrecognized opcode: `lr'\nkernel/n/ppc32/mul_n2.S:443: Error: Unrecognized opcode: `r\233cup\232re'\nkernel/n/ppc32/mul_n2.S:461: Error: junk at end of line, first unrecognized character is `+'\nkernel/n/ppc32/mul_n2.S:462: Error: junk at end of line, first unrecognized character is `|'\nkernel/n/ppc32/mul_n2.S:463: Error: junk at end of line, first unrecognized character is `+'\nkernel/n/ppc32/mul_n2.S:465: Error: Unrecognized opcode: `void'\nkernel/n/ppc32/mul_n2.S:467: Error: symbol `entr\233e' is already defined\nkernel/n/ppc32/mul_n2.S:468: Error: junk at end of line, first unrecognized character is `d'\nkernel/n/ppc32/mul_n2.S:469: Error: junk at end of line, first unrecognized character is `d'\nkernel/n/ppc32/mul_n2.S:470: Error: symbol `contraintes' is already defined\nkernel/n/ppc32/mul_n2.S:470: Error: junk at end of line, first unrecognized character is `0'\nkernel/n/ppc32/mul_n2.S:472: Error: symbol `sortie' is already defined\nkernel/n/ppc32/mul_n2.S:473: Error: bad expression\nkernel/n/ppc32/mul_n2.S:495: Error: Unrecognized opcode: `r0'\nkernel/n/ppc32/mul_n2.S:496: Error: Unrecognized opcode: `sauvegarde'\nkernel/n/ppc32/mul_n2.S:498: Error: bad expression\nkernel/n/ppc32/mul_n2.S:498: Error: bad expression\nkernel/n/ppc32/mul_n2.S:498: Error: syntax error; found `a' but expected `,'\nkernel/n/ppc32/mul_n2.S:498: Error: junk at end of line: `a[0]'\nkernel/n/ppc32/mul_n2.S:499: Error: bad expression\nkernel/n/ppc32/mul_n2.S:499: Error: bad expression\nkernel/n/ppc32/mul_n2.S:499: Error: syntax error; found `a' but expected `,'\nkernel/n/ppc32/mul_n2.S:499: Error: junk at end of line: `a[1]'\nkernel/n/ppc32/mul_n2.S:500: Error: Unrecognized opcode: `c'\nkernel/n/ppc32/mul_n2.S:502: Error: Unrecognized opcode: `initialise'\nkernel/n/ppc32/mul_n2.S:503: Error: Unrecognized opcode: `ctr'\nkernel/n/ppc32/mul_n2.S:504: Error: Unrecognized opcode: `r8'\nkernel/n/ppc32/mul_n2.S:506: Error: Unrecognized opcode: `r6'\nkernel/n/ppc32/mul_n2.S:507: Error: Unrecognized opcode: `r8'\nkernel/n/ppc32/mul_n2.S:508: Error: Unrecognized opcode: `r7'\nkernel/n/ppc32/mul_n2.S:512: Error: Unrecognized opcode: `b[2i+1]:b[2i]'\nkernel/n/ppc32/mul_n2.S:514: Error: Unrecognized opcode: `r8'\nkernel/n/ppc32/mul_n2.S:515: Error: Unrecognized opcode: `avance'\nkernel/n/ppc32/mul_n2.S:518: Error: Unrecognized opcode: `la--'\nkernel/n/ppc32/mul_n2.S:520: Error: Unrecognized opcode: `ajoute'\nkernel/n/ppc32/mul_n2.S:521: Error: bad expression\nkernel/n/ppc32/mul_n2.S:521: Error: missing operand\nkernel/n/ppc32/mul_n2.S:521: Error: syntax error; found `\nkernel/n/ppc32/mul_n2.S:523: Error: Unrecognized opcode: `lb'\nkernel/n/ppc32/mul_n2.S:525: Error: Unrecognized opcode: `r8'\nkernel/n/ppc32/mul_n2.S:526: Error: Unrecognized opcode: `cadre'\nkernel/n/ppc32/mul_n2.S:528: Error: Unrecognized opcode: `muladd'\nkernel/n/ppc32/mul_n2.S:533: Error: syntax error; found `(' but expected `,'\nkernel/n/ppc32/mul_n2.S:533: Error: junk at end of line: `(Lsn_muladdloop2 - Lsn_sqr_n2_here + 32)'\nkernel/n/ppc32/mul_n2.S:535: Error: Unrecognized opcode: `x'\nkernel/n/ppc32/mul_n2.S:536: Error: Unrecognized opcode: `y[0]'\nkernel/n/ppc32/mul_n2.S:539: Error: Unrecognized opcode: `lr'\nkernel/n/ppc32/mul_n2.S:540: Error: Unrecognized opcode: `ca'\nkernel/n/ppc32/mul_n2.S:541: Error: symbol `r10' is already defined\nkernel/n/ppc32/mul_n2.S:541: Error: Unrecognized opcode: `r9'\nkernel/n/ppc32/mul_n2.S:545: Error: symbol `r4' is already defined\nkernel/n/ppc32/mul_n2.S:545: Error: Unrecognized opcode: `r5'\nkernel/n/ppc32/mul_n2.S:547: Error: Unrecognized opcode: `r8,r6'\nkernel/n/ppc32/mul_n2.S:549: Error: Unrecognized opcode: `init'\nkernel/n/ppc32/mul_n2.S:550: Error: Unrecognized opcode: `c[2i+1..i+la-1]'\nkernel/n/ppc32/mul_n2.S:551: Error: Unrecognized opcode: `ajoute'\nkernel/n/ppc32/mul_n2.S:553: Error: Unrecognized opcode: `ca'\nkernel/n/ppc32/mul_n2.S:556: Error: Unrecognized opcode: `y'\nkernel/n/ppc32/mul_n2.S:557: Error: Unrecognized opcode: `range'\nkernel/n/ppc32/mul_n2.S:559: Error: bad expression\nkernel/n/ppc32/mul_n2.S:559: Error: syntax error; found `2' but expected `,'\nkernel/n/ppc32/mul_n2.S:559: Error: junk at end of line: `2'\nkernel/n/ppc32/mul_n2.S:560: Error: Unrecognized opcode: `r3'\nkernel/n/ppc32/mul_n2.S:564: Error: Unrecognized opcode: `mise'\nkernel/n/ppc32/mul_n2.S:565: Error: Unrecognized opcode: `mise'\nkernel/n/ppc32/mul_n2.S:566: Error: junk at end of line, first unrecognized character is `?'\nkernel/n/ppc32/mul_n2.S:569: Error: Unrecognized opcode: `restaure'\nkernel/n/ppc32/mul_n2.S:572: Error: bad expression\nkernel/n/ppc32/mul_n2.S:572: Error: syntax error; found `2' but expected `,'\nkernel/n/ppc32/mul_n2.S:572: Error: junk at end of line: `2'\nkernel/n/ppc32/mul_n2.S:573: Error: Unrecognized opcode: `c'\nkernel/n/ppc32/mul_n2.S:576: Error: Unrecognized opcode: `ajoute'\nkernel/n/ppc32/mul_n2.S:582: Error: Unrecognized opcode: `termin\233'\nkernel/n/ppc32/mul_n2.S:584: Error: Unrecognized opcode: `lr'\nkernel/n/ppc32/mul_n2.S:586: Error: Unrecognized opcode: `r\233cup\232re'\nkernel/n/ppc32/karatsuba.S:26: Error: junk at end of line, first unrecognized character is `+'\nkernel/n/ppc32/karatsuba.S:27: Error: junk at end of line, first unrecognized character is `|'\nkernel/n/ppc32/karatsuba.S:28: Error: junk at end of line, first unrecognized character is `+'\nkernel/n/ppc32/karatsuba.S:31: Error: Unrecognized opcode: `void'\nkernel/n/ppc32/karatsuba.S:33: Error: symbol `entr\233e' is already defined\nkernel/n/ppc32/karatsuba.S:34: Error: junk at end of line, first unrecognized character is `d'\nkernel/n/ppc32/karatsuba.S:35: Error: junk at end of line, first unrecognized character is `d'\nkernel/n/ppc32/karatsuba.S:36: Error: junk at end of line, first unrecognized character is `d'\nkernel/n/ppc32/karatsuba.S:37: Error: symbol `contraintes' is already defined\nkernel/n/ppc32/karatsuba.S:37: Error: junk at end of line, first unrecognized character is `0'\nkernel/n/ppc32/karatsuba.S:39: Error: symbol `sortie' is already defined\nkernel/n/ppc32/karatsuba.S:40: Error: Unrecognized opcode: `c'\nkernel/n/ppc32/karatsuba.S:54: Error: Unrecognized opcode: `petite'\nkernel/n/ppc32/karatsuba.S:55: Error: junk at end of line, first unrecognized character is `='\nkernel/n/ppc32/karatsuba.S:57: Error: Unrecognized opcode: `r8'\nkernel/n/ppc32/karatsuba.S:59: Error: Unrecognized opcode: `r9'\nkernel/n/ppc32/karatsuba.S:60: Error: Unrecognized opcode: `si'\nkernel/n/ppc32/karatsuba.S:62: Error: Unrecognized opcode: `ici'\nkernel/n/ppc32/karatsuba.S:63: Error: Unrecognized opcode: `variables'\nkernel/n/ppc32/karatsuba.S:74: Error: Unrecognized opcode: `r10'\nkernel/n/ppc32/karatsuba.S:75: Error: Unrecognized opcode: `sauvegarde'\nkernel/n/ppc32/karatsuba.S:76: Error: Unrecognized opcode: `r\233serve'\nkernel/n/ppc32/karatsuba.S:78: Error: Unrecognized opcode: `arrondi'\nkernel/n/ppc32/karatsuba.S:84: Error: Unrecognized opcode: `sauve'\nkernel/n/ppc32/karatsuba.S:91: Error: Unrecognized opcode: `calcule'\nkernel/n/ppc32/karatsuba.S:94: Error: Unrecognized opcode: `r5'\nkernel/n/ppc32/karatsuba.S:98: Error: Unrecognized opcode: `c[0..p-1]'\nkernel/n/ppc32/karatsuba.S:99: Error: Unrecognized opcode: `x'\nkernel/n/ppc32/karatsuba.S:102: Error: Unrecognized opcode: `r5'\nkernel/n/ppc32/karatsuba.S:104: Error: Unrecognized opcode: `r7'\nkernel/n/ppc32/karatsuba.S:105: Error: Unrecognized opcode: `r5'\nkernel/n/ppc32/karatsuba.S:106: Error: Unrecognized opcode: `c[0..p-1]'\nkernel/n/ppc32/karatsuba.S:107: Error: Unrecognized opcode: `x'\nkernel/n/ppc32/karatsuba.S:109: Error: Unrecognized opcode: `calcule'\nkernel/n/ppc32/karatsuba.S:112: Error: Unrecognized opcode: `r5'\nkernel/n/ppc32/karatsuba.S:113: Error: Unrecognized opcode: `r5'\nkernel/n/ppc32/karatsuba.S:116: Error: Unrecognized opcode: `d'\nkernel/n/ppc32/karatsuba.S:123: Error: Unrecognized opcode: `c[0..2p-1]'\nkernel/n/ppc32/karatsuba.S:125: Error: Unrecognized opcode: `r4'\nkernel/n/ppc32/karatsuba.S:126: Error: Unrecognized opcode: `r3'\nkernel/n/ppc32/karatsuba.S:127: Error: Unrecognized opcode: `r5'\nkernel/n/ppc32/karatsuba.S:128: Error: Unrecognized opcode: `r7'\nkernel/n/ppc32/karatsuba.S:132: Error: Unrecognized opcode: `c[2p..2p+q+r-1]'\nkernel/n/ppc32/karatsuba.S:133: Error: Unrecognized opcode: `q'\nkernel/n/ppc32/karatsuba.S:135: Error: Unrecognized opcode: `point'\nkernel/n/ppc32/karatsuba.S:136: Error: Unrecognized opcode: `c'\nkernel/n/ppc32/karatsuba.S:139: Error: Unrecognized opcode: `r6'\nkernel/n/ppc32/karatsuba.S:140: Error: Unrecognized opcode: `r5'\nkernel/n/ppc32/karatsuba.S:141: Error: Unrecognized opcode: `r3'\nkernel/n/ppc32/karatsuba.S:143: Error: Unrecognized opcode: `c[2p..3p-1]'\nkernel/n/ppc32/karatsuba.S:144: Error: Unrecognized opcode: `r'\nkernel/n/ppc32/karatsuba.S:148: Error: Unrecognized opcode: `r6'\nkernel/n/ppc32/karatsuba.S:149: Error: Unrecognized opcode: `r7'\nkernel/n/ppc32/karatsuba.S:150: Error: Unrecognized opcode: `r5'\nkernel/n/ppc32/karatsuba.S:152: Error: Unrecognized opcode: `c[p..2p-1]'\nkernel/n/ppc32/karatsuba.S:153: Error: bad expression\nkernel/n/ppc32/karatsuba.S:155: Error: Unrecognized opcode: `r4'\nkernel/n/ppc32/karatsuba.S:156: Error: Unrecognized opcode: `r6'\nkernel/n/ppc32/karatsuba.S:157: Error: Unrecognized opcode: `r7'\nkernel/n/ppc32/karatsuba.S:158: Error: Unrecognized opcode: `r3'\nkernel/n/ppc32/karatsuba.S:160: Error: Unrecognized opcode: `r5'\nkernel/n/ppc32/karatsuba.S:161: Error: Unrecognized opcode: `c[2p..2p+q+r-1]'\nkernel/n/ppc32/karatsuba.S:163: Error: Unrecognized opcode: `propage'\nkernel/n/ppc32/karatsuba.S:164: Error: Unrecognized opcode: `r6'\nkernel/n/ppc32/karatsuba.S:165: Error: Unrecognized opcode: `r3'\nkernel/n/ppc32/karatsuba.S:168: Error: Unrecognized opcode: `r5'\nkernel/n/ppc32/karatsuba.S:169: Error: Unrecognized opcode: `r4'\nkernel/n/ppc32/karatsuba.S:173: Error: Unrecognized opcode: `propage'\nkernel/n/ppc32/karatsuba.S:182: Error: Unrecognized opcode: `propage'\nkernel/n/ppc32/karatsuba.S:189: Error: Unrecognized opcode: `c[p..2p+q+r-1]'\nkernel/n/ppc32/karatsuba.S:190: Error: Unrecognized opcode: `r4'\nkernel/n/ppc32/karatsuba.S:191: Error: Unrecognized opcode: `r6'\nkernel/n/ppc32/karatsuba.S:192: Error: Unrecognized opcode: `r3'\nkernel/n/ppc32/karatsuba.S:202: Error: Unrecognized opcode: `r\233cup\232re'\nkernel/n/ppc32/karatsuba.S:204: Error: Unrecognized opcode: `nettoie'\nkernel/n/ppc32/karatsuba.S:205: Error: Unrecognized opcode: `r\233cup\232re'\nkernel/n/ppc32/karatsuba.S:218: Error: Unrecognized opcode: `ici'\nkernel/n/ppc32/karatsuba.S:219: Error: Unrecognized opcode: `le'\nkernel/n/ppc32/karatsuba.S:220: Error: Unrecognized opcode: `attention'\nkernel/n/ppc32/karatsuba.S:232: Error: Unrecognized opcode: `sauvegarde'\nkernel/n/ppc32/karatsuba.S:233: Error: Unrecognized opcode: `ra'\nkernel/n/ppc32/karatsuba.S:235: Error: Unrecognized opcode: `r\233serve'\nkernel/n/ppc32/karatsuba.S:236: Error: Unrecognized opcode: `\224'\nkernel/n/ppc32/karatsuba.S:246: Error: Unrecognized opcode: `premi\232re'\nkernel/n/ppc32/karatsuba.S:248: Error: Unrecognized opcode: `r6'\nkernel/n/ppc32/karatsuba.S:251: Error: Unrecognized opcode: `si'\nkernel/n/ppc32/karatsuba.S:258: Error: bad expression\nkernel/n/ppc32/karatsuba.S:258: Error: syntax error; found `l' but expected `,'\nkernel/n/ppc32/karatsuba.S:258: Error: junk at end of line: `l'\nkernel/n/ppc32/karatsuba.S:259: Error: Unrecognized opcode: `c'\nkernel/n/ppc32/karatsuba.S:260: Error: bad expression\nkernel/n/ppc32/karatsuba.S:260: Error: syntax error; found `l' but expected `,'\nkernel/n/ppc32/karatsuba.S:260: Error: junk at end of line: `l'\nkernel/n/ppc32/karatsuba.S:263: Error: Unrecognized opcode: `multiplications'\nkernel/n/ppc32/karatsuba.S:266: Error: Unrecognized opcode: `r8'\nkernel/n/ppc32/karatsuba.S:268: Error: bad expression\nkernel/n/ppc32/karatsuba.S:268: Error: syntax error; found `l' but expected `,'\nkernel/n/ppc32/karatsuba.S:268: Error: junk at end of line: `lb'\nkernel/n/ppc32/karatsuba.S:272: Error: Unrecognized opcode: `r10'\nkernel/n/ppc32/karatsuba.S:273: Error: Unrecognized opcode: `r11'\nkernel/n/ppc32/karatsuba.S:276: Error: Unrecognized opcode: `d'\nkernel/n/ppc32/karatsuba.S:279: Error: Unrecognized opcode: `c[0..2lb-1]'\nkernel/n/ppc32/karatsuba.S:284: Error: Unrecognized opcode: `r4'\nkernel/n/ppc32/karatsuba.S:285: Error: Unrecognized opcode: `c'\nkernel/n/ppc32/karatsuba.S:287: Error: Unrecognized opcode: `c'\nkernel/n/ppc32/karatsuba.S:288: Error: bad expression\nkernel/n/ppc32/karatsuba.S:288: Error: syntax error; found `l' but expected `,'\nkernel/n/ppc32/karatsuba.S:288: Error: junk at end of line: `lb'\nkernel/n/ppc32/karatsuba.S:291: Error: Unrecognized opcode: `termin\233'\nkernel/n/ppc32/karatsuba.S:293: Error: Unrecognized opcode: `nettoie'\nkernel/n/ppc32/karatsuba.S:294: Error: Unrecognized opcode: `r\233cup\232re'\nkernel/n/ppc32/karatsuba.S:311: Error: junk at end of line, first unrecognized character is `+'\nkernel/n/ppc32/karatsuba.S:312: Error: junk at end of line, first unrecognized character is `|'\nkernel/n/ppc32/karatsuba.S:313: Error: junk at end of line, first unrecognized character is `+'\nkernel/n/ppc32/karatsuba.S:315: Error: Unrecognized opcode: `void'\nkernel/n/ppc32/karatsuba.S:317: Error: symbol `entr\233e' is already defined\nkernel/n/ppc32/karatsuba.S:318: Error: junk at end of line, first unrecognized character is `d'\nkernel/n/ppc32/karatsuba.S:319: Error: junk at end of line, first unrecognized character is `d'\nkernel/n/ppc32/karatsuba.S:320: Error: symbol `contraintes' is already defined\nkernel/n/ppc32/karatsuba.S:320: Error: junk at end of line, first unrecognized character is `0'\nkernel/n/ppc32/karatsuba.S:322: Error: symbol `sortie' is already defined\nkernel/n/ppc32/karatsuba.S:323: Error: Unrecognized opcode: `c'\nkernel/n/ppc32/karatsuba.S:337: Error: Unrecognized opcode: `petit'\nkernel/n/ppc32/karatsuba.S:341: Error: Unrecognized opcode: `d\233coupage'\nkernel/n/ppc32/karatsuba.S:342: Error: Unrecognized opcode: `variables'\nkernel/n/ppc32/karatsuba.S:353: Error: Unrecognized opcode: `sauvegarde'\nkernel/n/ppc32/karatsuba.S:354: Error: Unrecognized opcode: `r'\nkernel/n/ppc32/karatsuba.S:355: Error: Unrecognized opcode: `p'\nkernel/n/ppc32/karatsuba.S:356: Error: Unrecognized opcode: `r\233serve'\nkernel/n/ppc32/karatsuba.S:358: Error: Unrecognized opcode: `arrondi'\nkernel/n/ppc32/karatsuba.S:364: Error: Unrecognized opcode: `sauve'\nkernel/n/ppc32/karatsuba.S:368: Error: Unrecognized opcode: `calcule'\nkernel/n/ppc32/karatsuba.S:371: Error: Unrecognized opcode: `r5'\nkernel/n/ppc32/karatsuba.S:375: Error: Unrecognized opcode: `c[0..p-1]'\nkernel/n/ppc32/karatsuba.S:376: Error: Unrecognized opcode: `x'\nkernel/n/ppc32/karatsuba.S:378: Error: Unrecognized opcode: `calcule'\nkernel/n/ppc32/karatsuba.S:382: Error: Unrecognized opcode: `d'\nkernel/n/ppc32/karatsuba.S:387: Error: Unrecognized opcode: `c[0..2p-1]'\nkernel/n/ppc32/karatsuba.S:389: Error: Unrecognized opcode: `r4'\nkernel/n/ppc32/karatsuba.S:390: Error: Unrecognized opcode: `r3'\nkernel/n/ppc32/karatsuba.S:391: Error: Unrecognized opcode: `r7'\nkernel/n/ppc32/karatsuba.S:394: Error: Unrecognized opcode: `c[2p..2p+q+r-1]'\nkernel/n/ppc32/karatsuba.S:395: Error: Unrecognized opcode: `continue'\nkernel/n/ppc32/toom.S:28: Error: junk at end of line, first unrecognized character is `+'\nkernel/n/ppc32/toom.S:29: Error: junk at end of line, first unrecognized character is `|'\nkernel/n/ppc32/toom.S:30: Error: junk at end of line, first unrecognized character is `+'\nkernel/n/ppc32/toom.S:32: Error: Unrecognized opcode: `chiffre'\nkernel/n/ppc32/toom.S:33: Error: symbol `entr\233e' is already defined\nkernel/n/ppc32/toom.S:34: Error: junk at end of line, first unrecognized character is `d'\nkernel/n/ppc32/toom.S:35: Error: junk at end of line, first unrecognized character is `d'\nkernel/n/ppc32/toom.S:36: Error: symbol `contraintes' is already defined\nkernel/n/ppc32/toom.S:36: Error: junk at end of line, first unrecognized character is `0'\nkernel/n/ppc32/toom.S:38: Error: symbol `sortie' is already defined\nkernel/n/ppc32/toom.S:39: Error: Unrecognized opcode: `b[0..p]'\nkernel/n/ppc32/toom.S:40: Error: Unrecognized opcode: `b[p+1..2p+1]'\nkernel/n/ppc32/toom.S:41: Error: Unrecognized opcode: `r2'\nkernel/n/ppc32/toom.S:43: Error: symbol `remarque' is already defined\nkernel/n/ppc32/toom.S:44: Error: Unrecognized opcode: `fonction'\nkernel/n/ppc32/toom.S:54: Error: Unrecognized opcode: `sauvegarde'\nkernel/n/ppc32/toom.S:55: Error: Unrecognized opcode: `sauvegarde'\nkernel/n/ppc32/toom.S:59: Error: Unrecognized opcode: `r7'\nkernel/n/ppc32/toom.S:60: Error: bad expression\nkernel/n/ppc32/toom.S:60: Error: bad expression\nkernel/n/ppc32/toom.S:60: Error: syntax error; found `a' but expected `,'\nkernel/n/ppc32/toom.S:60: Error: junk at end of line: `a1'\nkernel/n/ppc32/toom.S:61: Error: Unrecognized opcode: `r5'\nkernel/n/ppc32/toom.S:64: Error: Unrecognized opcode: `b0'\nkernel/n/ppc32/toom.S:66: Error: Unrecognized opcode: `r7'\nkernel/n/ppc32/toom.S:68: Error: Unrecognized opcode: `sauve'\nkernel/n/ppc32/toom.S:69: Error: Unrecognized opcode: `r7'\nkernel/n/ppc32/toom.S:72: Error: Unrecognized opcode: `r5'\nkernel/n/ppc32/toom.S:74: Error: Unrecognized opcode: `b1'\nkernel/n/ppc32/toom.S:78: Error: Unrecognized opcode: `r5'\nkernel/n/ppc32/toom.S:80: Error: Unrecognized opcode: `sauve'\nkernel/n/ppc32/toom.S:81: Error: Unrecognized opcode: `b0'\nkernel/n/ppc32/toom.S:82: Error: Unrecognized opcode: `r\233cup\232re'\nkernel/n/ppc32/toom.S:85: Error: Unrecognized opcode: `r\233cup\232re'\nkernel/n/ppc32/toom.S:97: Error: junk at end of line, first unrecognized character is `+'\nkernel/n/ppc32/toom.S:98: Error: junk at end of line, first unrecognized character is `|'\nkernel/n/ppc32/toom.S:99: Error: junk at end of line, first unrecognized character is `+'\nkernel/n/ppc32/toom.S:101: Error: Unrecognized opcode: `void'\nkernel/n/ppc32/toom.S:102: Error: symbol `entr\233e' is already defined\nkernel/n/ppc32/toom.S:103: Error: junk at end of line, first unrecognized character is `d'\nkernel/n/ppc32/toom.S:104: Error: junk at end of line, first unrecognized character is `d'\nkernel/n/ppc32/toom.S:105: Error: symbol `contraintes' is already defined\nkernel/n/ppc32/toom.S:105: Error: junk at end of line, first unrecognized character is `0'\nkernel/n/ppc32/toom.S:107: Error: symbol `sortie' is already defined\nkernel/n/ppc32/toom.S:108: Error: bad expression\nkernel/n/ppc32/toom.S:108: Error: syntax error; found `[' but expected `,'\nkernel/n/ppc32/toom.S:108: Error: junk at end of line: `[0..p-1]+ BASE*a[p..2p-1]+ BASE^2*a[2p..2p+q-1]'\nkernel/n/ppc32/toom.S:110: Error: symbol `remarque' is already defined\nkernel/n/ppc32/toom.S:111: Error: Unrecognized opcode: `fonction'\nkernel/n/ppc32/toom.S:122: Error: Unrecognized opcode: `sauvegarde'\nkernel/n/ppc32/toom.S:123: Error: Unrecognized opcode: `sauvegarde'\nkernel/n/ppc32/toom.S:128: Error: bad expression\nkernel/n/ppc32/toom.S:129: Error: Unrecognized opcode: `b[0]'\nkernel/n/ppc32/toom.S:131: Error: Unrecognized opcode: `r7'\nkernel/n/ppc32/toom.S:132: Error: Unrecognized opcode: `r8'\nkernel/n/ppc32/toom.S:133: Error: Unrecognized opcode: `r5'\nkernel/n/ppc32/toom.S:134: Error: Unrecognized opcode: `r3'\nkernel/n/ppc32/toom.S:135: Error: bad expression\nkernel/n/ppc32/toom.S:135: Error: bad expression\nkernel/n/ppc32/toom.S:135: Error: syntax error; found `a' but expected `,'\nkernel/n/ppc32/toom.S:135: Error: junk at end of line: `a2'\nkernel/n/ppc32/toom.S:138: Error: Unrecognized opcode: `b[1..p-1]'\nkernel/n/ppc32/toom.S:140: Error: bad expression\nkernel/n/ppc32/toom.S:141: Error: Unrecognized opcode: `r7'\nkernel/n/ppc32/toom.S:143: Error: Unrecognized opcode: `sauve'\nkernel/n/ppc32/toom.S:147: Error: Unrecognized opcode: `r3'\nkernel/n/ppc32/toom.S:154: Error: Unrecognized opcode: `r\233cup\232re'\nkernel/n/ppc32/toom.S:166: Error: junk at end of line, first unrecognized character is `+'\nkernel/n/ppc32/toom.S:167: Error: junk at end of line, first unrecognized character is `|'\nkernel/n/ppc32/toom.S:168: Error: junk at end of line, first unrecognized character is `+'\nkernel/n/ppc32/toom.S:170: Error: Unrecognized opcode: `void'\nkernel/n/ppc32/toom.S:172: Error: symbol `entr\233e' is already defined\nkernel/n/ppc32/toom.S:173: Error: junk at end of line, first unrecognized character is `d'\nkernel/n/ppc32/toom.S:174: Error: junk at end of line, first unrecognized character is `d'\nkernel/n/ppc32/toom.S:175: Error: junk at end of line, first unrecognized character is `d'\nkernel/n/ppc32/toom.S:176: Error: symbol `contraintes' is already defined\nkernel/n/ppc32/toom.S:176: Error: junk at end of line, first unrecognized character is `0'\nkernel/n/ppc32/toom.S:178: Error: symbol `sortie' is already defined\nkernel/n/ppc32/toom.S:179: Error: Unrecognized opcode: `c'\nkernel/n/ppc32/toom.S:193: Error: Unrecognized opcode: `petite'\nkernel/n/ppc32/toom.S:199: Error: Unrecognized opcode: `r8'\nkernel/n/ppc32/toom.S:200: Error: Unrecognized opcode: `r9'\nkernel/n/ppc32/toom.S:201: Error: Unrecognized opcode: `r10'\nkernel/n/ppc32/toom.S:202: Error: Unrecognized opcode: `si'\nkernel/n/ppc32/toom.S:204: Error: Unrecognized opcode: `ici'\nkernel/n/ppc32/toom.S:205: Error: Unrecognized opcode: `variables'\nkernel/n/ppc32/toom.S:216: Error: Unrecognized opcode: `sauvegarde'\nkernel/n/ppc32/toom.S:217: Error: Unrecognized opcode: `r\233serve'\nkernel/n/ppc32/toom.S:219: Error: Unrecognized opcode: `arrondi'\nkernel/n/ppc32/toom.S:225: Error: Unrecognized opcode: `sauve'\nkernel/n/ppc32/toom.S:228: Error: Unrecognized opcode: `p'\nkernel/n/ppc32/toom.S:232: Error: Unrecognized opcode: `c[0..p]'\nkernel/n/ppc32/toom.S:235: Error: Unrecognized opcode: `r5'\nkernel/n/ppc32/toom.S:240: Error: Unrecognized opcode: `c[2p+2..3p+2]'\nkernel/n/ppc32/toom.S:242: Error: Unrecognized opcode: `r4'\nkernel/n/ppc32/toom.S:244: Error: Unrecognized opcode: `r5'\nkernel/n/ppc32/toom.S:247: Error: Unrecognized opcode: `x'\nkernel/n/ppc32/toom.S:249: Error: Unrecognized opcode: `d'\nkernel/n/ppc32/toom.S:251: Error: Unrecognized opcode: `r4'\nkernel/n/ppc32/toom.S:252: Error: Unrecognized opcode: `r8'\nkernel/n/ppc32/toom.S:253: Error: Unrecognized opcode: `r3'\nkernel/n/ppc32/toom.S:254: Error: Unrecognized opcode: `r6'\nkernel/n/ppc32/toom.S:257: Error: Unrecognized opcode: `r3'\nkernel/n/ppc32/toom.S:258: Error: Unrecognized opcode: `r8'\nkernel/n/ppc32/toom.S:259: Error: Unrecognized opcode: `b0+b1+b2'\nkernel/n/ppc32/toom.S:263: Error: Unrecognized opcode: `sinon'\nkernel/n/ppc32/toom.S:264: Error: Unrecognized opcode: `les'\nkernel/n/ppc32/toom.S:267: Error: Unrecognized opcode: `d[2p]'\nkernel/n/ppc32/toom.S:272: Error: Unrecognized opcode: `e'\nkernel/n/ppc32/toom.S:273: Error: Unrecognized opcode: `r4'\nkernel/n/ppc32/toom.S:274: Error: Unrecognized opcode: `r8'\nkernel/n/ppc32/toom.S:275: Error: Unrecognized opcode: `r5'\nkernel/n/ppc32/toom.S:276: Error: Unrecognized opcode: `r3'\nkernel/n/ppc32/toom.S:277: Error: Unrecognized opcode: `r6'\nkernel/n/ppc32/toom.S:280: Error: Unrecognized opcode: `r3'\nkernel/n/ppc32/toom.S:281: Error: Unrecognized opcode: `r9'\nkernel/n/ppc32/toom.S:282: Error: junk at end of line, first unrecognized character is `|'\nkernel/n/ppc32/toom.S:284: Error: Unrecognized opcode: `r8'\nkernel/n/ppc32/toom.S:285: Error: Unrecognized opcode: `r7'\nkernel/n/ppc32/toom.S:288: Error: Unrecognized opcode: `sinon'\nkernel/n/ppc32/toom.S:289: Error: Unrecognized opcode: `les'\nkernel/n/ppc32/toom.S:292: Error: Unrecognized opcode: `e[2p]'\nkernel/n/ppc32/toom.S:296: Error: Unrecognized opcode: `c[0..p+2]'\nkernel/n/ppc32/toom.S:299: Error: Unrecognized opcode: `r5'\nkernel/n/ppc32/toom.S:303: Error: Unrecognized opcode: `c[p+3..2p+5]'\nkernel/n/ppc32/toom.S:305: Error: Unrecognized opcode: `r4'\nkernel/n/ppc32/toom.S:308: Error: Unrecognized opcode: `r5'\nkernel/n/ppc32/toom.S:312: Error: Unrecognized opcode: `f'\nkernel/n/ppc32/toom.S:313: Error: junk at end of line, first unrecognized character is `='\nkernel/n/ppc32/toom.S:315: Error: Unrecognized opcode: `r7'\nkernel/n/ppc32/toom.S:317: Error: Unrecognized opcode: `r3'\nkernel/n/ppc32/toom.S:318: Error: Unrecognized opcode: `r6'\nkernel/n/ppc32/toom.S:323: Error: Unrecognized opcode: `r4'\nkernel/n/ppc32/toom.S:329: Error: Unrecognized opcode: `si'\nkernel/n/ppc32/toom.S:337: Error: Unrecognized opcode: `r7'\nkernel/n/ppc32/toom.S:343: Error: Unrecognized opcode: `c[0..2p-1]'\nkernel/n/ppc32/toom.S:345: Error: Unrecognized opcode: `r4'\nkernel/n/ppc32/toom.S:347: Error: Unrecognized opcode: `r6'\nkernel/n/ppc32/toom.S:351: Error: Unrecognized opcode: `c[4*p..4p+q+r-1]'\nkernel/n/ppc32/toom.S:352: Error: Unrecognized opcode: `r8'\nkernel/n/ppc32/toom.S:354: Error: Unrecognized opcode: `r3'\nkernel/n/ppc32/toom.S:355: Error: Unrecognized opcode: `r5'\nkernel/n/ppc32/toom.S:356: Error: Unrecognized opcode: `r7'\nkernel/n/ppc32/toom.S:361: Error: Unrecognized opcode: `r'\nkernel/n/ppc32/toom.S:363: Error: Unrecognized opcode: `point'\nkernel/n/ppc32/toom.S:366: Error: Unrecognized opcode: `p'\nkernel/n/ppc32/toom.S:368: Error: bad expression\nkernel/n/ppc32/toom.S:368: Error: syntax error; found `p' but expected `,'\nkernel/n/ppc32/toom.S:368: Error: junk at end of line: `p'\nkernel/n/ppc32/toom.S:370: Error: Unrecognized opcode: `c[2p..4p]'\nkernel/n/ppc32/toom.S:373: Error: Unrecognized opcode: `r4'\nkernel/n/ppc32/toom.S:375: Error: Unrecognized opcode: `r5'\nkernel/n/ppc32/toom.S:376: Error: Unrecognized opcode: `si'\nkernel/n/ppc32/toom.S:377: Error: Unrecognized opcode: `sauve'\nkernel/n/ppc32/toom.S:382: Error: Unrecognized opcode: `r7'\nkernel/n/ppc32/toom.S:385: Error: Unrecognized opcode: `c[2p..4p]'\nkernel/n/ppc32/toom.S:387: Error: Unrecognized opcode: `r4'\nkernel/n/ppc32/toom.S:388: Error: Unrecognized opcode: `r6'\nkernel/n/ppc32/toom.S:389: Error: Unrecognized opcode: `r3'\nkernel/n/ppc32/toom.S:390: Error: Unrecognized opcode: `restaure'\nkernel/n/ppc32/toom.S:392: Error: Unrecognized opcode: `x'\nkernel/n/ppc32/toom.S:393: Error: Unrecognized opcode: `c[2p..4p-1]'\nkernel/n/ppc32/toom.S:394: Error: Unrecognized opcode: `x'\nkernel/n/ppc32/toom.S:395: Error: Unrecognized opcode: `r3'\nkernel/n/ppc32/toom.S:396: Error: Unrecognized opcode: `r5'\nkernel/n/ppc32/toom.S:397: Error: Unrecognized opcode: `r4'\nkernel/n/ppc32/toom.S:398: Error: Unrecognized opcode: `r6'\nkernel/n/ppc32/toom.S:399: Error: Unrecognized opcode: `c[2p..4p-1]'\nkernel/n/ppc32/toom.S:400: Error: Unrecognized opcode: `x'\nkernel/n/ppc32/toom.S:402: Error: Unrecognized opcode: `f'\nkernel/n/ppc32/toom.S:404: Error: Unrecognized opcode: `f'\nkernel/n/ppc32/toom.S:405: Error: Unrecognized opcode: `qui'\nkernel/n/ppc32/toom.S:406: Error: junk at end of line, first unrecognized character is `2'\nkernel/n/ppc32/toom.S:408: Error: Unrecognized opcode: `f'\nkernel/n/ppc32/toom.S:409: Error: syntax error; found `a' but expected `,'\nkernel/n/ppc32/toom.S:409: Error: junk at end of line: `au rang 1. Ce n est m\234me pas la peine de forcer'\nkernel/n/ppc32/toom.S:410: Error: Unrecognized opcode: `le'\nkernel/n/ppc32/toom.S:411: Error: Unrecognized opcode: `r5'\nkernel/n/ppc32/toom.S:415: Error: bad expression\nkernel/n/ppc32/toom.S:415: Error: bad expression\nkernel/n/ppc32/toom.S:415: Error: syntax error; found `f' but expected `,'\nkernel/n/ppc32/toom.S:415: Error: junk at end of line: `f[1]'\nkernel/n/ppc32/toom.S:416: Error: Unrecognized opcode: `r7'\nkernel/n/ppc32/toom.S:417: Error: Unrecognized opcode: `r4'\nkernel/n/ppc32/toom.S:418: Error: Unrecognized opcode: `r3'\nkernel/n/ppc32/toom.S:419: Error: Unrecognized opcode: `r6'\nkernel/n/ppc32/toom.S:420: Error: Unrecognized opcode: `f'\nkernel/n/ppc32/toom.S:427: Error: Unrecognized opcode: `propage'\nkernel/n/ppc32/toom.S:428: Error: Unrecognized opcode: `chiffres'\nkernel/n/ppc32/toom.S:434: Error: Unrecognized opcode: `r3'\nkernel/n/ppc32/toom.S:436: Error: Unrecognized opcode: `r5'\nkernel/n/ppc32/toom.S:438: Error: Unrecognized opcode: `f'\nkernel/n/ppc32/toom.S:439: Error: Unrecognized opcode: `r3'\nkernel/n/ppc32/toom.S:440: Error: Unrecognized opcode: `on'\nkernel/n/ppc32/toom.S:441: Error: junk at end of line, first unrecognized character is `2'\nkernel/n/ppc32/toom.S:442: Error: Unrecognized opcode: `on'\nkernel/n/ppc32/toom.S:443: Error: Unrecognized opcode: `r4'\nkernel/n/ppc32/toom.S:444: Error: Unrecognized opcode: `r5'\nkernel/n/ppc32/toom.S:446: Error: Unrecognized opcode: `r6'\nkernel/n/ppc32/toom.S:447: Error: Unrecognized opcode: `f'\nkernel/n/ppc32/toom.S:449: Error: Unrecognized opcode: `f'\nkernel/n/ppc32/toom.S:450: Error: Unrecognized opcode: `r3'\nkernel/n/ppc32/toom.S:451: Error: Unrecognized opcode: `r4'\nkernel/n/ppc32/toom.S:453: Error: Unrecognized opcode: `r6'\nkernel/n/ppc32/toom.S:454: Error: Unrecognized opcode: `f'\nkernel/n/ppc32/toom.S:456: Error: Unrecognized opcode: `f'\nkernel/n/ppc32/toom.S:457: Error: Unrecognized opcode: `r3'\nkernel/n/ppc32/toom.S:458: Error: Unrecognized opcode: `r4'\nkernel/n/ppc32/toom.S:459: Error: Unrecognized opcode: `r5'\nkernel/n/ppc32/toom.S:460: Error: Unrecognized opcode: `r6'\nkernel/n/ppc32/toom.S:461: Error: Unrecognized opcode: `divise'\nkernel/n/ppc32/toom.S:463: Error: Unrecognized opcode: `e[2..2p+1]'\nkernel/n/ppc32/toom.S:465: Error: Unrecognized opcode: `r5'\nkernel/n/ppc32/toom.S:466: Error: Unrecognized opcode: `r7'\nkernel/n/ppc32/toom.S:467: Error: Unrecognized opcode: `r4'\nkernel/n/ppc32/toom.S:468: Error: Unrecognized opcode: `r6'\nkernel/n/ppc32/toom.S:478: Error: Unrecognized opcode: `dernier'\nkernel/n/ppc32/toom.S:481: Error: syntax error; found `\224' but expected `,'\nkernel/n/ppc32/toom.S:481: Error: junk at end of line: `\224 f[1..2p+1]'\nkernel/n/ppc32/toom.S:493: Error: Unrecognized opcode: `f[p+1..2p+1]'\nkernel/n/ppc32/toom.S:494: Error: Unrecognized opcode: `r12'\nkernel/n/ppc32/toom.S:496: Error: Unrecognized opcode: `ajoute'\nkernel/n/ppc32/toom.S:508: Error: Unrecognized opcode: `c[p..4p+q+r-1]'\nkernel/n/ppc32/toom.S:509: Error: Unrecognized opcode: `r3'\nkernel/n/ppc32/toom.S:511: Error: Unrecognized opcode: `r5'\nkernel/n/ppc32/toom.S:512: Error: Unrecognized opcode: `r4'\nkernel/n/ppc32/toom.S:519: Error: Unrecognized opcode: `termin\233'\nkernel/n/ppc32/toom.S:520: Error: Unrecognized opcode: `r\233cup\232re'\nkernel/n/ppc32/toom.S:522: Error: Unrecognized opcode: `nettoie'\nkernel/n/ppc32/toom.S:523: Error: Unrecognized opcode: `r\233cup\232re'\nkernel/n/ppc32/toom.S:536: Error: Unrecognized opcode: `ici'\nkernel/n/ppc32/toom.S:537: Error: Unrecognized opcode: `le'\nkernel/n/ppc32/toom.S:538: Error: Unrecognized opcode: `attention'\nkernel/n/ppc32/toom.S:550: Error: Unrecognized opcode: `sauvegarde'\nkernel/n/ppc32/toom.S:551: Error: Unrecognized opcode: `ra'\nkernel/n/ppc32/toom.S:553: Error: Unrecognized opcode: `r\233serve'\nkernel/n/ppc32/toom.S:554: Error: Unrecognized opcode: `\224'\nkernel/n/ppc32/toom.S:564: Error: Unrecognized opcode: `premi\232re'\nkernel/n/ppc32/toom.S:566: Error: Unrecognized opcode: `r6'\nkernel/n/ppc32/toom.S:569: Error: Unrecognized opcode: `si'\nkernel/n/ppc32/toom.S:576: Error: bad expression\nkernel/n/ppc32/toom.S:576: Error: syntax error; found `l' but expected `,'\nkernel/n/ppc32/toom.S:576: Error: junk at end of line: `l'\nkernel/n/ppc32/toom.S:577: Error: Unrecognized opcode: `c'\nkernel/n/ppc32/toom.S:578: Error: bad expression\nkernel/n/ppc32/toom.S:578: Error: syntax error; found `l' but expected `,'\nkernel/n/ppc32/toom.S:578: Error: junk at end of line: `l'\nkernel/n/ppc32/toom.S:581: Error: Unrecognized opcode: `multiplications'\nkernel/n/ppc32/toom.S:584: Error: Unrecognized opcode: `r8'\nkernel/n/ppc32/toom.S:586: Error: bad expression\nkernel/n/ppc32/toom.S:586: Error: syntax error; found `l' but expected `,'\nkernel/n/ppc32/toom.S:586: Error: junk at end of line: `lb'\nkernel/n/ppc32/toom.S:590: Error: Unrecognized opcode: `r10'\nkernel/n/ppc32/toom.S:591: Error: Unrecognized opcode: `r11'\nkernel/n/ppc32/toom.S:594: Error: Unrecognized opcode: `d'\nkernel/n/ppc32/toom.S:597: Error: Unrecognized opcode: `c[0..2lb-1]'\nkernel/n/ppc32/toom.S:602: Error: Unrecognized opcode: `r4'\nkernel/n/ppc32/toom.S:603: Error: Unrecognized opcode: `c'\nkernel/n/ppc32/toom.S:605: Error: Unrecognized opcode: `c'\nkernel/n/ppc32/toom.S:606: Error: bad expression\nkernel/n/ppc32/toom.S:606: Error: syntax error; found `l' but expected `,'\nkernel/n/ppc32/toom.S:606: Error: junk at end of line: `lb'\nkernel/n/ppc32/toom.S:609: Error: Unrecognized opcode: `termin\233'\nkernel/n/ppc32/toom.S:611: Error: Unrecognized opcode: `nettoie'\nkernel/n/ppc32/toom.S:612: Error: Unrecognized opcode: `r\233cup\232re'\nkernel/n/ppc32/toom.S:629: Error: junk at end of line, first unrecognized character is `+'\nkernel/n/ppc32/toom.S:630: Error: junk at end of line, first unrecognized character is `|'\nkernel/n/ppc32/toom.S:631: Error: junk at end of line, first unrecognized character is `+'\nkernel/n/ppc32/toom.S:633: Error: symbol `entr\233e' is already defined\nkernel/n/ppc32/toom.S:634: Error: junk at end of line, first unrecognized character is `d'\nkernel/n/ppc32/toom.S:635: Error: junk at end of line, first unrecognized character is `d'\nkernel/n/ppc32/toom.S:636: Error: symbol `contraintes' is already defined\nkernel/n/ppc32/toom.S:636: Error: junk at end of line, first unrecognized character is `0'\nkernel/n/ppc32/toom.S:638: Error: symbol `sortie' is already defined\nkernel/n/ppc32/toom.S:639: Error: Unrecognized opcode: `c'\nkernel/n/ppc32/toom.S:641: Error: Unrecognized opcode: `registres'\nkernel/n/ppc32/toom.S:656: Error: Unrecognized opcode: `petit'\nkernel/n/ppc32/toom.S:662: Error: Unrecognized opcode: `r8'\nkernel/n/ppc32/toom.S:663: Error: Unrecognized opcode: `r9'\nkernel/n/ppc32/toom.S:665: Error: Unrecognized opcode: `variables'\nkernel/n/ppc32/toom.S:676: Error: Unrecognized opcode: `sauvegarde'\nkernel/n/ppc32/toom.S:677: Error: Unrecognized opcode: `r\233serve'\nkernel/n/ppc32/toom.S:679: Error: Unrecognized opcode: `arrondi'\nkernel/n/ppc32/toom.S:685: Error: Unrecognized opcode: `sauve'\nkernel/n/ppc32/toom.S:687: Error: Unrecognized opcode: `p'\nkernel/n/ppc32/toom.S:689: Error: Unrecognized opcode: `r'\nkernel/n/ppc32/toom.S:690: Error: Unrecognized opcode: `r8'\nkernel/n/ppc32/toom.S:692: Error: Unrecognized opcode: `r7'\nkernel/n/ppc32/toom.S:693: Error: Unrecognized opcode: `d[2p]'\nkernel/n/ppc32/toom.S:697: Error: Unrecognized opcode: `c[0..p]'\nkernel/n/ppc32/toom.S:700: Error: Unrecognized opcode: `r5'\nkernel/n/ppc32/toom.S:705: Error: Unrecognized opcode: `d'\nkernel/n/ppc32/toom.S:707: Error: Unrecognized opcode: `r8'\nkernel/n/ppc32/toom.S:708: Error: Unrecognized opcode: `r5'\nkernel/n/ppc32/toom.S:709: Error: Unrecognized opcode: `r4'\nkernel/n/ppc32/toom.S:715: Error: Unrecognized opcode: `e'\nkernel/n/ppc32/toom.S:716: Error: Unrecognized opcode: `r8'\nkernel/n/ppc32/toom.S:717: Error: Unrecognized opcode: `r3'\nkernel/n/ppc32/toom.S:718: Error: Unrecognized opcode: `r8'\nkernel/n/ppc32/toom.S:719: Error: Unrecognized opcode: `r4'\nkernel/n/ppc32/toom.S:722: Error: Unrecognized opcode: `r5'\nkernel/n/ppc32/toom.S:727: Error: Unrecognized opcode: `c[0..p+2]'\nkernel/n/ppc32/toom.S:730: Error: Unrecognized opcode: `r5'\nkernel/n/ppc32/toom.S:734: Error: Unrecognized opcode: `f'\nkernel/n/ppc32/toom.S:735: Error: junk at end of line, first unrecognized character is `='\nkernel/n/ppc32/toom.S:737: Error: Unrecognized opcode: `r7'\nkernel/n/ppc32/toom.S:738: Error: Unrecognized opcode: `r5'\nkernel/n/ppc32/toom.S:739: Error: Unrecognized opcode: `r4'\nkernel/n/ppc32/toom.S:744: Error: Unrecognized opcode: `r5'\nkernel/n/ppc32/toom.S:750: Error: Unrecognized opcode: `c[0..2p-1]'\nkernel/n/ppc32/toom.S:752: Error: Unrecognized opcode: `r4'\nkernel/n/ppc32/toom.S:756: Error: Unrecognized opcode: `c[4*p..4p+q+r-1]'\nkernel/n/ppc32/toom.S:757: Error: Unrecognized opcode: `r8'\nkernel/n/ppc32/toom.S:759: Error: Unrecognized opcode: `r3'\nkernel/n/ppc32/toom.S:760: Error: Unrecognized opcode: `r5'\nkernel/n/ppc32/toom.S:764: Error: Unrecognized opcode: `continue'\nkernel/n/ppc32/div_n2.S:27: Error: junk at end of line, first unrecognized character is `+'\nkernel/n/ppc32/div_n2.S:28: Error: junk at end of line, first unrecognized character is `|'\nkernel/n/ppc32/div_n2.S:29: Error: junk at end of line, first unrecognized character is `+'\nkernel/n/ppc32/div_n2.S:31: Error: Unrecognized opcode: `chiffre'\nkernel/n/ppc32/div_n2.S:33: Error: symbol `entr\233e' is already defined\nkernel/n/ppc32/div_n2.S:34: Error: junk at end of line, first unrecognized character is `n'\nkernel/n/ppc32/div_n2.S:35: Error: Unrecognized opcode: `x,y'\nkernel/n/ppc32/div_n2.S:37: Error: symbol `sortie' is already defined\nkernel/n/ppc32/div_n2.S:38: Error: Unrecognized opcode: `u'\nkernel/n/ppc32/div_n2.S:39: Error: Unrecognized opcode: `retourne'\nkernel/n/ppc32/div_n2.S:41: Error: Unrecognized opcode: `it\233ration'\nkernel/n/ppc32/div_n2.S:43: Error: Unrecognized opcode: `u'\nkernel/n/ppc32/div_n2.S:45: Error: Unrecognized opcode: `en'\nkernel/n/ppc32/div_n2.S:46: Error: junk at end of line, first unrecognized character is `('\nkernel/n/ppc32/div_n2.S:47: Error: syntax error; found `(' but expected `,'\nkernel/n/ppc32/div_n2.S:47: Error: junk at end of line: `(u_n)calcul\233e est strictement croissante tant que'\nkernel/n/ppc32/div_n2.S:49: Error: Unrecognized opcode: `u_n'\nkernel/n/ppc32/div_n2.S:51: Error: syntax error; found `u' but expected `,'\nkernel/n/ppc32/div_n2.S:51: Error: junk at end of line: `u_n<2*BASE sera toujours satisfaite si a>BASE/2,'\nkernel/n/ppc32/div_n2.S:52: Error: Unrecognized opcode: `dans'\nkernel/n/ppc32/div_n2.S:53: Error: Unrecognized opcode: `est'\nkernel/n/ppc32/div_n2.S:54: Error: Unrecognized opcode: `pour'\nkernel/n/ppc32/div_n2.S:55: Error: Unrecognized opcode: `le'\nkernel/n/ppc32/div_n2.S:88: Error: junk at end of line, first unrecognized character is `+'\nkernel/n/ppc32/div_n2.S:89: Error: junk at end of line, first unrecognized character is `|'\nkernel/n/ppc32/div_n2.S:90: Error: junk at end of line, first unrecognized character is `+'\nkernel/n/ppc32/div_n2.S:92: Error: symbol `entr\233e' is already defined\nkernel/n/ppc32/div_n2.S:93: Error: junk at end of line, first unrecognized character is `n'\nkernel/n/ppc32/div_n2.S:94: Error: junk at end of line, first unrecognized character is `('\nkernel/n/ppc32/div_n2.S:95: Error: junk at end of line, first unrecognized character is `n'\nkernel/n/ppc32/div_n2.S:98: Error: symbol `sortie' is already defined\nkernel/n/ppc32/div_n2.S:99: Error: Unrecognized opcode: `q'\nkernel/n/ppc32/div_n2.S:100: Error: Unrecognized opcode: `c'\nkernel/n/ppc32/div_n2.S:124: Error: junk at end of line, first unrecognized character is `+'\nkernel/n/ppc32/div_n2.S:125: Error: junk at end of line, first unrecognized character is `|'\nkernel/n/ppc32/div_n2.S:126: Error: junk at end of line, first unrecognized character is `+'\nkernel/n/ppc32/div_n2.S:129: Error: Unrecognized opcode: `unsigned'\nkernel/n/ppc32/div_n2.S:131: Error: symbol `entr\233e' is already defined\nkernel/n/ppc32/div_n2.S:132: Error: junk at end of line, first unrecognized character is `d'\nkernel/n/ppc32/div_n2.S:134: Error: junk at end of line, first unrecognized character is `d'\nkernel/n/ppc32/div_n2.S:136: Error: symbol `sortie' is already defined\nkernel/n/ppc32/div_n2.S:137: Error: Unrecognized opcode: `c'\nkernel/n/ppc32/div_n2.S:138: Error: Unrecognized opcode: `retourne'\nkernel/n/ppc32/div_n2.S:145: Error: Unrecognized opcode: `variables'\nkernel/n/ppc32/div_n2.S:158: Error: Unrecognized opcode: `ctr'\nkernel/n/ppc32/div_n2.S:160: Error: bad expression\nkernel/n/ppc32/div_n2.S:160: Error: bad expression\nkernel/n/ppc32/div_n2.S:160: Error: syntax error; found `a' but expected `,'\nkernel/n/ppc32/div_n2.S:160: Error: junk at end of line: `a[la]'\nkernel/n/ppc32/div_n2.S:161: Error: Unrecognized opcode: `c'\nkernel/n/ppc32/div_n2.S:163: Error: Unrecognized opcode: `d\233cale'\nkernel/n/ppc32/div_n2.S:168: Error: wrong number of operands\nkernel/n/ppc32/div_n2.S:170: Error: Unrecognized opcode: `boucle'\nkernel/n/ppc32/div_n2.S:171: Error: Unrecognized opcode: `init'\nkernel/n/ppc32/div_n2.S:173: Error: Unrecognized opcode: `al'\nkernel/n/ppc32/div_n2.S:180: Error: syntax error; found `@' but expected `,'\nkernel/n/ppc32/div_n2.S:180: Error: junk at end of line: `@add r12,r12,r7@mullw r2,r12,r5@subfc r8,r2,r8@mulhwu r2,r12,r5@subfe r7,r2,r7@@@8:@addic. r12,r12,1@beq 9f@subfc r8,r5,r8@addme. r7,r7@bge 8b@@@addc r8,r5,r8@addze r7,r7@9:@subi r12,r12,1'\nkernel/n/ppc32/div_n2.S:184: Error: Unrecognized opcode: `d\233cale'\nkernel/n/ppc32/div_n2.S:203: Error: Unrecognized opcode: `unsigned'\nkernel/n/ppc32/div_n2.S:205: Error: symbol `entr\233e' is already defined\nkernel/n/ppc32/div_n2.S:206: Error: junk at end of line, first unrecognized character is `d'\nkernel/n/ppc32/div_n2.S:209: Error: symbol `sortie' is already defined\nkernel/n/ppc32/div_n2.S:210: Error: Unrecognized opcode: `retourne'\nkernel/n/ppc32/div_n2.S:217: Error: Unrecognized opcode: `variables'\nkernel/n/ppc32/div_n2.S:229: Error: Unrecognized opcode: `ctr'\nkernel/n/ppc32/div_n2.S:231: Error: bad expression\nkernel/n/ppc32/div_n2.S:231: Error: bad expression\nkernel/n/ppc32/div_n2.S:231: Error: syntax error; found `a' but expected `,'\nkernel/n/ppc32/div_n2.S:231: Error: junk at end of line: `a[la]'\nkernel/n/ppc32/div_n2.S:233: Error: Unrecognized opcode: `d\233cale'\nkernel/n/ppc32/div_n2.S:238: Error: wrong number of operands\nkernel/n/ppc32/div_n2.S:240: Error: Unrecognized opcode: `boucle'\nkernel/n/ppc32/div_n2.S:241: Error: Unrecognized opcode: `init'\nkernel/n/ppc32/div_n2.S:243: Error: symbol `ah' is already defined\nkernel/n/ppc32/div_n2.S:243: Error: Unrecognized opcode: `al'\nkernel/n/ppc32/div_n2.S:250: Error: syntax error; found `@' but expected `,'\nkernel/n/ppc32/div_n2.S:250: Error: junk at end of line: `@add r12,r12,r7@mullw r2,r12,r5@subfc r8,r2,r8@mulhwu r2,r12,r5@subfe r7,r2,r7@@@8:@addic. r12,r12,1@beq 9f@subfc r8,r5,r8@addme. r7,r7@bge 8b@@@addc r8,r5,r8@addze r7,r7@9:@subi r12,r12,1'\nkernel/n/ppc32/div_n2.S:253: Error: Unrecognized opcode: `d\233cale'\nkernel/n/ppc32/div_n2.S:271: Error: junk at end of line, first unrecognized character is `+'\nkernel/n/ppc32/div_n2.S:272: Error: junk at end of line, first unrecognized character is `|'\nkernel/n/ppc32/div_n2.S:273: Error: junk at end of line, first unrecognized character is `+'\nkernel/n/ppc32/div_n2.S:275: Error: Unrecognized opcode: `void'\nkernel/n/ppc32/div_n2.S:277: Error: symbol `entr\233e' is already defined\nkernel/n/ppc32/div_n2.S:278: Error: junk at end of line, first unrecognized character is `d'\nkernel/n/ppc32/div_n2.S:279: Error: junk at end of line, first unrecognized character is `d'\nkernel/n/ppc32/div_n2.S:280: Error: junk at end of line, first unrecognized character is `d'\nkernel/n/ppc32/div_n2.S:282: Error: symbol `contraintes' is already defined\nkernel/n/ppc32/div_n2.S:283: Error: Unrecognized opcode: `lb'\nkernel/n/ppc32/div_n2.S:284: Error: bad expression\nkernel/n/ppc32/div_n2.S:284: Error: syntax error; found `B' but expected `,'\nkernel/n/ppc32/div_n2.S:284: Error: junk at end of line: `BASE^lc*b'\nkernel/n/ppc32/div_n2.S:285: Error: Unrecognized opcode: `a,b,c'\nkernel/n/ppc32/div_n2.S:287: Error: symbol `sortie' is already defined\nkernel/n/ppc32/div_n2.S:288: Error: bad expression\nkernel/n/ppc32/div_n2.S:288: Error: syntax error; found `m' but expected `,'\nkernel/n/ppc32/div_n2.S:288: Error: junk at end of line: `mod b'\nkernel/n/ppc32/div_n2.S:289: Error: Unrecognized opcode: `c'\nkernel/n/ppc32/div_n2.S:302: Error: Unrecognized opcode: `param\232tres'\nkernel/n/ppc32/div_n2.S:309: Error: Unrecognized opcode: `variables'\nkernel/n/ppc32/div_n2.S:310: Error: junk at end of line, first unrecognized character is `d'\nkernel/n/ppc32/div_n2.S:311: Error: junk at end of line, first unrecognized character is `d'\nkernel/n/ppc32/div_n2.S:312: Error: junk at end of line, first unrecognized character is `('\nkernel/n/ppc32/div_n2.S:313: Error: junk at end of line, first unrecognized character is `d'\nkernel/n/ppc32/div_n2.S:314: Error: junk at end of line, first unrecognized character is `d'\nkernel/n/ppc32/div_n2.S:315: Error: junk at end of line, first unrecognized character is `d'\nkernel/n/ppc32/div_n2.S:324: Error: Unrecognized opcode: `mise'\nkernel/n/ppc32/div_n2.S:329: Error: bad expression\nkernel/n/ppc32/div_n2.S:329: Error: bad expression\nkernel/n/ppc32/div_n2.S:329: Error: syntax error; found `a' but expected `,'\nkernel/n/ppc32/div_n2.S:329: Error: junk at end of line: `a[lc-1]'\nkernel/n/ppc32/div_n2.S:330: Error: Unrecognized opcode: `c'\nkernel/n/ppc32/div_n2.S:332: Error: bad expression\nkernel/n/ppc32/div_n2.S:332: Error: bad expression\nkernel/n/ppc32/div_n2.S:332: Error: syntax error; found `a' but expected `,'\nkernel/n/ppc32/div_n2.S:332: Error: junk at end of line: `a[lb+lc-1]'\nkernel/n/ppc32/div_n2.S:333: Error: bad expression\nkernel/n/ppc32/div_n2.S:333: Error: bad expression\nkernel/n/ppc32/div_n2.S:333: Error: syntax error; found `b' but expected `,'\nkernel/n/ppc32/div_n2.S:333: Error: junk at end of line: `b[lb]'\nkernel/n/ppc32/div_n2.S:335: Error: wrong number of operands\nkernel/n/ppc32/div_n2.S:337: Error: Unrecognized opcode: `pr\233pare'\nkernel/n/ppc32/div_n2.S:339: Error: Unrecognized opcode: `lb'\nkernel/n/ppc32/div_n2.S:341: Error: Unrecognized opcode: `r2'\nkernel/n/ppc32/div_n2.S:342: Error: Unrecognized opcode: `d\233calage'\nkernel/n/ppc32/div_n2.S:343: Error: Unrecognized opcode: `d\233calage'\nkernel/n/ppc32/div_n2.S:344: Error: Unrecognized opcode: `ajoute'\nkernel/n/ppc32/div_n2.S:348: Error: syntax error; found `(' but expected `,'\nkernel/n/ppc32/div_n2.S:348: Error: junk at end of line: `(Lsn_addloop - .Lsn_div_n2_here)'\nkernel/n/ppc32/div_n2.S:351: Error: syntax error; found `(' but expected `,'\nkernel/n/ppc32/div_n2.S:351: Error: junk at end of line: `(Lsn_mulsubloop - .Lsn_div_n2_here)'\nkernel/n/ppc32/div_n2.S:354: Error: Unrecognized opcode: `boucle'\nkernel/n/ppc32/div_n2.S:358: Error: syntax error; found `@' but expected `,'\nkernel/n/ppc32/div_n2.S:358: Error: junk at end of line: `@add r9,r9,r5@mullw r3,r9,r31@subfc r4,r3,r4@mulhwu r3,r9,r31@subfe r5,r3,r5@@@8:@addic. r9,r9,1@beq 9f@subfc r4,r31,r4@addme. r5,r5@bge 8b@@@addc r4,r31,r4@addze r5,r5@9:@subi r9,r9,1'\nkernel/n/ppc32/div_n2.S:360: Error: Unrecognized opcode: `restaure'\nkernel/n/ppc32/div_n2.S:361: Error: Unrecognized opcode: `restaure'\nkernel/n/ppc32/div_n2.S:362: Error: bad expression\nkernel/n/ppc32/div_n2.S:362: Error: missing operand\nkernel/n/ppc32/div_n2.S:362: Error: missing operand\nkernel/n/ppc32/div_n2.S:370: Error: Unrecognized opcode: `corrige'\nkernel/n/ppc32/div_n2.S:373: Error: Unrecognized opcode: `q--'\nkernel/n/ppc32/div_n2.S:375: Error: Unrecognized opcode: `restaure'\nkernel/n/ppc32/div_n2.S:376: Error: Unrecognized opcode: `restaure'\nkernel/n/ppc32/div_n2.S:377: Error: bad expression\nkernel/n/ppc32/div_n2.S:377: Error: missing operand\nkernel/n/ppc32/div_n2.S:377: Error: missing operand\nkernel/n/ppc32/div_n2.S:384: Error: Unrecognized opcode: `chiffre'\nkernel/n/ppc32/div_n2.S:387: Error: Unrecognized opcode: `c[lc-1]'\nkernel/n/ppc32/div_n2.S:393: Error: Unrecognized opcode: `termin\233'\nkernel/n/ppc32/sqrt_n2.S:26: Error: junk at end of line, first unrecognized character is `+'\nkernel/n/ppc32/sqrt_n2.S:27: Error: junk at end of line, first unrecognized character is `|'\nkernel/n/ppc32/sqrt_n2.S:28: Error: junk at end of line, first unrecognized character is `+'\nkernel/n/ppc32/sqrt_n2.S:30: Error: Unrecognized opcode: `void'\nkernel/n/ppc32/sqrt_n2.S:32: Error: symbol `entr\233e' is already defined\nkernel/n/ppc32/sqrt_n2.S:33: Error: junk at end of line, first unrecognized character is `l'\nkernel/n/ppc32/sqrt_n2.S:34: Error: junk at end of line, first unrecognized character is `d'\nkernel/n/ppc32/sqrt_n2.S:36: Error: symbol `contraintes' is already defined\nkernel/n/ppc32/sqrt_n2.S:37: Error: bad expression\nkernel/n/ppc32/sqrt_n2.S:37: Error: syntax error; found `0' but expected `,'\nkernel/n/ppc32/sqrt_n2.S:37: Error: junk at end of line: `0,la pair,BASE/16<=a[la-1]<BASE/4'\nkernel/n/ppc32/sqrt_n2.S:38: Error: Unrecognized opcode: `a,b'\nkernel/n/ppc32/sqrt_n2.S:40: Error: symbol `sortie' is already defined\nkernel/n/ppc32/sqrt_n2.S:41: Error: bad expression\nkernel/n/ppc32/sqrt_n2.S:41: Error: syntax error; found `(' but expected `,'\nkernel/n/ppc32/sqrt_n2.S:41: Error: junk at end of line: `(sqrt(a))'\nkernel/n/ppc32/sqrt_n2.S:42: Error: bad expression\nkernel/n/ppc32/sqrt_n2.S:42: Error: missing operand\nkernel/n/ppc32/sqrt_n2.S:42: Error: missing operand\nkernel/n/ppc32/sqrt_n2.S:54: Error: Unrecognized opcode: `variables'\nkernel/n/ppc32/sqrt_n2.S:74: Error: bad expression\nkernel/n/ppc32/sqrt_n2.S:74: Error: bad expression\nkernel/n/ppc32/sqrt_n2.S:74: Error: syntax error; found `b' but expected `,'\nkernel/n/ppc32/sqrt_n2.S:74: Error: junk at end of line: `b[la/2]'\nkernel/n/ppc32/sqrt_n2.S:76: Error: Unrecognized opcode: `b0'\nkernel/n/ppc32/sqrt_n2.S:77: Error: bad expression\nkernel/n/ppc32/sqrt_n2.S:77: Error: syntax error; found `2' but expected `,'\nkernel/n/ppc32/sqrt_n2.S:77: Error: junk at end of line: `2'\nkernel/n/ppc32/sqrt_n2.S:79: Error: bad expression\nkernel/n/ppc32/sqrt_n2.S:79: Error: bad expression\nkernel/n/ppc32/sqrt_n2.S:79: Error: syntax error; found `a' but expected `,'\nkernel/n/ppc32/sqrt_n2.S:79: Error: junk at end of line: `a[la-2]'\nkernel/n/ppc32/sqrt_n2.S:81: Error: Unrecognized opcode: `calcule'\nkernel/n/ppc32/sqrt_n2.S:82: Error: Unrecognized opcode: `x'\nkernel/n/ppc32/sqrt_n2.S:84: Error: Unrecognized opcode: `bh'\nkernel/n/ppc32/sqrt_n2.S:85: Error: symbol `y' is already defined\nkernel/n/ppc32/sqrt_n2.S:85: Error: Unrecognized opcode: `x'\nkernel/n/ppc32/sqrt_n2.S:86: Error: Unrecognized opcode: `z'\nkernel/n/ppc32/sqrt_n2.S:87: Error: Unrecognized opcode: `d\233cale'\nkernel/n/ppc32/sqrt_n2.S:91: Error: Unrecognized opcode: `bit'\nkernel/n/ppc32/sqrt_n2.S:92: Error: Unrecognized opcode: `d\233cale'\nkernel/n/ppc32/sqrt_n2.S:96: Error: Unrecognized opcode: `\231a'\nkernel/n/ppc32/sqrt_n2.S:98: Error: Unrecognized opcode: `si'\nkernel/n/ppc32/sqrt_n2.S:99: Error: Unrecognized opcode: `mise'\nkernel/n/ppc32/sqrt_n2.S:104: Error: Unrecognized opcode: `sauve'\nkernel/n/ppc32/sqrt_n2.S:106: Error: Unrecognized opcode: `sauve'\nkernel/n/ppc32/sqrt_n2.S:110: Error: Unrecognized opcode: `pr\233pare'\nkernel/n/ppc32/sqrt_n2.S:111: Error: Unrecognized opcode: `adresses'\nkernel/n/ppc32/sqrt_n2.S:114: Error: syntax error; found `(' but expected `,'\nkernel/n/ppc32/sqrt_n2.S:114: Error: junk at end of line: `(Lsn_addloop - .Lsn_sqrt_n2_here + 4*30*4)'\nkernel/n/ppc32/sqrt_n2.S:116: Error: syntax error; found `(' but expected `,'\nkernel/n/ppc32/sqrt_n2.S:116: Error: junk at end of line: `(Lsn_mulsubloop - .Lsn_sqrt_n2_here + 4*30*10)'\nkernel/n/ppc32/sqrt_n2.S:118: Error: wrong number of operands\nkernel/n/ppc32/sqrt_n2.S:120: Error: Unrecognized opcode: `calcule'\nkernel/n/ppc32/sqrt_n2.S:122: Error: Unrecognized opcode: `quotient'\nkernel/n/ppc32/sqrt_n2.S:126: Error: syntax error; found `@' but expected `,'\nkernel/n/ppc32/sqrt_n2.S:126: Error: junk at end of line: `@add r9,r9,r3@mullw r5,r9,r29@subfc r4,r5,r4@mulhwu r5,r9,r29@subfe r3,r5,r3@@@8:@addic. r9,r9,1@beq 9f@subfc r4,r29,r4@addme. r3,r3@bge 8b@@@addc r4,r29,r4@addze r3,r3@9:@subi r9,r9,1'\nkernel/n/ppc32/sqrt_n2.S:127: Error: bad expression\nkernel/n/ppc32/sqrt_n2.S:129: Error: bad expression\nkernel/n/ppc32/sqrt_n2.S:129: Error: missing operand\nkernel/n/ppc32/sqrt_n2.S:129: Error: missing operand\nkernel/n/ppc32/sqrt_n2.S:134: Error: Unrecognized opcode: `ctr'\nkernel/n/ppc32/sqrt_n2.S:136: Error: Unrecognized opcode: `cadre'\nkernel/n/ppc32/sqrt_n2.S:140: Error: bad expression\nkernel/n/ppc32/sqrt_n2.S:140: Error: syntax error; found `q' but expected `,'\nkernel/n/ppc32/sqrt_n2.S:140: Error: junk at end of line: `q'\nkernel/n/ppc32/sqrt_n2.S:145: Error: Unrecognized opcode: `derni\232re'\nkernel/n/ppc32/sqrt_n2.S:147: Error: Unrecognized opcode: `corrige'\nkernel/n/ppc32/sqrt_n2.S:151: Error: junk at end of line, first unrecognized character is `2'\nkernel/n/ppc32/sqrt_n2.S:158: Error: Unrecognized opcode: `ctr'\nkernel/n/ppc32/sqrt_n2.S:160: Error: Unrecognized opcode: `cadre'\nkernel/n/ppc32/sqrt_n2.S:164: Error: Unrecognized opcode: `derni\232re'\nkernel/n/ppc32/sqrt_n2.S:169: Error: Unrecognized opcode: `recule'\nkernel/n/ppc32/sqrt_n2.S:172: Error: Unrecognized opcode: `si'\nkernel/n/ppc32/sqrt_n2.S:173: Error: Unrecognized opcode: `repart'\nkernel/n/ppc32/sqrt_n2.S:177: Error: bad expression\nkernel/n/ppc32/sqrt_n2.S:177: Error: syntax error; found `2' but expected `,'\nkernel/n/ppc32/sqrt_n2.S:177: Error: junk at end of line: `2'\nkernel/n/ppc32/sqrt_n2.S:178: Error: Unrecognized opcode: `lb++'\nkernel/n/ppc32/sqrt_n2.S:179: Error: Unrecognized opcode: `a--'\nkernel/n/ppc32/burnikel.S:26: Error: Unrecognized opcode: `void'\nkernel/n/ppc32/burnikel.S:28: Error: symbol `entr\233e' is already defined\nkernel/n/ppc32/burnikel.S:29: Error: junk at end of line, first unrecognized character is `d'\nkernel/n/ppc32/burnikel.S:30: Error: junk at end of line, first unrecognized character is `d'\nkernel/n/ppc32/burnikel.S:31: Error: junk at end of line, first unrecognized character is `d'\nkernel/n/ppc32/burnikel.S:33: Error: symbol `contraintes' is already defined\nkernel/n/ppc32/burnikel.S:34: Error: Unrecognized opcode: `lb'\nkernel/n/ppc32/burnikel.S:35: Error: bad expression\nkernel/n/ppc32/burnikel.S:35: Error: syntax error; found `B' but expected `,'\nkernel/n/ppc32/burnikel.S:35: Error: junk at end of line: `BASE^lc*b'\nkernel/n/ppc32/burnikel.S:36: Error: Unrecognized opcode: `a,b,c'\nkernel/n/ppc32/burnikel.S:38: Error: symbol `sortie' is already defined\nkernel/n/ppc32/burnikel.S:39: Error: bad expression\nkernel/n/ppc32/burnikel.S:39: Error: syntax error; found `m' but expected `,'\nkernel/n/ppc32/burnikel.S:39: Error: junk at end of line: `mod b'\nkernel/n/ppc32/burnikel.S:40: Error: Unrecognized opcode: `c'\nkernel/n/ppc32/burnikel.S:53: Error: Unrecognized opcode: `petite'\nkernel/n/ppc32/burnikel.S:54: Error: junk at end of line, first unrecognized character is `='\nkernel/n/ppc32/burnikel.S:58: Error: Unrecognized opcode: `cas'\nkernel/n/ppc32/burnikel.S:69: Error: Unrecognized opcode: `sauvegarde'\nkernel/n/ppc32/burnikel.S:70: Error: Unrecognized opcode: `r\233serve'\nkernel/n/ppc32/burnikel.S:72: Error: Unrecognized opcode: `arrondi'\nkernel/n/ppc32/burnikel.S:78: Error: Unrecognized opcode: `p'\nkernel/n/ppc32/burnikel.S:79: Error: Unrecognized opcode: `r19'\nkernel/n/ppc32/burnikel.S:81: Error: Unrecognized opcode: `r'\nkernel/n/ppc32/burnikel.S:86: Error: Unrecognized opcode: `lc'\nkernel/n/ppc32/burnikel.S:88: Error: bad expression\nkernel/n/ppc32/burnikel.S:88: Error: syntax error; found `l' but expected `,'\nkernel/n/ppc32/burnikel.S:88: Error: junk at end of line: `lc'\nkernel/n/ppc32/burnikel.S:89: Error: Unrecognized opcode: `c'\nkernel/n/ppc32/burnikel.S:92: Error: Unrecognized opcode: `boucle'\nkernel/n/ppc32/burnikel.S:94: Error: Unrecognized opcode: `compare'\nkernel/n/ppc32/burnikel.S:96: Error: Unrecognized opcode: `r3'\nkernel/n/ppc32/burnikel.S:97: Error: Unrecognized opcode: `r5'\nkernel/n/ppc32/burnikel.S:99: Error: Unrecognized opcode: `r10'\nkernel/n/ppc32/burnikel.S:101: Error: Unrecognized opcode: `r11'\nkernel/n/ppc32/burnikel.S:110: Error: Unrecognized opcode: `ici'\nkernel/n/ppc32/burnikel.S:114: Error: Unrecognized opcode: `a[p+r..p+q+r-1]'\nkernel/n/ppc32/burnikel.S:120: Error: Unrecognized opcode: `c'\nkernel/n/ppc32/burnikel.S:123: Error: Unrecognized opcode: `r3'\nkernel/n/ppc32/burnikel.S:125: Error: Unrecognized opcode: `r5'\nkernel/n/ppc32/burnikel.S:127: Error: Unrecognized opcode: `a[p..p+q+r-1]'\nkernel/n/ppc32/burnikel.S:130: Error: Unrecognized opcode: `ici'\nkernel/n/ppc32/burnikel.S:137: Error: Unrecognized opcode: `a0'\nkernel/n/ppc32/burnikel.S:139: Error: Unrecognized opcode: `place'\nkernel/n/ppc32/burnikel.S:153: Error: Unrecognized opcode: `x'\nkernel/n/ppc32/burnikel.S:156: Error: Unrecognized opcode: `r4'\nkernel/n/ppc32/burnikel.S:159: Error: bad expression\nkernel/n/ppc32/burnikel.S:159: Error: syntax error; found `c' but expected `,'\nkernel/n/ppc32/burnikel.S:159: Error: junk at end of line: `c*b0'\nkernel/n/ppc32/burnikel.S:161: Error: Unrecognized opcode: `corrige'\nkernel/n/ppc32/burnikel.S:165: Error: Unrecognized opcode: `c--'\nkernel/n/ppc32/burnikel.S:174: Error: Unrecognized opcode: `r4'\nkernel/n/ppc32/burnikel.S:176: Error: bad expression\nkernel/n/ppc32/burnikel.S:176: Error: syntax error; found `b' but expected `,'\nkernel/n/ppc32/burnikel.S:176: Error: junk at end of line: `b'\nkernel/n/ppc32/burnikel.S:180: Error: Unrecognized opcode: `tranche'\nkernel/n/ppc32/burnikel.S:182: Error: Unrecognized opcode: `r'\nkernel/n/ppc32/burnikel.S:187: Error: Unrecognized opcode: `lc'\nkernel/n/ppc32/burnikel.S:189: Error: bad expression\nkernel/n/ppc32/burnikel.S:189: Error: syntax error; found `r' but expected `,'\nkernel/n/ppc32/burnikel.S:189: Error: junk at end of line: `r'\nkernel/n/ppc32/burnikel.S:190: Error: Unrecognized opcode: `c'\nkernel/n/ppc32/burnikel.S:193: Error: Unrecognized opcode: `termin\233'\nkernel/n/ppc32/burnikel.S:194: Error: Unrecognized opcode: `r\233cup\232re'\nkernel/n/ppc32/burnikel.S:196: Error: Unrecognized opcode: `nettoie'\nkernel/n/ppc32/burnikel.S:197: Error: Unrecognized opcode: `r\233cup\232re'\nkernel/n/ppc32/mmod.S:26: Error: junk at end of line, first unrecognized character is `+'\nkernel/n/ppc32/mmod.S:27: Error: junk at end of line, first unrecognized character is `|'\nkernel/n/ppc32/mmod.S:28: Error: junk at end of line, first unrecognized character is `+'\nkernel/n/ppc32/mmod.S:30: Error: Unrecognized opcode: `void'\nkernel/n/ppc32/mmod.S:32: Error: symbol `entr\233e' is already defined\nkernel/n/ppc32/mmod.S:33: Error: junk at end of line, first unrecognized character is `d'\nkernel/n/ppc32/mmod.S:34: Error: junk at end of line, first unrecognized character is `d'\nkernel/n/ppc32/mmod.S:36: Error: Unrecognized opcode: `n'\nkernel/n/ppc32/mmod.S:38: Error: symbol `sortie' is already defined\nkernel/n/ppc32/mmod.S:39: Error: bad expression\nkernel/n/ppc32/mmod.S:39: Error: syntax error; found `m' but expected `,'\nkernel/n/ppc32/mmod.S:39: Error: junk at end of line: `mod(BASE^n + 1),le chiffre de poids fort vaut 0 ou 1'\nkernel/n/ppc32/mmod.S:40: Error: bad expression\nkernel/n/ppc32/mmod.S:40: Error: syntax error; found `m' but expected `,'\nkernel/n/ppc32/mmod.S:40: Error: junk at end of line: `mod(BASE^n + 1)'\nkernel/n/ppc32/mmod.S:54: Error: Unrecognized opcode: `normalise'\nkernel/n/ppc32/mmod.S:55: Error: Unrecognized opcode: `r8'\nkernel/n/ppc32/mmod.S:56: Error: Unrecognized opcode: `r6'\nkernel/n/ppc32/mmod.S:57: Error: Unrecognized opcode: `r9'\nkernel/n/ppc32/mmod.S:58: Error: Unrecognized opcode: `a[0..n-1]'\nkernel/n/ppc32/mmod.S:63: Error: Unrecognized opcode: `propage'\nkernel/n/ppc32/mmod.S:64: Error: Unrecognized opcode: `r7'\nkernel/n/ppc32/mmod.S:73: Error: Unrecognized opcode: `si'\nkernel/n/ppc32/mmod.S:74: Error: Unrecognized opcode: `r7'\nkernel/n/ppc32/mmod.S:81: Error: Unrecognized opcode: `si'\nkernel/n/ppc32/mmod.S:83: Error: Unrecognized opcode: `normalise'\nkernel/n/ppc32/mmod.S:85: Error: Unrecognized opcode: `b[0..n-1]'\nkernel/n/ppc32/mmod.S:88: Error: Unrecognized opcode: `r9'\nkernel/n/ppc32/mmod.S:89: Error: Unrecognized opcode: `b[n]'\nkernel/n/ppc32/mmod.S:92: Error: Unrecognized opcode: `propage'\nkernel/n/ppc32/mmod.S:93: Error: Unrecognized opcode: `r7'\nkernel/n/ppc32/mmod.S:102: Error: Unrecognized opcode: `si'\nkernel/n/ppc32/mmod.S:103: Error: Unrecognized opcode: `r7'\nkernel/n/ppc32/mmod.S:112: Error: Unrecognized opcode: `ici'\nkernel/n/ppc32/mmod.S:113: Error: Unrecognized opcode: `b[n]'\nkernel/n/ppc32/mmod.S:115: Error: Unrecognized opcode: `r4'\nkernel/n/ppc32/mmod.S:117: Error: Unrecognized opcode: `r9'\nkernel/n/ppc32/mmod.S:120: Error: bad expression\nkernel/n/ppc32/mmod.S:120: Error: syntax error; found `[' but expected `,'\nkernel/n/ppc32/mmod.S:120: Error: junk at end of line: `[n]+ 1 - b[0..n-1]'\nkernel/n/ppc32/mmod.S:138: Error: Unrecognized opcode: `ici'\nkernel/n/ppc32/mmod.S:139: Error: Unrecognized opcode: `n'\nkernel/n/ppc32/mmod.S:144: Error: Unrecognized opcode: `r6'\nkernel/n/ppc32/mmod.S:149: Error: Unrecognized opcode: `cas'\nkernel/n/ppc32/mmod.S:152: Error: Unrecognized opcode: `variables'\nkernel/n/ppc32/mmod.S:158: Error: Unrecognized opcode: `r\233serve'\nkernel/n/ppc32/mmod.S:162: Error: Unrecognized opcode: `arrondi'\nkernel/n/ppc32/mmod.S:166: Error: Unrecognized opcode: `sauve'\nkernel/n/ppc32/mmod.S:168: Error: Unrecognized opcode: `n'\nkernel/n/ppc32/mmod.S:170: Error: Unrecognized opcode: `c'\nkernel/n/ppc32/mmod.S:171: Error: Unrecognized opcode: `r6'\nkernel/n/ppc32/mmod.S:172: Error: Unrecognized opcode: `r5'\nkernel/n/ppc32/mmod.S:173: Error: Unrecognized opcode: `r4'\nkernel/n/ppc32/mmod.S:177: Error: Unrecognized opcode: `point'\nkernel/n/ppc32/mmod.S:181: Error: Unrecognized opcode: `r4'\nkernel/n/ppc32/mmod.S:182: Error: Unrecognized opcode: `r5'\nkernel/n/ppc32/mmod.S:183: Error: Unrecognized opcode: `r6'\nkernel/n/ppc32/mmod.S:185: Error: Unrecognized opcode: `a[0..n-1]'\nkernel/n/ppc32/mmod.S:187: Error: Unrecognized opcode: `a[n]'\nkernel/n/ppc32/mmod.S:188: Error: Unrecognized opcode: `s'\nkernel/n/ppc32/mmod.S:190: Error: Unrecognized opcode: `sinon,'\nkernel/n/ppc32/mmod.S:199: Error: Unrecognized opcode: `nettoie'\nkernel/n/ppc32/mmod.S:208: Error: Unrecognized opcode: `cas'\nkernel/n/ppc32/mmod.S:209: Error: Unrecognized opcode: `et'\nkernel/n/ppc32/mmod.S:212: Error: Unrecognized opcode: `variables'\nkernel/n/ppc32/mmod.S:222: Error: Unrecognized opcode: `r\233serve'\nkernel/n/ppc32/mmod.S:225: Error: Unrecognized opcode: `arrondi'\nkernel/n/ppc32/mmod.S:231: Error: Unrecognized opcode: `pr\233pare'\nkernel/n/ppc32/mmod.S:232: Error: Unrecognized opcode: `p'\nkernel/n/ppc32/mmod.S:233: Error: Unrecognized opcode: `ctr'\nkernel/n/ppc32/mmod.S:235: Error: Unrecognized opcode: `r6'\nkernel/n/ppc32/mmod.S:237: Error: Unrecognized opcode: `cadre'\nkernel/n/ppc32/mmod.S:244: Error: Unrecognized opcode: `r6'\nkernel/n/ppc32/mmod.S:245: Error: syntax error; found `(' but expected `,'\nkernel/n/ppc32/mmod.S:245: Error: junk at end of line: `(Lsn_subloop - Lsn_mmul_here)'\nkernel/n/ppc32/mmod.S:246: Error: syntax error; found `(' but expected `,'\nkernel/n/ppc32/mmod.S:246: Error: junk at end of line: `(Lsn_addloop - Lsn_mmul_here)'\nkernel/n/ppc32/mmod.S:252: Error: Unrecognized opcode: `d\233compose'\nkernel/n/ppc32/mmod.S:253: Error: Unrecognized opcode: `c0'\nkernel/n/ppc32/mmod.S:256: Error: Unrecognized opcode: `r10'\nkernel/n/ppc32/mmod.S:257: Error: Unrecognized opcode: `r11'\nkernel/n/ppc32/mmod.S:259: Error: Unrecognized opcode: `ca'\nkernel/n/ppc32/mmod.S:261: Error: Unrecognized opcode: `r2'\nkernel/n/ppc32/mmod.S:264: Error: Unrecognized opcode: `a1'\nkernel/n/ppc32/mmod.S:267: Error: Unrecognized opcode: `r10'\nkernel/n/ppc32/mmod.S:268: Error: Unrecognized opcode: `r11'\nkernel/n/ppc32/mmod.S:269: Error: Unrecognized opcode: `r12'\nkernel/n/ppc32/mmod.S:271: Error: Unrecognized opcode: `r5'\nkernel/n/ppc32/mmod.S:275: Error: Unrecognized opcode: `a0'\nkernel/n/ppc32/mmod.S:278: Error: Unrecognized opcode: `r10'\nkernel/n/ppc32/mmod.S:279: Error: Unrecognized opcode: `r11'\nkernel/n/ppc32/mmod.S:284: Error: Unrecognized opcode: `propage'\nkernel/n/ppc32/mmod.S:285: Error: Unrecognized opcode: `r5'\nkernel/n/ppc32/mmod.S:295: Error: Unrecognized opcode: `a2'\nkernel/n/ppc32/mmod.S:299: Error: Unrecognized opcode: `r11'\nkernel/n/ppc32/mmod.S:301: Error: Unrecognized opcode: `r12'\nkernel/n/ppc32/mmod.S:302: Error: Unrecognized opcode: `ca'\nkernel/n/ppc32/mmod.S:304: Error: Unrecognized opcode: `dernier'\nkernel/n/ppc32/mmod.S:307: Error: Unrecognized opcode: `d\233compose'\nkernel/n/ppc32/mmod.S:308: Error: Unrecognized opcode: `c2'\nkernel/n/ppc32/mmod.S:311: Error: Unrecognized opcode: `r10'\nkernel/n/ppc32/mmod.S:312: Error: Unrecognized opcode: `r11'\nkernel/n/ppc32/mmod.S:313: Error: Unrecognized opcode: `r12'\nkernel/n/ppc32/mmod.S:315: Error: Unrecognized opcode: `ca'\nkernel/n/ppc32/mmod.S:317: Error: Unrecognized opcode: `r2'\nkernel/n/ppc32/mmod.S:320: Error: Unrecognized opcode: `c1'\nkernel/n/ppc32/mmod.S:323: Error: Unrecognized opcode: `r10'\nkernel/n/ppc32/mmod.S:324: Error: Unrecognized opcode: `r11'\nkernel/n/ppc32/mmod.S:325: Error: Unrecognized opcode: `r12'\nkernel/n/ppc32/mmod.S:327: Error: Unrecognized opcode: `r5'\nkernel/n/ppc32/mmod.S:331: Error: Unrecognized opcode: `c0'\nkernel/n/ppc32/mmod.S:334: Error: Unrecognized opcode: `r10'\nkernel/n/ppc32/mmod.S:335: Error: Unrecognized opcode: `r11'\nkernel/n/ppc32/mmod.S:340: Error: Unrecognized opcode: `propage'\nkernel/n/ppc32/mmod.S:341: Error: Unrecognized opcode: `r5'\nkernel/n/ppc32/mmod.S:351: Error: Unrecognized opcode: `c2'\nkernel/n/ppc32/mmod.S:354: Error: Unrecognized opcode: `r10'\nkernel/n/ppc32/mmod.S:356: Error: Unrecognized opcode: `r11'\nkernel/n/ppc32/mmod.S:358: Error: Unrecognized opcode: `r12'\nkernel/n/ppc32/mmod.S:359: Error: Unrecognized opcode: `ca'\nkernel/n/ppc32/mmod.S:361: Error: Unrecognized opcode: `dernier'\nkernel/n/ppc32/mmod.S:364: Error: Unrecognized opcode: `a[2p..3p]'\nkernel/n/ppc32/mmod.S:365: Error: Unrecognized opcode: `r4'\nkernel/n/ppc32/mmod.S:366: Error: Unrecognized opcode: `r3'\nkernel/n/ppc32/mmod.S:368: Error: Unrecognized opcode: `r5'\nkernel/n/ppc32/mmod.S:371: Error: Unrecognized opcode: `c[2p..6p-1]'\nkernel/n/ppc32/mmod.S:372: Error: Unrecognized opcode: `r5'\nkernel/n/ppc32/mmod.S:373: Error: Unrecognized opcode: `r3'\nkernel/n/ppc32/mmod.S:375: Error: Unrecognized opcode: `r4'\nkernel/n/ppc32/mmod.S:376: Error: Unrecognized opcode: `r6'\nkernel/n/ppc32/mmod.S:377: Error: Unrecognized opcode: `r7'\nkernel/n/ppc32/mmod.S:381: Error: Unrecognized opcode: `point'\nkernel/n/ppc32/mmod.S:384: Error: Unrecognized opcode: `a[0..2p-1]'\nkernel/n/ppc32/mmod.S:385: Error: Unrecognized opcode: `a1'\nkernel/n/ppc32/mmod.S:388: Error: Unrecognized opcode: `c'\nkernel/n/ppc32/mmod.S:390: Error: Unrecognized opcode: `r10'\nkernel/n/ppc32/mmod.S:391: Error: Unrecognized opcode: `r11'\nkernel/n/ppc32/mmod.S:392: Error: Unrecognized opcode: `r12'\nkernel/n/ppc32/mmod.S:393: Error: Unrecognized opcode: `ca'\nkernel/n/ppc32/mmod.S:396: Error: Unrecognized opcode: `r2'\nkernel/n/ppc32/mmod.S:398: Error: Unrecognized opcode: `c1'\nkernel/n/ppc32/mmod.S:401: Error: Unrecognized opcode: `r12'\nkernel/n/ppc32/mmod.S:402: Error: Unrecognized opcode: `r10'\nkernel/n/ppc32/mmod.S:403: Error: Unrecognized opcode: `r11'\nkernel/n/ppc32/mmod.S:405: Error: Unrecognized opcode: `r2'\nkernel/n/ppc32/mmod.S:407: Error: Unrecognized opcode: `a0'\nkernel/n/ppc32/mmod.S:410: Error: Unrecognized opcode: `r10'\nkernel/n/ppc32/mmod.S:411: Error: Unrecognized opcode: `r11'\nkernel/n/ppc32/mmod.S:413: Error: Unrecognized opcode: `ca'\nkernel/n/ppc32/mmod.S:415: Error: Unrecognized opcode: `r2'\nkernel/n/ppc32/mmod.S:417: Error: Unrecognized opcode: `propage'\nkernel/n/ppc32/mmod.S:418: Error: Unrecognized opcode: `ctr'\nkernel/n/ppc32/mmod.S:420: Error: Unrecognized opcode: `r12'\nkernel/n/ppc32/mmod.S:421: Error: Unrecognized opcode: `r3'\nkernel/n/ppc32/mmod.S:431: Error: Unrecognized opcode: `si'\nkernel/n/ppc32/mmod.S:433: Error: Unrecognized opcode: `r12'\nkernel/n/ppc32/mmod.S:434: Error: Unrecognized opcode: `r11'\nkernel/n/ppc32/mmod.S:448: Error: Unrecognized opcode: `a[2p..3p]'\nkernel/n/ppc32/mmod.S:449: Error: Unrecognized opcode: `a2'\nkernel/n/ppc32/mmod.S:453: Error: Unrecognized opcode: `r11'\nkernel/n/ppc32/mmod.S:455: Error: Unrecognized opcode: `r12'\nkernel/n/ppc32/mmod.S:456: Error: Unrecognized opcode: `ca'\nkernel/n/ppc32/mmod.S:458: Error: Unrecognized opcode: `r2'\nkernel/n/ppc32/mmod.S:460: Error: Unrecognized opcode: `a2'\nkernel/n/ppc32/mmod.S:463: Error: Unrecognized opcode: `r11'\nkernel/n/ppc32/mmod.S:464: Error: Unrecognized opcode: `r10'\nkernel/n/ppc32/mmod.S:465: Error: Unrecognized opcode: `r12'\nkernel/n/ppc32/mmod.S:466: Error: Unrecognized opcode: `ca'\nkernel/n/ppc32/mmod.S:468: Error: Unrecognized opcode: `r2'\nkernel/n/ppc32/mmod.S:470: Error: Unrecognized opcode: `recycle'\nkernel/n/ppc32/mmod.S:471: Error: Unrecognized opcode: `r4'\nkernel/n/ppc32/mmod.S:473: Error: Unrecognized opcode: `a2[p]'\nkernel/n/ppc32/mmod.S:475: Error: Unrecognized opcode: `r12'\nkernel/n/ppc32/mmod.S:485: Error: Unrecognized opcode: `algorithme'\nkernel/n/ppc32/mmod.S:486: Error: junk at end of line, first unrecognized character is `-'\nkernel/n/ppc32/mmod.S:488: Error: Unrecognized opcode: `on'\nkernel/n/ppc32/mmod.S:489: Error: Unrecognized opcode: `q'\nkernel/n/ppc32/mmod.S:490: Error: Unrecognized opcode: `de'\nkernel/n/ppc32/mmod.S:492: Error: Unrecognized opcode: `soit'\nkernel/n/ppc32/mmod.S:493: Error: Unrecognized opcode: `diviser'\nkernel/n/ppc32/mmod.S:494: Error: Unrecognized opcode: `on'\nkernel/n/ppc32/mmod.S:496: Error: Unrecognized opcode: `m*a'\nkernel/n/ppc32/mmod.S:498: Error: Unrecognized opcode: `les'\nkernel/n/ppc32/mmod.S:499: Error: Unrecognized opcode: `soit'\nkernel/n/ppc32/mmod.S:500: Error: Unrecognized opcode: `on'\nkernel/n/ppc32/mmod.S:502: Error: Unrecognized opcode: `si'\nkernel/n/ppc32/mmod.S:503: Error: Unrecognized opcode: `si'\nkernel/n/ppc32/mmod.S:504: Error: Unrecognized opcode: `si'\nkernel/n/ppc32/mmod.S:505: Error: Unrecognized opcode: `si'\nkernel/n/ppc32/mmod.S:507: Error: Unrecognized opcode: `calcul'\nkernel/n/ppc32/mmod.S:508: Error: Unrecognized opcode: `calcule'\nkernel/n/ppc32/mmod.S:511: Error: Unrecognized opcode: `m*(a.i'\nkernel/n/ppc32/mmod.S:512: Error: Unrecognized opcode: `d.(i+1)'\nkernel/n/ppc32/mmod.S:514: Error: Unrecognized opcode: `donc'\nkernel/n/ppc32/mmod.S:515: Error: Unrecognized opcode: `d'\nkernel/n/ppc32/mmod.S:517: Error: Unrecognized opcode: `le'\nkernel/n/ppc32/mmod.S:518: Error: Unrecognized opcode: `concerne'\nkernel/n/ppc32/mmod.S:519: Error: Unrecognized opcode: `on'\nkernel/n/ppc32/mmod.S:521: Error: Unrecognized opcode: `a[2p..3p]'\nkernel/n/ppc32/mmod.S:523: Error: Unrecognized opcode: `r12'\nkernel/n/ppc32/mmod.S:524: Error: Unrecognized opcode: `r2'\nkernel/n/ppc32/mmod.S:526: Error: Unrecognized opcode: `r3'\nkernel/n/ppc32/mmod.S:527: Error: Unrecognized opcode: `ctr'\nkernel/n/ppc32/mmod.S:530: Error: Unrecognized opcode: `r4'\nkernel/n/ppc32/mmod.S:531: Error: Unrecognized opcode: `r4'\nkernel/n/ppc32/mmod.S:532: Error: Unrecognized opcode: `r5'\nkernel/n/ppc32/mmod.S:533: Error: Unrecognized opcode: `r4'\nkernel/n/ppc32/mmod.S:535: Error: Unrecognized opcode: `r3'\nkernel/n/ppc32/mmod.S:538: Error: Unrecognized opcode: `dernier'\nkernel/n/ppc32/mmod.S:540: Error: Unrecognized opcode: `r5'\nkernel/n/ppc32/mmod.S:541: Error: Unrecognized opcode: `pas'\nkernel/n/ppc32/mmod.S:543: Error: Unrecognized opcode: `r3'\nkernel/n/ppc32/mmod.S:546: Error: junk at end of line, first unrecognized character is `='\nkernel/n/ppc32/mmod.S:547: Error: junk at end of line, first unrecognized character is `='\nkernel/n/ppc32/mmod.S:549: Error: Unrecognized opcode: `r4'\nkernel/n/ppc32/mmod.S:550: Error: Unrecognized opcode: `ctr'\nkernel/n/ppc32/mmod.S:553: Error: Unrecognized opcode: `a2[0]'\nkernel/n/ppc32/mmod.S:556: Error: Unrecognized opcode: `a2[i]'\nkernel/n/ppc32/mmod.S:563: Error: Unrecognized opcode: `r11'\nkernel/n/ppc32/mmod.S:564: Error: Unrecognized opcode: `ctr'\nkernel/n/ppc32/mmod.S:565: Error: Unrecognized opcode: `ca'\nkernel/n/ppc32/mmod.S:567: Error: Unrecognized opcode: `a2++'\nkernel/n/ppc32/mmod.S:572: Error: Unrecognized opcode: `r5'\nkernel/n/ppc32/mmod.S:574: Error: Unrecognized opcode: `a2[p]'\nkernel/n/ppc32/mmod.S:576: Error: bad expression\nkernel/n/ppc32/mmod.S:576: Error: syntax error; found `[' but expected `,'\nkernel/n/ppc32/mmod.S:576: Error: junk at end of line: `[2p..3p]'\nkernel/n/ppc32/mmod.S:577: Error: Unrecognized opcode: `a0'\nkernel/n/ppc32/mmod.S:581: Error: Unrecognized opcode: `r11'\nkernel/n/ppc32/mmod.S:584: Error: Unrecognized opcode: `ca'\nkernel/n/ppc32/mmod.S:587: Error: Unrecognized opcode: `r2'\nkernel/n/ppc32/mmod.S:589: Error: Unrecognized opcode: `a1'\nkernel/n/ppc32/mmod.S:592: Error: Unrecognized opcode: `r10'\nkernel/n/ppc32/mmod.S:593: Error: Unrecognized opcode: `r11'\nkernel/n/ppc32/mmod.S:594: Error: Unrecognized opcode: `r12'\nkernel/n/ppc32/mmod.S:595: Error: Unrecognized opcode: `ca'\nkernel/n/ppc32/mmod.S:597: Error: Unrecognized opcode: `propage'\nkernel/n/ppc32/mmod.S:610: Error: Unrecognized opcode: `propage'\nkernel/n/ppc32/mmod.S:611: Error: Unrecognized opcode: `r12'\nkernel/n/ppc32/mmod.S:624: Error: Unrecognized opcode: `termin\233'\nkernel/n/ppc32/mmod.S:647: Error: junk at end of line, first unrecognized character is `+'\nkernel/n/ppc32/mmod.S:648: Error: junk at end of line, first unrecognized character is `|'\nkernel/n/ppc32/mmod.S:649: Error: junk at end of line, first unrecognized character is `+'\nkernel/n/ppc32/mmod.S:651: Error: Unrecognized opcode: `void'\nkernel/n/ppc32/mmod.S:653: Error: symbol `entr\233e' is already defined\nkernel/n/ppc32/mmod.S:654: Error: junk at end of line, first unrecognized character is `d'\nkernel/n/ppc32/mmod.S:656: Error: symbol `contrainte' is already defined\nkernel/n/ppc32/mmod.S:656: Error: Unrecognized opcode: `n'\nkernel/n/ppc32/mmod.S:658: Error: symbol `sortie' is already defined\nkernel/n/ppc32/mmod.S:659: Error: bad expression\nkernel/n/ppc32/mmod.S:659: Error: syntax error; found `m' but expected `,'\nkernel/n/ppc32/mmod.S:659: Error: junk at end of line: `mod(BASE^n + 1),le chiffre de poids fort vaut 0 ou 1'\nkernel/n/ppc32/mmod.S:673: Error: Unrecognized opcode: `normalise'\nkernel/n/ppc32/mmod.S:674: Error: Unrecognized opcode: `r8'\nkernel/n/ppc32/mmod.S:675: Error: Unrecognized opcode: `r6'\nkernel/n/ppc32/mmod.S:676: Error: Unrecognized opcode: `a[0..n-1]'\nkernel/n/ppc32/mmod.S:681: Error: Unrecognized opcode: `propage'\nkernel/n/ppc32/mmod.S:682: Error: Unrecognized opcode: `r7'\nkernel/n/ppc32/mmod.S:691: Error: Unrecognized opcode: `si'\nkernel/n/ppc32/mmod.S:699: Error: Unrecognized opcode: `si'\nkernel/n/ppc32/mmod.S:700: Error: Unrecognized opcode: `a[n]'\nkernel/n/ppc32/mmod.S:705: Error: Unrecognized opcode: `ici'\nkernel/n/ppc32/mmod.S:706: Error: Unrecognized opcode: `n'\nkernel/n/ppc32/mmod.S:711: Error: Unrecognized opcode: `r6'\nkernel/n/ppc32/mmod.S:716: Error: Unrecognized opcode: `cas'\nkernel/n/ppc32/mmod.S:719: Error: Unrecognized opcode: `variables'\nkernel/n/ppc32/mmod.S:725: Error: Unrecognized opcode: `r\233serve'\nkernel/n/ppc32/mmod.S:729: Error: Unrecognized opcode: `arrondi'\nkernel/n/ppc32/mmod.S:733: Error: Unrecognized opcode: `sauve'\nkernel/n/ppc32/mmod.S:735: Error: Unrecognized opcode: `n'\nkernel/n/ppc32/mmod.S:737: Error: Unrecognized opcode: `c'\nkernel/n/ppc32/mmod.S:740: Error: Unrecognized opcode: `continue'\nkernel/n/ppc32/mmod.S:747: Error: Unrecognized opcode: `cas'\nkernel/n/ppc32/mmod.S:748: Error: Unrecognized opcode: `et'\nkernel/n/ppc32/mmod.S:751: Error: Unrecognized opcode: `variables'\nkernel/n/ppc32/mmod.S:761: Error: Unrecognized opcode: `r\233serve'\nkernel/n/ppc32/mmod.S:764: Error: Unrecognized opcode: `arrondi'\nkernel/n/ppc32/mmod.S:770: Error: Unrecognized opcode: `pr\233pare'\nkernel/n/ppc32/mmod.S:771: Error: Unrecognized opcode: `p'\nkernel/n/ppc32/mmod.S:772: Error: Unrecognized opcode: `ctr'\nkernel/n/ppc32/mmod.S:774: Error: Unrecognized opcode: `r6'\nkernel/n/ppc32/mmod.S:776: Error: Unrecognized opcode: `cadre'\nkernel/n/ppc32/mmod.S:782: Error: Unrecognized opcode: `r6'\nkernel/n/ppc32/mmod.S:783: Error: syntax error; found `(' but expected `,'\nkernel/n/ppc32/mmod.S:783: Error: junk at end of line: `(Lsn_subloop - Lsn_msqr_here)'\nkernel/n/ppc32/mmod.S:784: Error: syntax error; found `(' but expected `,'\nkernel/n/ppc32/mmod.S:784: Error: junk at end of line: `(Lsn_addloop - Lsn_msqr_here)'\nkernel/n/ppc32/mmod.S:790: Error: Unrecognized opcode: `d\233compose'\nkernel/n/ppc32/mmod.S:791: Error: Unrecognized opcode: `c0'\nkernel/n/ppc32/mmod.S:794: Error: Unrecognized opcode: `r10'\nkernel/n/ppc32/mmod.S:795: Error: Unrecognized opcode: `r11'\nkernel/n/ppc32/mmod.S:797: Error: Unrecognized opcode: `ca'\nkernel/n/ppc32/mmod.S:799: Error: Unrecognized opcode: `r2'\nkernel/n/ppc32/mmod.S:802: Error: Unrecognized opcode: `a1'\nkernel/n/ppc32/mmod.S:805: Error: Unrecognized opcode: `r10'\nkernel/n/ppc32/mmod.S:806: Error: Unrecognized opcode: `r11'\nkernel/n/ppc32/mmod.S:807: Error: Unrecognized opcode: `r12'\nkernel/n/ppc32/mmod.S:809: Error: Unrecognized opcode: `r5'\nkernel/n/ppc32/mmod.S:813: Error: Unrecognized opcode: `a0'\nkernel/n/ppc32/mmod.S:816: Error: Unrecognized opcode: `r10'\nkernel/n/ppc32/mmod.S:817: Error: Unrecognized opcode: `r11'\nkernel/n/ppc32/mmod.S:822: Error: Unrecognized opcode: `propage'\nkernel/n/ppc32/mmod.S:823: Error: Unrecognized opcode: `r5'\nkernel/n/ppc32/mmod.S:833: Error: Unrecognized opcode: `a2'\nkernel/n/ppc32/mmod.S:837: Error: Unrecognized opcode: `r11'\nkernel/n/ppc32/mmod.S:839: Error: Unrecognized opcode: `r12'\nkernel/n/ppc32/mmod.S:840: Error: Unrecognized opcode: `ca'\nkernel/n/ppc32/mmod.S:842: Error: Unrecognized opcode: `dernier'\nkernel/n/ppc32/mmod.S:845: Error: Unrecognized opcode: `a[2p..3p]'\nkernel/n/ppc32/mmod.S:846: Error: Unrecognized opcode: `r4'\nkernel/n/ppc32/mmod.S:847: Error: Unrecognized opcode: `r4'\nkernel/n/ppc32/mmod.S:850: Error: Unrecognized opcode: `c[2p..6p-1]'\nkernel/n/ppc32/mmod.S:851: Error: Unrecognized opcode: `r5'\nkernel/n/ppc32/mmod.S:852: Error: Unrecognized opcode: `r3'\nkernel/n/ppc32/mmod.S:854: Error: Unrecognized opcode: `r4'\nkernel/n/ppc32/mmod.S:855: Error: Unrecognized opcode: `r5'\nkernel/n/ppc32/mmod.S:858: Error: Unrecognized opcode: `continue'\nkernel/n/ppc32/mmod.S:876: Error: junk at end of line, first unrecognized character is `+'\nkernel/n/ppc32/mmod.S:877: Error: junk at end of line, first unrecognized character is `|'\nkernel/n/ppc32/mmod.S:878: Error: junk at end of line, first unrecognized character is `+'\nkernel/n/ppc32/mmod.S:880: Error: Unrecognized opcode: `void'\nkernel/n/ppc32/mmod.S:882: Error: symbol `entr\233e' is already defined\nkernel/n/ppc32/mmod.S:883: Error: junk at end of line, first unrecognized character is `d'\nkernel/n/ppc32/mmod.S:884: Error: junk at end of line, first unrecognized character is `d'\nkernel/n/ppc32/mmod.S:885: Error: junk at end of line, first unrecognized character is `p'\nkernel/n/ppc32/mmod.S:886: Error: junk at end of line, first unrecognized character is `o'\nkernel/n/ppc32/mmod.S:888: Error: symbol `contraintes' is already defined\nkernel/n/ppc32/mmod.S:888: Error: Unrecognized opcode: `n'\nkernel/n/ppc32/mmod.S:890: Error: symbol `sortie' is already defined\nkernel/n/ppc32/mmod.S:891: Error: bad expression\nkernel/n/ppc32/mmod.S:891: Error: syntax error; found `m' but expected `,'\nkernel/n/ppc32/mmod.S:891: Error: junk at end of line: `mod(BASE^n + 1)'\nkernel/n/ppc32/mmod.S:892: Error: bad expression\nkernel/n/ppc32/mmod.S:892: Error: syntax error; found `m' but expected `,'\nkernel/n/ppc32/mmod.S:892: Error: junk at end of line: `mod(BASE^n + 1)'\nkernel/n/ppc32/mmod.S:894: Error: symbol `remarque' is already defined\nkernel/n/ppc32/mmod.S:894: Error: junk at end of line, first unrecognized character is `2'\nkernel/n/ppc32/mmod.S:905: Error: Unrecognized opcode: `variables'\nkernel/n/ppc32/mmod.S:912: Error: Unrecognized opcode: `force'\nkernel/n/ppc32/mmod.S:913: Error: Unrecognized opcode: `r8'\nkernel/n/ppc32/mmod.S:914: Error: Unrecognized opcode: `r9'\nkernel/n/ppc32/mmod.S:915: Error: Unrecognized opcode: `a[n]'\nkernel/n/ppc32/mmod.S:918: Error: Unrecognized opcode: `si'\nkernel/n/ppc32/mmod.S:923: Error: Unrecognized opcode: `propage'\nkernel/n/ppc32/mmod.S:935: Error: Unrecognized opcode: `a[n]'\nkernel/n/ppc32/mmod.S:937: Error: Unrecognized opcode: `sinon,'\nkernel/n/ppc32/mmod.S:941: Error: Unrecognized opcode: `propage'\nkernel/n/ppc32/mmod.S:952: Error: Unrecognized opcode: `q'\nkernel/n/ppc32/mmod.S:955: Error: Unrecognized opcode: `q'\nkernel/n/ppc32/mmod.S:957: Error: Unrecognized opcode: `r8'\nkernel/n/ppc32/mmod.S:960: Error: Unrecognized opcode: `q'\nkernel/n/ppc32/mmod.S:961: Error: Unrecognized opcode: `r\233serve'\nkernel/n/ppc32/mmod.S:962: Error: Unrecognized opcode: `arrondi'\nkernel/n/ppc32/mmod.S:965: Error: Unrecognized opcode: `x'\nkernel/n/ppc32/mmod.S:966: Error: Unrecognized opcode: `r10'\nkernel/n/ppc32/mmod.S:967: Error: Unrecognized opcode: `r11'\nkernel/n/ppc32/mmod.S:968: Error: Unrecognized opcode: `r12'\nkernel/n/ppc32/mmod.S:969: Error: Unrecognized opcode: `r8'\nkernel/n/ppc32/mmod.S:970: Error: Unrecognized opcode: `ctr'\nkernel/n/ppc32/mmod.S:972: Error: Unrecognized opcode: `additionne'\nkernel/n/ppc32/mmod.S:978: Error: Unrecognized opcode: `b[n]'\nkernel/n/ppc32/mmod.S:981: Error: Unrecognized opcode: `ca'\nkernel/n/ppc32/mmod.S:983: Error: Unrecognized opcode: `b[n]'\nkernel/n/ppc32/mmod.S:986: Error: Unrecognized opcode: `bas'\nkernel/n/ppc32/mmod.S:987: Error: Unrecognized opcode: `r10'\nkernel/n/ppc32/mmod.S:988: Error: Unrecognized opcode: `r11'\nkernel/n/ppc32/mmod.S:989: Error: Unrecognized opcode: `r8'\nkernel/n/ppc32/mmod.S:993: Error: Unrecognized opcode: `retranche'\nkernel/n/ppc32/mmod.S:998: Error: Unrecognized opcode: `propage'\nkernel/n/ppc32/mmod.S:1007: Error: Unrecognized opcode: `nettoie'\nkernel/n/ppc32/mmod.S:1010: Error: Unrecognized opcode: `d\233compose'\nkernel/n/ppc32/mmod.S:1014: Error: Unrecognized opcode: `r\233duit'\nkernel/n/ppc32/mmod.S:1019: Error: bad expression\nkernel/n/ppc32/mmod.S:1019: Error: missing ')'\nkernel/n/ppc32/mmod.S:1019: Error: syntax error; found `m' but expected `,'\nkernel/n/ppc32/mmod.S:1019: Error: junk at end of line: `mod 32)mod(BASE^n + 1),normalis\233'\nkernel/n/ppc32/mmod.S:1022: Error: Unrecognized opcode: `r12'\nkernel/n/ppc32/mmod.S:1024: Error: Unrecognized opcode: `r10'\nkernel/n/ppc32/mmod.S:1025: Error: Unrecognized opcode: `r8'\nkernel/n/ppc32/mmod.S:1028: Error: Unrecognized opcode: `d\233calage'\nkernel/n/ppc32/mmod.S:1034: Error: Unrecognized opcode: `r11'\nkernel/n/ppc32/mmod.S:1038: Error: Unrecognized opcode: `r10'\nkernel/n/ppc32/mmod.S:1040: Error: Unrecognized opcode: `b[0]'\nkernel/n/ppc32/mmod.S:1042: Error: Unrecognized opcode: `reste'\nkernel/n/ppc32/mmod.S:1045: Error: Unrecognized opcode: `normalise'\nkernel/n/ppc32/mmod.S:1047: Error: Unrecognized opcode: `r8'\nkernel/n/ppc32/mmod.S:1048: Error: Unrecognized opcode: `r9'\nkernel/n/ppc32/mmod.S:1050: Error: Unrecognized opcode: `ca'\nkernel/n/ppc32/mmod.S:1052: Error: Unrecognized opcode: `ctr'\nkernel/n/ppc32/mmod.S:1053: Error: Unrecognized opcode: `b[0]'\nkernel/n/ppc32/mmod.S:1056: Error: Unrecognized opcode: `propage'\nkernel/n/ppc32/mmod.S:1065: Error: Unrecognized opcode: `si'\nkernel/n/ppc32/mmod.S:1075: Error: Unrecognized opcode: `cas'\nkernel/n/ppc32/mmod.S:1076: Error: bad expression\nkernel/n/ppc32/mmod.S:1086: Error: bad expression\nkernel/n/ppc32/mmod.S:1086: Error: bad expression\nkernel/n/ppc32/mmod.S:1086: Error: syntax error; found `a' but expected `,'\nkernel/n/ppc32/mmod.S:1086: Error: junk at end of line: `a[q-1]'\nkernel/n/ppc32/mmod.S:1087: Error: bad expression\nkernel/n/ppc32/mmod.S:1087: Error: bad expression\nkernel/n/ppc32/mmod.S:1087: Error: syntax error; found `b' but expected `,'\nkernel/n/ppc32/mmod.S:1087: Error: junk at end of line: `b[q-1]'\nkernel/n/ppc32/mmod.S:1091: Error: Unrecognized opcode: `r10'\nkernel/n/ppc32/mmod.S:1092: Error: Unrecognized opcode: `r11'\nkernel/n/ppc32/mmod.S:1095: Error: bad expression\nkernel/n/ppc32/mmod.S:1095: Error: syntax error; found `B' but expected `,'\nkernel/n/ppc32/mmod.S:1095: Error: junk at end of line: `BASE^q'\nkernel/n/ppc32/mmod.S:1102: Error: bad expression\nkernel/n/ppc32/mmod.S:1102: Error: syntax error; found `B' but expected `,'\nkernel/n/ppc32/mmod.S:1102: Error: junk at end of line: `BASE^q'\nkernel/n/ppc32/mmod.S:1109: Error: Unrecognized opcode: `ici'\nkernel/n/ppc32/mmod.S:1110: Error: Unrecognized opcode: `x'\nkernel/n/ppc32/mmod.S:1113: Error: Unrecognized opcode: `r\233serve'\nkernel/n/ppc32/mmod.S:1114: Error: Unrecognized opcode: `arrondi'\nkernel/n/ppc32/mmod.S:1118: Error: Unrecognized opcode: `r8'\nkernel/n/ppc32/mmod.S:1119: Error: Unrecognized opcode: `r10'\nkernel/n/ppc32/mmod.S:1122: Error: Unrecognized opcode: `r11'\nkernel/n/ppc32/mmod.S:1124: Error: Unrecognized opcode: `recopie'\nkernel/n/ppc32/mmod.S:1129: Error: Unrecognized opcode: `x[n]'\nkernel/n/ppc32/mmod.S:1132: Error: Unrecognized opcode: `retranche'\nkernel/n/ppc32/mmod.S:1134: Error: Unrecognized opcode: `r11'\nkernel/n/ppc32/mmod.S:1142: Error: Unrecognized opcode: `propage'\nkernel/n/ppc32/mmod.S:1153: Error: Unrecognized opcode: `si'\nkernel/n/ppc32/mmod.S:1163: Error: Unrecognized opcode: `pr\233pare'\nkernel/n/ppc32/mmod.S:1164: Error: Unrecognized opcode: `r0'\nkernel/n/ppc32/mmod.S:1168: Error: Unrecognized opcode: `n'\nkernel/n/ppc32/mmod.S:1169: Error: Unrecognized opcode: `r8'\nkernel/n/ppc32/mmod.S:1170: Error: Unrecognized opcode: `cadre'\nkernel/n/ppc32/mmod.S:1173: Error: Unrecognized opcode: `r8'\nkernel/n/ppc32/mmod.S:1174: Error: Unrecognized opcode: `r9'\nkernel/n/ppc32/mmod.S:1178: Error: syntax error; found `(' but expected `,'\nkernel/n/ppc32/mmod.S:1178: Error: junk at end of line: `(Lsn_addloop - .Lsn_butterfly_here)'\nkernel/n/ppc32/mmod.S:1180: Error: syntax error; found `(' but expected `,'\nkernel/n/ppc32/mmod.S:1180: Error: junk at end of line: `(Lsn_subloop - .Lsn_butterfly_here)'\nkernel/n/ppc32/mmod.S:1183: Error: Unrecognized opcode: `permute'\nkernel/n/ppc32/mmod.S:1190: Error: Unrecognized opcode: `init'\nkernel/n/ppc32/mmod.S:1192: Error: Unrecognized opcode: `sauve'\nkernel/n/ppc32/mmod.S:1194: Error: bad expression\nkernel/n/ppc32/mmod.S:1197: Error: Unrecognized opcode: `init'\nkernel/n/ppc32/mmod.S:1199: Error: Unrecognized opcode: `r10'\nkernel/n/ppc32/mmod.S:1200: Error: Unrecognized opcode: `r11'\nkernel/n/ppc32/mmod.S:1201: Error: Unrecognized opcode: `r8'\nkernel/n/ppc32/mmod.S:1202: Error: bad expression\nkernel/n/ppc32/mmod.S:1202: Error: missing operand\nkernel/n/ppc32/mmod.S:1202: Error: missing operand\nkernel/n/ppc32/mmod.S:1204: Error: Unrecognized opcode: `termin\233'\nkernel/n/ppc32/mmod.S:1205: Error: Unrecognized opcode: `nettoie'\nkernel/n/ppc32/smod.S:26: Error: junk at end of line, first unrecognized character is `+'\nkernel/n/ppc32/smod.S:27: Error: junk at end of line, first unrecognized character is `|'\nkernel/n/ppc32/smod.S:28: Error: junk at end of line, first unrecognized character is `+'\nkernel/n/ppc32/smod.S:30: Error: Unrecognized opcode: `void'\nkernel/n/ppc32/smod.S:32: Error: symbol `entr\233e' is already defined\nkernel/n/ppc32/smod.S:33: Error: junk at end of line, first unrecognized character is `d'\nkernel/n/ppc32/smod.S:34: Error: junk at end of line, first unrecognized character is `d'\nkernel/n/ppc32/smod.S:36: Error: symbol `sortie' is already defined\nkernel/n/ppc32/smod.S:37: Error: bad expression\nkernel/n/ppc32/smod.S:37: Error: syntax error; found `m' but expected `,'\nkernel/n/ppc32/smod.S:37: Error: junk at end of line: `mod(BASE^lb - 1),non normalis\233'\nkernel/n/ppc32/smod.S:55: Error: bad expression\nkernel/n/ppc32/smod.S:55: Error: missing operand\nkernel/n/ppc32/smod.S:55: Error: syntax error; found `\nkernel/n/ppc32/smod.S:58: Error: Unrecognized opcode: `cas'\nkernel/n/ppc32/smod.S:59: Error: Unrecognized opcode: `r10'\nkernel/n/ppc32/smod.S:60: Error: bad expression\nkernel/n/ppc32/smod.S:60: Error: bad expression\nkernel/n/ppc32/smod.S:60: Error: syntax error; found `b' but expected `,'\nkernel/n/ppc32/smod.S:60: Error: junk at end of line: `b[-1]'\nkernel/n/ppc32/smod.S:61: Error: Unrecognized opcode: `r11'\nkernel/n/ppc32/smod.S:62: Error: Unrecognized opcode: `ca'\nkernel/n/ppc32/smod.S:63: Error: Unrecognized opcode: `restaure'\nkernel/n/ppc32/smod.S:67: Error: Unrecognized opcode: `soustrait'\nkernel/n/ppc32/smod.S:73: Error: Unrecognized opcode: `ctr'\nkernel/n/ppc32/smod.S:76: Error: Unrecognized opcode: `soustrait'\nkernel/n/ppc32/smod.S:81: Error: Unrecognized opcode: `recycle'\nkernel/n/ppc32/smod.S:93: Error: Unrecognized opcode: `cas'\nkernel/n/ppc32/smod.S:96: Error: Unrecognized opcode: `pr\233pare'\nkernel/n/ppc32/smod.S:97: Error: Unrecognized opcode: `r0'\nkernel/n/ppc32/smod.S:98: Error: Unrecognized opcode: `r10'\nkernel/n/ppc32/smod.S:100: Error: Unrecognized opcode: `d'\nkernel/n/ppc32/smod.S:101: Error: bad expression\nkernel/n/ppc32/smod.S:101: Error: syntax error; found `d' but expected `,'\nkernel/n/ppc32/smod.S:101: Error: junk at end of line: `d entr\233e pour l addition'\nkernel/n/ppc32/smod.S:102: Error: Unrecognized opcode: `lr'\nkernel/n/ppc32/smod.S:106: Error: syntax error; found `(' but expected `,'\nkernel/n/ppc32/smod.S:106: Error: junk at end of line: `(Lsn_subloop - Lsn_ssub_here)'\nkernel/n/ppc32/smod.S:109: Error: syntax error; found `(' but expected `,'\nkernel/n/ppc32/smod.S:109: Error: junk at end of line: `(Lsn_addloop - Lsn_ssub_here)'\nkernel/n/ppc32/smod.S:113: Error: Unrecognized opcode: `ctr'\nkernel/n/ppc32/smod.S:115: Error: Unrecognized opcode: `additionne'\nkernel/n/ppc32/smod.S:117: Error: Unrecognized opcode: `recadre'\nkernel/n/ppc32/smod.S:121: Error: bad expression\nkernel/n/ppc32/smod.S:121: Error: syntax error; found `a' but expected `,'\nkernel/n/ppc32/smod.S:121: Error: junk at end of line: `a[i..i+lb-1]+ ret'\nkernel/n/ppc32/smod.S:126: Error: Unrecognized opcode: `derni\232re'\nkernel/n/ppc32/smod.S:130: Error: Unrecognized opcode: `x'\nkernel/n/ppc32/smod.S:131: Error: Unrecognized opcode: `y'\nkernel/n/ppc32/smod.S:132: Error: Unrecognized opcode: `x'\nkernel/n/ppc32/smod.S:133: Error: Unrecognized opcode: `cadre'\nkernel/n/ppc32/smod.S:136: Error: bad expression\nkernel/n/ppc32/smod.S:136: Error: syntax error; found `d' but expected `,'\nkernel/n/ppc32/smod.S:136: Error: junk at end of line: `d entr\233e pour l addition'\nkernel/n/ppc32/smod.S:140: Error: Unrecognized opcode: `ctr'\nkernel/n/ppc32/smod.S:142: Error: bad expression\nkernel/n/ppc32/smod.S:142: Error: syntax error; found `r' but expected `,'\nkernel/n/ppc32/smod.S:142: Error: junk at end of line: `reste(a)+ ret'\nkernel/n/ppc32/smod.S:143: Error: Unrecognized opcode: `propage'\nkernel/n/ppc32/smod.S:149: Error: Unrecognized opcode: `recycle'\nkernel/n/ppc32/smod.S:162: Error: Unrecognized opcode: `termin\233'\nkernel/n/ppc32/smod.S:179: Error: junk at end of line, first unrecognized character is `+'\nkernel/n/ppc32/smod.S:180: Error: junk at end of line, first unrecognized character is `|'\nkernel/n/ppc32/smod.S:181: Error: junk at end of line, first unrecognized character is `+'\nkernel/n/ppc32/smod.S:183: Error: Unrecognized opcode: `void'\nkernel/n/ppc32/smod.S:185: Error: symbol `entr\233e' is already defined\nkernel/n/ppc32/smod.S:186: Error: junk at end of line, first unrecognized character is `d'\nkernel/n/ppc32/smod.S:187: Error: junk at end of line, first unrecognized character is `d'\nkernel/n/ppc32/smod.S:189: Error: symbol `contraintes' is already defined\nkernel/n/ppc32/smod.S:189: Error: Unrecognized opcode: `n'\nkernel/n/ppc32/smod.S:191: Error: symbol `sortie' is already defined\nkernel/n/ppc32/smod.S:192: Error: bad expression\nkernel/n/ppc32/smod.S:192: Error: syntax error; found `m' but expected `,'\nkernel/n/ppc32/smod.S:192: Error: junk at end of line: `mod BASE^n - 1'\nkernel/n/ppc32/smod.S:194: Error: symbol `remarque' is already defined\nkernel/n/ppc32/smod.S:195: Error: Unrecognized opcode: `fonction'\nkernel/n/ppc32/smod.S:197: Error: Unrecognized opcode: `registres'\nkernel/n/ppc32/smod.S:202: Error: Unrecognized opcode: `variables'\nkernel/n/ppc32/smod.S:212: Error: bad expression\nkernel/n/ppc32/smod.S:212: Error: missing operand\nkernel/n/ppc32/smod.S:212: Error: syntax error; found `\nkernel/n/ppc32/smod.S:215: Error: Unrecognized opcode: `si'\nkernel/n/ppc32/smod.S:216: Error: Unrecognized opcode: `recule'\nkernel/n/ppc32/smod.S:218: Error: Unrecognized opcode: `restaure'\nkernel/n/ppc32/smod.S:222: Error: bad expression\nkernel/n/ppc32/smod.S:226: Error: Unrecognized opcode: `compl\232te'\nkernel/n/ppc32/smod.S:236: Error: Unrecognized opcode: `cas'\nkernel/n/ppc32/smod.S:238: Error: Unrecognized opcode: `r0'\nkernel/n/ppc32/smod.S:241: Error: bad expression\nkernel/n/ppc32/smod.S:241: Error: syntax error; found `d' but expected `,'\nkernel/n/ppc32/smod.S:241: Error: junk at end of line: `d\233but de la boucle d addition'\nkernel/n/ppc32/smod.S:242: Error: Unrecognized opcode: `r11'\nkernel/n/ppc32/smod.S:243: Error: Unrecognized opcode: `r10'\nkernel/n/ppc32/smod.S:248: Error: Unrecognized opcode: `si'\nkernel/n/ppc32/smod.S:251: Error: Unrecognized opcode: `d'\nkernel/n/ppc32/smod.S:252: Error: bad expression\nkernel/n/ppc32/smod.S:252: Error: syntax error; found `d' but expected `,'\nkernel/n/ppc32/smod.S:252: Error: junk at end of line: `d entr\233e pour l addition'\nkernel/n/ppc32/smod.S:254: Error: syntax error; found `(' but expected `,'\nkernel/n/ppc32/smod.S:254: Error: junk at end of line: `(Lsn_addloop - .Lsn_sred_here)'\nkernel/n/ppc32/smod.S:257: Error: Unrecognized opcode: `ctr'\nkernel/n/ppc32/smod.S:260: Error: Unrecognized opcode: `cadre'\nkernel/n/ppc32/smod.S:264: Error: bad expression\nkernel/n/ppc32/smod.S:264: Error: syntax error; found `[' but expected `,'\nkernel/n/ppc32/smod.S:264: Error: junk at end of line: `[0..n-1]+ a[n..la-1]'\nkernel/n/ppc32/smod.S:266: Error: Unrecognized opcode: `propage'\nkernel/n/ppc32/smod.S:277: Error: Unrecognized opcode: `cas'\nkernel/n/ppc32/smod.S:280: Error: Unrecognized opcode: `d'\nkernel/n/ppc32/smod.S:281: Error: bad expression\nkernel/n/ppc32/smod.S:281: Error: syntax error; found `d' but expected `,'\nkernel/n/ppc32/smod.S:281: Error: junk at end of line: `d entr\233e pour l addition'\nkernel/n/ppc32/smod.S:283: Error: syntax error; found `(' but expected `,'\nkernel/n/ppc32/smod.S:283: Error: junk at end of line: `(Lsn_addloop - .Lsn_sred_here)'\nkernel/n/ppc32/smod.S:286: Error: Unrecognized opcode: `ctr'\nkernel/n/ppc32/smod.S:288: Error: Unrecognized opcode: `additionne'\nkernel/n/ppc32/smod.S:291: Error: Unrecognized opcode: `recadre'\nkernel/n/ppc32/smod.S:295: Error: bad expression\nkernel/n/ppc32/smod.S:295: Error: syntax error; found `a' but expected `,'\nkernel/n/ppc32/smod.S:295: Error: junk at end of line: `a[i..i+n-1]+ ret'\nkernel/n/ppc32/smod.S:300: Error: Unrecognized opcode: `derni\232re'\nkernel/n/ppc32/smod.S:304: Error: Unrecognized opcode: `x'\nkernel/n/ppc32/smod.S:305: Error: Unrecognized opcode: `y'\nkernel/n/ppc32/smod.S:306: Error: Unrecognized opcode: `x'\nkernel/n/ppc32/smod.S:307: Error: Unrecognized opcode: `cadre'\nkernel/n/ppc32/smod.S:310: Error: bad expression\nkernel/n/ppc32/smod.S:310: Error: syntax error; found `d' but expected `,'\nkernel/n/ppc32/smod.S:310: Error: junk at end of line: `d entr\233e pour l addition'\nkernel/n/ppc32/smod.S:314: Error: Unrecognized opcode: `ctr'\nkernel/n/ppc32/smod.S:316: Error: bad expression\nkernel/n/ppc32/smod.S:316: Error: syntax error; found `r' but expected `,'\nkernel/n/ppc32/smod.S:316: Error: junk at end of line: `reste(a)+ ret'\nkernel/n/ppc32/smod.S:317: Error: Unrecognized opcode: `propage'\nkernel/n/ppc32/smod.S:323: Error: Unrecognized opcode: `recycle'\nkernel/n/ppc32/smod.S:336: Error: Unrecognized opcode: `termin\233'\nkernel/n/ppc32/smod.S:349: Error: junk at end of line, first unrecognized character is `+'\nkernel/n/ppc32/smod.S:350: Error: junk at end of line, first unrecognized character is `|'\nkernel/n/ppc32/smod.S:351: Error: junk at end of line, first unrecognized character is `+'\nkernel/n/ppc32/smod.S:353: Error: Unrecognized opcode: `void'\nkernel/n/ppc32/smod.S:354: Error: symbol `entr\233e' is already defined\nkernel/n/ppc32/smod.S:355: Error: junk at end of line, first unrecognized character is `d'\nkernel/n/ppc32/smod.S:356: Error: junk at end of line, first unrecognized character is `d'\nkernel/n/ppc32/smod.S:357: Error: junk at end of line, first unrecognized character is `d'\nkernel/n/ppc32/smod.S:359: Error: symbol `contrainte' is already defined\nkernel/n/ppc32/smod.S:359: Error: Unrecognized opcode: `p'\nkernel/n/ppc32/smod.S:361: Error: symbol `sortie' is already defined\nkernel/n/ppc32/smod.S:362: Error: bad expression\nkernel/n/ppc32/smod.S:362: Error: syntax error; found `m' but expected `,'\nkernel/n/ppc32/smod.S:362: Error: junk at end of line: `mod BASE^p - 1'\nkernel/n/ppc32/smod.S:363: Error: Unrecognized opcode: `c'\nkernel/n/ppc32/smod.S:365: Error: symbol `remarque' is already defined\nkernel/n/ppc32/smod.S:366: Error: Unrecognized opcode: `fonction'\nkernel/n/ppc32/smod.S:368: Error: Unrecognized opcode: `registres'\nkernel/n/ppc32/smod.S:373: Error: Unrecognized opcode: `variables'\nkernel/n/ppc32/smod.S:381: Error: Unrecognized opcode: `pr\233pare'\nkernel/n/ppc32/smod.S:382: Error: Unrecognized opcode: `r0'\nkernel/n/ppc32/smod.S:384: Error: Unrecognized opcode: `d'\nkernel/n/ppc32/smod.S:385: Error: Unrecognized opcode: `cadre'\nkernel/n/ppc32/smod.S:387: Error: Unrecognized opcode: `lr'\nkernel/n/ppc32/smod.S:388: Error: bad expression\nkernel/n/ppc32/smod.S:388: Error: syntax error; found `d' but expected `,'\nkernel/n/ppc32/smod.S:388: Error: junk at end of line: `d entr\233e pour la soustraction'\nkernel/n/ppc32/smod.S:392: Error: syntax error; found `(' but expected `,'\nkernel/n/ppc32/smod.S:392: Error: junk at end of line: `(Lsn_addloop - .Lsn_split_even_here)'\nkernel/n/ppc32/smod.S:395: Error: syntax error; found `(' but expected `,'\nkernel/n/ppc32/smod.S:395: Error: junk at end of line: `(Lsn_subloop - .Lsn_split_even_here)'\nkernel/n/ppc32/smod.S:398: Error: bad expression\nkernel/n/ppc32/smod.S:398: Error: syntax error; found `m' but expected `,'\nkernel/n/ppc32/smod.S:398: Error: junk at end of line: `mod BASE^p - 1'\nkernel/n/ppc32/smod.S:399: Error: Unrecognized opcode: `cadre'\nkernel/n/ppc32/smod.S:401: Error: Unrecognized opcode: `ctr'\nkernel/n/ppc32/smod.S:406: Error: Unrecognized opcode: `recadre'\nkernel/n/ppc32/smod.S:409: Error: Unrecognized opcode: `recycle'\nkernel/n/ppc32/smod.S:419: Error: Unrecognized opcode: `c'\nkernel/n/ppc32/smod.S:423: Error: Unrecognized opcode: `ctr'\nkernel/n/ppc32/smod.S:426: Error: Unrecognized opcode: `ca'\nkernel/n/ppc32/smod.S:429: Error: Unrecognized opcode: `recycle'\nkernel/n/ppc32/smod.S:442: Error: Unrecognized opcode: `termin\233'\nkernel/n/ppc32/smod.S:454: Error: junk at end of line, first unrecognized character is `+'\nkernel/n/ppc32/smod.S:455: Error: junk at end of line, first unrecognized character is `|'\nkernel/n/ppc32/smod.S:456: Error: junk at end of line, first unrecognized character is `+'\nkernel/n/ppc32/smod.S:458: Error: Unrecognized opcode: `void'\nkernel/n/ppc32/smod.S:459: Error: symbol `entr\233e' is already defined\nkernel/n/ppc32/smod.S:460: Error: junk at end of line, first unrecognized character is `d'\nkernel/n/ppc32/smod.S:461: Error: junk at end of line, first unrecognized character is `d'\nkernel/n/ppc32/smod.S:462: Error: junk at end of line, first unrecognized character is `d'\nkernel/n/ppc32/smod.S:464: Error: symbol `contrainte' is already defined\nkernel/n/ppc32/smod.S:464: Error: Unrecognized opcode: `p'\nkernel/n/ppc32/smod.S:466: Error: symbol `sortie' is already defined\nkernel/n/ppc32/smod.S:467: Error: bad expression\nkernel/n/ppc32/smod.S:467: Error: syntax error; found `m' but expected `,'\nkernel/n/ppc32/smod.S:467: Error: junk at end of line: `mod BASE^(p+1/2)- 1'\nkernel/n/ppc32/smod.S:468: Error: Unrecognized opcode: `c'\nkernel/n/ppc32/smod.S:470: Error: symbol `remarque' is already defined\nkernel/n/ppc32/smod.S:471: Error: Unrecognized opcode: `fonction'\nkernel/n/ppc32/smod.S:473: Error: Unrecognized opcode: `registres'\nkernel/n/ppc32/smod.S:478: Error: Unrecognized opcode: `variables'\nkernel/n/ppc32/smod.S:488: Error: bad expression\nkernel/n/ppc32/smod.S:489: Error: Unrecognized opcode: `r10'\nkernel/n/ppc32/smod.S:491: Error: Unrecognized opcode: `r11'\nkernel/n/ppc32/smod.S:493: Error: Unrecognized opcode: `init'\nkernel/n/ppc32/smod.S:502: Error: Unrecognized opcode: `pr\233pare'\nkernel/n/ppc32/smod.S:503: Error: Unrecognized opcode: `r0'\nkernel/n/ppc32/smod.S:504: Error: Unrecognized opcode: `p'\nkernel/n/ppc32/smod.S:506: Error: Unrecognized opcode: `d'\nkernel/n/ppc32/smod.S:507: Error: Unrecognized opcode: `cadre'\nkernel/n/ppc32/smod.S:510: Error: Unrecognized opcode: `lr'\nkernel/n/ppc32/smod.S:511: Error: bad expression\nkernel/n/ppc32/smod.S:511: Error: syntax error; found `d' but expected `,'\nkernel/n/ppc32/smod.S:511: Error: junk at end of line: `d entr\233e pour l addition'\nkernel/n/ppc32/smod.S:515: Error: syntax error; found `(' but expected `,'\nkernel/n/ppc32/smod.S:515: Error: junk at end of line: `(Lsn_subloop - .Lsn_split_odd_here)'\nkernel/n/ppc32/smod.S:518: Error: syntax error; found `(' but expected `,'\nkernel/n/ppc32/smod.S:518: Error: junk at end of line: `(Lsn_addloop - .Lsn_split_odd_here)'\nkernel/n/ppc32/smod.S:521: Error: Unrecognized opcode: `c'\nkernel/n/ppc32/smod.S:524: Error: Unrecognized opcode: `ctr'\nkernel/n/ppc32/smod.S:527: Error: Unrecognized opcode: `ca'\nkernel/n/ppc32/smod.S:529: Error: Unrecognized opcode: `recycle'\nkernel/n/ppc32/smod.S:541: Error: bad expression\nkernel/n/ppc32/smod.S:547: Error: Unrecognized opcode: `ctr'\nkernel/n/ppc32/smod.S:551: Error: Unrecognized opcode: `recycle'\nkernel/n/ppc32/smod.S:566: Error: Unrecognized opcode: `termin\233'\nkernel/n/ppc32/smod.S:582: Error: junk at end of line, first unrecognized character is `+'\nkernel/n/ppc32/smod.S:583: Error: junk at end of line, first unrecognized character is `|'\nkernel/n/ppc32/smod.S:584: Error: junk at end of line, first unrecognized character is `+'\nkernel/n/ppc32/smod.S:586: Error: Unrecognized opcode: `void'\nkernel/n/ppc32/smod.S:588: Error: symbol `entr\233e' is already defined\nkernel/n/ppc32/smod.S:589: Error: junk at end of line, first unrecognized character is `d'\nkernel/n/ppc32/smod.S:590: Error: junk at end of line, first unrecognized character is `d'\nkernel/n/ppc32/smod.S:591: Error: junk at end of line, first unrecognized character is `d'\nkernel/n/ppc32/smod.S:593: Error: symbol `contraintes' is already defined\nkernel/n/ppc32/smod.S:593: Error: Unrecognized opcode: `n'\nkernel/n/ppc32/smod.S:595: Error: symbol `sortie' is already defined\nkernel/n/ppc32/smod.S:596: Error: Unrecognized opcode: `c'\nkernel/n/ppc32/smod.S:609: Error: Unrecognized opcode: `variables'\nkernel/n/ppc32/smod.S:616: Error: Unrecognized opcode: `r\233serve'\nkernel/n/ppc32/smod.S:618: Error: Unrecognized opcode: `sauvegarde'\nkernel/n/ppc32/smod.S:619: Error: Unrecognized opcode: `sauvegarde'\nkernel/n/ppc32/smod.S:622: Error: Unrecognized opcode: `arrondi'\nkernel/n/ppc32/smod.S:626: Error: Unrecognized opcode: `sauve'\nkernel/n/ppc32/smod.S:632: Error: Unrecognized opcode: `r\233duit'\nkernel/n/ppc32/smod.S:644: Error: Unrecognized opcode: `effectue'\nkernel/n/ppc32/smod.S:652: Error: Unrecognized opcode: `termin\233'\nkernel/n/ppc32/smod.S:653: Error: Unrecognized opcode: `nettoie'\nkernel/n/ppc32/smod.S:654: Error: Unrecognized opcode: `r\233cup\232re'\nkernel/n/ppc32/smod.S:656: Error: Unrecognized opcode: `r\233cup\232re'\nkernel/n/ppc32/smod.S:665: Error: Unrecognized opcode: `point'\nkernel/n/ppc32/smod.S:666: Error: Unrecognized opcode: `aiguillage'\nkernel/n/ppc32/smod.S:677: Error: Unrecognized opcode: `petite'\nkernel/n/ppc32/smod.S:684: Error: Unrecognized opcode: `r\233serve'\nkernel/n/ppc32/smod.S:686: Error: Unrecognized opcode: `sauvegarde'\nkernel/n/ppc32/smod.S:687: Error: Unrecognized opcode: `sauvegarde'\nkernel/n/ppc32/smod.S:690: Error: Unrecognized opcode: `arrondi'\nkernel/n/ppc32/smod.S:693: Error: Unrecognized opcode: `sauve'\nkernel/n/ppc32/smod.S:696: Error: Unrecognized opcode: `x'\nkernel/n/ppc32/smod.S:702: Error: Unrecognized opcode: `point'\nkernel/n/ppc32/smod.S:705: Error: Unrecognized opcode: `c'\nkernel/n/ppc32/smod.S:712: Error: Unrecognized opcode: `termin\233'\nkernel/n/ppc32/smod.S:713: Error: Unrecognized opcode: `nettoie'\nkernel/n/ppc32/smod.S:714: Error: Unrecognized opcode: `r\233cup\232re'\nkernel/n/ppc32/smod.S:716: Error: Unrecognized opcode: `r\233cup\232re'\nkernel/n/ppc32/smod.S:723: Error: Unrecognized opcode: `cas'\nkernel/n/ppc32/smod.S:731: Error: Unrecognized opcode: `r\233serve'\nkernel/n/ppc32/smod.S:733: Error: Unrecognized opcode: `sauvegarde'\nkernel/n/ppc32/smod.S:734: Error: Unrecognized opcode: `sauvegarde'\nkernel/n/ppc32/smod.S:737: Error: Unrecognized opcode: `arrondi'\nkernel/n/ppc32/smod.S:740: Error: Unrecognized opcode: `sauve'\nkernel/n/ppc32/smod.S:744: Error: Unrecognized opcode: `d\233compose'\nkernel/n/ppc32/smod.S:747: Error: Unrecognized opcode: `x0'\nkernel/n/ppc32/smod.S:751: Error: Unrecognized opcode: `r4'\nkernel/n/ppc32/smod.S:752: Error: Unrecognized opcode: `r5'\nkernel/n/ppc32/smod.S:754: Error: Unrecognized opcode: `x1'\nkernel/n/ppc32/smod.S:756: Error: Unrecognized opcode: `x2'\nkernel/n/ppc32/smod.S:759: Error: Unrecognized opcode: `r3'\nkernel/n/ppc32/smod.S:764: Error: Unrecognized opcode: `c1'\nkernel/n/ppc32/smod.S:767: Error: Unrecognized opcode: `r5'\nkernel/n/ppc32/smod.S:768: Error: Unrecognized opcode: `r4'\nkernel/n/ppc32/smod.S:772: Error: Unrecognized opcode: `point'\nkernel/n/ppc32/smod.S:775: Error: Unrecognized opcode: `c0'\nkernel/n/ppc32/smod.S:776: Error: Unrecognized opcode: `r4'\nkernel/n/ppc32/smod.S:780: Error: Unrecognized opcode: `r'\nkernel/n/ppc32/smod.S:781: Error: Unrecognized opcode: `r3'\nkernel/n/ppc32/smod.S:782: Error: Unrecognized opcode: `r5'\nkernel/n/ppc32/smod.S:783: Error: Unrecognized opcode: `r6'\nkernel/n/ppc32/smod.S:787: Error: missing ')'\nkernel/n/ppc32/smod.S:787: Error: junk at end of line, first unrecognized character is `p'\nkernel/n/ppc32/smod.S:788: Error: Unrecognized opcode: `r6'\nkernel/n/ppc32/smod.S:789: Error: Unrecognized opcode: `r5'\nkernel/n/ppc32/smod.S:790: Error: Unrecognized opcode: `r6'\nkernel/n/ppc32/smod.S:791: Error: Unrecognized opcode: `r'\nkernel/n/ppc32/smod.S:793: Error: Unrecognized opcode: `r3'\nkernel/n/ppc32/smod.S:794: Error: Unrecognized opcode: `ajoute'\nkernel/n/ppc32/smod.S:797: Error: Unrecognized opcode: `ajoute'\nkernel/n/ppc32/smod.S:802: Error: Unrecognized opcode: `propage'\nkernel/n/ppc32/smod.S:811: Error: Unrecognized opcode: `r3'\nkernel/n/ppc32/smod.S:812: Error: Unrecognized opcode: `ajoute'\nkernel/n/ppc32/smod.S:816: Error: Unrecognized opcode: `r'\nkernel/n/ppc32/smod.S:817: Error: Unrecognized opcode: `r5'\nkernel/n/ppc32/smod.S:830: Error: Unrecognized opcode: `termin\233'\nkernel/n/ppc32/smod.S:831: Error: Unrecognized opcode: `nettoie'\nkernel/n/ppc32/smod.S:832: Error: Unrecognized opcode: `r\233cup\232re'\nkernel/n/ppc32/smod.S:834: Error: Unrecognized opcode: `r\233cup\232re'\nkernel/n/ppc32/smod.S:842: Error: Unrecognized opcode: `cas'\nkernel/n/ppc32/smod.S:850: Error: Unrecognized opcode: `r\233serve'\nkernel/n/ppc32/smod.S:852: Error: Unrecognized opcode: `sauvegarde'\nkernel/n/ppc32/smod.S:853: Error: Unrecognized opcode: `sauvegarde'\nkernel/n/ppc32/smod.S:856: Error: Unrecognized opcode: `arrondi'\nkernel/n/ppc32/smod.S:859: Error: Unrecognized opcode: `sauve'\nkernel/n/ppc32/smod.S:863: Error: Unrecognized opcode: `d\233compose'\nkernel/n/ppc32/smod.S:864: Error: Unrecognized opcode: `r4'\nkernel/n/ppc32/smod.S:869: Error: Unrecognized opcode: `x5'\nkernel/n/ppc32/smod.S:875: Error: Unrecognized opcode: `r4'\nkernel/n/ppc32/smod.S:877: Error: Unrecognized opcode: `r5'\nkernel/n/ppc32/smod.S:879: Error: Unrecognized opcode: `x4'\nkernel/n/ppc32/smod.S:881: Error: Unrecognized opcode: `x0'\nkernel/n/ppc32/smod.S:883: Error: Unrecognized opcode: `r4'\nkernel/n/ppc32/smod.S:885: Error: Unrecognized opcode: `r6'\nkernel/n/ppc32/smod.S:887: Error: Unrecognized opcode: `r5'\nkernel/n/ppc32/smod.S:890: Error: Unrecognized opcode: `r\233injecte'\nkernel/n/ppc32/smod.S:893: Error: Unrecognized opcode: `r3'\nkernel/n/ppc32/smod.S:895: Error: Unrecognized opcode: `r5'\nkernel/n/ppc32/smod.S:897: Error: Unrecognized opcode: `r4'\nkernel/n/ppc32/smod.S:908: Error: Unrecognized opcode: `x2'\nkernel/n/ppc32/smod.S:909: Error: Unrecognized opcode: `r4'\nkernel/n/ppc32/smod.S:911: Error: Unrecognized opcode: `r6'\nkernel/n/ppc32/smod.S:913: Error: Unrecognized opcode: `r7'\nkernel/n/ppc32/smod.S:914: Error: Unrecognized opcode: `r3'\nkernel/n/ppc32/smod.S:916: Error: Unrecognized opcode: `r5'\nkernel/n/ppc32/smod.S:919: Error: Unrecognized opcode: `point'\nkernel/n/ppc32/smod.S:922: Error: Unrecognized opcode: `r\233injecte'\nkernel/n/ppc32/smod.S:925: Error: Unrecognized opcode: `r3'\nkernel/n/ppc32/smod.S:928: Error: Unrecognized opcode: `r4'\nkernel/n/ppc32/smod.S:931: Error: Unrecognized opcode: `r5'\nkernel/n/ppc32/smod.S:942: Error: Unrecognized opcode: `c'\nkernel/n/ppc32/smod.S:943: Error: Unrecognized opcode: `x'\nkernel/n/ppc32/smod.S:947: Error: Unrecognized opcode: `r3'\nkernel/n/ppc32/smod.S:949: Error: Unrecognized opcode: `r6'\nkernel/n/ppc32/smod.S:951: Error: Unrecognized opcode: `r7'\nkernel/n/ppc32/smod.S:956: Error: Unrecognized opcode: `reycle'\nkernel/n/ppc32/smod.S:965: Error: Unrecognized opcode: `x'\nkernel/n/ppc32/smod.S:967: Error: Unrecognized opcode: `r4'\nkernel/n/ppc32/smod.S:970: Error: Unrecognized opcode: `r5'\nkernel/n/ppc32/smod.S:979: Error: Unrecognized opcode: `c'\nkernel/n/ppc32/smod.S:983: Error: Unrecognized opcode: `r4'\nkernel/n/ppc32/smod.S:985: Error: Unrecognized opcode: `c[2p]'\nkernel/n/ppc32/smod.S:987: Error: Unrecognized opcode: `recycle'\nkernel/n/ppc32/smod.S:995: Error: Unrecognized opcode: `pr\233pare'\nkernel/n/ppc32/smod.S:998: Error: Unrecognized opcode: `r11'\nkernel/n/ppc32/smod.S:1001: Error: Unrecognized opcode: `d'\nkernel/n/ppc32/smod.S:1002: Error: Unrecognized opcode: `cadre'\nkernel/n/ppc32/smod.S:1004: Error: Unrecognized opcode: `r2'\nkernel/n/ppc32/smod.S:1009: Error: syntax error; found `(' but expected `,'\nkernel/n/ppc32/smod.S:1009: Error: junk at end of line: `(Lsn_addloop - Lsn_smul_here)'\nkernel/n/ppc32/smod.S:1011: Error: Unrecognized opcode: `r5'\nkernel/n/ppc32/smod.S:1014: Error: Unrecognized opcode: `c1'\nkernel/n/ppc32/smod.S:1019: Error: Unrecognized opcode: `c0'\nkernel/n/ppc32/smod.S:1026: Error: Unrecognized opcode: `propage'\nkernel/n/ppc32/smod.S:1044: Error: Unrecognized opcode: `termin\233'\nkernel/n/ppc32/smod.S:1046: Error: Unrecognized opcode: `nettoie'\nkernel/n/ppc32/smod.S:1047: Error: Unrecognized opcode: `r\233cup\232re'\nkernel/n/ppc32/smod.S:1049: Error: Unrecognized opcode: `r\233cup\232re'\nkernel/n/ppc32/smod.S:1060: Error: junk at end of line, first unrecognized character is `+'\nkernel/n/ppc32/smod.S:1061: Error: junk at end of line, first unrecognized character is `|'\nkernel/n/ppc32/smod.S:1062: Error: junk at end of line, first unrecognized character is `+'\nkernel/n/ppc32/smod.S:1064: Error: Unrecognized opcode: `void'\nkernel/n/ppc32/smod.S:1066: Error: symbol `entr\233e' is already defined\nkernel/n/ppc32/smod.S:1067: Error: junk at end of line, first unrecognized character is `d'\nkernel/n/ppc32/smod.S:1068: Error: junk at end of line, first unrecognized character is `d'\nkernel/n/ppc32/smod.S:1070: Error: symbol `contraintes' is already defined\nkernel/n/ppc32/smod.S:1070: Error: Unrecognized opcode: `n'\nkernel/n/ppc32/smod.S:1072: Error: symbol `sortie' is already defined\nkernel/n/ppc32/smod.S:1073: Error: Unrecognized opcode: `c'\nkernel/n/ppc32/smod.S:1086: Error: Unrecognized opcode: `variables'\nkernel/n/ppc32/smod.S:1091: Error: Unrecognized opcode: `r\233serve'\nkernel/n/ppc32/smod.S:1093: Error: Unrecognized opcode: `sauvegarde'\nkernel/n/ppc32/smod.S:1094: Error: Unrecognized opcode: `sauvegarde'\nkernel/n/ppc32/smod.S:1097: Error: Unrecognized opcode: `arrondi'\nkernel/n/ppc32/smod.S:1101: Error: Unrecognized opcode: `sauve'\nkernel/n/ppc32/smod.S:1105: Error: Unrecognized opcode: `r\233duit'\nkernel/n/ppc32/smod.S:1109: Error: Unrecognized opcode: `effectue'\nkernel/n/ppc32/smod.S:1115: Error: Unrecognized opcode: `termin\233'\nkernel/n/ppc32/smod.S:1116: Error: Unrecognized opcode: `nettoie'\nkernel/n/ppc32/smod.S:1117: Error: Unrecognized opcode: `r\233cup\232re'\nkernel/n/ppc32/smod.S:1119: Error: Unrecognized opcode: `r\233cup\232re'\nkernel/n/ppc32/smod.S:1126: Error: Unrecognized opcode: `point'\nkernel/n/ppc32/smod.S:1127: Error: Unrecognized opcode: `aiguillage'\nkernel/n/ppc32/smod.S:1138: Error: Unrecognized opcode: `petit'\nkernel/n/ppc32/smod.S:1145: Error: Unrecognized opcode: `r\233serve'\nkernel/n/ppc32/smod.S:1147: Error: Unrecognized opcode: `sauvegarde'\nkernel/n/ppc32/smod.S:1148: Error: Unrecognized opcode: `sauvegarde'\nkernel/n/ppc32/smod.S:1151: Error: Unrecognized opcode: `arrondi'\nkernel/n/ppc32/smod.S:1154: Error: Unrecognized opcode: `sauve'\nkernel/n/ppc32/smod.S:1157: Error: Unrecognized opcode: `x'\nkernel/n/ppc32/smod.S:1162: Error: Unrecognized opcode: `continue'\nkernel/n/ppc32/smod.S:1169: Error: Unrecognized opcode: `cas'\nkernel/n/ppc32/smod.S:1177: Error: Unrecognized opcode: `r\233serve'\nkernel/n/ppc32/smod.S:1179: Error: Unrecognized opcode: `sauvegarde'\nkernel/n/ppc32/smod.S:1180: Error: Unrecognized opcode: `sauvegarde'\nkernel/n/ppc32/smod.S:1183: Error: Unrecognized opcode: `arrondi'\nkernel/n/ppc32/smod.S:1186: Error: Unrecognized opcode: `sauve'\nkernel/n/ppc32/smod.S:1189: Error: Unrecognized opcode: `d\233compose'\nkernel/n/ppc32/smod.S:1192: Error: Unrecognized opcode: `r5'\nkernel/n/ppc32/smod.S:1194: Error: Unrecognized opcode: `x0'\nkernel/n/ppc32/smod.S:1196: Error: Unrecognized opcode: `x2'\nkernel/n/ppc32/smod.S:1199: Error: Unrecognized opcode: `r3'\nkernel/n/ppc32/smod.S:1203: Error: Unrecognized opcode: `c1'\nkernel/n/ppc32/smod.S:1206: Error: Unrecognized opcode: `r5'\nkernel/n/ppc32/smod.S:1210: Error: Unrecognized opcode: `continue'\nkernel/n/ppc32/smod.S:1218: Error: Unrecognized opcode: `cas'\nkernel/n/ppc32/smod.S:1226: Error: Unrecognized opcode: `r\233serve'\nkernel/n/ppc32/smod.S:1228: Error: Unrecognized opcode: `sauvegarde'\nkernel/n/ppc32/smod.S:1229: Error: Unrecognized opcode: `sauvegarde'\nkernel/n/ppc32/smod.S:1232: Error: Unrecognized opcode: `arrondi'\nkernel/n/ppc32/smod.S:1235: Error: Unrecognized opcode: `sauve'\nkernel/n/ppc32/smod.S:1238: Error: Unrecognized opcode: `d\233compose'\nkernel/n/ppc32/smod.S:1239: Error: Unrecognized opcode: `r4'\nkernel/n/ppc32/smod.S:1244: Error: Unrecognized opcode: `x4'\nkernel/n/ppc32/smod.S:1246: Error: symbol `x1' is already defined\nkernel/n/ppc32/smod.S:1246: Error: Unrecognized opcode: `x0'\nkernel/n/ppc32/smod.S:1248: Error: Unrecognized opcode: `r4'\nkernel/n/ppc32/smod.S:1252: Error: Unrecognized opcode: `r\233injecte'\nkernel/n/ppc32/smod.S:1255: Error: Unrecognized opcode: `r3'\nkernel/n/ppc32/smod.S:1257: Error: Unrecognized opcode: `r5'\nkernel/n/ppc32/smod.S:1259: Error: Unrecognized opcode: `r4'\nkernel/n/ppc32/smod.S:1270: Error: symbol `x3' is already defined\nkernel/n/ppc32/smod.S:1270: Error: Unrecognized opcode: `x2'\nkernel/n/ppc32/smod.S:1271: Error: Unrecognized opcode: `r4'\nkernel/n/ppc32/smod.S:1274: Error: Unrecognized opcode: `r5'\nkernel/n/ppc32/smod.S:1275: Error: Unrecognized opcode: `r3'\nkernel/n/ppc32/smod.S:1278: Error: Unrecognized opcode: `continue'\nkernel/n/ppc32/smod.S:1289: Error: junk at end of line, first unrecognized character is `+'\nkernel/n/ppc32/smod.S:1290: Error: junk at end of line, first unrecognized character is `|'\nkernel/n/ppc32/smod.S:1291: Error: junk at end of line, first unrecognized character is `+'\nkernel/n/ppc32/smod.S:1293: Error: Unrecognized opcode: `void'\nkernel/n/ppc32/smod.S:1295: Error: symbol `entr\233e' is already defined\nkernel/n/ppc32/smod.S:1296: Error: junk at end of line, first unrecognized character is `d'\nkernel/n/ppc32/smod.S:1297: Error: missing ')'\nkernel/n/ppc32/smod.S:1297: Error: junk at end of line, first unrecognized character is `h'\nkernel/n/ppc32/smod.S:1299: Error: symbol `contraintes' is already defined\nkernel/n/ppc32/smod.S:1299: Error: Unrecognized opcode: `h'\nkernel/n/ppc32/smod.S:1301: Error: symbol `sortie' is already defined\nkernel/n/ppc32/smod.S:1302: Error: bad expression\nkernel/n/ppc32/smod.S:1302: Error: syntax error; found `m' but expected `,'\nkernel/n/ppc32/smod.S:1302: Error: junk at end of line: `mod ppcm(BASE^n - 1,BASE^p - 1,BASE^q - 1)normalis\233'\nkernel/n/ppc32/smod.S:1303: Error: Unrecognized opcode: `avec'\nkernel/n/ppc32/smod.S:1304: Error: Unrecognized opcode: `a[0..n-1]'\nkernel/n/ppc32/smod.S:1305: Error: Unrecognized opcode: `a[n..n+p-1]'\nkernel/n/ppc32/smod.S:1306: Error: Unrecognized opcode: `a[n+p..n+p+q-1]'\nkernel/n/ppc32/smod.S:1308: Error: symbol `remarque' is already defined\nkernel/n/ppc32/smod.S:1308: Error: missing ')'\nkernel/n/ppc32/smod.S:1308: Error: missing ')'\nkernel/n/ppc32/smod.S:1308: Error: junk at end of line, first unrecognized character is `k'\nkernel/n/ppc32/smod.S:1321: Error: Unrecognized opcode: `variables'\nkernel/n/ppc32/smod.S:1337: Error: syntax error; found `(' but expected `,'\nkernel/n/ppc32/smod.S:1337: Error: junk at end of line: `(Lsn_subloop - .Lsn_sjoin3_here)'\nkernel/n/ppc32/smod.S:1339: Error: syntax error; found `(' but expected `,'\nkernel/n/ppc32/smod.S:1339: Error: junk at end of line: `(Lsn_addloop - .Lsn_sjoin3_here)'\nkernel/n/ppc32/smod.S:1342: Error: Unrecognized opcode: `normalise'\nkernel/n/ppc32/smod.S:1344: Error: Unrecognized opcode: `r4'\nkernel/n/ppc32/smod.S:1345: Error: Unrecognized opcode: `ctr'\nkernel/n/ppc32/smod.S:1346: Error: Unrecognized opcode: `ca'\nkernel/n/ppc32/smod.S:1351: Error: junk at end of line, first unrecognized character is `?'\nkernel/n/ppc32/smod.S:1352: Error: Unrecognized opcode: `si'\nkernel/n/ppc32/smod.S:1353: Error: Unrecognized opcode: `ctr'\nkernel/n/ppc32/smod.S:1359: Error: bad expression\nkernel/n/ppc32/smod.S:1359: Error: syntax error; found `m' but expected `,'\nkernel/n/ppc32/smod.S:1359: Error: junk at end of line: `mod BASE^p - 1'\nkernel/n/ppc32/smod.S:1362: Error: Unrecognized opcode: `cadre'\nkernel/n/ppc32/smod.S:1363: Error: Unrecognized opcode: `lr'\nkernel/n/ppc32/smod.S:1366: Error: Unrecognized opcode: `r3'\nkernel/n/ppc32/smod.S:1368: Error: Unrecognized opcode: `cadre'\nkernel/n/ppc32/smod.S:1370: Error: Unrecognized opcode: `ctr'\nkernel/n/ppc32/smod.S:1373: Error: bad expression\nkernel/n/ppc32/smod.S:1373: Error: syntax error; found `[' but expected `,'\nkernel/n/ppc32/smod.S:1373: Error: junk at end of line: `[0..p-1]- b - 1'\nkernel/n/ppc32/smod.S:1377: Error: Unrecognized opcode: `cadre'\nkernel/n/ppc32/smod.S:1378: Error: Unrecognized opcode: `lr'\nkernel/n/ppc32/smod.S:1382: Error: Unrecognized opcode: `cadre'\nkernel/n/ppc32/smod.S:1384: Error: Unrecognized opcode: `ctr'\nkernel/n/ppc32/smod.S:1387: Error: bad expression\nkernel/n/ppc32/smod.S:1387: Error: syntax error; found `a' but expected `,'\nkernel/n/ppc32/smod.S:1387: Error: junk at end of line: `a[p..n-1]+ retenue'\nkernel/n/ppc32/smod.S:1389: Error: Unrecognized opcode: `propage'\nkernel/n/ppc32/smod.S:1400: Error: Unrecognized opcode: `si'\nkernel/n/ppc32/smod.S:1405: Error: Unrecognized opcode: `normalise'\nkernel/n/ppc32/smod.S:1409: Error: junk at end of line, first unrecognized character is `?'\nkernel/n/ppc32/smod.S:1413: Error: Unrecognized opcode: `alors'\nkernel/n/ppc32/smod.S:1421: Error: Unrecognized opcode: `c'\nkernel/n/ppc32/smod.S:1424: Error: Unrecognized opcode: `cadre'\nkernel/n/ppc32/smod.S:1425: Error: Unrecognized opcode: `lr'\nkernel/n/ppc32/smod.S:1428: Error: Unrecognized opcode: `r3'\nkernel/n/ppc32/smod.S:1431: Error: Unrecognized opcode: `cadre'\nkernel/n/ppc32/smod.S:1433: Error: Unrecognized opcode: `ctr'\nkernel/n/ppc32/smod.S:1437: Error: Unrecognized opcode: `c'\nkernel/n/ppc32/smod.S:1441: Error: Unrecognized opcode: `cadre'\nkernel/n/ppc32/smod.S:1444: Error: Unrecognized opcode: `lr'\nkernel/n/ppc32/smod.S:1447: Error: Unrecognized opcode: `cadre'\nkernel/n/ppc32/smod.S:1450: Error: Unrecognized opcode: `ctr'\nkernel/n/ppc32/smod.S:1454: Error: Unrecognized opcode: `c'\nkernel/n/ppc32/smod.S:1458: Error: Unrecognized opcode: `cadre'\nkernel/n/ppc32/smod.S:1459: Error: Unrecognized opcode: `lr'\nkernel/n/ppc32/smod.S:1462: Error: Unrecognized opcode: `cadre'\nkernel/n/ppc32/smod.S:1465: Error: Unrecognized opcode: `ctr'\nkernel/n/ppc32/smod.S:1468: Error: Unrecognized opcode: `c'\nkernel/n/ppc32/smod.S:1470: Error: Unrecognized opcode: `r4'\nkernel/n/ppc32/smod.S:1474: Error: Unrecognized opcode: `cadre'\nkernel/n/ppc32/smod.S:1476: Error: Unrecognized opcode: `lr'\nkernel/n/ppc32/smod.S:1479: Error: Unrecognized opcode: `cadre'\nkernel/n/ppc32/smod.S:1482: Error: Unrecognized opcode: `ctr'\nkernel/n/ppc32/smod.S:1485: Error: Unrecognized opcode: `c'\nkernel/n/ppc32/smod.S:1490: Error: Unrecognized opcode: `cadre'\nkernel/n/ppc32/smod.S:1491: Error: Unrecognized opcode: `lr'\nkernel/n/ppc32/smod.S:1494: Error: Unrecognized opcode: `cadre'\nkernel/n/ppc32/smod.S:1497: Error: Unrecognized opcode: `ctr'\nkernel/n/ppc32/smod.S:1500: Error: Unrecognized opcode: `c'\nkernel/n/ppc32/smod.S:1501: Error: Unrecognized opcode: `r'\nkernel/n/ppc32/smod.S:1506: Error: Unrecognized opcode: `cadre'\nkernel/n/ppc32/smod.S:1508: Error: Unrecognized opcode: `lr'\nkernel/n/ppc32/smod.S:1511: Error: Unrecognized opcode: `cadre'\nkernel/n/ppc32/smod.S:1514: Error: Unrecognized opcode: `ctr'\nkernel/n/ppc32/smod.S:1517: Error: Unrecognized opcode: `ca'\nkernel/n/ppc32/smod.S:1518: Error: Unrecognized opcode: `c'\nkernel/n/ppc32/smod.S:1519: Error: Unrecognized opcode: `r'\nkernel/n/ppc32/smod.S:1520: Error: Unrecognized opcode: `r10'\nkernel/n/ppc32/smod.S:1524: Error: Unrecognized opcode: `propage'\nkernel/n/ppc32/smod.S:1525: Error: Unrecognized opcode: `ctr'\nkernel/n/ppc32/smod.S:1535: Error: Unrecognized opcode: `si'\nkernel/n/ppc32/smod.S:1537: Error: Unrecognized opcode: `sinon,'\nkernel/n/ppc32/smod.S:1538: Error: Unrecognized opcode: `ctr'\nkernel/n/ppc32/smod.S:1548: Error: junk at end of line, first unrecognized character is `m'\nkernel/n/ppc32/smod.S:1549: Error: Unrecognized opcode: `r11'\nkernel/n/ppc32/smod.S:1551: Error: Unrecognized opcode: `ctr'\nkernel/n/ppc32/smod.S:1553: Error: Unrecognized opcode: `teste'\nkernel/n/ppc32/smod.S:1558: Error: Unrecognized opcode: `si'\nkernel/n/ppc32/smod.S:1564: Error: Unrecognized opcode: `si'\nkernel/n/ppc32/smod.S:1572: Error: Unrecognized opcode: `r12'\nkernel/n/ppc32/smod.S:1575: Error: Unrecognized opcode: `ctr'\nkernel/n/ppc32/smod.S:1578: Error: symbol `c' is already defined\nkernel/n/ppc32/smod.S:1578: Error: bad expression\nkernel/n/ppc32/smod.S:1578: Error: syntax error; found `1' but expected `,'\nkernel/n/ppc32/smod.S:1578: Error: junk at end of line: `1'\nkernel/n/ppc32/smod.S:1580: Error: Unrecognized opcode: `si'\nkernel/n/ppc32/smod.S:1581: Error: Unrecognized opcode: `alors'\nkernel/n/ppc32/smod.S:1583: Error: Unrecognized opcode: `r4'\nkernel/n/ppc32/smod.S:1588: Error: Unrecognized opcode: `cadre'\nkernel/n/ppc32/smod.S:1589: Error: Unrecognized opcode: `lr'\nkernel/n/ppc32/smod.S:1592: Error: Unrecognized opcode: `cadre'\nkernel/n/ppc32/smod.S:1595: Error: Unrecognized opcode: `ctr'\nkernel/n/ppc32/smod.S:1598: Error: Unrecognized opcode: `c'\nkernel/n/ppc32/smod.S:1600: Error: Unrecognized opcode: `r11'\nkernel/n/ppc32/smod.S:1603: Error: Unrecognized opcode: `c'\nkernel/n/ppc32/smod.S:1613: Error: Unrecognized opcode: `cadre'\nkernel/n/ppc32/smod.S:1614: Error: Unrecognized opcode: `lr'\nkernel/n/ppc32/smod.S:1618: Error: Unrecognized opcode: `cadre'\nkernel/n/ppc32/smod.S:1620: Error: Unrecognized opcode: `ctr'\nkernel/n/ppc32/smod.S:1624: Error: bad expression\nkernel/n/ppc32/smod.S:1626: Error: Unrecognized opcode: `s'\nkernel/n/ppc32/smod.S:1641: Error: symbol `c' is already defined\nkernel/n/ppc32/smod.S:1641: Error: symbol `b' is already defined\nkernel/n/ppc32/smod.S:1641: Error: bad expression\nkernel/n/ppc32/smod.S:1641: Error: missing ')'\nkernel/n/ppc32/smod.S:1641: Error: syntax error; found `:' but expected `,'\nkernel/n/ppc32/smod.S:1641: Error: junk at end of line: `:b)/(1-BASE^k)'\nkernel/n/ppc32/smod.S:1642: Error: Unrecognized opcode: `r11'\nkernel/n/ppc32/smod.S:1645: Error: Unrecognized opcode: `r4'\nkernel/n/ppc32/smod.S:1649: Error: Unrecognized opcode: `cadre'\nkernel/n/ppc32/smod.S:1650: Error: Unrecognized opcode: `lr'\nkernel/n/ppc32/smod.S:1653: Error: Unrecognized opcode: `cadre'\nkernel/n/ppc32/smod.S:1656: Error: Unrecognized opcode: `ctr'\nkernel/n/ppc32/smod.S:1659: Error: symbol `c' is already defined\nkernel/n/ppc32/smod.S:1659: Error: bad expression\nkernel/n/ppc32/smod.S:1659: Error: syntax error; found `:' but expected `,'\nkernel/n/ppc32/smod.S:1659: Error: junk at end of line: `:b/(1 - BASE^k)'\nkernel/n/ppc32/smod.S:1661: Error: Unrecognized opcode: `r4'\nkernel/n/ppc32/smod.S:1665: Error: Unrecognized opcode: `cadre'\nkernel/n/ppc32/smod.S:1667: Error: Unrecognized opcode: `lr'\nkernel/n/ppc32/smod.S:1670: Error: Unrecognized opcode: `cadre'\nkernel/n/ppc32/smod.S:1673: Error: Unrecognized opcode: `ctr'\nkernel/n/ppc32/smod.S:1676: Error: symbol `c' is already defined\nkernel/n/ppc32/smod.S:1676: Error: symbol `b' is already defined\nkernel/n/ppc32/smod.S:1676: Error: bad expression\nkernel/n/ppc32/smod.S:1676: Error: syntax error; found `:' but expected `,'\nkernel/n/ppc32/smod.S:1676: Error: junk at end of line: `:b:a - c:b'\nkernel/n/ppc32/smod.S:1678: Error: Unrecognized opcode: `propage'\nkernel/n/ppc32/smod.S:1693: Error: Unrecognized opcode: `termin\233'\nkernel/n/ppc32/montgomery.S:26: Error: junk at end of line, first unrecognized character is `+'\nkernel/n/ppc32/montgomery.S:27: Error: junk at end of line, first unrecognized character is `|'\nkernel/n/ppc32/montgomery.S:28: Error: junk at end of line, first unrecognized character is `+'\nkernel/n/ppc32/montgomery.S:31: Error: Unrecognized opcode: `void'\nkernel/n/ppc32/montgomery.S:33: Error: symbol `entr\233e' is already defined\nkernel/n/ppc32/montgomery.S:34: Error: junk at end of line, first unrecognized character is `d'\nkernel/n/ppc32/montgomery.S:35: Error: junk at end of line, first unrecognized character is `d'\nkernel/n/ppc32/montgomery.S:36: Warning: division by zero\nkernel/n/ppc32/montgomery.S:36: Error: junk at end of line, first unrecognized character is `m'\nkernel/n/ppc32/montgomery.S:38: Error: symbol `contraintes' is already defined\nkernel/n/ppc32/montgomery.S:39: Error: Unrecognized opcode: `n'\nkernel/n/ppc32/montgomery.S:41: Error: symbol `sortie' is already defined\nkernel/n/ppc32/montgomery.S:42: Error: Unrecognized opcode: `a[n..2n-1]'\nkernel/n/ppc32/montgomery.S:50: Error: Unrecognized opcode: `variables'\nkernel/n/ppc32/montgomery.S:62: Error: Unrecognized opcode: `initialise'\nkernel/n/ppc32/montgomery.S:65: Error: bad expression\nkernel/n/ppc32/montgomery.S:65: Error: bad expression\nkernel/n/ppc32/montgomery.S:65: Error: syntax error; found `a' but expected `,'\nkernel/n/ppc32/montgomery.S:65: Error: junk at end of line: `a[n]'\nkernel/n/ppc32/montgomery.S:66: Error: Unrecognized opcode: `c'\nkernel/n/ppc32/montgomery.S:70: Error: Unrecognized opcode: `pr\233pare'\nkernel/n/ppc32/montgomery.S:75: Error: Unrecognized opcode: `r2'\nkernel/n/ppc32/montgomery.S:78: Error: syntax error; found `(' but expected `,'\nkernel/n/ppc32/montgomery.S:78: Error: junk at end of line: `(Lsn_muladdloop - .Lsn_mgdiv_here)'\nkernel/n/ppc32/montgomery.S:81: Error: bad expression\nkernel/n/ppc32/montgomery.S:81: Error: missing ')'\nkernel/n/ppc32/montgomery.S:81: Error: syntax error; found `m' but expected `,'\nkernel/n/ppc32/montgomery.S:81: Error: junk at end of line: `mod BASE^n)'\nkernel/n/ppc32/montgomery.S:82: Error: Unrecognized opcode: `init'\nkernel/n/ppc32/montgomery.S:86: Error: Unrecognized opcode: `x'\nkernel/n/ppc32/montgomery.S:87: Error: Unrecognized opcode: `q'\nkernel/n/ppc32/montgomery.S:91: Error: Unrecognized opcode: `ctr'\nkernel/n/ppc32/montgomery.S:93: Error: Unrecognized opcode: `recadre'\nkernel/n/ppc32/montgomery.S:97: Error: Unrecognized opcode: `ajoute'\nkernel/n/ppc32/montgomery.S:107: Error: Unrecognized opcode: `s'\nkernel/n/ppc32/montgomery.S:114: Error: Unrecognized opcode: `r2'\nkernel/n/ppc32/montgomery.S:116: Error: syntax error; found `(' but expected `,'\nkernel/n/ppc32/montgomery.S:116: Error: junk at end of line: `(Lsn_subloop - .Lsn_mgdiv_there)'\nkernel/n/ppc32/montgomery.S:121: Error: Unrecognized opcode: `ctr'\nkernel/n/ppc32/montgomery.S:123: Error: Unrecognized opcode: `recadre'\nkernel/n/ppc32/montgomery.S:128: Error: Unrecognized opcode: `termin\233'\nkernel/n/ppc32/gcd_n2.S:26: Error: junk at end of line, first unrecognized character is `+'\nkernel/n/ppc32/gcd_n2.S:27: Error: junk at end of line, first unrecognized character is `|'\nkernel/n/ppc32/gcd_n2.S:28: Error: junk at end of line, first unrecognized character is `+'\nkernel/n/ppc32/gcd_n2.S:30: Error: Unrecognized opcode: `void'\nkernel/n/ppc32/gcd_n2.S:32: Error: symbol `entr\233e' is already defined\nkernel/n/ppc32/gcd_n2.S:33: Error: junk at end of line, first unrecognized character is `d'\nkernel/n/ppc32/gcd_n2.S:34: Error: junk at end of line, first unrecognized character is `,'\nkernel/n/ppc32/gcd_n2.S:36: Error: symbol `contrainte' is already defined\nkernel/n/ppc32/gcd_n2.S:36: Error: junk at end of line, first unrecognized character is `0'\nkernel/n/ppc32/gcd_n2.S:38: Error: Unrecognized opcode: `d\233veloppe'\nkernel/n/ppc32/gcd_n2.S:39: Error: Unrecognized opcode: `tiennent'\nkernel/n/ppc32/gcd_n2.S:41: Error: symbol `sortie' is already defined\nkernel/n/ppc32/gcd_n2.S:42: Error: junk at end of line, first unrecognized character is `['\nkernel/n/ppc32/gcd_n2.S:43: Error: junk at end of line, first unrecognized character is `['\nkernel/n/ppc32/gcd_n2.S:51: Error: Unrecognized opcode: `variables'\nkernel/n/ppc32/gcd_n2.S:68: Error: junk at end of line, first unrecognized character is `['\nkernel/n/ppc32/gcd_n2.S:73: Error: Unrecognized opcode: `compteur'\nkernel/n/ppc32/gcd_n2.S:75: Error: Unrecognized opcode: `ici'\nkernel/n/ppc32/gcd_n2.S:76: Error: Unrecognized opcode: `d\233cale'\nkernel/n/ppc32/gcd_n2.S:94: Error: Unrecognized opcode: `ici'\nkernel/n/ppc32/gcd_n2.S:95: Error: Unrecognized opcode: `calcule'\nkernel/n/ppc32/gcd_n2.S:104: Error: Unrecognized opcode: `d\233fait'\nkernel/n/ppc32/gcd_n2.S:107: Error: Unrecognized opcode: `divise'\nkernel/n/ppc32/gcd_n2.S:125: Error: Unrecognized opcode: `si'\nkernel/n/ppc32/gcd_n2.S:128: Error: Unrecognized opcode: `ici'\nkernel/n/ppc32/gcd_n2.S:129: Error: Unrecognized opcode: `d\233cale'\nkernel/n/ppc32/gcd_n2.S:146: Error: Unrecognized opcode: `ici'\nkernel/n/ppc32/gcd_n2.S:147: Error: Unrecognized opcode: `calcule'\nkernel/n/ppc32/gcd_n2.S:156: Error: Unrecognized opcode: `d\233fait'\nkernel/n/ppc32/gcd_n2.S:159: Error: Unrecognized opcode: `divise'\nkernel/n/ppc32/gcd_n2.S:177: Error: Unrecognized opcode: `si'\nkernel/n/ppc32/gcd_n2.S:201: Error: junk at end of line, first unrecognized character is `+'\nkernel/n/ppc32/gcd_n2.S:202: Error: junk at end of line, first unrecognized character is `|'\nkernel/n/ppc32/gcd_n2.S:203: Error: junk at end of line, first unrecognized character is `+'\nkernel/n/ppc32/gcd_n2.S:205: Error: Unrecognized opcode: `void'\nkernel/n/ppc32/gcd_n2.S:207: Error: symbol `entr\233e' is already defined\nkernel/n/ppc32/gcd_n2.S:208: Error: junk at end of line, first unrecognized character is `d'\nkernel/n/ppc32/gcd_n2.S:209: Error: junk at end of line, first unrecognized character is `,'\nkernel/n/ppc32/gcd_n2.S:211: Error: symbol `contrainte' is already defined\nkernel/n/ppc32/gcd_n2.S:211: Error: junk at end of line, first unrecognized character is `0'\nkernel/n/ppc32/gcd_n2.S:213: Error: Unrecognized opcode: `d\233veloppe'\nkernel/n/ppc32/gcd_n2.S:214: Error: Unrecognized opcode: `tant'\nkernel/n/ppc32/gcd_n2.S:215: Error: Unrecognized opcode: `sur'\nkernel/n/ppc32/gcd_n2.S:217: Error: symbol `sortie' is already defined\nkernel/n/ppc32/gcd_n2.S:218: Error: junk at end of line, first unrecognized character is `['\nkernel/n/ppc32/gcd_n2.S:219: Error: junk at end of line, first unrecognized character is `['\nkernel/n/ppc32/gcd_n2.S:227: Error: Unrecognized opcode: `variables'\nkernel/n/ppc32/gcd_n2.S:244: Error: junk at end of line, first unrecognized character is `['\nkernel/n/ppc32/gcd_n2.S:249: Error: Unrecognized opcode: `compteur'\nkernel/n/ppc32/gcd_n2.S:251: Error: bad expression\nkernel/n/ppc32/gcd_n2.S:253: Error: bad expression\nkernel/n/ppc32/gcd_n2.S:253: Error: missing operand\nkernel/n/ppc32/gcd_n2.S:253: Error: missing operand\nkernel/n/ppc32/gcd_n2.S:256: Error: Unrecognized opcode: `ici'\nkernel/n/ppc32/gcd_n2.S:257: Error: Unrecognized opcode: `d\233cale'\nkernel/n/ppc32/gcd_n2.S:272: Error: Unrecognized opcode: `ici'\nkernel/n/ppc32/gcd_n2.S:273: Error: Unrecognized opcode: `calcule'\nkernel/n/ppc32/gcd_n2.S:282: Error: Unrecognized opcode: `d\233fait'\nkernel/n/ppc32/gcd_n2.S:285: Error: Unrecognized opcode: `divise'\nkernel/n/ppc32/gcd_n2.S:304: Error: Unrecognized opcode: `fin'\nkernel/n/ppc32/gcd_n2.S:305: Error: bad expression\nkernel/n/ppc32/gcd_n2.S:309: Error: bad expression\nkernel/n/ppc32/gcd_n2.S:309: Error: missing operand\nkernel/n/ppc32/gcd_n2.S:309: Error: missing operand\nkernel/n/ppc32/gcd_n2.S:313: Error: bad expression\nkernel/n/ppc32/gcd_n2.S:315: Error: Unrecognized opcode: `si'\nkernel/n/ppc32/gcd_n2.S:318: Error: Unrecognized opcode: `ici'\nkernel/n/ppc32/gcd_n2.S:319: Error: Unrecognized opcode: `d\233cale'\nkernel/n/ppc32/gcd_n2.S:334: Error: Unrecognized opcode: `ici'\nkernel/n/ppc32/gcd_n2.S:335: Error: Unrecognized opcode: `calcule'\nkernel/n/ppc32/gcd_n2.S:344: Error: Unrecognized opcode: `d\233fait'\nkernel/n/ppc32/gcd_n2.S:347: Error: Unrecognized opcode: `divise'\nkernel/n/ppc32/gcd_n2.S:366: Error: Unrecognized opcode: `fin'\nkernel/n/ppc32/gcd_n2.S:367: Error: bad expression\nkernel/n/ppc32/gcd_n2.S:367: Error: missing operand\nkernel/n/ppc32/gcd_n2.S:367: Error: missing operand\nkernel/n/ppc32/gcd_n2.S:371: Error: bad expression\nkernel/n/ppc32/gcd_n2.S:375: Error: bad expression\nkernel/n/ppc32/gcd_n2.S:375: Error: missing operand\nkernel/n/ppc32/gcd_n2.S:375: Error: missing operand\nkernel/n/ppc32/gcd_n2.S:377: Error: Unrecognized opcode: `si'\nkernel/n/ppc32/cmp.S:26: Error: Unrecognized opcode: `long'\nkernel/n/ppc32/cmp.S:28: Error: symbol `entr\233e' is already defined\nkernel/n/ppc32/cmp.S:29: Error: junk at end of line, first unrecognized character is `d'\nkernel/n/ppc32/cmp.S:30: Error: junk at end of line, first unrecognized character is `d'\nkernel/n/ppc32/cmp.S:32: Error: symbol `sortie' is already defined\nkernel/n/ppc32/cmp.S:33: Error: junk at end of line, first unrecognized character is `1'\nkernel/n/ppc32/cmp.S:41: Error: Unrecognized opcode: `supprime'\nkernel/n/ppc32/cmp.S:42: Error: Unrecognized opcode: `r2'\nkernel/n/ppc32/cmp.S:44: Error: Unrecognized opcode: `r4'\nkernel/n/ppc32/cmp.S:45: Error: Unrecognized opcode: `r7'\nkernel/n/ppc32/cmp.S:47: Error: Unrecognized opcode: `r6'\nkernel/n/ppc32/cmp.S:51: Error: Unrecognized opcode: `r7'\nkernel/n/ppc32/cmp.S:54: Error: Unrecognized opcode: `ctr'\nkernel/n/ppc32/cmp.S:56: Error: Unrecognized opcode: `cherche'\nkernel/n/ppc32/cmp.S:60: Error: Unrecognized opcode: `si'\nkernel/n/ppc32/cmp.S:64: Error: Unrecognized opcode: `cas'\nkernel/n/ppc32/cmp.S:66: Error: Unrecognized opcode: `si'\nkernel/n/ppc32/cmp.S:68: Error: Unrecognized opcode: `ctr'\nkernel/n/ppc32/cmp.S:70: Error: bad expression\nkernel/n/ppc32/cmp.S:70: Error: syntax error; found `l' but expected `,'\nkernel/n/ppc32/cmp.S:70: Error: junk at end of line: `la'\nkernel/n/ppc32/cmp.S:73: Error: Unrecognized opcode: `compare'\nkernel/n/ppc32/cmp.S:79: Error: Unrecognized opcode: `sinon,'\nkernel/n/ppc32/shift.S:26: Error: junk at end of line, first unrecognized character is `+'\nkernel/n/ppc32/shift.S:27: Error: junk at end of line, first unrecognized character is `|'\nkernel/n/ppc32/shift.S:28: Error: junk at end of line, first unrecognized character is `+'\nkernel/n/ppc32/shift.S:30: Error: Unrecognized opcode: `chiffre'\nkernel/n/ppc32/shift.S:32: Error: symbol `entr\233e' is already defined\nkernel/n/ppc32/shift.S:33: Error: junk at end of line, first unrecognized character is `d'\nkernel/n/ppc32/shift.S:34: Error: junk at end of line, first unrecognized character is `d'\nkernel/n/ppc32/shift.S:35: Error: junk at end of line, first unrecognized character is `t'\nkernel/n/ppc32/shift.S:37: Error: symbol `sortie' is already defined\nkernel/n/ppc32/shift.S:38: Error: bad expression\nkernel/n/ppc32/shift.S:39: Error: Unrecognized opcode: `retourne'\nkernel/n/ppc32/shift.S:46: Error: Unrecognized opcode: `si'\nkernel/n/ppc32/shift.S:50: Error: bad expression\nkernel/n/ppc32/shift.S:50: Error: syntax error; found `l' but expected `,'\nkernel/n/ppc32/shift.S:50: Error: junk at end of line: `la'\nkernel/n/ppc32/shift.S:51: Error: bad expression\nkernel/n/ppc32/shift.S:51: Error: syntax error; found `l' but expected `,'\nkernel/n/ppc32/shift.S:51: Error: junk at end of line: `la'\nkernel/n/ppc32/shift.S:57: Error: Unrecognized opcode: `retourne'\nkernel/n/ppc32/shift.S:61: Error: Unrecognized opcode: `r0'\nkernel/n/ppc32/shift.S:63: Error: Unrecognized opcode: `pr\233pare'\nkernel/n/ppc32/shift.S:65: Error: Unrecognized opcode: `r7'\nkernel/n/ppc32/shift.S:66: Error: Unrecognized opcode: `lr'\nkernel/n/ppc32/shift.S:70: Error: syntax error; found `(' but expected `,'\nkernel/n/ppc32/shift.S:70: Error: junk at end of line: `(.Lsn_shift_down_loop - .Lsn_shift_down_here)'\nkernel/n/ppc32/shift.S:75: Error: Unrecognized opcode: `ctr'\nkernel/n/ppc32/shift.S:78: Error: Unrecognized opcode: `cadre'\nkernel/n/ppc32/shift.S:83: Error: Unrecognized opcode: `r7'\nkernel/n/ppc32/shift.S:85: Error: Unrecognized opcode: `init'\nkernel/n/ppc32/shift.S:86: Error: Unrecognized opcode: `effectue'\nkernel/n/ppc32/shift.S:88: Error: Unrecognized opcode: `corps'\nkernel/n/ppc32/shift.S:96: Error: Unrecognized opcode: `boucle'\nkernel/n/ppc32/shift.S:98: Error: junk at end of line: `@srw r8,r4,r6@add r8,r8,r9@slw r9,r4,r7@stw r8,124(r5)@lwz r4,120(r3)@srw r8,r4,r6@add r8,r8,r9@slw r9,r4,r7@stw r8,120(r5)@lwz r4,116(r3)@srw r8,r4,r6@add r8,r8,r9@slw r9,r4,r7@stw r8,116(r5)@lwz r4,112(r3)@srw r8,r4,r6@add r8,r8,r9@slw r9,r4,r7@stw r8,112(r5)'\nkernel/n/ppc32/shift.S:99: Error: junk at end of line: `@srw r8,r4,r6@add r8,r8,r9@slw r9,r4,r7@stw r8,108(r5)@lwz r4,104(r3)@srw r8,r4,r6@add r8,r8,r9@slw r9,r4,r7@stw r8,104(r5)@lwz r4,100(r3)@srw r8,r4,r6@add r8,r8,r9@slw r9,r4,r7@stw r8,100(r5)@lwz r4,96(r3)@srw r8,r4,r6@add r8,r8,r9@slw r9,r4,r7@stw r8,96(r5)'\nkernel/n/ppc32/shift.S:100: Error: junk at end of line: `@srw r8,r4,r6@add r8,r8,r9@slw r9,r4,r7@stw r8,92(r5)@lwz r4,88(r3)@srw r8,r4,r6@add r8,r8,r9@slw r9,r4,r7@stw r8,88(r5)@lwz r4,84(r3)@srw r8,r4,r6@add r8,r8,r9@slw r9,r4,r7@stw r8,84(r5)@lwz r4,80(r3)@srw r8,r4,r6@add r8,r8,r9@slw r9,r4,r7@stw r8,80(r5)'\nkernel/n/ppc32/shift.S:101: Error: junk at end of line: `@srw r8,r4,r6@add r8,r8,r9@slw r9,r4,r7@stw r8,76(r5)@lwz r4,72(r3)@srw r8,r4,r6@add r8,r8,r9@slw r9,r4,r7@stw r8,72(r5)@lwz r4,68(r3)@srw r8,r4,r6@add r8,r8,r9@slw r9,r4,r7@stw r8,68(r5)@lwz r4,64(r3)@srw r8,r4,r6@add r8,r8,r9@slw r9,r4,r7@stw r8,64(r5)'\nkernel/n/ppc32/shift.S:102: Error: junk at end of line: `@srw r8,r4,r6@add r8,r8,r9@slw r9,r4,r7@stw r8,60(r5)@lwz r4,56(r3)@srw r8,r4,r6@add r8,r8,r9@slw r9,r4,r7@stw r8,56(r5)@lwz r4,52(r3)@srw r8,r4,r6@add r8,r8,r9@slw r9,r4,r7@stw r8,52(r5)@lwz r4,48(r3)@srw r8,r4,r6@add r8,r8,r9@slw r9,r4,r7@stw r8,48(r5)'\nkernel/n/ppc32/shift.S:103: Error: junk at end of line: `@srw r8,r4,r6@add r8,r8,r9@slw r9,r4,r7@stw r8,44(r5)@lwz r4,40(r3)@srw r8,r4,r6@add r8,r8,r9@slw r9,r4,r7@stw r8,40(r5)@lwz r4,36(r3)@srw r8,r4,r6@add r8,r8,r9@slw r9,r4,r7@stw r8,36(r5)@lwz r4,32(r3)@srw r8,r4,r6@add r8,r8,r9@slw r9,r4,r7@stw r8,32(r5)'\nkernel/n/ppc32/shift.S:104: Error: junk at end of line: `@srw r8,r4,r6@add r8,r8,r9@slw r9,r4,r7@stw r8,28(r5)@lwz r4,24(r3)@srw r8,r4,r6@add r8,r8,r9@slw r9,r4,r7@stw r8,24(r5)@lwz r4,20(r3)@srw r8,r4,r6@add r8,r8,r9@slw r9,r4,r7@stw r8,20(r5)@lwz r4,16(r3)@srw r8,r4,r6@add r8,r8,r9@slw r9,r4,r7@stw r8,16(r5)'\nkernel/n/ppc32/shift.S:105: Error: junk at end of line: `@srw r8,r4,r6@add r8,r8,r9@slw r9,r4,r7@stw r8,12(r5)@lwz r4,8(r3)@srw r8,r4,r6@add r8,r8,r9@slw r9,r4,r7@stw r8,8(r5)@lwz r4,4(r3)@srw r8,r4,r6@add r8,r8,r9@slw r9,r4,r7@stw r8,4(r5)@lwz r4,0(r3)@srw r8,r4,r6@add r8,r8,r9@slw r9,r4,r7@stw r8,0(r5)'\nkernel/n/ppc32/shift.S:112: Error: Unrecognized opcode: `r3'\nkernel/n/ppc32/shift.S:119: Error: junk at end of line, first unrecognized character is `+'\nkernel/n/ppc32/shift.S:120: Error: junk at end of line, first unrecognized character is `|'\nkernel/n/ppc32/shift.S:121: Error: junk at end of line, first unrecognized character is `+'\nkernel/n/ppc32/shift.S:123: Error: Unrecognized opcode: `chiffre'\nkernel/n/ppc32/shift.S:125: Error: symbol `entr\233e' is already defined\nkernel/n/ppc32/shift.S:126: Error: junk at end of line, first unrecognized character is `d'\nkernel/n/ppc32/shift.S:127: Error: junk at end of line, first unrecognized character is `d'\nkernel/n/ppc32/shift.S:128: Error: junk at end of line, first unrecognized character is `t'\nkernel/n/ppc32/shift.S:130: Error: symbol `sortie' is already defined\nkernel/n/ppc32/shift.S:131: Error: bad expression\nkernel/n/ppc32/shift.S:132: Error: Unrecognized opcode: `retourne'\nkernel/n/ppc32/shift.S:139: Error: Unrecognized opcode: `si'\nkernel/n/ppc32/shift.S:142: Error: Unrecognized opcode: `recule'\nkernel/n/ppc32/shift.S:149: Error: Unrecognized opcode: `retourne'\nkernel/n/ppc32/shift.S:153: Error: Unrecognized opcode: `r0'\nkernel/n/ppc32/shift.S:155: Error: Unrecognized opcode: `pr\233pare'\nkernel/n/ppc32/shift.S:157: Error: Unrecognized opcode: `r7'\nkernel/n/ppc32/shift.S:158: Error: Unrecognized opcode: `cadre'\nkernel/n/ppc32/shift.S:160: Error: Unrecognized opcode: `lr'\nkernel/n/ppc32/shift.S:164: Error: syntax error; found `(' but expected `,'\nkernel/n/ppc32/shift.S:164: Error: junk at end of line: `(.Lsn_shift_up_loop - .Lsn_shift_up_here)'\nkernel/n/ppc32/shift.S:169: Error: Unrecognized opcode: `ctr'\nkernel/n/ppc32/shift.S:173: Error: Unrecognized opcode: `r7'\nkernel/n/ppc32/shift.S:175: Error: Unrecognized opcode: `init'\nkernel/n/ppc32/shift.S:176: Error: Unrecognized opcode: `effectue'\nkernel/n/ppc32/shift.S:178: Error: Unrecognized opcode: `corps'\nkernel/n/ppc32/shift.S:186: Error: Unrecognized opcode: `boucle'\nkernel/n/ppc32/shift.S:188: Error: junk at end of line: `@slw r8,r4,r6@add r8,r8,r9@srw r9,r4,r7@stw r8,0(r5)@lwz r4,4(r3)@slw r8,r4,r6@add r8,r8,r9@srw r9,r4,r7@stw r8,4(r5)@lwz r4,8(r3)@slw r8,r4,r6@add r8,r8,r9@srw r9,r4,r7@stw r8,8(r5)@lwz r4,12(r3)@slw r8,r4,r6@add r8,r8,r9@srw r9,r4,r7@stw r8,12(r5)'\nkernel/n/ppc32/shift.S:189: Error: junk at end of line: `@slw r8,r4,r6@add r8,r8,r9@srw r9,r4,r7@stw r8,16(r5)@lwz r4,20(r3)@slw r8,r4,r6@add r8,r8,r9@srw r9,r4,r7@stw r8,20(r5)@lwz r4,24(r3)@slw r8,r4,r6@add r8,r8,r9@srw r9,r4,r7@stw r8,24(r5)@lwz r4,28(r3)@slw r8,r4,r6@add r8,r8,r9@srw r9,r4,r7@stw r8,28(r5)'\nkernel/n/ppc32/shift.S:190: Error: junk at end of line: `@slw r8,r4,r6@add r8,r8,r9@srw r9,r4,r7@stw r8,32(r5)@lwz r4,36(r3)@slw r8,r4,r6@add r8,r8,r9@srw r9,r4,r7@stw r8,36(r5)@lwz r4,40(r3)@slw r8,r4,r6@add r8,r8,r9@srw r9,r4,r7@stw r8,40(r5)@lwz r4,44(r3)@slw r8,r4,r6@add r8,r8,r9@srw r9,r4,r7@stw r8,44(r5)'\nkernel/n/ppc32/shift.S:191: Error: junk at end of line: `@slw r8,r4,r6@add r8,r8,r9@srw r9,r4,r7@stw r8,48(r5)@lwz r4,52(r3)@slw r8,r4,r6@add r8,r8,r9@srw r9,r4,r7@stw r8,52(r5)@lwz r4,56(r3)@slw r8,r4,r6@add r8,r8,r9@srw r9,r4,r7@stw r8,56(r5)@lwz r4,60(r3)@slw r8,r4,r6@add r8,r8,r9@srw r9,r4,r7@stw r8,60(r5)'\nkernel/n/ppc32/shift.S:192: Error: junk at end of line: `@slw r8,r4,r6@add r8,r8,r9@srw r9,r4,r7@stw r8,64(r5)@lwz r4,68(r3)@slw r8,r4,r6@add r8,r8,r9@srw r9,r4,r7@stw r8,68(r5)@lwz r4,72(r3)@slw r8,r4,r6@add r8,r8,r9@srw r9,r4,r7@stw r8,72(r5)@lwz r4,76(r3)@slw r8,r4,r6@add r8,r8,r9@srw r9,r4,r7@stw r8,76(r5)'\nkernel/n/ppc32/shift.S:193: Error: junk at end of line: `@slw r8,r4,r6@add r8,r8,r9@srw r9,r4,r7@stw r8,80(r5)@lwz r4,84(r3)@slw r8,r4,r6@add r8,r8,r9@srw r9,r4,r7@stw r8,84(r5)@lwz r4,88(r3)@slw r8,r4,r6@add r8,r8,r9@srw r9,r4,r7@stw r8,88(r5)@lwz r4,92(r3)@slw r8,r4,r6@add r8,r8,r9@srw r9,r4,r7@stw r8,92(r5)'\nkernel/n/ppc32/shift.S:194: Error: junk at end of line: `@slw r8,r4,r6@add r8,r8,r9@srw r9,r4,r7@stw r8,96(r5)@lwz r4,100(r3)@slw r8,r4,r6@add r8,r8,r9@srw r9,r4,r7@stw r8,100(r5)@lwz r4,104(r3)@slw r8,r4,r6@add r8,r8,r9@srw r9,r4,r7@stw r8,104(r5)@lwz r4,108(r3)@slw r8,r4,r6@add r8,r8,r9@srw r9,r4,r7@stw r8,108(r5)'\nkernel/n/ppc32/shift.S:195: Error: junk at end of line: `@slw r8,r4,r6@add r8,r8,r9@srw r9,r4,r7@stw r8,112(r5)@lwz r4,116(r3)@slw r8,r4,r6@add r8,r8,r9@srw r9,r4,r7@stw r8,116(r5)@lwz r4,120(r3)@slw r8,r4,r6@add r8,r8,r9@srw r9,r4,r7@stw r8,120(r5)@lwz r4,124(r3)@slw r8,r4,r6@add r8,r8,r9@srw r9,r4,r7@stw r8,124(r5)'\nkernel/n/ppc32/shift.S:202: Error: Unrecognized opcode: `r3'\ngmake: *** [kernel/n/o/numerix-t.o] Error 1\nUninstalling numerix.0.22:\n  rm -f /tmp/ocamlot/ocamlot.work.2013-06-24.18/opam-install/system/bin/ocamlnumx\n  rm -f /tmp/ocamlot/ocamlot.work.2013-06-24.18/opam-install/system/include/numerix.h\n  rm -f /tmp/ocamlot/ocamlot.work.2013-06-24.18/opam-install/system/include/numerix.mli\n  rm -f /tmp/ocamlot/ocamlot.work.2013-06-24.18/opam-install/system/include/numerix.ml\n  rm -f /tmp/ocamlot/ocamlot.work.2013-06-24.18/opam-install/system/lib/numerix.cmi\n  rm -f /tmp/ocamlot/ocamlot.work.2013-06-24.18/opam-install/system/lib/numerix.cma\n  rm -f /tmp/ocamlot/ocamlot.work.2013-06-24.18/opam-install/system/lib/numerix.cmxa\n  rm -f /tmp/ocamlot/ocamlot.work.2013-06-24.18/opam-install/system/lib/numerix.a\n  rm -f /tmp/ocamlot/ocamlot.work.2013-06-24.18/opam-install/system/lib/libnumerix-ocaml.a\n  rm -f /tmp/ocamlot/ocamlot.work.2013-06-24.18/opam-install/system/lib/libnumerix-ocaml.so\n  rm -f /tmp/ocamlot/ocamlot.work.2013-06-24.18/opam-install/system/lib/dllnumerix-ocaml.so\n  rm -f /tmp/ocamlot/ocamlot.work.2013-06-24.18/opam-install/system/lib/libnumerix-c.so\n  rm -f /tmp/ocamlot/ocamlot.work.2013-06-24.18/opam-install/system/lib/libnumerix-c.so.0\n  rm -f /tmp/ocamlot/ocamlot.work.2013-06-24.18/opam-install/system/lib/libnumerix-c.so.0.22\n  rm -f /tmp/ocamlot/ocamlot.work.2013-06-24.18/opam-install/system/lib/libnumerix-ocaml.so\n  rm -f /tmp/ocamlot/ocamlot.work.2013-06-24.18/opam-install/system/lib/libnumerix-ocaml.so.0\n  rm -f /tmp/ocamlot/ocamlot.work.2013-06-24.18/opam-install/system/lib/libnumerix-ocaml.so.0.22\n  rm -f -r /tmp/ocamlot/ocamlot.work.2013-06-24.18/opam-install/system/doc/numerix/\n\n")(info"Compiler: 4.01.0+dev18-2013-06-13\nOPAM: df84b0565f0709578c581c1dea82246688d2804f\nOCAMLRUNPARAM = b\nHOME = /tmp/ocamlot/ocamlot.work.2013-06-24.18\nPATH = /tmp/ocamlot/ocamlot.work.2013-06-24.18/opam-install/system/bin:/tmp/ocamlot/ocamlot.work.2013-06-24.18:/home/avsm/src/git/avsm/worker/ocaml/4.01+macppc/bin:/home/avsm/.opam/system/bin:/home/avsm/bin:/bin:/sbin:/usr/bin:/usr/sbin:/usr/X11R6/bin:/usr/local/bin:/usr/local/sbin:/usr/games:.\nMANPATH = /tmp/ocamlot/ocamlot.work.2013-06-24.18/opam-install/system/man:\nOCAML_TOPLEVEL_PATH = /tmp/ocamlot/ocamlot.work.2013-06-24.18/opam-install/system/lib/toplevel\nOPAMROOT = /tmp/ocamlot/ocamlot.work.2013-06-24.18/opam-install\nCAML_LD_LIBRARY_PATH = /tmp/ocamlot/ocamlot.work.2013-06-24.18/opam-install/system/lib/stublibs:/home/avsm/src/git/avsm/worker/ocaml/4.01+macppc/lib/ocaml/stublibs\n"))))))(1372072349.6011879444(Checked_in 0))(1372072325.572619915(Checked_in 0))(1372072301.5476050377(Checked_in 0))(1372072277.4236409664(Checked_in 0))(1372072253.3751659393(Checked_in 0))(1372072229.3542969227(Checked_in 0))(1372072205.3189198971(Checked_in 0))(1372072181.2690229416(Checked_in 0))(1372072157.2481250763(Checked_in 0))(1372072133.1371738911(Checked_in 0))(1372072109.0959310532(Checked_in 0))(1372072085.0123939514(Checked_in 0))(1372072060.9589169025(Checked_in 0))(1372072036.8485090733(Checked_in 0))(1372072012.7889950275(Checked_in 0))(1372071988.7671260834(Checked_in 0))(1372071964.597069025(Checked_in 0))(1372071940.5135700703(Checked_in 0))(1372071916.4527170658(Checked_in 0))(1372071892.3122880459(Checked_in 0))(1372071868.0910449028(Started 0))(1372071866.0432300568(Advertized((os OpenBSD)(arch Powerpc))))))(host((os OpenBSD)(arch Powerpc)))(job(Opam((diff(((repo((url"")(repo_url(URL git://github.com/OCamlPro/opam-repository.git))))(label OCamlPro/opam-repository:master)(reference(Ref master)))))(packages(numerix.0.22))(target((host((os OpenBSD)(arch Powerpc)))(compiler((c_version 4.01.0)(c_build"")))))(action Build)))))