((href https://github.com/OCamlPro/opam-repository/blob/master/packages/imagemagick.0.34/opam)(log((1372221864.8156979084(Completed 27((status(Failed()(Process(Exited 4)((r_cmd opam)(r_args(install --verbose --yes imagemagick.0.34))(r_env(OCAMLRUNPARAM=b HOME=/var/folders/f9/vtsr2sv53wn9h3fblk38vwdh0000gn/T/ocamlot/ocamlot.work.2013-06-26.168 PATH=/private/var/folders/f9/vtsr2sv53wn9h3fblk38vwdh0000gn/T/ocamlot/ocamlot.work.2013-06-26.168/opam-install/system/bin:/var/folders/f9/vtsr2sv53wn9h3fblk38vwdh0000gn/T/ocamlot/ocamlot.work.2013-06-26.168:/Users/avsm/ocamlot/worker/ocaml/4.01/bin:/Users/avsm/.opam/system/bin:/usr/bin:/bin:/usr/sbin:/sbin:/usr/local/bin MANPATH=/private/var/folders/f9/vtsr2sv53wn9h3fblk38vwdh0000gn/T/ocamlot/ocamlot.work.2013-06-26.168/opam-install/system/man: OCAML_TOPLEVEL_PATH=/private/var/folders/f9/vtsr2sv53wn9h3fblk38vwdh0000gn/T/ocamlot/ocamlot.work.2013-06-26.168/opam-install/system/lib/toplevel OPAMROOT=/private/var/folders/f9/vtsr2sv53wn9h3fblk38vwdh0000gn/T/ocamlot/ocamlot.work.2013-06-26.168/opam-install CAML_LD_LIBRARY_PATH=/private/var/folders/f9/vtsr2sv53wn9h3fblk38vwdh0000gn/T/ocamlot/ocamlot.work.2013-06-26.168/opam-install/system/lib/stublibs:/Users/avsm/ocamlot/worker/ocaml/4.01/lib/ocaml/stublibs))(r_cwd /var/folders/f9/vtsr2sv53wn9h3fblk38vwdh0000gn/T/ocamlot/ocamlot.work.2013-06-26.168)(r_duration 26.501487970352172852)(r_stdout"The following actions will be performed:\n - install ocamlfind.1.3.3 [required by imagemagick]\n - install imagemagick.0.34\n2 to install | 0 to reinstall | 0 to upgrade | 0 to downgrade | 0 to remove\n\n=-=-= Installing ocamlfind.1.3.3 =-=-=\nDownloading http://download.camlcity.org/download/findlib-1.3.3.tar.gz.\n  % Total    % Received % Xferd  Average Speed   Time    Time     Time  Current\n                                 Dload  Upload   Total   Spent    Left  Speed\n\r  0     0    0     0    0     0      0      0 --:--:-- --:--:-- --:--:--     0\r100  225k  100  225k    0     0  1075k      0 --:--:-- --:--:-- --:--:-- 1195k\n200\nCopying ocamlfind.install.\nCreating /private/var/folders/f9/vtsr2sv53wn9h3fblk38vwdh0000gn/T/ocamlot/ocamlot.work.2013-06-26.168/opam-install/repo/ocamlot/archives/ocamlfind.1.3.3+opam.tar.gz.\nExtracting /private/var/folders/f9/vtsr2sv53wn9h3fblk38vwdh0000gn/T/ocamlot/ocamlot.work.2013-06-26.168/opam-install/archives/ocamlfind.1.3.3+opam.tar.gz.\nBuilding ocamlfind.1.3.3:\n  ./configure -bindir /private/var/folders/f9/vtsr2sv53wn9h3fblk38vwdh0000gn/T/ocamlot/ocamlot.work.2013-06-26.168/opam-install/system/bin -sitelib /private/var/folders/f9/vtsr2sv53wn9h3fblk38vwdh0000gn/T/ocamlot/ocamlot.work.2013-06-26.168/opam-install/system/lib -mandir /private/var/folders/f9/vtsr2sv53wn9h3fblk38vwdh0000gn/T/ocamlot/ocamlot.work.2013-06-26.168/opam-install/system/man -config /private/var/folders/f9/vtsr2sv53wn9h3fblk38vwdh0000gn/T/ocamlot/ocamlot.work.2013-06-26.168/opam-install/system/lib/findlib.conf -no-topfind\n  make all\n  make opt\n  make install\n  ocamlfind remove dbm\nWelcome to findlib version 1.3.3\nConfiguring core...\nChecking for #remove_directory...\nTesting threading model...\nsysthread_supported: true\nTesting DLLs...\nConfiguring libraries...\nnative dynlink: found\nlabltk: not present\nocamlbuild: found\ncamlp4: using camlp4, style 310\ncompiler-libs: found\nConfiguration for dbm written to site-lib-src/dbm/META\nConfiguration for dynlink written to site-lib-src/dynlink/META\nConfiguration for graphics written to site-lib-src/graphics/META\nConfiguration for num written to site-lib-src/num/META\nConfiguration for num-top written to site-lib-src/num-top/META\nConfiguration for str written to site-lib-src/str/META\nConfiguration for threads written to site-lib-src/threads/META\nConfiguration for unix written to site-lib-src/unix/META\nConfiguration for stdlib written to site-lib-src/stdlib/META\nConfiguration for bigarray written to site-lib-src/bigarray/META\nConfiguration for camlp4 written to site-lib-src/camlp4/META\nConfiguration for ocamlbuild written to site-lib-src/ocamlbuild/META\nConfiguration for compiler-libs written to site-lib-src/compiler-libs/META\nDetecting compiler arguments: (extractor built) ok\n\nAbout the OCAML core installation:\n    Standard library:      /Users/avsm/ocamlot/worker/ocaml/4.01/lib/ocaml\n    Binaries:              /Users/avsm/ocamlot/worker/ocaml/4.01/bin\n    Manual pages:          /Users/avsm/ocamlot/worker/ocaml/4.01/man\n    Multi-threading type:  posix\nThe directory of site-specific packages will be\n    site-lib:              /private/var/folders/f9/vtsr2sv53wn9h3fblk38vwdh0000gn/T/ocamlot/ocamlot.work.2013-06-26.168/opam-install/system/lib\nThe configuration file is written to:\n    findlib config file:   /private/var/folders/f9/vtsr2sv53wn9h3fblk38vwdh0000gn/T/ocamlot/ocamlot.work.2013-06-26.168/opam-install/system/lib/findlib.conf\nSoftware will be installed:\n    Libraries:             in <site-lib>/findlib\n    Binaries:              /private/var/folders/f9/vtsr2sv53wn9h3fblk38vwdh0000gn/T/ocamlot/ocamlot.work.2013-06-26.168/opam-install/system/bin\n    Manual pages:          /private/var/folders/f9/vtsr2sv53wn9h3fblk38vwdh0000gn/T/ocamlot/ocamlot.work.2013-06-26.168/opam-install/system/man\n    topfind script:        omitted\nToolbox:                   no\n\nConfiguration has been written to Makefile.config\n\nYou can now do 'make all', and optionally 'make opt', to build ocamlfind.\nfor p in findlib; do ( cd src/$p; make all ); done\nMakefile:142: depend: No such file or directory\nocamllex fl_meta.mll\n22 states, 392 transitions, table size 1700 bytes\ncamlp4 pa_o.cmo pa_op.cmo pr_o.cmo -- -impl fl_metascanner.src -o fl_metascanner.ml\nocamldep *.ml *.mli >depend\nUSE_CYGPATH=\"0\"; \\\n\texport USE_CYGPATH; \\\n\tcat findlib_config.mlp | \\\n\t\t../../tools/patch '@CONFIGFILE@' '/private/var/folders/f9/vtsr2sv53wn9h3fblk38vwdh0000gn/T/ocamlot/ocamlot.work.2013-06-26.168/opam-install/system/lib/findlib.conf' | \\\n\t\t../../tools/patch '@STDLIB@' '/Users/avsm/ocamlot/worker/ocaml/4.01/lib/ocaml' | \\\n\t\tsed -e 's;@AUTOLINK@;true;g' \\\n\t\t    -e 's;@SYSTEM@;macosx;g' \\\n\t\t     >findlib_config.ml\nocamlc -I +compiler-libs -g -c findlib_config.ml\nocamlc -I +compiler-libs -g -c fl_split.ml\nocamlc -I +compiler-libs -g -c fl_metatoken.ml\nocamlc -I +compiler-libs -g -c fl_meta.ml\nocamlc -I +compiler-libs -c fl_metascanner.mli\nocamlc -I +compiler-libs -g -c fl_metascanner.ml\nocamlc -I +compiler-libs -c fl_topo.mli\nocamlc -I +compiler-libs -g -c fl_topo.ml\nFile \"fl_topo.ml\", line 283, characters 10-22:\nWarning 26: unused variable in_direction.\nFile \"fl_topo.ml\", line 219, characters 36-37:\nWarning 3: deprecated feature: operator (&); you should use (&&) instead\nocamlc -I +compiler-libs -c fl_package_base.mli\nocamlc -I +compiler-libs -g -c fl_package_base.ml\nocamlc -I +compiler-libs -c findlib.mli\nocamlc -I +compiler-libs -g -c findlib.ml\nocamlc -I +compiler-libs -g -c fl_args.ml\nocamlc -I +compiler-libs -a -o findlib.cma findlib_config.cmo fl_split.cmo fl_metatoken.cmo fl_meta.cmo fl_metascanner.cmo fl_topo.cmo fl_package_base.cmo findlib.cmo fl_args.cmo\nocamlc -I +compiler-libs -g -c ocaml_args.ml\nocamlc -I +compiler-libs -g -c frontend.ml\nocamlc -I +compiler-libs -custom -o ocamlfind -g findlib.cma unix.cma \\\n\t           ocaml_args.cmo frontend.cmo\nocamlc -I +compiler-libs -c topfind.mli\nocamlc -I +compiler-libs -g -c topfind.ml\nFile \"topfind.ml\", line 53, characters 10-19:\nWarning 26: unused variable stdlibdir.\nFile \"topfind.ml\", line 97, characters 11-12:\nWarning 26: unused variable d.\nocamlc -I +compiler-libs -a -o findlib_top.cma topfind.cmo\nUSE_CYGPATH=\"0\"; \\\n\texport USE_CYGPATH; \\\n\tcat topfind_rd1.p | \\\n\t\t../../tools/patch '@SITELIB@' '/private/var/folders/f9/vtsr2sv53wn9h3fblk38vwdh0000gn/T/ocamlot/ocamlot.work.2013-06-26.168/opam-install/system/lib' \\\n\t    \t    >topfind\nocamlc -I +compiler-libs -c num_top_printers.mli\nocamlc -I +compiler-libs -g -c num_top_printers.ml\nocamlc -I +compiler-libs -c num_top.mli\nocamlc -I +compiler-libs -g -c num_top.ml\nocamlc -I +compiler-libs -a -o num_top.cma num_top_printers.cmo num_top.cmo\nmake all-config\nUSE_CYGPATH=\"0\"; \\\n\texport USE_CYGPATH; \\\n\tcat findlib.conf.in | \\\n\t\ttools/patch '@SITELIB@' '/private/var/folders/f9/vtsr2sv53wn9h3fblk38vwdh0000gn/T/ocamlot/ocamlot.work.2013-06-26.168/opam-install/system/lib' >findlib.conf\nif ocamlc.opt >/dev/null 2>&1; then \\\n\t\techo 'ocamlc=\"ocamlc.opt\"' >>findlib.conf; \\\n\tfi\nif ocamlopt.opt >/dev/null 2>&1; then \\\n\t\techo 'ocamlopt=\"ocamlopt.opt\"' >>findlib.conf; \\\n\tfi\nif ocamldep.opt >/dev/null 2>&1; then \\\n\t\techo 'ocamldep=\"ocamldep.opt\"' >>findlib.conf; \\\n\tfi\nfor p in findlib; do ( cd src/$p; make opt ); done\nocamlopt -I +compiler-libs -c findlib_config.ml\nocamlopt -I +compiler-libs -c fl_split.ml\nocamlopt -I +compiler-libs -c fl_metatoken.ml\nocamlopt -I +compiler-libs -c fl_meta.ml\nocamlopt -I +compiler-libs -c fl_metascanner.ml\nocamlopt -I +compiler-libs -c fl_topo.ml\nFile \"fl_topo.ml\", line 283, characters 10-22:\nWarning 26: unused variable in_direction.\nFile \"fl_topo.ml\", line 219, characters 36-37:\nWarning 3: deprecated feature: operator (&); you should use (&&) instead\nocamlopt -I +compiler-libs -c fl_package_base.ml\nocamlopt -I +compiler-libs -c findlib.ml\nocamlopt -I +compiler-libs -c fl_args.ml\nocamlopt -I +compiler-libs -a -o findlib.cmxa findlib_config.cmx fl_split.cmx fl_metatoken.cmx fl_meta.cmx fl_metascanner.cmx fl_topo.cmx fl_package_base.cmx findlib.cmx fl_args.cmx\nocamlopt -I +compiler-libs -c ocaml_args.ml\nocamlopt -I +compiler-libs -c frontend.ml\nocamlopt -I +compiler-libs -o ocamlfind_opt findlib.cmxa unix.cmxa \\\n\t\t   ocaml_args.cmx frontend.cmx\nmkdir -p \"/private/var/folders/f9/vtsr2sv53wn9h3fblk38vwdh0000gn/T/ocamlot/ocamlot.work.2013-06-26.168/opam-install/system/bin\"\nmkdir -p \"/private/var/folders/f9/vtsr2sv53wn9h3fblk38vwdh0000gn/T/ocamlot/ocamlot.work.2013-06-26.168/opam-install/system/man\"\nfor p in findlib; do ( cd src/$p; make install ); done\nmkdir -p \"/private/var/folders/f9/vtsr2sv53wn9h3fblk38vwdh0000gn/T/ocamlot/ocamlot.work.2013-06-26.168/opam-install/system/lib/findlib\"\nmkdir -p \"/private/var/folders/f9/vtsr2sv53wn9h3fblk38vwdh0000gn/T/ocamlot/ocamlot.work.2013-06-26.168/opam-install/system/bin\"\ntest 0 -eq 0 || cp topfind \"/Users/avsm/ocamlot/worker/ocaml/4.01/lib/ocaml\"\nfiles=`../../tools/collect_files ../../Makefile.config findlib.cmi findlib.mli findlib.cma topfind.cmi topfind.mli fl_package_base.mli fl_package_base.cmi fl_metascanner.mli fl_metascanner.cmi fl_metatoken.cmi findlib_top.cma findlib.cmxa findlib.a META` && \\\n\tcp $files \"/private/var/folders/f9/vtsr2sv53wn9h3fblk38vwdh0000gn/T/ocamlot/ocamlot.work.2013-06-26.168/opam-install/system/lib/findlib\"\nf=\"ocamlfind\"; { test -f ocamlfind_opt && f=\"ocamlfind_opt\"; }; \\\n\tcp $f \"/private/var/folders/f9/vtsr2sv53wn9h3fblk38vwdh0000gn/T/ocamlot/ocamlot.work.2013-06-26.168/opam-install/system/bin/ocamlfind\"\n# the following \"if\" block is only needed for 4.00beta2\nif [ 1 -eq 0 -a -f \"/Users/avsm/ocamlot/worker/ocaml/4.01/lib/ocaml/compiler-libs/topdirs.cmi\" ]; then \\\n\t    cd \"/Users/avsm/ocamlot/worker/ocaml/4.01/lib/ocaml/compiler-libs/\"; \\\n\t    cp topdirs.cmi toploop.cmi \"/private/var/folders/f9/vtsr2sv53wn9h3fblk38vwdh0000gn/T/ocamlot/ocamlot.work.2013-06-26.168/opam-install/system/lib/findlib/\"; \\\n\tfi\nmake install-meta\nfor x in `ls site-lib-src`; do if [ \"$x\" != \"CVS\" -a -f \"site-lib-src/$x/META\" ]; then mkdir -p \"/private/var/folders/f9/vtsr2sv53wn9h3fblk38vwdh0000gn/T/ocamlot/ocamlot.work.2013-06-26.168/opam-install/system/lib/$x\"; cp site-lib-src/$x/META \"/private/var/folders/f9/vtsr2sv53wn9h3fblk38vwdh0000gn/T/ocamlot/ocamlot.work.2013-06-26.168/opam-install/system/lib/$x\"; fi; done\ncd src/findlib; make install-num-top\nmkdir -p \"/private/var/folders/f9/vtsr2sv53wn9h3fblk38vwdh0000gn/T/ocamlot/ocamlot.work.2013-06-26.168/opam-install/system/lib/num-top\"\ncp num_top.cma num_top.cmi num_top_printers.cmi \\\n\t\t\"/private/var/folders/f9/vtsr2sv53wn9h3fblk38vwdh0000gn/T/ocamlot/ocamlot.work.2013-06-26.168/opam-install/system/lib/num-top\"\nmake install-config\nmkdir -p \"`dirname \\\"/private/var/folders/f9/vtsr2sv53wn9h3fblk38vwdh0000gn/T/ocamlot/ocamlot.work.2013-06-26.168/opam-install/system/lib/findlib.conf\\\"`\"\ntest -f \"/private/var/folders/f9/vtsr2sv53wn9h3fblk38vwdh0000gn/T/ocamlot/ocamlot.work.2013-06-26.168/opam-install/system/lib/findlib.conf\" || cp findlib.conf \"/private/var/folders/f9/vtsr2sv53wn9h3fblk38vwdh0000gn/T/ocamlot/ocamlot.work.2013-06-26.168/opam-install/system/lib/findlib.conf\"\ncp tools/safe_camlp4 \"/private/var/folders/f9/vtsr2sv53wn9h3fblk38vwdh0000gn/T/ocamlot/ocamlot.work.2013-06-26.168/opam-install/system/bin\"\nmake install-doc\nmkdir -p /private/var/folders/f9/vtsr2sv53wn9h3fblk38vwdh0000gn/T/ocamlot/ocamlot.work.2013-06-26.168/opam-install/system/man/man1 /private/var/folders/f9/vtsr2sv53wn9h3fblk38vwdh0000gn/T/ocamlot/ocamlot.work.2013-06-26.168/opam-install/system/man/man3 /private/var/folders/f9/vtsr2sv53wn9h3fblk38vwdh0000gn/T/ocamlot/ocamlot.work.2013-06-26.168/opam-install/system/man/man5\ncp doc/ref-man/ocamlfind.1 /private/var/folders/f9/vtsr2sv53wn9h3fblk38vwdh0000gn/T/ocamlot/ocamlot.work.2013-06-26.168/opam-install/system/man/man1\ncp doc/ref-man/META.5 doc/ref-man/site-lib.5 doc/ref-man/findlib.conf.5 /private/var/folders/f9/vtsr2sv53wn9h3fblk38vwdh0000gn/T/ocamlot/ocamlot.work.2013-06-26.168/opam-install/system/man/man5\nocamlfind: [WARNING] You are removing the package from /private/var/folders/f9/vtsr2sv53wn9h3fblk38vwdh0000gn/T/ocamlot/ocamlot.work.2013-06-26.168/opam-install/system/lib/dbm but the currently visible package is at /Users/avsm/ocamlot/worker/ocaml/4.01/lib/ocaml; you may want to specify the -destdir option\nRemoved /private/var/folders/f9/vtsr2sv53wn9h3fblk38vwdh0000gn/T/ocamlot/ocamlot.work.2013-06-26.168/opam-install/system/lib/dbm\nInstalling ocamlfind.1.3.3.\n\n=-=-= Installing imagemagick.0.34 =-=-=\nDownloading http://www.linux-nantes.org/%7Efmonnier/OCaml/ImageMagick/downloads/OCaml-ImageMagick-0.34.tgz.\n  % Total    % Received % Xferd  Average Speed   Time    Time     Time  Current\n                                 Dload  Upload   Total   Spent    Left  Speed\n\r  0     0    0     0    0     0      0      0 --:--:-- --:--:-- --:--:--     0200\n\r100 64219  100 64219    0     0   108k      0 --:--:-- --:--:-- --:--:--  358k\nCreating /private/var/folders/f9/vtsr2sv53wn9h3fblk38vwdh0000gn/T/ocamlot/ocamlot.work.2013-06-26.168/opam-install/repo/ocamlot/archives/imagemagick.0.34+opam.tar.gz.\nExtracting /private/var/folders/f9/vtsr2sv53wn9h3fblk38vwdh0000gn/T/ocamlot/ocamlot.work.2013-06-26.168/opam-install/archives/imagemagick.0.34+opam.tar.gz.\nBuilding imagemagick.0.34:\n  make\n  make find_install\nmake: --prefix: Command not found\nmake: --libs: Command not found\nmake: --cflags: Command not found\nocamlc -c magick.mli\nocamlc -c magick.ml\ngcc -fPIC -c -I\"/Users/avsm/ocamlot/worker/ocaml/4.01/lib/ocaml\"  imagemagick_wrap.c\nimagemagick_wrap.c:60:32: error: magick/ImageMagick.h: No such file or directory\nimagemagick_wrap.c:74: error: expected '=', ',', ';', 'asm' or '__attribute__' before '*' token\nimagemagick_wrap.c: In function 'finalize_image':\nimagemagick_wrap.c:108: error: 'Image' undeclared (first use in this function)\nimagemagick_wrap.c:108: error: (Each undeclared identifier is reported only once\nimagemagick_wrap.c:108: error: for each function it appears in.)\nimagemagick_wrap.c:108: error: expected expression before ')' token\nimagemagick_wrap.c:110: error: expected expression before ')' token\nimagemagick_wrap.c: In function 'finalize_images_list':\nimagemagick_wrap.c:141: error: 'Image' undeclared (first use in this function)\nimagemagick_wrap.c:141: error: expected expression before ')' token\nimagemagick_wrap.c:144: error: expected expression before ')' token\nimagemagick_wrap.c: In function 'im_readimage':\nimagemagick_wrap.c:177: error: 'ExceptionInfo' undeclared (first use in this function)\nimagemagick_wrap.c:178: error: expected ';' before 'exception'\nimagemagick_wrap.c:180: error: 'ImageInfo' undeclared (first use in this function)\nimagemagick_wrap.c:181: error: 'image_info' undeclared (first use in this function)\nimagemagick_wrap.c:184: error: 'Image' undeclared (first use in this function)\nimagemagick_wrap.c:186: error: 'MagickFalse' undeclared (first use in this function)\nimagemagick_wrap.c:187: error: 'MagickTrue' undeclared (first use in this function)\nimagemagick_wrap.c:190: error: 'exception' undeclared (first use in this function)\nimagemagick_wrap.c:191: error: expected expression before ')' token\nimagemagick_wrap.c:198: error: 'UndefinedException' undeclared (first use in this function)\nimagemagick_wrap.c:199: error: expected expression before ')' token\nimagemagick_wrap.c:200: error: expected expression before ')' token\nimagemagick_wrap.c:208: error: expected expression before ')' token\nimagemagick_wrap.c: In function 'im_getimagecanvas':\nimagemagick_wrap.c:225: error: 'MaxTextExtent' undeclared (first use in this function)\nimagemagick_wrap.c:229: error: 'ExceptionInfo' undeclared (first use in this function)\nimagemagick_wrap.c:230: error: expected ';' before 'exception'\nimagemagick_wrap.c:232: error: 'ImageInfo' undeclared (first use in this function)\nimagemagick_wrap.c:233: error: 'image_info' undeclared (first use in this function)\nimagemagick_wrap.c:235: error: expected expression before ')' token\nimagemagick_wrap.c:256: error: 'Image' undeclared (first use in this function)\nimagemagick_wrap.c:258: error: 'MagickFalse' undeclared (first use in this function)\nimagemagick_wrap.c:259: error: 'MagickTrue' undeclared (first use in this function)\nimagemagick_wrap.c:262: error: 'exception' undeclared (first use in this function)\nimagemagick_wrap.c:267: error: 'UndefinedException' undeclared (first use in this function)\nimagemagick_wrap.c:269: error: expected expression before ')' token\nimagemagick_wrap.c:270: error: expected expression before ')' token\nimagemagick_wrap.c:278: error: expected expression before ')' token\nimagemagick_wrap.c: In function 'im_create_image':\nimagemagick_wrap.c:295: error: 'MaxTextExtent' undeclared (first use in this function)\nimagemagick_wrap.c:300: error: 'ExceptionInfo' undeclared (first use in this function)\nimagemagick_wrap.c:301: error: expected ';' before 'exception'\nimagemagick_wrap.c:303: error: 'ImageInfo' undeclared (first use in this function)\nimagemagick_wrap.c:304: error: 'image_info' undeclared (first use in this function)\nimagemagick_wrap.c:306: error: expected expression before ')' token\nimagemagick_wrap.c:317: error: 'Image' undeclared (first use in this function)\nimagemagick_wrap.c:319: error: 'MagickFalse' undeclared (first use in this function)\nimagemagick_wrap.c:320: error: 'MagickTrue' undeclared (first use in this function)\nimagemagick_wrap.c:323: error: 'exception' undeclared (first use in this function)\nimagemagick_wrap.c:328: error: 'UndefinedException' undeclared (first use in this function)\nimagemagick_wrap.c:330: error: expected expression before ')' token\nimagemagick_wrap.c:331: error: expected expression before ')' token\nimagemagick_wrap.c:339: error: expected expression before ')' token\nimagemagick_wrap.c: In function 'im_writeimage':\nimagemagick_wrap.c:619: error: 'Image' undeclared (first use in this function)\nimagemagick_wrap.c:620: error: 'image' undeclared (first use in this function)\nimagemagick_wrap.c:622: error: 'ImageInfo' undeclared (first use in this function)\nimagemagick_wrap.c:623: error: 'image_info' undeclared (first use in this function)\nimagemagick_wrap.c:625: error: 'MagickBooleanType' undeclared (first use in this function)\nimagemagick_wrap.c:626: error: expected ';' before 'ret'\nimagemagick_wrap.c:628: error: expected expression before ')' token\nimagemagick_wrap.c:631: error: expected expression before ')' token\nimagemagick_wrap.c:633: error: 'ret' undeclared (first use in this function)\nimagemagick_wrap.c:635: error: 'MagickFalse' undeclared (first use in this function)\nimagemagick_wrap.c: In function 'im_displayimages':\nimagemagick_wrap.c:653: error: 'Image' undeclared (first use in this function)\nimagemagick_wrap.c:654: error: 'image' undeclared (first use in this function)\nimagemagick_wrap.c:656: error: 'ImageInfo' undeclared (first use in this function)\nimagemagick_wrap.c:657: error: 'image_info' undeclared (first use in this function)\nimagemagick_wrap.c:659: error: 'MagickBooleanType' undeclared (first use in this function)\nimagemagick_wrap.c:660: error: expected ';' before 'ret'\nimagemagick_wrap.c:662: error: expected expression before ')' token\nimagemagick_wrap.c:664: error: expected expression before ')' token\nimagemagick_wrap.c:665: error: 'ret' undeclared (first use in this function)\nimagemagick_wrap.c:669: error: 'MagickFalse' undeclared (first use in this function)\nimagemagick_wrap.c: In function 'im_cloneimage':\nimagemagick_wrap.c:699: error: 'ExceptionInfo' undeclared (first use in this function)\nimagemagick_wrap.c:700: error: expected ';' before 'exception'\nimagemagick_wrap.c:702: error: 'exception' undeclared (first use in this function)\nimagemagick_wrap.c:705: error: 'Image' undeclared (first use in this function)\nimagemagick_wrap.c:708: error: expected expression before ')' token\nimagemagick_wrap.c:712: error: 'UndefinedException' undeclared (first use in this function)\nimagemagick_wrap.c:716: error: expected expression before ')' token\nimagemagick_wrap.c: In function 'imper_plasmaimage_native':\nimagemagick_wrap.c:758: error: 'MagickBooleanType' undeclared (first use in this function)\nimagemagick_wrap.c:759: error: expected ';' before 'ret'\nimagemagick_wrap.c:761: error: 'SegmentInfo' undeclared (first use in this function)\nimagemagick_wrap.c:762: error: expected ';' before 'segment_info'\nimagemagick_wrap.c:774: error: 'segment_info' undeclared (first use in this function)\nimagemagick_wrap.c:780: error: 'ret' undeclared (first use in this function)\nimagemagick_wrap.c:781: error: 'Image' undeclared (first use in this function)\nimagemagick_wrap.c:781: error: expected expression before ')' token\nimagemagick_wrap.c:787: error: 'MagickFalse' undeclared (first use in this function)\nimagemagick_wrap.c:791: error: expected expression before ')' token\nimagemagick_wrap.c: In function 'CompositeOperator_val':\nimagemagick_wrap.c:827: error: 'UndefinedCompositeOp' undeclared (first use in this function)\nimagemagick_wrap.c:828: error: 'NoCompositeOp' undeclared (first use in this function)\nimagemagick_wrap.c:829: error: 'AddCompositeOp' undeclared (first use in this function)\nimagemagick_wrap.c:830: error: 'AtopCompositeOp' undeclared (first use in this function)\nimagemagick_wrap.c:831: error: 'BlendCompositeOp' undeclared (first use in this function)\nimagemagick_wrap.c:832: error: 'BumpmapCompositeOp' undeclared (first use in this function)\nimagemagick_wrap.c:833: error: 'ClearCompositeOp' undeclared (first use in this function)\nimagemagick_wrap.c:834: error: 'ColorBurnCompositeOp' undeclared (first use in this function)\nimagemagick_wrap.c:835: error: 'ColorDodgeCompositeOp' undeclared (first use in this function)\nimagemagick_wrap.c:836: error: 'ColorizeCompositeOp' undeclared (first use in this function)\nimagemagick_wrap.c:837: error: 'CopyBlackCompositeOp' undeclared (first use in this function)\nimagemagick_wrap.c:838: error: 'CopyBlueCompositeOp' undeclared (first use in this function)\nimagemagick_wrap.c:839: error: 'CopyCompositeOp' undeclared (first use in this function)\nimagemagick_wrap.c:840: error: 'CopyCyanCompositeOp' undeclared (first use in this function)\nimagemagick_wrap.c:841: error: 'CopyGreenCompositeOp' undeclared (first use in this function)\nimagemagick_wrap.c:842: error: 'CopyMagentaCompositeOp' undeclared (first use in this function)\nimagemagick_wrap.c:843: error: 'CopyOpacityCompositeOp' undeclared (first use in this function)\nimagemagick_wrap.c:844: error: 'CopyRedCompositeOp' undeclared (first use in this function)\nimagemagick_wrap.c:845: error: 'CopyYellowCompositeOp' undeclared (first use in this function)\nimagemagick_wrap.c:846: error: 'DarkenCompositeOp' undeclared (first use in this function)\nimagemagick_wrap.c:847: error: 'DstAtopCompositeOp' undeclared (first use in this function)\nimagemagick_wrap.c:848: error: 'DstCompositeOp' undeclared (first use in this function)\nimagemagick_wrap.c:849: error: 'DstInCompositeOp' undeclared (first use in this function)\nimagemagick_wrap.c:850: error: 'DstOutCompositeOp' undeclared (first use in this function)\nimagemagick_wrap.c:851: error: 'DstOverCompositeOp' undeclared (first use in this function)\nimagemagick_wrap.c:852: error: 'DifferenceCompositeOp' undeclared (first use in this function)\nimagemagick_wrap.c:853: error: 'DisplaceCompositeOp' undeclared (first use in this function)\nimagemagick_wrap.c:854: error: 'DissolveCompositeOp' undeclared (first use in this function)\nimagemagick_wrap.c:855: error: 'ExclusionCompositeOp' undeclared (first use in this function)\nimagemagick_wrap.c:856: error: 'HardLightCompositeOp' undeclared (first use in this function)\nimagemagick_wrap.c:857: error: 'HueCompositeOp' undeclared (first use in this function)\nimagemagick_wrap.c:858: error: 'InCompositeOp' undeclared (first use in this function)\nimagemagick_wrap.c:859: error: 'LightenCompositeOp' undeclared (first use in this function)\nimagemagick_wrap.c:860: error: 'LuminizeCompositeOp' undeclared (first use in this function)\nimagemagick_wrap.c:861: error: 'MinusCompositeOp' undeclared (first use in this function)\nimagemagick_wrap.c:862: error: 'ModulateCompositeOp' undeclared (first use in this function)\nimagemagick_wrap.c:863: error: 'MultiplyCompositeOp' undeclared (first use in this function)\nimagemagick_wrap.c:864: error: 'OutCompositeOp' undeclared (first use in this function)\nimagemagick_wrap.c:865: error: 'OverCompositeOp' undeclared (first use in this function)\nimagemagick_wrap.c:866: error: 'OverlayCompositeOp' undeclared (first use in this function)\nimagemagick_wrap.c:867: error: 'PlusCompositeOp' undeclared (first use in this function)\nimagemagick_wrap.c:868: error: 'ReplaceCompositeOp' undeclared (first use in this function)\nimagemagick_wrap.c:869: error: 'SaturateCompositeOp' undeclared (first use in this function)\nimagemagick_wrap.c:870: error: 'ScreenCompositeOp' undeclared (first use in this function)\nimagemagick_wrap.c:871: error: 'SoftLightCompositeOp' undeclared (first use in this function)\nimagemagick_wrap.c:872: error: 'SrcAtopCompositeOp' undeclared (first use in this function)\nimagemagick_wrap.c:873: error: 'SrcCompositeOp' undeclared (first use in this function)\nimagemagick_wrap.c:874: error: 'SrcInCompositeOp' undeclared (first use in this function)\nimagemagick_wrap.c:875: error: 'SrcOutCompositeOp' undeclared (first use in this function)\nimagemagick_wrap.c:876: error: 'SrcOverCompositeOp' undeclared (first use in this function)\nimagemagick_wrap.c:877: error: 'SubtractCompositeOp' undeclared (first use in this function)\nimagemagick_wrap.c:878: error: 'ThresholdCompositeOp' undeclared (first use in this function)\nimagemagick_wrap.c:879: error: 'XorCompositeOp' undeclared (first use in this function)\nimagemagick_wrap.c: In function 'imper_compositeimage':\nimagemagick_wrap.c:909: error: 'MagickBooleanType' undeclared (first use in this function)\nimagemagick_wrap.c:910: error: expected ';' before 'ret'\nimagemagick_wrap.c:929: error: 'ret' undeclared (first use in this function)\nimagemagick_wrap.c:930: error: 'Image' undeclared (first use in this function)\nimagemagick_wrap.c:930: error: expected expression before ')' token\nimagemagick_wrap.c:937: error: 'MagickFalse' undeclared (first use in this function)\nimagemagick_wrap.c: In function 'imper_textureimage':\nimagemagick_wrap.c:966: error: 'MagickBooleanType' undeclared (first use in this function)\nimagemagick_wrap.c:967: error: expected ';' before 'ret'\nimagemagick_wrap.c:969: error: 'ret' undeclared (first use in this function)\nimagemagick_wrap.c:970: error: 'Image' undeclared (first use in this function)\nimagemagick_wrap.c:970: error: expected expression before ')' token\nimagemagick_wrap.c:974: error: 'MagickFalse' undeclared (first use in this function)\nimagemagick_wrap.c: In function 'imper_colorizeimage_native':\nimagemagick_wrap.c:1001: error: 'Image' undeclared (first use in this function)\nimagemagick_wrap.c:1002: error: 'new_image' undeclared (first use in this function)\nimagemagick_wrap.c:1004: error: 'ExceptionInfo' undeclared (first use in this function)\nimagemagick_wrap.c:1005: error: expected ';' before 'exception'\nimagemagick_wrap.c:1007: error: 'PixelPacket' undeclared (first use in this function)\nimagemagick_wrap.c:1008: error: expected ';' before 'target'\nimagemagick_wrap.c:1010: error: 'exception' undeclared (first use in this function)\nimagemagick_wrap.c:1012: error: 'target' undeclared (first use in this function)\nimagemagick_wrap.c:1012: error: 'Quantum' undeclared (first use in this function)\nimagemagick_wrap.c:1020: error: expected expression before ')' token\nimagemagick_wrap.c:1025: error: 'UndefinedException' undeclared (first use in this function)\nimagemagick_wrap.c:1035: error: expected expression before ')' token\nimagemagick_wrap.c: In function 'imper_acquireonepixel':\nimagemagick_wrap.c:1071: error: 'ExceptionInfo' undeclared (first use in this function)\nimagemagick_wrap.c:1072: error: expected ';' before 'exception'\nimagemagick_wrap.c:1074: error: 'PixelPacket' undeclared (first use in this function)\nimagemagick_wrap.c:1075: error: expected ';' before 'pixel'\nimagemagick_wrap.c:1077: error: 'exception' undeclared (first use in this function)\nimagemagick_wrap.c:1088: error: 'Image' undeclared (first use in this function)\nimagemagick_wrap.c:1088: error: expected expression before ')' token\nimagemagick_wrap.c:1091: error: 'pixel' undeclared (first use in this function)\nimagemagick_wrap.c:1094: error: 'UndefinedException' undeclared (first use in this function)\nimagemagick_wrap.c:1104: error: 'MaxMap' undeclared (first use in this function)\nimagemagick_wrap.c: In function 'imper_acquireonepixel_opacity':\nimagemagick_wrap.c:1134: error: 'ExceptionInfo' undeclared (first use in this function)\nimagemagick_wrap.c:1135: error: expected ';' before 'exception'\nimagemagick_wrap.c:1137: error: 'PixelPacket' undeclared (first use in this function)\nimagemagick_wrap.c:1138: error: expected ';' before 'pixel'\nimagemagick_wrap.c:1140: error: 'exception' undeclared (first use in this function)\nimagemagick_wrap.c:1151: error: 'Image' undeclared (first use in this function)\nimagemagick_wrap.c:1151: error: expected expression before ')' token\nimagemagick_wrap.c:1154: error: 'pixel' undeclared (first use in this function)\nimagemagick_wrap.c:1157: error: 'UndefinedException' undeclared (first use in this function)\nimagemagick_wrap.c: In function 'imper_ping_image_infos':\nimagemagick_wrap.c:1196: error: 'Image' undeclared (first use in this function)\nimagemagick_wrap.c:1196: error: '_image' undeclared (first use in this function)\nimagemagick_wrap.c:1198: error: 'ExceptionInfo' undeclared (first use in this function)\nimagemagick_wrap.c:1199: error: expected ';' before 'exception'\nimagemagick_wrap.c:1201: error: 'ImageInfo' undeclared (first use in this function)\nimagemagick_wrap.c:1202: error: 'image_info' undeclared (first use in this function)\nimagemagick_wrap.c:1207: error: 'MagickFalse' undeclared (first use in this function)\nimagemagick_wrap.c:1208: error: 'MagickTrue' undeclared (first use in this function)\nimagemagick_wrap.c:1211: error: 'exception' undeclared (first use in this function)\nimagemagick_wrap.c:1212: error: expected expression before ')' token\nimagemagick_wrap.c:1218: error: 'UndefinedException' undeclared (first use in this function)\nimagemagick_wrap.c:1228: warning: assignment makes pointer from integer without a cast\nimagemagick_wrap.c: In function 'imper_ping_image':\nimagemagick_wrap.c:1264: error: 'Image' undeclared (first use in this function)\nimagemagick_wrap.c:1264: error: '_image' undeclared (first use in this function)\nimagemagick_wrap.c:1266: error: 'ExceptionInfo' undeclared (first use in this function)\nimagemagick_wrap.c:1267: error: expected ';' before 'exception'\nimagemagick_wrap.c:1269: error: 'ImageInfo' undeclared (first use in this function)\nimagemagick_wrap.c:1270: error: 'image_info' undeclared (first use in this function)\nimagemagick_wrap.c:1272: error: 'MagickFalse' undeclared (first use in this function)\nimagemagick_wrap.c:1273: error: 'MagickTrue' undeclared (first use in this function)\nimagemagick_wrap.c:1276: error: 'exception' undeclared (first use in this function)\nimagemagick_wrap.c:1277: error: expected expression before ')' token\nimagemagick_wrap.c:1283: error: 'UndefinedException' undeclared (first use in this function)\nimagemagick_wrap.c: In function 'imper_getnumbercolors':\nimagemagick_wrap.c:1323: error: 'ExceptionInfo' undeclared (first use in this function)\nimagemagick_wrap.c:1323: error: expected ';' before 'exception'\nimagemagick_wrap.c:1330: error: 'exception' undeclared (first use in this function)\nimagemagick_wrap.c:1333: error: 'Image' undeclared (first use in this function)\nimagemagick_wrap.c:1333: error: expected expression before ')' token\nimagemagick_wrap.c:1338: error: 'UndefinedException' undeclared (first use in this function)\nimagemagick_wrap.c: In function 'imper_getimagehistogram':\nimagemagick_wrap.c:1357: error: 'ColorPacket' undeclared (first use in this function)\nimagemagick_wrap.c:1357: error: 'color_packet' undeclared (first use in this function)\nimagemagick_wrap.c:1362: error: 'ExceptionInfo' undeclared (first use in this function)\nimagemagick_wrap.c:1362: error: expected ';' before 'exception'\nimagemagick_wrap.c:1364: error: 'exception' undeclared (first use in this function)\nimagemagick_wrap.c:1367: error: 'Image' undeclared (first use in this function)\nimagemagick_wrap.c:1367: error: expected expression before ')' token\nimagemagick_wrap.c:1371: error: 'UndefinedException' undeclared (first use in this function)\nimagemagick_wrap.c: In function 'imper_getmaxcolormap':\nimagemagick_wrap.c:1393: error: 'MaxMap' undeclared (first use in this function)\nimagemagick_wrap.c: In function 'ImageType_val':\nimagemagick_wrap.c:1411: error: 'UndefinedType' undeclared (first use in this function)\nimagemagick_wrap.c:1412: error: 'BilevelType' undeclared (first use in this function)\nimagemagick_wrap.c:1413: error: 'GrayscaleType' undeclared (first use in this function)\nimagemagick_wrap.c:1414: error: 'GrayscaleMatteType' undeclared (first use in this function)\nimagemagick_wrap.c:1415: error: 'PaletteType' undeclared (first use in this function)\nimagemagick_wrap.c:1416: error: 'PaletteMatteType' undeclared (first use in this function)\nimagemagick_wrap.c:1417: error: 'TrueColorType' undeclared (first use in this function)\nimagemagick_wrap.c:1418: error: 'TrueColorMatteType' undeclared (first use in this function)\nimagemagick_wrap.c:1419: error: 'ColorSeparationType' undeclared (first use in this function)\nimagemagick_wrap.c:1420: error: 'ColorSeparationMatteType' undeclared (first use in this function)\nimagemagick_wrap.c:1421: error: 'OptimizeType' undeclared (first use in this function)\nimagemagick_wrap.c: At top level:\nimagemagick_wrap.c:1437: error: expected ')' before 'image_type'\nimagemagick_wrap.c: In function 'imper_getimagetype':\nimagemagick_wrap.c:1483: error: 'ExceptionInfo' undeclared (first use in this function)\nimagemagick_wrap.c:1483: error: expected ';' before 'exception'\nimagemagick_wrap.c:1485: error: 'ImageType' undeclared (first use in this function)\nimagemagick_wrap.c:1485: error: expected ';' before 'image_type'\nimagemagick_wrap.c:1488: error: 'exception' undeclared (first use in this function)\nimagemagick_wrap.c:1490: error: 'image_type' undeclared (first use in this function)\nimagemagick_wrap.c:1491: error: 'Image' undeclared (first use in this function)\nimagemagick_wrap.c:1491: error: expected expression before ')' token\nimagemagick_wrap.c:1494: error: 'UndefinedException' undeclared (first use in this function)\nimagemagick_wrap.c: In function 'imper_setimagetype':\nimagemagick_wrap.c:1520: error: 'MagickBooleanType' undeclared (first use in this function)\nimagemagick_wrap.c:1521: error: expected ';' before 'ret'\nimagemagick_wrap.c:1523: error: 'ret' undeclared (first use in this function)\nimagemagick_wrap.c:1524: error: 'Image' undeclared (first use in this function)\nimagemagick_wrap.c:1524: error: expected expression before ')' token\nimagemagick_wrap.c:1527: error: 'MagickFalse' undeclared (first use in this function)\nimagemagick_wrap.c: In function 'imper_setimagetype__':\nimagemagick_wrap.c:1542: error: 'MagickBooleanType' undeclared (first use in this function)\nimagemagick_wrap.c:1543: error: expected ';' before 'ret'\nimagemagick_wrap.c:1545: error: 'ret' undeclared (first use in this function)\nimagemagick_wrap.c:1546: error: 'Image' undeclared (first use in this function)\nimagemagick_wrap.c:1546: error: expected expression before ')' token\nimagemagick_wrap.c:1547: error: 'TrueColorMatteType' undeclared (first use in this function)\nimagemagick_wrap.c:1549: error: 'MagickFalse' undeclared (first use in this function)\nimagemagick_wrap.c: At top level:\nimagemagick_wrap.c:1572: error: expected ')' before '*' token\nimagemagick_wrap.c:1589: error: expected ')' before '*' token\nimagemagick_wrap.c: In function 'imper_affinetransformimage_native':\nimagemagick_wrap.c:1623: error: 'ExceptionInfo' undeclared (first use in this function)\nimagemagick_wrap.c:1624: error: expected ';' before 'exception'\nimagemagick_wrap.c:1626: error: 'AffineMatrix' undeclared (first use in this function)\nimagemagick_wrap.c:1627: error: expected ';' before 'affine_matrix'\nimagemagick_wrap.c:1629: error: 'Image' undeclared (first use in this function)\nimagemagick_wrap.c:1630: error: 'new_image' undeclared (first use in this function)\nimagemagick_wrap.c:1632: error: 'exception' undeclared (first use in this function)\nimagemagick_wrap.c:1635: error: 'affine_matrix' undeclared (first use in this function)\nimagemagick_wrap.c:1648: error: expected expression before ')' token\nimagemagick_wrap.c:1653: error: 'UndefinedException' undeclared (first use in this function)\nimagemagick_wrap.c:1665: error: expected expression before ')' token\nimagemagick_wrap.c: In function 'fun_affinetransformimage_native':\nimagemagick_wrap.c:1699: error: 'ExceptionInfo' undeclared (first use in this function)\nimagemagick_wrap.c:1700: error: expected ';' before 'exception'\nimagemagick_wrap.c:1702: error: 'AffineMatrix' undeclared (first use in this function)\nimagemagick_wrap.c:1703: error: expected ';' before 'affine_matrix'\nimagemagick_wrap.c:1705: error: 'exception' undeclared (first use in this function)\nimagemagick_wrap.c:1708: error: 'Image' undeclared (first use in this function)\nimagemagick_wrap.c:1710: error: 'affine_matrix' undeclared (first use in this function)\nimagemagick_wrap.c:1724: error: expected expression before ')' token\nimagemagick_wrap.c:1729: error: 'UndefinedException' undeclared (first use in this function)\nimagemagick_wrap.c:1733: error: expected expression before ')' token\nimagemagick_wrap.c: In function 'imper_setimageopacity':\nimagemagick_wrap.c:1768: error: 'Image' undeclared (first use in this function)\nimagemagick_wrap.c:1768: error: expected expression before ')' token\nimagemagick_wrap.c:1769: error: 'Quantum' undeclared (first use in this function)\nimagemagick_wrap.c: In function 'imper_getimagewidth':\nimagemagick_wrap.c:1786: error: 'Image' undeclared (first use in this function)\nimagemagick_wrap.c:1786: error: expected expression before ')' token\nimagemagick_wrap.c: In function 'imper_getimageheight':\nimagemagick_wrap.c:1801: error: 'Image' undeclared (first use in this function)\nimagemagick_wrap.c:1801: error: expected expression before ')' token\nimagemagick_wrap.c: In function 'imper_getimagedepth':\nimagemagick_wrap.c:1816: error: 'Image' undeclared (first use in this function)\nimagemagick_wrap.c:1816: error: expected expression before ')' token\nimagemagick_wrap.c: In function 'imper_getimagecolors':\nimagemagick_wrap.c:1831: error: 'Image' undeclared (first use in this function)\nimagemagick_wrap.c:1831: error: expected expression before ')' token\nimagemagick_wrap.c: In function 'imper_getimagecolorspace':\nimagemagick_wrap.c:1846: error: 'Image' undeclared (first use in this function)\nimagemagick_wrap.c:1846: error: expected expression before ')' token\nimagemagick_wrap.c: In function 'imper_getimagequality':\nimagemagick_wrap.c:1861: error: 'Image' undeclared (first use in this function)\nimagemagick_wrap.c:1861: error: expected expression before ')' token\nimagemagick_wrap.c: In function 'imper_setimagecolors':\nimagemagick_wrap.c:1879: error: 'Image' undeclared (first use in this function)\nimagemagick_wrap.c:1879: error: expected expression before ')' token\nimagemagick_wrap.c: In function 'imper_setcompressionquality':\nimagemagick_wrap.c:1896: error: 'Image' undeclared (first use in this function)\nimagemagick_wrap.c:1896: error: expected expression before ')' token\nimagemagick_wrap.c: In function 'imper_getimagemimetype':\nimagemagick_wrap.c:1915: error: 'Image' undeclared (first use in this function)\nimagemagick_wrap.c:1915: error: expected expression before ')' token\nimagemagick_wrap.c:1916: warning: assignment makes pointer from integer without a cast\nimagemagick_wrap.c: In function 'imper_getimagesize':\nimagemagick_wrap.c:1944: error: 'Image' undeclared (first use in this function)\nimagemagick_wrap.c:1944: error: expected expression before ')' token\nimagemagick_wrap.c:1945: error: expected expression before ')' token\nimagemagick_wrap.c: In function 'imper_isgrayimage':\nimagemagick_wrap.c:1967: error: 'MagickBooleanType' undeclared (first use in this function)\nimagemagick_wrap.c:1968: error: expected ';' before 'ret'\nimagemagick_wrap.c:1970: error: 'ExceptionInfo' undeclared (first use in this function)\nimagemagick_wrap.c:1971: error: expected ';' before 'exception'\nimagemagick_wrap.c:1973: error: 'exception' undeclared (first use in this function)\nimagemagick_wrap.c:1975: error: 'ret' undeclared (first use in this function)\nimagemagick_wrap.c:1975: error: 'Image' undeclared (first use in this function)\nimagemagick_wrap.c:1975: error: expected expression before ')' token\nimagemagick_wrap.c:1977: error: 'UndefinedException' undeclared (first use in this function)\nimagemagick_wrap.c:1983: error: 'MagickTrue' undeclared (first use in this function)\nimagemagick_wrap.c: In function 'imper_ismonochromeimage':\nimagemagick_wrap.c:2000: error: 'MagickBooleanType' undeclared (first use in this function)\nimagemagick_wrap.c:2001: error: expected ';' before 'ret'\nimagemagick_wrap.c:2003: error: 'ExceptionInfo' undeclared (first use in this function)\nimagemagick_wrap.c:2004: error: expected ';' before 'exception'\nimagemagick_wrap.c:2006: error: 'exception' undeclared (first use in this function)\nimagemagick_wrap.c:2008: error: 'ret' undeclared (first use in this function)\nimagemagick_wrap.c:2008: error: 'Image' undeclared (first use in this function)\nimagemagick_wrap.c:2008: error: expected expression before ')' token\nimagemagick_wrap.c:2010: error: 'UndefinedException' undeclared (first use in this function)\nimagemagick_wrap.c:2016: error: 'MagickTrue' undeclared (first use in this function)\nimagemagick_wrap.c: In function 'imper_isopaqueimage':\nimagemagick_wrap.c:2033: error: 'MagickBooleanType' undeclared (first use in this function)\nimagemagick_wrap.c:2034: error: expected ';' before 'ret'\nimagemagick_wrap.c:2036: error: 'ExceptionInfo' undeclared (first use in this function)\nimagemagick_wrap.c:2037: error: expected ';' before 'exception'\nimagemagick_wrap.c:2039: error: 'exception' undeclared (first use in this function)\nimagemagick_wrap.c:2041: error: 'ret' undeclared (first use in this function)\nimagemagick_wrap.c:2041: error: 'Image' undeclared (first use in this function)\nimagemagick_wrap.c:2041: error: expected expression before ')' token\nimagemagick_wrap.c:2043: error: 'UndefinedException' undeclared (first use in this function)\nimagemagick_wrap.c:2049: error: 'MagickTrue' undeclared (first use in this function)\nimagemagick_wrap.c: In function 'imper_ispaletteimage':\nimagemagick_wrap.c:2066: error: 'MagickBooleanType' undeclared (first use in this function)\nimagemagick_wrap.c:2067: error: expected ';' before 'ret'\nimagemagick_wrap.c:2069: error: 'ExceptionInfo' undeclared (first use in this function)\nimagemagick_wrap.c:2070: error: expected ';' before 'exception'\nimagemagick_wrap.c:2072: error: 'exception' undeclared (first use in this function)\nimagemagick_wrap.c:2074: error: 'ret' undeclared (first use in this function)\nimagemagick_wrap.c:2074: error: 'Image' undeclared (first use in this function)\nimagemagick_wrap.c:2074: error: expected expression before ')' token\nimagemagick_wrap.c:2076: error: 'UndefinedException' undeclared (first use in this function)\nimagemagick_wrap.c:2082: error: 'MagickTrue' undeclared (first use in this function)\nimagemagick_wrap.c: In function 'imper_istaintimage':\nimagemagick_wrap.c:2099: error: 'MagickBooleanType' undeclared (first use in this function)\nimagemagick_wrap.c:2100: error: expected ';' before 'ret'\nimagemagick_wrap.c:2102: error: 'ret' undeclared (first use in this function)\nimagemagick_wrap.c:2102: error: 'Image' undeclared (first use in this function)\nimagemagick_wrap.c:2102: error: expected expression before ')' token\nimagemagick_wrap.c:2104: error: 'MagickTrue' undeclared (first use in this function)\nimagemagick_wrap.c: In function 'imper_isimagesequal':\nimagemagick_wrap.c:2126: error: 'MagickBooleanType' undeclared (first use in this function)\nimagemagick_wrap.c:2127: error: expected ';' before 'ret'\nimagemagick_wrap.c:2129: error: 'ret' undeclared (first use in this function)\nimagemagick_wrap.c:2130: error: 'Image' undeclared (first use in this function)\nimagemagick_wrap.c:2130: error: expected expression before ')' token\nimagemagick_wrap.c:2135: error: 'MagickTrue' undeclared (first use in this function)\nimagemagick_wrap.c:2141: error: 'image' undeclared (first use in this function)\nimagemagick_wrap.c:2142: error: expected expression before ')' token\nimagemagick_wrap.c: In function 'imper_getmagickcopyright':\nimagemagick_wrap.c:2182: warning: assignment makes pointer from integer without a cast\nimagemagick_wrap.c: In function 'imper_getmagickhomeurl':\nimagemagick_wrap.c:2196: warning: passing argument 1 of 'caml_copy_string' makes pointer from integer without a cast\nimagemagick_wrap.c: In function 'imper_getmagickquantumdepth':\nimagemagick_wrap.c:2216: warning: assignment makes pointer from integer without a cast\nimagemagick_wrap.c:2218: warning: cast from pointer to integer of different size\nimagemagick_wrap.c: In function 'imper_getmagickquantumrange':\nimagemagick_wrap.c:2244: warning: assignment makes pointer from integer without a cast\nimagemagick_wrap.c:2246: warning: cast from pointer to integer of different size\nimagemagick_wrap.c: In function 'imper_getmagickreleasedate':\nimagemagick_wrap.c:2266: warning: passing argument 1 of 'caml_copy_string' makes pointer from integer without a cast\nimagemagick_wrap.c: In function 'imper_getmagickversion':\nimagemagick_wrap.c:2284: warning: assignment makes pointer from integer without a cast\nimagemagick_wrap.c: In function 'LineCap_val':\nimagemagick_wrap.c:2351: error: 'UndefinedCap' undeclared (first use in this function)\nimagemagick_wrap.c:2352: error: 'ButtCap' undeclared (first use in this function)\nimagemagick_wrap.c:2353: error: 'RoundCap' undeclared (first use in this function)\nimagemagick_wrap.c:2354: error: 'SquareCap' undeclared (first use in this function)\nimagemagick_wrap.c: In function 'LineJoin_val':\nimagemagick_wrap.c:2377: error: 'UndefinedJoin' undeclared (first use in this function)\nimagemagick_wrap.c:2378: error: 'MiterJoin' undeclared (first use in this function)\nimagemagick_wrap.c:2379: error: 'RoundJoin' undeclared (first use in this function)\nimagemagick_wrap.c:2380: error: 'BevelJoin' undeclared (first use in this function)\nimagemagick_wrap.c: At top level:\nimagemagick_wrap.c:2394: error: expected ')' before '*' token\nimagemagick_wrap.c: In function 'imper_querycolordatabase':\nimagemagick_wrap.c:2432: error: 'ExceptionInfo' undeclared (first use in this function)\nimagemagick_wrap.c:2433: error: expected ';' before 'exception'\nimagemagick_wrap.c:2435: error: 'MagickBooleanType' undeclared (first use in this function)\nimagemagick_wrap.c:2436: error: expected ';' before 'ret'\nimagemagick_wrap.c:2438: error: 'PixelPacket' undeclared (first use in this function)\nimagemagick_wrap.c:2439: error: expected ';' before 'color'\nimagemagick_wrap.c:2441: error: 'MagickFalse' undeclared (first use in this function)\nimagemagick_wrap.c:2442: error: 'MagickTrue' undeclared (first use in this function)\nimagemagick_wrap.c:2445: error: 'exception' undeclared (first use in this function)\nimagemagick_wrap.c:2448: error: 'ret' undeclared (first use in this function)\nimagemagick_wrap.c:2450: error: 'color' undeclared (first use in this function)\nimagemagick_wrap.c:2458: error: 'UndefinedException' undeclared (first use in this function)\nimagemagick_wrap.c: In function 'imper_draw_point_native':\nimagemagick_wrap.c:2627: error: 'MagickBooleanType' undeclared (first use in this function)\nimagemagick_wrap.c:2628: error: expected ';' before 'ret'\nimagemagick_wrap.c:2630: error: 'ImageInfo' undeclared (first use in this function)\nimagemagick_wrap.c:2631: error: 'image_info' undeclared (first use in this function)\nimagemagick_wrap.c:2633: error: 'DrawInfo' undeclared (first use in this function)\nimagemagick_wrap.c:2634: error: 'draw_info' undeclared (first use in this function)\nimagemagick_wrap.c:2637: error: expected expression before ')' token\nimagemagick_wrap.c:2639: error: expected expression before ')' token\nimagemagick_wrap.c:2649: error: 'PixelPacket' undeclared (first use in this function)\nimagemagick_wrap.c:2650: error: expected ';' before 'fill'\nimagemagick_wrap.c:2652: error: 'fill' undeclared (first use in this function)\nimagemagick_wrap.c:2652: error: 'Quantum' undeclared (first use in this function)\nimagemagick_wrap.c:2660: error: 'MaxTextExtent' undeclared (first use in this function)\nimagemagick_wrap.c:2667: error: 'ret' undeclared (first use in this function)\nimagemagick_wrap.c:2667: error: 'Image' undeclared (first use in this function)\nimagemagick_wrap.c:2667: error: expected expression before ')' token\nimagemagick_wrap.c:2669: error: 'MagickFalse' undeclared (first use in this function)\nimagemagick_wrap.c: In function 'imper_draw_line_native':\nimagemagick_wrap.c:2727: error: 'MagickBooleanType' undeclared (first use in this function)\nimagemagick_wrap.c:2728: error: expected ';' before 'ret'\nimagemagick_wrap.c:2730: error: 'ImageInfo' undeclared (first use in this function)\nimagemagick_wrap.c:2731: error: 'image_info' undeclared (first use in this function)\nimagemagick_wrap.c:2733: error: 'DrawInfo' undeclared (first use in this function)\nimagemagick_wrap.c:2734: error: 'draw_info' undeclared (first use in this function)\nimagemagick_wrap.c:2737: error: expected expression before ')' token\nimagemagick_wrap.c:2739: error: expected expression before ')' token\nimagemagick_wrap.c:2749: error: 'PixelPacket' undeclared (first use in this function)\nimagemagick_wrap.c:2750: error: expected ';' before 'fill'\nimagemagick_wrap.c:2752: error: 'fill' undeclared (first use in this function)\nimagemagick_wrap.c:2752: error: 'Quantum' undeclared (first use in this function)\nimagemagick_wrap.c:2761: error: expected ';' before 'stroke'\nimagemagick_wrap.c:2763: error: 'stroke' undeclared (first use in this function)\nimagemagick_wrap.c:2787: error: 'MaxTextExtent' undeclared (first use in this function)\nimagemagick_wrap.c:2798: error: 'ret' undeclared (first use in this function)\nimagemagick_wrap.c:2798: error: 'Image' undeclared (first use in this function)\nimagemagick_wrap.c:2798: error: expected expression before ')' token\nimagemagick_wrap.c:2800: error: 'MagickFalse' undeclared (first use in this function)\nimagemagick_wrap.c: In function 'imper_draw_rectangle_native':\nimagemagick_wrap.c:2865: error: 'MagickBooleanType' undeclared (first use in this function)\nimagemagick_wrap.c:2866: error: expected ';' before 'ret'\nimagemagick_wrap.c:2868: error: 'ImageInfo' undeclared (first use in this function)\nimagemagick_wrap.c:2869: error: 'image_info' undeclared (first use in this function)\nimagemagick_wrap.c:2871: error: 'DrawInfo' undeclared (first use in this function)\nimagemagick_wrap.c:2872: error: 'draw_info' undeclared (first use in this function)\nimagemagick_wrap.c:2875: error: expected expression before ')' token\nimagemagick_wrap.c:2877: error: expected expression before ')' token\nimagemagick_wrap.c:2887: error: 'PixelPacket' undeclared (first use in this function)\nimagemagick_wrap.c:2888: error: expected ';' before 'fill'\nimagemagick_wrap.c:2890: error: 'fill' undeclared (first use in this function)\nimagemagick_wrap.c:2890: error: 'Quantum' undeclared (first use in this function)\nimagemagick_wrap.c:2899: error: expected ';' before 'stroke'\nimagemagick_wrap.c:2901: error: 'stroke' undeclared (first use in this function)\nimagemagick_wrap.c:2930: error: 'AffineMatrix' undeclared (first use in this function)\nimagemagick_wrap.c:2930: error: expected ';' before 'affine'\nimagemagick_wrap.c:2931: error: 'affine' undeclared (first use in this function)\nimagemagick_wrap.c:2940: error: 'MaxTextExtent' undeclared (first use in this function)\nimagemagick_wrap.c:2951: error: 'ret' undeclared (first use in this function)\nimagemagick_wrap.c:2951: error: 'Image' undeclared (first use in this function)\nimagemagick_wrap.c:2951: error: expected expression before ')' token\nimagemagick_wrap.c:2953: error: 'MagickFalse' undeclared (first use in this function)\nimagemagick_wrap.c: In function 'imper_draw_roundrectangle_native':\nimagemagick_wrap.c:3020: error: 'MagickBooleanType' undeclared (first use in this function)\nimagemagick_wrap.c:3021: error: expected ';' before 'ret'\nimagemagick_wrap.c:3023: error: 'ImageInfo' undeclared (first use in this function)\nimagemagick_wrap.c:3024: error: 'image_info' undeclared (first use in this function)\nimagemagick_wrap.c:3026: error: 'DrawInfo' undeclared (first use in this function)\nimagemagick_wrap.c:3027: error: 'draw_info' undeclared (first use in this function)\nimagemagick_wrap.c:3030: error: expected expression before ')' token\nimagemagick_wrap.c:3032: error: expected expression before ')' token\nimagemagick_wrap.c:3042: error: 'PixelPacket' undeclared (first use in this function)\nimagemagick_wrap.c:3043: error: expected ';' before 'fill'\nimagemagick_wrap.c:3045: error: 'fill' undeclared (first use in this function)\nimagemagick_wrap.c:3045: error: 'Quantum' undeclared (first use in this function)\nimagemagick_wrap.c:3054: error: expected ';' before 'stroke'\nimagemagick_wrap.c:3056: error: 'stroke' undeclared (first use in this function)\nimagemagick_wrap.c:3076: error: 'AffineMatrix' undeclared (first use in this function)\nimagemagick_wrap.c:3076: error: expected ';' before 'affine'\nimagemagick_wrap.c:3077: error: 'affine' undeclared (first use in this function)\nimagemagick_wrap.c:3087: error: 'MaxTextExtent' undeclared (first use in this function)\nimagemagick_wrap.c:3098: error: 'ret' undeclared (first use in this function)\nimagemagick_wrap.c:3098: error: 'Image' undeclared (first use in this function)\nimagemagick_wrap.c:3098: error: expected expression before ')' token\nimagemagick_wrap.c:3100: error: 'MagickFalse' undeclared (first use in this function)\nimagemagick_wrap.c: In function 'imper_draw_arc_native':\nimagemagick_wrap.c:3168: error: 'MagickBooleanType' undeclared (first use in this function)\nimagemagick_wrap.c:3169: error: expected ';' before 'ret'\nimagemagick_wrap.c:3171: error: 'ImageInfo' undeclared (first use in this function)\nimagemagick_wrap.c:3172: error: 'image_info' undeclared (first use in this function)\nimagemagick_wrap.c:3174: error: 'DrawInfo' undeclared (first use in this function)\nimagemagick_wrap.c:3175: error: 'draw_info' undeclared (first use in this function)\nimagemagick_wrap.c:3178: error: expected expression before ')' token\nimagemagick_wrap.c:3180: error: expected expression before ')' token\nimagemagick_wrap.c:3190: error: 'PixelPacket' undeclared (first use in this function)\nimagemagick_wrap.c:3191: error: expected ';' before 'fill'\nimagemagick_wrap.c:3193: error: 'fill' undeclared (first use in this function)\nimagemagick_wrap.c:3193: error: 'Quantum' undeclared (first use in this function)\nimagemagick_wrap.c:3202: error: expected ';' before 'stroke'\nimagemagick_wrap.c:3204: error: 'stroke' undeclared (first use in this function)\nimagemagick_wrap.c:3227: error: 'AffineMatrix' undeclared (first use in this function)\nimagemagick_wrap.c:3227: error: expected ';' before 'affine'\nimagemagick_wrap.c:3228: error: 'affine' undeclared (first use in this function)\nimagemagick_wrap.c:3238: error: 'MaxTextExtent' undeclared (first use in this function)\nimagemagick_wrap.c:3249: error: 'ret' undeclared (first use in this function)\nimagemagick_wrap.c:3249: error: 'Image' undeclared (first use in this function)\nimagemagick_wrap.c:3249: error: expected expression before ')' token\nimagemagick_wrap.c:3251: error: 'MagickFalse' undeclared (first use in this function)\nimagemagick_wrap.c: In function 'imper_draw_circle_native':\nimagemagick_wrap.c:3317: error: 'MagickBooleanType' undeclared (first use in this function)\nimagemagick_wrap.c:3318: error: expected ';' before 'ret'\nimagemagick_wrap.c:3320: error: 'ImageInfo' undeclared (first use in this function)\nimagemagick_wrap.c:3321: error: 'image_info' undeclared (first use in this function)\nimagemagick_wrap.c:3323: error: 'DrawInfo' undeclared (first use in this function)\nimagemagick_wrap.c:3324: error: 'draw_info' undeclared (first use in this function)\nimagemagick_wrap.c:3327: error: expected expression before ')' token\nimagemagick_wrap.c:3329: error: expected expression before ')' token\nimagemagick_wrap.c:3339: error: 'PixelPacket' undeclared (first use in this function)\nimagemagick_wrap.c:3340: error: expected ';' before 'fill'\nimagemagick_wrap.c:3342: error: 'fill' undeclared (first use in this function)\nimagemagick_wrap.c:3342: error: 'Quantum' undeclared (first use in this function)\nimagemagick_wrap.c:3351: error: expected ';' before 'stroke'\nimagemagick_wrap.c:3353: error: 'stroke' undeclared (first use in this function)\nimagemagick_wrap.c:3374: error: 'AffineMatrix' undeclared (first use in this function)\nimagemagick_wrap.c:3374: error: expected ';' before 'affine'\nimagemagick_wrap.c:3375: error: 'affine' undeclared (first use in this function)\nimagemagick_wrap.c:3385: error: 'MaxTextExtent' undeclared (first use in this function)\nimagemagick_wrap.c:3396: error: 'ret' undeclared (first use in this function)\nimagemagick_wrap.c:3396: error: 'Image' undeclared (first use in this function)\nimagemagick_wrap.c:3396: error: expected expression before ')' token\nimagemagick_wrap.c:3398: error: 'MagickFalse' undeclared (first use in this function)\nimagemagick_wrap.c: In function 'imper_draw_ellipse_native':\nimagemagick_wrap.c:3466: error: 'MagickBooleanType' undeclared (first use in this function)\nimagemagick_wrap.c:3467: error: expected ';' before 'ret'\nimagemagick_wrap.c:3469: error: 'ImageInfo' undeclared (first use in this function)\nimagemagick_wrap.c:3470: error: 'image_info' undeclared (first use in this function)\nimagemagick_wrap.c:3472: error: 'DrawInfo' undeclared (first use in this function)\nimagemagick_wrap.c:3473: error: 'draw_info' undeclared (first use in this function)\nimagemagick_wrap.c:3476: error: expected expression before ')' token\nimagemagick_wrap.c:3478: error: expected expression before ')' token\nimagemagick_wrap.c:3488: error: 'PixelPacket' undeclared (first use in this function)\nimagemagick_wrap.c:3489: error: expected ';' before 'fill'\nimagemagick_wrap.c:3491: error: 'fill' undeclared (first use in this function)\nimagemagick_wrap.c:3491: error: 'Quantum' undeclared (first use in this function)\nimagemagick_wrap.c:3500: error: expected ';' before 'stroke'\nimagemagick_wrap.c:3502: error: 'stroke' undeclared (first use in this function)\nimagemagick_wrap.c:3523: error: 'AffineMatrix' undeclared (first use in this function)\nimagemagick_wrap.c:3523: error: expected ';' before 'affine'\nimagemagick_wrap.c:3524: error: 'affine' undeclared (first use in this function)\nimagemagick_wrap.c:3534: error: 'MaxTextExtent' undeclared (first use in this function)\nimagemagick_wrap.c:3545: error: 'ret' undeclared (first use in this function)\nimagemagick_wrap.c:3545: error: 'Image' undeclared (first use in this function)\nimagemagick_wrap.c:3545: error: expected expression before ')' token\nimagemagick_wrap.c:3547: error: 'MagickFalse' undeclared (first use in this function)\nimagemagick_wrap.c: In function 'imper_draw_polyline_native':\nimagemagick_wrap.c:3617: error: 'MagickBooleanType' undeclared (first use in this function)\nimagemagick_wrap.c:3618: error: expected ';' before 'ret'\nimagemagick_wrap.c:3620: error: 'ImageInfo' undeclared (first use in this function)\nimagemagick_wrap.c:3621: error: 'image_info' undeclared (first use in this function)\nimagemagick_wrap.c:3623: error: 'DrawInfo' undeclared (first use in this function)\nimagemagick_wrap.c:3624: error: 'draw_info' undeclared (first use in this function)\nimagemagick_wrap.c:3630: error: expected expression before ')' token\nimagemagick_wrap.c:3632: error: expected expression before ')' token\nimagemagick_wrap.c:3642: error: 'PixelPacket' undeclared (first use in this function)\nimagemagick_wrap.c:3643: error: expected ';' before 'fill'\nimagemagick_wrap.c:3645: error: 'fill' undeclared (first use in this function)\nimagemagick_wrap.c:3645: error: 'Quantum' undeclared (first use in this function)\nimagemagick_wrap.c:3654: error: expected ';' before 'stroke'\nimagemagick_wrap.c:3656: error: 'stroke' undeclared (first use in this function)\nimagemagick_wrap.c:3681: error: 'AffineMatrix' undeclared (first use in this function)\nimagemagick_wrap.c:3681: error: expected ';' before 'affine'\nimagemagick_wrap.c:3682: error: 'affine' undeclared (first use in this function)\nimagemagick_wrap.c:3692: error: 'MaxTextExtent' undeclared (first use in this function)\nimagemagick_wrap.c:3715: error: 'ret' undeclared (first use in this function)\nimagemagick_wrap.c:3715: error: 'Image' undeclared (first use in this function)\nimagemagick_wrap.c:3715: error: expected expression before ')' token\nimagemagick_wrap.c:3717: error: 'MagickFalse' undeclared (first use in this function)\nimagemagick_wrap.c: In function 'imper_draw_polygon_native':\nimagemagick_wrap.c:3783: error: 'MagickBooleanType' undeclared (first use in this function)\nimagemagick_wrap.c:3784: error: expected ';' before 'ret'\nimagemagick_wrap.c:3786: error: 'ImageInfo' undeclared (first use in this function)\nimagemagick_wrap.c:3787: error: 'image_info' undeclared (first use in this function)\nimagemagick_wrap.c:3789: error: 'DrawInfo' undeclared (first use in this function)\nimagemagick_wrap.c:3790: error: 'draw_info' undeclared (first use in this function)\nimagemagick_wrap.c:3796: error: expected expression before ')' token\nimagemagick_wrap.c:3798: error: expected expression before ')' token\nimagemagick_wrap.c:3808: error: 'PixelPacket' undeclared (first use in this function)\nimagemagick_wrap.c:3809: error: expected ';' before 'fill'\nimagemagick_wrap.c:3811: error: 'fill' undeclared (first use in this function)\nimagemagick_wrap.c:3811: error: 'Quantum' undeclared (first use in this function)\nimagemagick_wrap.c:3820: error: expected ';' before 'stroke'\nimagemagick_wrap.c:3822: error: 'stroke' undeclared (first use in this function)\nimagemagick_wrap.c:3846: error: 'AffineMatrix' undeclared (first use in this function)\nimagemagick_wrap.c:3846: error: expected ';' before 'affine'\nimagemagick_wrap.c:3847: error: 'affine' undeclared (first use in this function)\nimagemagick_wrap.c:3857: error: 'MaxTextExtent' undeclared (first use in this function)\nimagemagick_wrap.c:3881: error: 'ret' undeclared (first use in this function)\nimagemagick_wrap.c:3881: error: 'Image' undeclared (first use in this function)\nimagemagick_wrap.c:3881: error: expected expression before ')' token\nimagemagick_wrap.c:3883: error: 'MagickFalse' undeclared (first use in this function)\nimagemagick_wrap.c: In function 'imper_draw_bezier_native':\nimagemagick_wrap.c:3949: error: 'MagickBooleanType' undeclared (first use in this function)\nimagemagick_wrap.c:3950: error: expected ';' before 'ret'\nimagemagick_wrap.c:3952: error: 'ImageInfo' undeclared (first use in this function)\nimagemagick_wrap.c:3953: error: 'image_info' undeclared (first use in this function)\nimagemagick_wrap.c:3955: error: 'DrawInfo' undeclared (first use in this function)\nimagemagick_wrap.c:3956: error: 'draw_info' undeclared (first use in this function)\nimagemagick_wrap.c:3962: error: expected expression before ')' token\nimagemagick_wrap.c:3964: error: expected expression before ')' token\nimagemagick_wrap.c:3974: error: 'PixelPacket' undeclared (first use in this function)\nimagemagick_wrap.c:3975: error: expected ';' before 'fill'\nimagemagick_wrap.c:3977: error: 'fill' undeclared (first use in this function)\nimagemagick_wrap.c:3977: error: 'Quantum' undeclared (first use in this function)\nimagemagick_wrap.c:3986: error: expected ';' before 'stroke'\nimagemagick_wrap.c:3988: error: 'stroke' undeclared (first use in this function)\nimagemagick_wrap.c:4012: error: 'AffineMatrix' undeclared (first use in this function)\nimagemagick_wrap.c:4012: error: expected ';' before 'affine'\nimagemagick_wrap.c:4013: error: 'affine' undeclared (first use in this function)\nimagemagick_wrap.c:4023: error: 'MaxTextExtent' undeclared (first use in this function)\nimagemagick_wrap.c:4047: error: 'ret' undeclared (first use in this function)\nimagemagick_wrap.c:4047: error: 'Image' undeclared (first use in this function)\nimagemagick_wrap.c:4047: error: expected expression before ')' token\nimagemagick_wrap.c:4049: error: 'MagickFalse' undeclared (first use in this function)\nimagemagick_wrap.c: In function 'imper_draw_path_native':\nimagemagick_wrap.c:4117: error: 'MagickBooleanType' undeclared (first use in this function)\nimagemagick_wrap.c:4118: error: expected ';' before 'ret'\nimagemagick_wrap.c:4120: error: 'ImageInfo' undeclared (first use in this function)\nimagemagick_wrap.c:4121: error: 'image_info' undeclared (first use in this function)\nimagemagick_wrap.c:4123: error: 'DrawInfo' undeclared (first use in this function)\nimagemagick_wrap.c:4124: error: 'draw_info' undeclared (first use in this function)\nimagemagick_wrap.c:4127: error: expected expression before ')' token\nimagemagick_wrap.c:4129: error: expected expression before ')' token\nimagemagick_wrap.c:4140: error: 'PixelPacket' undeclared (first use in this function)\nimagemagick_wrap.c:4141: error: expected ';' before 'fill'\nimagemagick_wrap.c:4143: error: 'fill' undeclared (first use in this function)\nimagemagick_wrap.c:4143: error: 'Quantum' undeclared (first use in this function)\nimagemagick_wrap.c:4152: error: expected ';' before 'stroke'\nimagemagick_wrap.c:4154: error: 'stroke' undeclared (first use in this function)\nimagemagick_wrap.c:4180: error: 'AffineMatrix' undeclared (first use in this function)\nimagemagick_wrap.c:4180: error: expected ';' before 'affine'\nimagemagick_wrap.c:4181: error: 'affine' undeclared (first use in this function)\nimagemagick_wrap.c:4191: error: 'MaxTextExtent' undeclared (first use in this function)\nimagemagick_wrap.c:4198: error: 'ret' undeclared (first use in this function)\nimagemagick_wrap.c:4198: error: 'Image' undeclared (first use in this function)\nimagemagick_wrap.c:4198: error: expected expression before ')' token\nimagemagick_wrap.c:4200: error: 'MagickFalse' undeclared (first use in this function)\nimagemagick_wrap.c: In function 'StyleType_val':\nimagemagick_wrap.c:4242: error: 'UndefinedStyle' undeclared (first use in this function)\nimagemagick_wrap.c:4243: error: 'NormalStyle' undeclared (first use in this function)\nimagemagick_wrap.c:4244: error: 'ItalicStyle' undeclared (first use in this function)\nimagemagick_wrap.c:4245: error: 'ObliqueStyle' undeclared (first use in this function)\nimagemagick_wrap.c:4246: error: 'AnyStyle' undeclared (first use in this function)\nimagemagick_wrap.c: In function 'DecorationType_val':\nimagemagick_wrap.c:4271: error: 'UndefinedDecoration' undeclared (first use in this function)\nimagemagick_wrap.c:4272: error: 'NoDecoration' undeclared (first use in this function)\nimagemagick_wrap.c:4273: error: 'UnderlineDecoration' undeclared (first use in this function)\nimagemagick_wrap.c:4274: error: 'OverlineDecoration' undeclared (first use in this function)\nimagemagick_wrap.c:4275: error: 'LineThroughDecoration' undeclared (first use in this function)\nimagemagick_wrap.c: In function 'StretchType_val':\nimagemagick_wrap.c:4302: error: 'UndefinedStretch' undeclared (first use in this function)\nimagemagick_wrap.c:4303: error: 'NormalStretch' undeclared (first use in this function)\nimagemagick_wrap.c:4304: error: 'UltraCondensedStretch' undeclared (first use in this function)\nimagemagick_wrap.c:4305: error: 'ExtraCondensedStretch' undeclared (first use in this function)\nimagemagick_wrap.c:4306: error: 'CondensedStretch' undeclared (first use in this function)\nimagemagick_wrap.c:4307: error: 'SemiCondensedStretch' undeclared (first use in this function)\nimagemagick_wrap.c:4308: error: 'SemiExpandedStretch' undeclared (first use in this function)\nimagemagick_wrap.c:4309: error: 'ExpandedStretch' undeclared (first use in this function)\nimagemagick_wrap.c:4310: error: 'ExtraExpandedStretch' undeclared (first use in this function)\nimagemagick_wrap.c:4311: error: 'UltraExpandedStretch' undeclared (first use in this function)\nimagemagick_wrap.c:4312: error: 'AnyStretch' undeclared (first use in this function)\nimagemagick_wrap.c: In function 'imper_draw_text_native':\nimagemagick_wrap.c:4372: error: 'MagickBooleanType' undeclared (first use in this function)\nimagemagick_wrap.c:4373: error: expected ';' before 'ret'\nimagemagick_wrap.c:4375: error: 'ImageInfo' undeclared (first use in this function)\nimagemagick_wrap.c:4376: error: 'image_info' undeclared (first use in this function)\nimagemagick_wrap.c:4378: error: 'DrawInfo' undeclared (first use in this function)\nimagemagick_wrap.c:4379: error: 'draw_info' undeclared (first use in this function)\nimagemagick_wrap.c:4382: error: 'MaxTextExtent' undeclared (first use in this function)\nimagemagick_wrap.c:4387: error: expected expression before ')' token\nimagemagick_wrap.c:4389: error: expected expression before ')' token\nimagemagick_wrap.c:4400: error: 'PixelPacket' undeclared (first use in this function)\nimagemagick_wrap.c:4400: error: expected ';' before 'fill'\nimagemagick_wrap.c:4402: error: 'fill' undeclared (first use in this function)\nimagemagick_wrap.c:4402: error: 'Quantum' undeclared (first use in this function)\nimagemagick_wrap.c:4410: error: expected ';' before 'stroke'\nimagemagick_wrap.c:4412: error: 'stroke' undeclared (first use in this function)\nimagemagick_wrap.c:4436: error: 'MagickTrue' undeclared (first use in this function)\nimagemagick_wrap.c:4575: error: 'AffineMatrix' undeclared (first use in this function)\nimagemagick_wrap.c:4575: error: expected ';' before 'affine'\nimagemagick_wrap.c:4576: error: 'affine' undeclared (first use in this function)\nimagemagick_wrap.c:4620: error: 'ret' undeclared (first use in this function)\nimagemagick_wrap.c:4620: error: 'Image' undeclared (first use in this function)\nimagemagick_wrap.c:4620: error: expected expression before ')' token\nimagemagick_wrap.c:4622: error: 'MagickFalse' undeclared (first use in this function)\nimagemagick_wrap.c: In function 'imper_get_metrics_native':\nimagemagick_wrap.c:4698: error: 'MagickBooleanType' undeclared (first use in this function)\nimagemagick_wrap.c:4699: error: expected ';' before 'ret'\nimagemagick_wrap.c:4701: error: 'ImageInfo' undeclared (first use in this function)\nimagemagick_wrap.c:4702: error: 'image_info' undeclared (first use in this function)\nimagemagick_wrap.c:4704: error: 'DrawInfo' undeclared (first use in this function)\nimagemagick_wrap.c:4705: error: 'draw_info' undeclared (first use in this function)\nimagemagick_wrap.c:4708: error: 'MaxTextExtent' undeclared (first use in this function)\nimagemagick_wrap.c:4713: error: expected expression before ')' token\nimagemagick_wrap.c:4715: error: expected expression before ')' token\nimagemagick_wrap.c:4736: error: 'MagickTrue' undeclared (first use in this function)\nimagemagick_wrap.c:4753: error: 'AffineMatrix' undeclared (first use in this function)\nimagemagick_wrap.c:4753: error: expected ';' before 'affine'\nimagemagick_wrap.c:4754: error: 'affine' undeclared (first use in this function)\nimagemagick_wrap.c:4799: error: 'TypeMetric' undeclared (first use in this function)\nimagemagick_wrap.c:4799: error: expected ';' before 'metrics_infos'\nimagemagick_wrap.c:4803: error: 'ret' undeclared (first use in this function)\nimagemagick_wrap.c:4803: error: 'Image' undeclared (first use in this function)\nimagemagick_wrap.c:4803: error: expected expression before ')' token\nimagemagick_wrap.c:4803: error: 'metrics_infos' undeclared (first use in this function)\nimagemagick_wrap.c:4805: error: 'MagickFalse' undeclared (first use in this function)\nimagemagick_wrap.c: In function 'imper_draw_text_new1':\nimagemagick_wrap.c:4966: error: 'MagickBooleanType' undeclared (first use in this function)\nimagemagick_wrap.c:4967: error: expected ';' before 'ret'\nimagemagick_wrap.c:4969: error: 'DrawInfo' undeclared (first use in this function)\nimagemagick_wrap.c:4970: error: 'draw_info' undeclared (first use in this function)\nimagemagick_wrap.c:4972: error: 'ImageInfo' undeclared (first use in this function)\nimagemagick_wrap.c:4973: error: 'image_info' undeclared (first use in this function)\nimagemagick_wrap.c:4976: error: expected expression before ')' token\nimagemagick_wrap.c:4977: error: expected expression before ')' token\nimagemagick_wrap.c:5133: error: 'ret' undeclared (first use in this function)\nimagemagick_wrap.c:5133: error: 'Image' undeclared (first use in this function)\nimagemagick_wrap.c:5133: error: expected expression before ')' token\nimagemagick_wrap.c:5135: error: 'MagickFalse' undeclared (first use in this function)\nimagemagick_wrap.c: In function 'imper_draw_mvg':\nimagemagick_wrap.c:5260: error: 'MagickBooleanType' undeclared (first use in this function)\nimagemagick_wrap.c:5261: error: expected ';' before 'ret'\nimagemagick_wrap.c:5263: error: 'DrawInfo' undeclared (first use in this function)\nimagemagick_wrap.c:5264: error: 'draw_info' undeclared (first use in this function)\nimagemagick_wrap.c:5267: error: 'ImageInfo' undeclared (first use in this function)\nimagemagick_wrap.c:5268: error: 'image_info' undeclared (first use in this function)\nimagemagick_wrap.c:5270: error: expected expression before ')' token\nimagemagick_wrap.c:5271: error: expected expression before ')' token\nimagemagick_wrap.c:5284: error: 'ret' undeclared (first use in this function)\nimagemagick_wrap.c:5284: error: 'Image' undeclared (first use in this function)\nimagemagick_wrap.c:5284: error: expected expression before ')' token\nimagemagick_wrap.c:5286: error: 'MagickFalse' undeclared (first use in this function)\nimagemagick_wrap.c: In function 'imper_get_raw':\nimagemagick_wrap.c:5506: error: 'ExceptionInfo' undeclared (first use in this function)\nimagemagick_wrap.c:5507: error: expected ';' before 'exception'\nimagemagick_wrap.c:5509: error: 'PixelPacket' undeclared (first use in this function)\nimagemagick_wrap.c:5510: error: expected ';' before 'pixel'\nimagemagick_wrap.c:5512: error: 'Image' undeclared (first use in this function)\nimagemagick_wrap.c:5512: error: expected expression before ')' token\nimagemagick_wrap.c:5513: error: expected expression before ')' token\nimagemagick_wrap.c:5515: error: 'exception' undeclared (first use in this function)\nimagemagick_wrap.c:5517: error: nested functions are disabled, use -fnested-functions to re-enable\nimagemagick_wrap.c:5517: error: expected '=', ',', ';', 'asm' or '__attribute__' before '*' token\nimagemagick_wrap.c:5517: error: 'pixel_packet_array' undeclared (first use in this function)\nimagemagick_wrap.c:5530: error: expected expression before ')' token\nimagemagick_wrap.c:5535: error: 'UndefinedException' undeclared (first use in this function)\nimagemagick_wrap.c:5565: error: 'pixel' undeclared (first use in this function)\nimagemagick_wrap.c:5572: error: 'MaxMap' undeclared (first use in this function)\nimagemagick_wrap.c: In function 'imper_get_raw_opacity':\nimagemagick_wrap.c:5600: error: 'ExceptionInfo' undeclared (first use in this function)\nimagemagick_wrap.c:5601: error: expected ';' before 'exception'\nimagemagick_wrap.c:5603: error: 'PixelPacket' undeclared (first use in this function)\nimagemagick_wrap.c:5604: error: expected ';' before 'pixel'\nimagemagick_wrap.c:5606: error: 'Image' undeclared (first use in this function)\nimagemagick_wrap.c:5606: error: expected expression before ')' token\nimagemagick_wrap.c:5607: error: expected expression before ')' token\nimagemagick_wrap.c:5609: error: 'exception' undeclared (first use in this function)\nimagemagick_wrap.c:5611: error: nested functions are disabled, use -fnested-functions to re-enable\nimagemagick_wrap.c:5611: error: expected '=', ',', ';', 'asm' or '__attribute__' before '*' token\nimagemagick_wrap.c:5611: error: 'pixel_packet_array' undeclared (first use in this function)\nimagemagick_wrap.c:5624: error: expected expression before ')' token\nimagemagick_wrap.c:5629: error: 'UndefinedException' undeclared (first use in this function)\nimagemagick_wrap.c:5659: error: 'pixel' undeclared (first use in this function)\nimagemagick_wrap.c: In function 'imper_get_raw_without_alpha':\nimagemagick_wrap.c:5693: error: 'ExceptionInfo' undeclared (first use in this function)\nimagemagick_wrap.c:5694: error: expected ';' before 'exception'\nimagemagick_wrap.c:5696: error: 'PixelPacket' undeclared (first use in this function)\nimagemagick_wrap.c:5697: error: expected ';' before 'pixel'\nimagemagick_wrap.c:5699: error: 'Image' undeclared (first use in this function)\nimagemagick_wrap.c:5699: error: expected expression before ')' token\nimagemagick_wrap.c:5700: error: expected expression before ')' token\nimagemagick_wrap.c:5702: error: 'exception' undeclared (first use in this function)\nimagemagick_wrap.c:5704: error: nested functions are disabled, use -fnested-functions to re-enable\nimagemagick_wrap.c:5704: error: expected '=', ',', ';', 'asm' or '__attribute__' before '*' token\nimagemagick_wrap.c:5704: error: 'pixel_packet_array' undeclared (first use in this function)\nimagemagick_wrap.c:5717: error: expected expression before ')' token\nimagemagick_wrap.c:5722: error: 'UndefinedException' undeclared (first use in this function)\nimagemagick_wrap.c:5752: error: 'pixel' undeclared (first use in this function)\nimagemagick_wrap.c: In function 'imper_get_raw2':\nimagemagick_wrap.c:5784: error: 'ExceptionInfo' undeclared (first use in this function)\nimagemagick_wrap.c:5785: error: expected ';' before 'exception'\nimagemagick_wrap.c:5787: error: 'PixelPacket' undeclared (first use in this function)\nimagemagick_wrap.c:5788: error: expected ';' before 'pixel'\nimagemagick_wrap.c:5790: error: 'Image' undeclared (first use in this function)\nimagemagick_wrap.c:5790: error: expected expression before ')' token\nimagemagick_wrap.c:5791: error: expected expression before ')' token\nimagemagick_wrap.c:5793: error: 'exception' undeclared (first use in this function)\nimagemagick_wrap.c:5831: error: expected expression before ')' token\nimagemagick_wrap.c:5834: error: 'pixel' undeclared (first use in this function)\nimagemagick_wrap.c:5837: error: 'UndefinedException' undeclared (first use in this function)\nimagemagick_wrap.c:5847: error: 'MaxMap' undeclared (first use in this function)\nimagemagick_wrap.c: In function 'imper_get_raw_gl_indexed':\nimagemagick_wrap.c:5878: error: 'ExceptionInfo' undeclared (first use in this function)\nimagemagick_wrap.c:5879: error: expected ';' before 'exception'\nimagemagick_wrap.c:5881: error: 'PixelPacket' undeclared (first use in this function)\nimagemagick_wrap.c:5882: error: expected ';' before 'pixel'\nimagemagick_wrap.c:5884: error: 'Image' undeclared (first use in this function)\nimagemagick_wrap.c:5884: error: expected expression before ')' token\nimagemagick_wrap.c:5885: error: expected expression before ')' token\nimagemagick_wrap.c:5887: error: 'exception' undeclared (first use in this function)\nimagemagick_wrap.c:5889: error: nested functions are disabled, use -fnested-functions to re-enable\nimagemagick_wrap.c:5889: error: expected '=', ',', ';', 'asm' or '__attribute__' before '*' token\nimagemagick_wrap.c:5889: error: 'pixel_packet_array' undeclared (first use in this function)\nimagemagick_wrap.c:5902: error: expected expression before ')' token\nimagemagick_wrap.c:5907: error: 'UndefinedException' undeclared (first use in this function)\nimagemagick_wrap.c:5935: error: 'pixel' undeclared (first use in this function)\nimagemagick_wrap.c:5942: error: 'MaxMap' undeclared (first use in this function)\nimagemagick_wrap.c: In function 'imper_get_raw_gl_indexed_without_alpha':\nimagemagick_wrap.c:5969: error: 'ExceptionInfo' undeclared (first use in this function)\nimagemagick_wrap.c:5970: error: expected ';' before 'exception'\nimagemagick_wrap.c:5972: error: 'PixelPacket' undeclared (first use in this function)\nimagemagick_wrap.c:5973: error: expected ';' before 'pixel'\nimagemagick_wrap.c:5975: error: 'Image' undeclared (first use in this function)\nimagemagick_wrap.c:5975: error: expected expression before ')' token\nimagemagick_wrap.c:5976: error: expected expression before ')' token\nimagemagick_wrap.c:5978: error: 'exception' undeclared (first use in this function)\nimagemagick_wrap.c:5980: error: nested functions are disabled, use -fnested-functions to re-enable\nimagemagick_wrap.c:5980: error: expected '=', ',', ';', 'asm' or '__attribute__' before '*' token\nimagemagick_wrap.c:5980: error: 'pixel_packet_array' undeclared (first use in this function)\nimagemagick_wrap.c:5993: error: expected expression before ')' token\nimagemagick_wrap.c:5998: error: 'UndefinedException' undeclared (first use in this function)\nimagemagick_wrap.c:6026: error: 'pixel' undeclared (first use in this function)\nimagemagick_wrap.c: At top level:\nimagemagick_wrap.c:6051: error: expected ')' before '*' token\nimagemagick_wrap.c: In function 'imper_set_raw_c':\nimagemagick_wrap.c:6121: error: 'MaxTextExtent' undeclared (first use in this function)\nimagemagick_wrap.c:6125: error: 'ExceptionInfo' undeclared (first use in this function)\nimagemagick_wrap.c:6126: error: expected ';' before 'exception'\nimagemagick_wrap.c:6128: error: 'ImageInfo' undeclared (first use in this function)\nimagemagick_wrap.c:6129: error: 'image_info' undeclared (first use in this function)\nimagemagick_wrap.c:6131: error: expected expression before ')' token\nimagemagick_wrap.c:6140: error: 'Image' undeclared (first use in this function)\nimagemagick_wrap.c:6144: error: 'MagickFalse' undeclared (first use in this function)\nimagemagick_wrap.c:6145: error: 'MagickTrue' undeclared (first use in this function)\nimagemagick_wrap.c:6148: error: 'exception' undeclared (first use in this function)\nimagemagick_wrap.c:6153: error: 'UndefinedException' undeclared (first use in this function)\nimagemagick_wrap.c:6160: error: expected expression before ')' token\nimagemagick_wrap.c:6180: error: 'PixelPacket' undeclared (first use in this function)\nimagemagick_wrap.c:6181: error: expected ';' before 'pixel'\nimagemagick_wrap.c:6196: error: 'pixel' undeclared (first use in this function)\nimagemagick_wrap.c:6206: error: expected expression before ')' token\nimagemagick_wrap.c: In function 'imper_new_image_list':\nimagemagick_wrap.c:6270: error: 'Image' undeclared (first use in this function)\nimagemagick_wrap.c:6272: error: 'MagickFalse' undeclared (first use in this function)\nimagemagick_wrap.c:6273: error: 'MagickTrue' undeclared (first use in this function)\nimagemagick_wrap.c:6282: error: expected expression before ')' token\nimagemagick_wrap.c: In function 'imper_appendimagetolist':\nimagemagick_wrap.c:6302: error: 'Image' undeclared (first use in this function)\nimagemagick_wrap.c:6302: error: 'img' undeclared (first use in this function)\nimagemagick_wrap.c:6304: error: expected expression before ')' token\nimagemagick_wrap.c:6309: error: expected expression before ')' token\nimagemagick_wrap.c: In function 'imper_getimagelistlength':\nimagemagick_wrap.c:6326: error: 'Image' undeclared (first use in this function)\nimagemagick_wrap.c:6326: error: expected expression before ')' token\nimagemagick_wrap.c: In function 'imper_animateimages':\nimagemagick_wrap.c:6341: error: 'ImageInfo' undeclared (first use in this function)\nimagemagick_wrap.c:6342: error: 'image_info' undeclared (first use in this function)\nimagemagick_wrap.c:6344: error: 'MagickBooleanType' undeclared (first use in this function)\nimagemagick_wrap.c:6345: error: expected ';' before 'ret'\nimagemagick_wrap.c:6347: error: expected expression before ')' token\nimagemagick_wrap.c:6350: error: 'ret' undeclared (first use in this function)\nimagemagick_wrap.c:6350: error: 'Image' undeclared (first use in this function)\nimagemagick_wrap.c:6350: error: expected expression before ')' token\nimagemagick_wrap.c:6353: error: 'MagickFalse' undeclared (first use in this function)\nimagemagick_wrap.c: In function 'imper_getlastimageinlist':\nimagemagick_wrap.c:6375: error: 'Image' undeclared (first use in this function)\nimagemagick_wrap.c:6375: error: expected expression before ')' token\nimagemagick_wrap.c: In function 'imper_getfirstimageinlist':\nimagemagick_wrap.c:6394: error: 'Image' undeclared (first use in this function)\nimagemagick_wrap.c:6394: error: expected expression before ')' token\nimagemagick_wrap.c: In function 'imper_averageimages':\nimagemagick_wrap.c:6412: error: 'Image' undeclared (first use in this function)\nimagemagick_wrap.c:6412: error: 'new_image' undeclared (first use in this function)\nimagemagick_wrap.c:6414: error: 'ExceptionInfo' undeclared (first use in this function)\nimagemagick_wrap.c:6414: error: expected ';' before 'exception'\nimagemagick_wrap.c:6417: error: 'exception' undeclared (first use in this function)\nimagemagick_wrap.c:6420: error: expected expression before ')' token\nimagemagick_wrap.c:6423: error: 'UndefinedException' undeclared (first use in this function)\nimagemagick_wrap.c:6433: error: expected expression before ')' token\nimagemagick_wrap.c: In function 'imper_no_op':\nimagemagick_wrap.c:6451: error: 'Image' undeclared (first use in this function)\nimagemagick_wrap.c:6451: error: 'image' undeclared (first use in this function)\nimagemagick_wrap.c:6453: error: expected expression before ')' token\nimagemagick_wrap.c: At top level:\nimagemagick_wrap.c:6484: error: expected ')' before '*' token\nimagemagick_wrap.c: In function 'imper_has_link':\nimagemagick_wrap.c:6514: error: 'Image' undeclared (first use in this function)\nimagemagick_wrap.c:6514: error: 'img' undeclared (first use in this function)\nimagemagick_wrap.c:6516: error: expected expression before ')' token\nimagemagick_wrap.c: In function '__imper_appendimages':\nimagemagick_wrap.c:6565: error: 'Image' undeclared (first use in this function)\nimagemagick_wrap.c:6565: error: 'new_image' undeclared (first use in this function)\nimagemagick_wrap.c:6567: error: 'ExceptionInfo' undeclared (first use in this function)\nimagemagick_wrap.c:6567: error: expected ';' before 'exception'\nimagemagick_wrap.c:6569: error: 'MagickBooleanType' undeclared (first use in this function)\nimagemagick_wrap.c:6569: error: expected ';' before 'stack'\nimagemagick_wrap.c:6570: error: 'stack' undeclared (first use in this function)\nimagemagick_wrap.c:6572: error: 'exception' undeclared (first use in this function)\nimagemagick_wrap.c:6579: error: expected expression before ')' token\nimagemagick_wrap.c:6583: error: 'UndefinedException' undeclared (first use in this function)\nimagemagick_wrap.c: In function 'imper_appendimages':\nimagemagick_wrap.c:6611: error: 'Image' undeclared (first use in this function)\nimagemagick_wrap.c:6611: error: 'new_image' undeclared (first use in this function)\nimagemagick_wrap.c:6613: error: 'ExceptionInfo' undeclared (first use in this function)\nimagemagick_wrap.c:6613: error: expected ';' before 'exception'\nimagemagick_wrap.c:6616: error: 'exception' undeclared (first use in this function)\nimagemagick_wrap.c:6618: error: 'MagickBooleanType' undeclared (first use in this function)\nimagemagick_wrap.c:6618: error: expected ';' before 'stack'\nimagemagick_wrap.c:6619: error: 'stack' undeclared (first use in this function)\nimagemagick_wrap.c:6622: error: expected expression before ')' token\nimagemagick_wrap.c:6626: error: 'UndefinedException' undeclared (first use in this function)\nimagemagick_wrap.c:6636: error: expected expression before ')' token\nimagemagick_wrap.c: In function 'imper_imagetoblob_stdout':\nimagemagick_wrap.c:6669: error: 'ImageInfo' undeclared (first use in this function)\nimagemagick_wrap.c:6670: error: 'image_info' undeclared (first use in this function)\nimagemagick_wrap.c:6672: error: 'ExceptionInfo' undeclared (first use in this function)\nimagemagick_wrap.c:6673: error: expected ';' before 'exception'\nimagemagick_wrap.c:6681: error: 'exception' undeclared (first use in this function)\nimagemagick_wrap.c:6682: error: expected expression before ')' token\nimagemagick_wrap.c:6686: error: 'Image' undeclared (first use in this function)\nimagemagick_wrap.c:6686: error: expected expression before ')' token\nimagemagick_wrap.c:6688: warning: assignment makes pointer from integer without a cast\nimagemagick_wrap.c:6703: error: 'UndefinedException' undeclared (first use in this function)\nimagemagick_wrap.c:6709: error: expected expression before ')' token\nimagemagick_wrap.c:6709: warning: assignment makes pointer from integer without a cast\nimagemagick_wrap.c:6713: warning: format '%d' expects type 'int', but argument 3 has type 'size_t'\nimagemagick_wrap.c:6713: warning: format '%d' expects type 'int', but argument 3 has type 'size_t'\nimagemagick_wrap.c: In function 'imper_imagetoblob_bytes':\nimagemagick_wrap.c:6736: error: 'ImageInfo' undeclared (first use in this function)\nimagemagick_wrap.c:6737: error: 'image_info' undeclared (first use in this function)\nimagemagick_wrap.c:6739: error: 'ExceptionInfo' undeclared (first use in this function)\nimagemagick_wrap.c:6740: error: expected ';' before 'exception'\nimagemagick_wrap.c:6745: error: 'exception' undeclared (first use in this function)\nimagemagick_wrap.c:6746: error: expected expression before ')' token\nimagemagick_wrap.c:6750: error: 'Image' undeclared (first use in this function)\nimagemagick_wrap.c:6750: error: expected expression before ')' token\nimagemagick_wrap.c:6752: warning: assignment makes pointer from integer without a cast\nimagemagick_wrap.c:6754: error: 'UndefinedException' undeclared (first use in this function)\nimagemagick_wrap.c: In function 'imper_importimage':\nimagemagick_wrap.c:6817: error: 'MaxTextExtent' undeclared (first use in this function)\nimagemagick_wrap.c:6821: error: 'ExceptionInfo' undeclared (first use in this function)\nimagemagick_wrap.c:6822: error: expected ';' before 'exception'\nimagemagick_wrap.c:6824: error: 'ImageInfo' undeclared (first use in this function)\nimagemagick_wrap.c:6825: error: 'image_info' undeclared (first use in this function)\nimagemagick_wrap.c:6828: error: expected expression before ')' token\nimagemagick_wrap.c:6839: error: 'Image' undeclared (first use in this function)\nimagemagick_wrap.c:6844: error: 'MagickFalse' undeclared (first use in this function)\nimagemagick_wrap.c:6845: error: 'MagickTrue' undeclared (first use in this function)\nimagemagick_wrap.c:6848: error: 'exception' undeclared (first use in this function)\nimagemagick_wrap.c:6862: error: 'XImportInfo' undeclared (first use in this function)\nimagemagick_wrap.c:6863: error: 'import_info' undeclared (first use in this function)\nimagemagick_wrap.c:6864: error: expected expression before ')' token\nimagemagick_wrap.c:6870: error: 'UndefinedException' undeclared (first use in this function)\nimagemagick_wrap.c:6877: error: expected expression before ')' token\nimagemagick_wrap.c: In function 'im_sizeof_quantum':\nimagemagick_wrap.c:6898: error: 'Quantum' undeclared (first use in this function)\nimagemagick_wrap.c: In function 'im_sizeof_quantum_bit':\nimagemagick_wrap.c:6905: error: 'Quantum' undeclared (first use in this function)\nimagemagick_wrap.c: In function 'ml_big_array_test':\nimagemagick_wrap.c:6944: error: 'Quantum' undeclared (first use in this function)\nimagemagick_wrap.c:6944: error: 'arr' undeclared (first use in this function)\nimagemagick_wrap.c:6959: error: expected ')' before 'arr'\nimagemagick_wrap.c: In function 'constituteimage_from_big_array_char':\nimagemagick_wrap.c:6989: error: 'ExceptionInfo' undeclared (first use in this function)\nimagemagick_wrap.c:6989: error: 'exception' undeclared (first use in this function)\nimagemagick_wrap.c:7007: error: 'MagickFalse' undeclared (first use in this function)\nimagemagick_wrap.c:7008: error: 'MagickTrue' undeclared (first use in this function)\nimagemagick_wrap.c:7011: error: 'Image' undeclared (first use in this function)\nimagemagick_wrap.c:7037: error: 'CharPixel' undeclared (first use in this function)\nimagemagick_wrap.c:7040: error: 'UndefinedException' undeclared (first use in this function)\nimagemagick_wrap.c:7041: error: expected expression before ')' token\nimagemagick_wrap.c:7042: error: expected expression before ')' token\nimagemagick_wrap.c:7048: error: expected expression before ')' token\nimagemagick_wrap.c: At top level:\nimagemagick_wrap.c:7283: error: expected ')' before '*' token\nimagemagick_wrap.c:7299: error: expected ')' before '*' token\nimagemagick_wrap.c: In function '_linear_gradient_native':\nimagemagick_wrap.c:7340: error: 'MagickFalse' undeclared (first use in this function)\nimagemagick_wrap.c:7341: error: 'MagickTrue' undeclared (first use in this function)\nimagemagick_wrap.c:7402: error: 'Image' undeclared (first use in this function)\nimagemagick_wrap.c:7405: error: 'ImageInfo' undeclared (first use in this function)\nimagemagick_wrap.c:7405: error: 'image_info' undeclared (first use in this function)\nimagemagick_wrap.c:7406: error: expected expression before ')' token\nimagemagick_wrap.c:7408: error: 'ExceptionInfo' undeclared (first use in this function)\nimagemagick_wrap.c:7408: error: expected ';' before 'exception'\nimagemagick_wrap.c:7409: error: 'MaxTextExtent' undeclared (first use in this function)\nimagemagick_wrap.c:7410: error: 'exception' undeclared (first use in this function)\nimagemagick_wrap.c:7415: error: 'UndefinedException' undeclared (first use in this function)\nimagemagick_wrap.c:7416: error: expected expression before ')' token\nimagemagick_wrap.c:7425: error: expected expression before ')' token\nimagemagick_wrap.c: At top level:\nimagemagick_wrap.c:7458: error: expected ')' before '*' token\nimagemagick_wrap.c: In function 'linear_gradient_native':\nimagemagick_wrap.c:7677: error: 'MagickFalse' undeclared (first use in this function)\nimagemagick_wrap.c:7678: error: 'MagickTrue' undeclared (first use in this function)\nimagemagick_wrap.c:7757: error: 'Image' undeclared (first use in this function)\nimagemagick_wrap.c:7757: error: expected expression before ')' token\nimagemagick_wrap.c: At top level:\nimagemagick_wrap.c:7797: error: expected ')' before '*' token\nmake: *** [imagemagick_wrap.o] Error 1\nUninstalling imagemagick.0.34:\n  ocamlfind remove magick\nocamlfind: [WARNING] No such directory: /private/var/folders/f9/vtsr2sv53wn9h3fblk38vwdh0000gn/T/ocamlot/ocamlot.work.2013-06-26.168/opam-install/system/lib/magick\n\n")(r_stderr"The compilation of imagemagick.0.34 failed.\n\n==== ERROR [while installing imagemagick.0.34] ====\n# opam-version    1.0.1 (df84b0565f0709578c581c1dea82246688d2804f)\n# os              darwin\n# command         make\n# path            /private/var/folders/f9/vtsr2sv53wn9h3fblk38vwdh0000gn/T/ocamlot/ocamlot.work.2013-06-26.168/opam-install/system/build/imagemagick.0.34\n# compiler        system (4.01.0)\n# exit-code       2\n# env-file        /private/var/folders/f9/vtsr2sv53wn9h3fblk38vwdh0000gn/T/ocamlot/ocamlot.work.2013-06-26.168/opam-install/system/build/imagemagick.0.34/imagemagick-78469-2dea01.env\n# stdout-file     /private/var/folders/f9/vtsr2sv53wn9h3fblk38vwdh0000gn/T/ocamlot/ocamlot.work.2013-06-26.168/opam-install/system/build/imagemagick.0.34/imagemagick-78469-2dea01.out\n# stderr-file     /private/var/folders/f9/vtsr2sv53wn9h3fblk38vwdh0000gn/T/ocamlot/ocamlot.work.2013-06-26.168/opam-install/system/build/imagemagick.0.34/imagemagick-78469-2dea01.err\n### stdout ###\nocamlc -c magick.mli\nocamlc -c magick.ml\ngcc -fPIC -c -I\"/Users/avsm/ocamlot/worker/ocaml/4.01/lib/ocaml\"  imagemagick_wrap.c\n### stderr ###\n...[truncated]\nimagemagick_wrap.c: At top level:\nimagemagick_wrap.c:7458: error: expected ')' before '*' token\nimagemagick_wrap.c: In function 'linear_gradient_native':\nimagemagick_wrap.c:7677: error: 'MagickFalse' undeclared (first use in this function)\nimagemagick_wrap.c:7678: error: 'MagickTrue' undeclared (first use in this function)\nimagemagick_wrap.c:7757: error: 'Image' undeclared (first use in this function)\nimagemagick_wrap.c:7757: error: expected expression before ')' token\nimagemagick_wrap.c: At top level:\nimagemagick_wrap.c:7797: error: expected ')' before '*' token\nmake: *** [imagemagick_wrap.o] Error 1\n\n'opam install --verbose --yes imagemagick.0.34' failed.\n")))))(duration 137.31758403778076172)(info"Compiler: 4.01.0+dev18-2013-06-13\nOPAM: df84b0565f0709578c581c1dea82246688d2804f\nOCAMLRUNPARAM = b\nHOME = /var/folders/f9/vtsr2sv53wn9h3fblk38vwdh0000gn/T/ocamlot/ocamlot.work.2013-06-26.168\nPATH = /private/var/folders/f9/vtsr2sv53wn9h3fblk38vwdh0000gn/T/ocamlot/ocamlot.work.2013-06-26.168/opam-install/system/bin:/var/folders/f9/vtsr2sv53wn9h3fblk38vwdh0000gn/T/ocamlot/ocamlot.work.2013-06-26.168:/Users/avsm/ocamlot/worker/ocaml/4.01/bin:/Users/avsm/.opam/system/bin:/usr/bin:/bin:/usr/sbin:/sbin:/usr/local/bin\nMANPATH = /private/var/folders/f9/vtsr2sv53wn9h3fblk38vwdh0000gn/T/ocamlot/ocamlot.work.2013-06-26.168/opam-install/system/man:\nOCAML_TOPLEVEL_PATH = /private/var/folders/f9/vtsr2sv53wn9h3fblk38vwdh0000gn/T/ocamlot/ocamlot.work.2013-06-26.168/opam-install/system/lib/toplevel\nOPAMROOT = /private/var/folders/f9/vtsr2sv53wn9h3fblk38vwdh0000gn/T/ocamlot/ocamlot.work.2013-06-26.168/opam-install\nCAML_LD_LIBRARY_PATH = /private/var/folders/f9/vtsr2sv53wn9h3fblk38vwdh0000gn/T/ocamlot/ocamlot.work.2013-06-26.168/opam-install/system/lib/stublibs:/Users/avsm/ocamlot/worker/ocaml/4.01/lib/ocaml/stublibs\n"))))(1372221846.2726340294(Checked_in 27))(1372221822.2662620544(Checked_in 27))(1372221798.2595970631(Checked_in 27))(1372221774.2538280487(Checked_in 27))(1372221750.2472410202(Checked_in 27))(1372221726.2393939495(Started 27))(1372200221.2776260376(Advertized((os Darwin)(arch X86_64))))))(host((os Darwin)(arch X86_64)))(job(Opam((diff(((repo((url"")(repo_url(URL git://github.com/OCamlPro/opam-repository.git))))(label OCamlPro/opam-repository:master)(reference(Ref master)))))(packages(imagemagick.0.34))(target((host((os Darwin)(arch X86_64)))(compiler((c_version 4.01.0)(c_build"")))))(action Build)))))