((href https://github.com/OCamlPro/opam-repository/blob/master/packages/nlopt-ocaml.0.5/opam)(log((1372081391.6129860878(Completed 6((status(Failed()))(duration 84.655945062637329102)(output((err"The compilation of nlopt-ocaml.0.5 failed.\n\n==== ERROR [while installing nlopt-ocaml.0.5] ====\n# opam-version    1.0.1 (df84b0565f0709578c581c1dea82246688d2804f)\n# os              darwin\n# command         ocaml setup.ml -build\n# path            /Volumes/ramdisk/ocamlot/ocamlot.work.2013-06-24.31/opam-install/system/build/nlopt-ocaml.0.5\n# compiler        system (4.01.0)\n# exit-code       1\n# env-file        /Volumes/ramdisk/ocamlot/ocamlot.work.2013-06-24.31/opam-install/system/build/nlopt-ocaml.0.5/nlopt-ocaml-46320-b76d46.env\n# stdout-file     /Volumes/ramdisk/ocamlot/ocamlot.work.2013-06-24.31/opam-install/system/build/nlopt-ocaml.0.5/nlopt-ocaml-46320-b76d46.out\n# stderr-file     /Volumes/ramdisk/ocamlot/ocamlot.work.2013-06-24.31/opam-install/system/build/nlopt-ocaml.0.5/nlopt-ocaml-46320-b76d46.err\n### stdout ###\n...[truncated]\nsrc/nlopt_wrapper.c:640: warning: implicit declaration of function 'nlopt_set_vector_storage'\nsrc/nlopt_wrapper.c:640: error: 'opt' undeclared (first use in this function)\nsrc/nlopt_wrapper.c: In function 'ml_nlopt_get_vector_storage':\nsrc/nlopt_wrapper.c:647: error: 'nlopt_opt' undeclared (first use in this function)\nsrc/nlopt_wrapper.c:647: error: expected ';' before 'opt'\nsrc/nlopt_wrapper.c:649: warning: implicit declaration of function 'nlopt_get_vector_storage'\nsrc/nlopt_wrapper.c:649: error: 'opt' undeclared (first use in this function)\nsrc/nlopt_wrapper.c: In function 'ml_nlopt_version':\nsrc/nlopt_wrapper.c:662: warning: implicit declaration of function 'nlopt_version'\nCommand exited with code 2.\n### stderr ###\nE: Failure(\"Command ''/Users/avsm/ocamlot/worker/ocaml/4.01/bin/ocamlbuild' src/libnlopt_stubs.a src/dllnlopt_stubs.so src/nlopt.cma src/nlopt.cmxa src/nlopt.a src/nlopt.cmxs examples/rosenbrock.native examples/tutorial.native -tag debug' terminated with error code 10\")\n\n'opam install --verbose --yes nlopt-ocaml.0.5' failed.\n\nOCAMLOT After 84.66s Opam_task.run \"opam install --verbose --yes nlopt-ocaml.0.5\" failed (4) in 34.55s\n")(out"The following actions will be performed:\n - install ocamlfind.1.3.3 [required by nlopt-ocaml]\n - install nlopt-ocaml.0.5\n2 to install | 0 to reinstall | 0 to upgrade | 0 to downgrade | 0 to remove\n\n=-=-= Installing ocamlfind.1.3.3 =-=-=\nDownloading http://download.camlcity.org/download/findlib-1.3.3.tar.gz.\n  % Total    % Received % Xferd  Average Speed   Time    Time     Time  Current\n                                 Dload  Upload   Total   Spent    Left  Speed\n\r  0     0    0     0    0     0      0      0 --:--:-- --:--:-- --:--:--     0\r100  225k  100  225k    0     0  1167k      0 --:--:-- --:--:-- --:--:-- 1313k\n200\nmv: /Volumes/ramdisk/ocamlot/ocamlot.work.2013-06-24.31/opam-install/repo/ocamlot/tmp/ocamlfind.1.3.3/findlib-1.3.3.tar.gz: set owner/group (was: 501/0): Operation not permitted\nCopying ocamlfind.install.\nCreating /Volumes/ramdisk/ocamlot/ocamlot.work.2013-06-24.31/opam-install/repo/ocamlot/archives/ocamlfind.1.3.3+opam.tar.gz.\nExtracting /Volumes/ramdisk/ocamlot/ocamlot.work.2013-06-24.31/opam-install/archives/ocamlfind.1.3.3+opam.tar.gz.\nBuilding ocamlfind.1.3.3:\n  ./configure -bindir /Volumes/ramdisk/ocamlot/ocamlot.work.2013-06-24.31/opam-install/system/bin -sitelib /Volumes/ramdisk/ocamlot/ocamlot.work.2013-06-24.31/opam-install/system/lib -mandir /Volumes/ramdisk/ocamlot/ocamlot.work.2013-06-24.31/opam-install/system/man -config /Volumes/ramdisk/ocamlot/ocamlot.work.2013-06-24.31/opam-install/system/lib/findlib.conf -no-topfind\n  make all\n  make opt\n  make install\n  ocamlfind remove dbm\nWelcome to findlib version 1.3.3\nConfiguring core...\nChecking for #remove_directory...\nTesting threading model...\nsysthread_supported: true\nTesting DLLs...\nConfiguring libraries...\nnative dynlink: found\nlabltk: not present\nocamlbuild: found\ncamlp4: using camlp4, style 310\ncompiler-libs: found\nConfiguration for dbm written to site-lib-src/dbm/META\nConfiguration for dynlink written to site-lib-src/dynlink/META\nConfiguration for graphics written to site-lib-src/graphics/META\nConfiguration for num written to site-lib-src/num/META\nConfiguration for num-top written to site-lib-src/num-top/META\nConfiguration for str written to site-lib-src/str/META\nConfiguration for threads written to site-lib-src/threads/META\nConfiguration for unix written to site-lib-src/unix/META\nConfiguration for stdlib written to site-lib-src/stdlib/META\nConfiguration for bigarray written to site-lib-src/bigarray/META\nConfiguration for camlp4 written to site-lib-src/camlp4/META\nConfiguration for ocamlbuild written to site-lib-src/ocamlbuild/META\nConfiguration for compiler-libs written to site-lib-src/compiler-libs/META\nDetecting compiler arguments: (extractor built) ok\n\nAbout the OCAML core installation:\n    Standard library:      /Users/avsm/ocamlot/worker/ocaml/4.01/lib/ocaml\n    Binaries:              /Users/avsm/ocamlot/worker/ocaml/4.01/bin\n    Manual pages:          /Users/avsm/ocamlot/worker/ocaml/4.01/man\n    Multi-threading type:  posix\nThe directory of site-specific packages will be\n    site-lib:              /Volumes/ramdisk/ocamlot/ocamlot.work.2013-06-24.31/opam-install/system/lib\nThe configuration file is written to:\n    findlib config file:   /Volumes/ramdisk/ocamlot/ocamlot.work.2013-06-24.31/opam-install/system/lib/findlib.conf\nSoftware will be installed:\n    Libraries:             in <site-lib>/findlib\n    Binaries:              /Volumes/ramdisk/ocamlot/ocamlot.work.2013-06-24.31/opam-install/system/bin\n    Manual pages:          /Volumes/ramdisk/ocamlot/ocamlot.work.2013-06-24.31/opam-install/system/man\n    topfind script:        omitted\nToolbox:                   no\n\nConfiguration has been written to Makefile.config\n\nYou can now do 'make all', and optionally 'make opt', to build ocamlfind.\nfor p in findlib; do ( cd src/$p; make all ); done\nocamllex fl_meta.mll\nMakefile:142: depend: No such file or directory\n22 states, 392 transitions, table size 1700 bytes\ncamlp4 pa_o.cmo pa_op.cmo pr_o.cmo -- -impl fl_metascanner.src -o fl_metascanner.ml\nocamldep *.ml *.mli >depend\nUSE_CYGPATH=\"0\"; \\\n\texport USE_CYGPATH; \\\n\tcat findlib_config.mlp | \\\n\t\t../../tools/patch '@CONFIGFILE@' '/Volumes/ramdisk/ocamlot/ocamlot.work.2013-06-24.31/opam-install/system/lib/findlib.conf' | \\\n\t\t../../tools/patch '@STDLIB@' '/Users/avsm/ocamlot/worker/ocaml/4.01/lib/ocaml' | \\\n\t\tsed -e 's;@AUTOLINK@;true;g' \\\n\t\t    -e 's;@SYSTEM@;macosx;g' \\\n\t\t     >findlib_config.ml\nocamlc -I +compiler-libs -g -c findlib_config.ml\nocamlc -I +compiler-libs -g -c fl_split.ml\nocamlc -I +compiler-libs -g -c fl_metatoken.ml\nocamlc -I +compiler-libs -g -c fl_meta.ml\nocamlc -I +compiler-libs -c fl_metascanner.mli\nocamlc -I +compiler-libs -g -c fl_metascanner.ml\nocamlc -I +compiler-libs -c fl_topo.mli\nocamlc -I +compiler-libs -g -c fl_topo.ml\nFile \"fl_topo.ml\", line 283, characters 10-22:\nWarning 26: unused variable in_direction.\nFile \"fl_topo.ml\", line 219, characters 36-37:\nWarning 3: deprecated feature: operator (&); you should use (&&) instead\nocamlc -I +compiler-libs -c fl_package_base.mli\nocamlc -I +compiler-libs -g -c fl_package_base.ml\nocamlc -I +compiler-libs -c findlib.mli\nocamlc -I +compiler-libs -g -c findlib.ml\nocamlc -I +compiler-libs -g -c fl_args.ml\nocamlc -I +compiler-libs -a -o findlib.cma findlib_config.cmo fl_split.cmo fl_metatoken.cmo fl_meta.cmo fl_metascanner.cmo fl_topo.cmo fl_package_base.cmo findlib.cmo fl_args.cmo\nocamlc -I +compiler-libs -g -c ocaml_args.ml\nocamlc -I +compiler-libs -g -c frontend.ml\nocamlc -I +compiler-libs -custom -o ocamlfind -g findlib.cma unix.cma \\\n\t           ocaml_args.cmo frontend.cmo\nocamlc -I +compiler-libs -c topfind.mli\nocamlc -I +compiler-libs -g -c topfind.ml\nFile \"topfind.ml\", line 53, characters 10-19:\nWarning 26: unused variable stdlibdir.\nFile \"topfind.ml\", line 97, characters 11-12:\nWarning 26: unused variable d.\nocamlc -I +compiler-libs -a -o findlib_top.cma topfind.cmo\nUSE_CYGPATH=\"0\"; \\\n\texport USE_CYGPATH; \\\n\tcat topfind_rd1.p | \\\n\t\t../../tools/patch '@SITELIB@' '/Volumes/ramdisk/ocamlot/ocamlot.work.2013-06-24.31/opam-install/system/lib' \\\n\t    \t    >topfind\nocamlc -I +compiler-libs -c num_top_printers.mli\nocamlc -I +compiler-libs -g -c num_top_printers.ml\nocamlc -I +compiler-libs -c num_top.mli\nocamlc -I +compiler-libs -g -c num_top.ml\nocamlc -I +compiler-libs -a -o num_top.cma num_top_printers.cmo num_top.cmo\nmake all-config\nUSE_CYGPATH=\"0\"; \\\n\texport USE_CYGPATH; \\\n\tcat findlib.conf.in | \\\n\t\ttools/patch '@SITELIB@' '/Volumes/ramdisk/ocamlot/ocamlot.work.2013-06-24.31/opam-install/system/lib' >findlib.conf\nif ocamlc.opt >/dev/null 2>&1; then \\\n\t\techo 'ocamlc=\"ocamlc.opt\"' >>findlib.conf; \\\n\tfi\nif ocamlopt.opt >/dev/null 2>&1; then \\\n\t\techo 'ocamlopt=\"ocamlopt.opt\"' >>findlib.conf; \\\n\tfi\nif ocamldep.opt >/dev/null 2>&1; then \\\n\t\techo 'ocamldep=\"ocamldep.opt\"' >>findlib.conf; \\\n\tfi\nfor p in findlib; do ( cd src/$p; make opt ); done\nocamlopt -I +compiler-libs -c findlib_config.ml\nocamlopt -I +compiler-libs -c fl_split.ml\nocamlopt -I +compiler-libs -c fl_metatoken.ml\nocamlopt -I +compiler-libs -c fl_meta.ml\nocamlopt -I +compiler-libs -c fl_metascanner.ml\nocamlopt -I +compiler-libs -c fl_topo.ml\nFile \"fl_topo.ml\", line 283, characters 10-22:\nWarning 26: unused variable in_direction.\nFile \"fl_topo.ml\", line 219, characters 36-37:\nWarning 3: deprecated feature: operator (&); you should use (&&) instead\nocamlopt -I +compiler-libs -c fl_package_base.ml\nocamlopt -I +compiler-libs -c findlib.ml\nocamlopt -I +compiler-libs -c fl_args.ml\nocamlopt -I +compiler-libs -a -o findlib.cmxa findlib_config.cmx fl_split.cmx fl_metatoken.cmx fl_meta.cmx fl_metascanner.cmx fl_topo.cmx fl_package_base.cmx findlib.cmx fl_args.cmx\nocamlopt -I +compiler-libs -c ocaml_args.ml\nocamlopt -I +compiler-libs -c frontend.ml\nocamlopt -I +compiler-libs -o ocamlfind_opt findlib.cmxa unix.cmxa \\\n\t\t   ocaml_args.cmx frontend.cmx\nmkdir -p \"/Volumes/ramdisk/ocamlot/ocamlot.work.2013-06-24.31/opam-install/system/bin\"\nmkdir -p \"/Volumes/ramdisk/ocamlot/ocamlot.work.2013-06-24.31/opam-install/system/man\"\nfor p in findlib; do ( cd src/$p; make install ); done\nmkdir -p \"/Volumes/ramdisk/ocamlot/ocamlot.work.2013-06-24.31/opam-install/system/lib/findlib\"\nmkdir -p \"/Volumes/ramdisk/ocamlot/ocamlot.work.2013-06-24.31/opam-install/system/bin\"\ntest 0 -eq 0 || cp topfind \"/Users/avsm/ocamlot/worker/ocaml/4.01/lib/ocaml\"\nfiles=`../../tools/collect_files ../../Makefile.config findlib.cmi findlib.mli findlib.cma topfind.cmi topfind.mli fl_package_base.mli fl_package_base.cmi fl_metascanner.mli fl_metascanner.cmi fl_metatoken.cmi findlib_top.cma findlib.cmxa findlib.a META` && \\\n\tcp $files \"/Volumes/ramdisk/ocamlot/ocamlot.work.2013-06-24.31/opam-install/system/lib/findlib\"\nf=\"ocamlfind\"; { test -f ocamlfind_opt && f=\"ocamlfind_opt\"; }; \\\n\tcp $f \"/Volumes/ramdisk/ocamlot/ocamlot.work.2013-06-24.31/opam-install/system/bin/ocamlfind\"\n# the following \"if\" block is only needed for 4.00beta2\nif [ 1 -eq 0 -a -f \"/Users/avsm/ocamlot/worker/ocaml/4.01/lib/ocaml/compiler-libs/topdirs.cmi\" ]; then \\\n\t    cd \"/Users/avsm/ocamlot/worker/ocaml/4.01/lib/ocaml/compiler-libs/\"; \\\n\t    cp topdirs.cmi toploop.cmi \"/Volumes/ramdisk/ocamlot/ocamlot.work.2013-06-24.31/opam-install/system/lib/findlib/\"; \\\n\tfi\nmake install-meta\nfor x in `ls site-lib-src`; do if [ \"$x\" != \"CVS\" -a -f \"site-lib-src/$x/META\" ]; then mkdir -p \"/Volumes/ramdisk/ocamlot/ocamlot.work.2013-06-24.31/opam-install/system/lib/$x\"; cp site-lib-src/$x/META \"/Volumes/ramdisk/ocamlot/ocamlot.work.2013-06-24.31/opam-install/system/lib/$x\"; fi; done\ncd src/findlib; make install-num-top\nmkdir -p \"/Volumes/ramdisk/ocamlot/ocamlot.work.2013-06-24.31/opam-install/system/lib/num-top\"\ncp num_top.cma num_top.cmi num_top_printers.cmi \\\n\t\t\"/Volumes/ramdisk/ocamlot/ocamlot.work.2013-06-24.31/opam-install/system/lib/num-top\"\nmake install-config\nmkdir -p \"`dirname \\\"/Volumes/ramdisk/ocamlot/ocamlot.work.2013-06-24.31/opam-install/system/lib/findlib.conf\\\"`\"\ntest -f \"/Volumes/ramdisk/ocamlot/ocamlot.work.2013-06-24.31/opam-install/system/lib/findlib.conf\" || cp findlib.conf \"/Volumes/ramdisk/ocamlot/ocamlot.work.2013-06-24.31/opam-install/system/lib/findlib.conf\"\ncp tools/safe_camlp4 \"/Volumes/ramdisk/ocamlot/ocamlot.work.2013-06-24.31/opam-install/system/bin\"\nmake install-doc\nmkdir -p /Volumes/ramdisk/ocamlot/ocamlot.work.2013-06-24.31/opam-install/system/man/man1 /Volumes/ramdisk/ocamlot/ocamlot.work.2013-06-24.31/opam-install/system/man/man3 /Volumes/ramdisk/ocamlot/ocamlot.work.2013-06-24.31/opam-install/system/man/man5\ncp doc/ref-man/ocamlfind.1 /Volumes/ramdisk/ocamlot/ocamlot.work.2013-06-24.31/opam-install/system/man/man1\ncp doc/ref-man/META.5 doc/ref-man/site-lib.5 doc/ref-man/findlib.conf.5 /Volumes/ramdisk/ocamlot/ocamlot.work.2013-06-24.31/opam-install/system/man/man5\nocamlfind: [WARNING] You are removing the package from /Volumes/ramdisk/ocamlot/ocamlot.work.2013-06-24.31/opam-install/system/lib/dbm but the currently visible package is at /Users/avsm/ocamlot/worker/ocaml/4.01/lib/ocaml; you may want to specify the -destdir option\nRemoved /Volumes/ramdisk/ocamlot/ocamlot.work.2013-06-24.31/opam-install/system/lib/dbm\nInstalling ocamlfind.1.3.3.\n\n=-=-= Installing nlopt-ocaml.0.5 =-=-=\nDownloading https://bitbucket.org/mkur/nlopt-ocaml/get/release-0.5.tar.gz.\n  % Total    % Received % Xferd  Average Speed   Time    Time     Time  Current\n                                 Dload  Upload   Total   Spent    Left  Speed\n\r  0     0    0     0    0     0      0      0 --:--:-- --:--:-- --:--:--     0\r100 15959    0 15959    0     0  15743      0 --:--:--  0:00:01 --:--:-- 17653\r100 55014    0 55014    0     0  49003      0 --:--:--  0:00:01 --:--:-- 54361\n200\nmv: /Volumes/ramdisk/ocamlot/ocamlot.work.2013-06-24.31/opam-install/repo/ocamlot/tmp/nlopt-ocaml.0.5/release-0.5.tar.gz: set owner/group (was: 501/0): Operation not permitted\nCreating /Volumes/ramdisk/ocamlot/ocamlot.work.2013-06-24.31/opam-install/repo/ocamlot/archives/nlopt-ocaml.0.5+opam.tar.gz.\nExtracting /Volumes/ramdisk/ocamlot/ocamlot.work.2013-06-24.31/opam-install/archives/nlopt-ocaml.0.5+opam.tar.gz.\nBuilding nlopt-ocaml.0.5:\n  ocaml setup.ml -configure --prefix /Volumes/ramdisk/ocamlot/ocamlot.work.2013-06-24.31/opam-install/system\n  ocaml setup.ml -build\n  ocaml setup.ml -install\n\nConfiguration: \nocamlfind: ........................................... /Volumes/ramdisk/ocamlot/ocamlot.work.2013-06-24.31/opam-install/system/bin/ocamlfind\nocamlc: .............................................. /Users/avsm/ocamlot/worker/ocaml/4.01/bin/ocamlc.opt\nocamlopt: ............................................ /Users/avsm/ocamlot/worker/ocaml/4.01/bin/ocamlopt.opt\nocamlbuild: .......................................... /Users/avsm/ocamlot/worker/ocaml/4.01/bin/ocamlbuild\nPackage name: ........................................ nlopt\nPackage version: ..................................... 0.4\nos_type: ............................................. Unix\nsystem: .............................................. macosx\narchitecture: ........................................ amd64\nccomp_type: .......................................... cc\nocaml_version: ....................................... 4.01.0\nstandard_library_default: ............................ /Users/avsm/ocamlot/worker/ocaml/4.01/lib/ocaml\nstandard_library: .................................... /Users/avsm/ocamlot/worker/ocaml/4.01/lib/ocaml\nstandard_runtime: .................................... /Users/avsm/ocamlot/worker/ocaml/4.01/bin/ocamlrun\nbytecomp_c_compiler: ................................. gcc -fno-defer-pop -Wall -D_FILE_OFFSET_BITS=64 -D_REENTRANT \nnative_c_compiler: ................................... gcc -D_FILE_OFFSET_BITS=64 -D_REENTRANT\nmodel: ............................................... default\next_obj: ............................................. .o\next_asm: ............................................. .s\next_lib: ............................................. .a\next_dll: ............................................. .so\ndefault_executable_name: ............................. a.out\nsysthread_supported: ................................. true\nInstall architecture-independent files dir: .......... /Volumes/ramdisk/ocamlot/ocamlot.work.2013-06-24.31/opam-install/system\nInstall architecture-dependent files in dir: ......... $prefix\nUser executables: .................................... $exec_prefix/bin\nSystem admin executables: ............................ $exec_prefix/sbin\nProgram executables: ................................. $exec_prefix/libexec\nRead-only single-machine data: ....................... $prefix/etc\nModifiable architecture-independent data: ............ $prefix/com\nModifiable single-machine data: ...................... $prefix/var\nObject code libraries: ............................... $exec_prefix/lib\nRead-only arch-independent data root: ................ $prefix/share\nRead-only architecture-independent data: ............. $datarootdir\nInfo documentation: .................................. $datarootdir/info\nLocale-dependent data: ............................... $datarootdir/locale\nMan documentation: ................................... $datarootdir/man\nDocumentation root: .................................. $datarootdir/doc/$pkg_name\nHTML documentation: .................................. $docdir\nDVI documentation: ................................... $docdir\nPDF documentation: ................................... $docdir\nPS documentation: .................................... $docdir\nfindlib_version: ..................................... 1.3.3\nis_native: ........................................... true\nsuffix_program: ...................................... \nRemove a file.: ...................................... rm -f\nRemove a directory.: ................................. rm -rf\nTurn ocaml debug flag on: ............................ true\nTurn ocaml profile flag on: .......................... false\nCompiler support generation of .cmxs.: ............... true\nOCamlbuild additional flags: ......................... \nCreate documentations: ............................... true\nCompile tests executable and library and run them: ... false\nocamldoc: ............................................ /Users/avsm/ocamlot/worker/ocaml/4.01/bin/ocamldoc\n\n/Users/avsm/ocamlot/worker/ocaml/4.01/bin/ocamlopt.opt -I /Users/avsm/ocamlot/worker/ocaml/4.01/lib/ocaml/ocamlbuild unix.cmxa /Users/avsm/ocamlot/worker/ocaml/4.01/lib/ocaml/ocamlbuild/ocamlbuildlib.cmxa myocamlbuild.ml /Users/avsm/ocamlot/worker/ocaml/4.01/lib/ocaml/ocamlbuild/ocamlbuild.cmx -o myocamlbuild\nocamlfind ocamlc -ccopt '-std=c99' -ccopt -O3 -ccopt -Wall -c src/nlopt_wrapper.c\n+ ocamlfind ocamlc -ccopt '-std=c99' -ccopt -O3 -ccopt -Wall -c src/nlopt_wrapper.c\nsrc/nlopt_wrapper.c:3:19: error: nlopt.h: No such file or directory\nsrc/nlopt_wrapper.c:13: error: expected '=', ',', ';', 'asm' or '__attribute__' before 'map_algorithms'\nsrc/nlopt_wrapper.c:75: error: expected '=', ',', ';', 'asm' or '__attribute__' before 'map_results'\nsrc/nlopt_wrapper.c:89: error: expected ')' before 'result'\nsrc/nlopt_wrapper.c: In function 'ml_nlopt_finalize':\nsrc/nlopt_wrapper.c:103: error: 'nlopt_opt' undeclared (first use in this function)\nsrc/nlopt_wrapper.c:103: error: (Each undeclared identifier is reported only once\nsrc/nlopt_wrapper.c:103: error: for each function it appears in.)\nsrc/nlopt_wrapper.c:103: error: expected ';' before 'opt'\nsrc/nlopt_wrapper.c:108: warning: implicit declaration of function 'nlopt_destroy'\nsrc/nlopt_wrapper.c:108: error: 'opt' undeclared (first use in this function)\nsrc/nlopt_wrapper.c: In function 'ml_nlopt_create':\nsrc/nlopt_wrapper.c:134: error: 'nlopt_algorithm' undeclared (first use in this function)\nsrc/nlopt_wrapper.c:134: error: expected ';' before 'alg'\nsrc/nlopt_wrapper.c:135: error: 'nlopt_opt' undeclared (first use in this function)\nsrc/nlopt_wrapper.c:135: error: expected ';' before 'opt'\nsrc/nlopt_wrapper.c:150: error: 'opt' undeclared (first use in this function)\nsrc/nlopt_wrapper.c: In function 'ml_nlopt_set_min_objective':\nsrc/nlopt_wrapper.c:200: error: 'nlopt_opt' undeclared (first use in this function)\nsrc/nlopt_wrapper.c:200: error: expected ';' before 'opt'\nsrc/nlopt_wrapper.c:204: error: 'nlopt_result' undeclared (first use in this function)\nsrc/nlopt_wrapper.c:204: error: expected ';' before 'res'\nsrc/nlopt_wrapper.c:206: warning: implicit declaration of function 'map_nlopt_result'\nsrc/nlopt_wrapper.c:206: error: 'res' undeclared (first use in this function)\nsrc/nlopt_wrapper.c: In function 'ml_nlopt_set_max_objective':\nsrc/nlopt_wrapper.c:213: error: 'nlopt_opt' undeclared (first use in this function)\nsrc/nlopt_wrapper.c:213: error: expected ';' before 'opt'\nsrc/nlopt_wrapper.c:217: error: 'nlopt_result' undeclared (first use in this function)\nsrc/nlopt_wrapper.c:217: error: expected ';' before 'res'\nsrc/nlopt_wrapper.c:219: error: 'res' undeclared (first use in this function)\nsrc/nlopt_wrapper.c: In function 'ml_nlopt_optimize':\nsrc/nlopt_wrapper.c:229: error: 'nlopt_opt' undeclared (first use in this function)\nsrc/nlopt_wrapper.c:229: error: expected ';' before 'opt'\nsrc/nlopt_wrapper.c:238: error: 'nlopt_result' undeclared (first use in this function)\nsrc/nlopt_wrapper.c:238: error: expected ';' before 'res'\nsrc/nlopt_wrapper.c:247: error: 'res' undeclared (first use in this function)\nsrc/nlopt_wrapper.c: In function 'ml_nlopt_get_dimension':\nsrc/nlopt_wrapper.c:256: error: 'nlopt_opt' undeclared (first use in this function)\nsrc/nlopt_wrapper.c:256: error: expected ';' before 'opt'\nsrc/nlopt_wrapper.c:258: warning: implicit declaration of function 'nlopt_get_dimension'\nsrc/nlopt_wrapper.c:258: error: 'opt' undeclared (first use in this function)\nsrc/nlopt_wrapper.c: In function 'ml_nlopt_set_lower_bounds':\nsrc/nlopt_wrapper.c:265: error: 'nlopt_opt' undeclared (first use in this function)\nsrc/nlopt_wrapper.c:265: error: expected ';' before 'opt'\nsrc/nlopt_wrapper.c:266: error: 'nlopt_result' undeclared (first use in this function)\nsrc/nlopt_wrapper.c:266: error: expected ';' before 'res'\nsrc/nlopt_wrapper.c:274: error: 'res' undeclared (first use in this function)\nsrc/nlopt_wrapper.c:274: warning: implicit declaration of function 'nlopt_set_lower_bounds'\nsrc/nlopt_wrapper.c:274: error: 'opt' undeclared (first use in this function)\nsrc/nlopt_wrapper.c: In function 'ml_nlopt_get_lower_bounds':\nsrc/nlopt_wrapper.c:284: error: 'nlopt_opt' undeclared (first use in this function)\nsrc/nlopt_wrapper.c:284: error: expected ';' before 'opt'\nsrc/nlopt_wrapper.c:285: error: 'nlopt_result' undeclared (first use in this function)\nsrc/nlopt_wrapper.c:285: error: expected ';' before 'res'\nsrc/nlopt_wrapper.c:287: error: 'opt' undeclared (first use in this function)\nsrc/nlopt_wrapper.c:291: error: 'res' undeclared (first use in this function)\nsrc/nlopt_wrapper.c:291: warning: implicit declaration of function 'nlopt_get_lower_bounds'\nsrc/nlopt_wrapper.c:293: error: 'NLOPT_SUCCESS' undeclared (first use in this function)\nsrc/nlopt_wrapper.c: In function 'ml_nlopt_set_upper_bounds':\nsrc/nlopt_wrapper.c:306: error: 'nlopt_opt' undeclared (first use in this function)\nsrc/nlopt_wrapper.c:306: error: expected ';' before 'opt'\nsrc/nlopt_wrapper.c:307: error: 'nlopt_result' undeclared (first use in this function)\nsrc/nlopt_wrapper.c:307: error: expected ';' before 'res'\nsrc/nlopt_wrapper.c:315: error: 'res' undeclared (first use in this function)\nsrc/nlopt_wrapper.c:315: warning: implicit declaration of function 'nlopt_set_upper_bounds'\nsrc/nlopt_wrapper.c:315: error: 'opt' undeclared (first use in this function)\nsrc/nlopt_wrapper.c: In function 'ml_nlopt_get_upper_bounds':\nsrc/nlopt_wrapper.c:324: error: 'nlopt_opt' undeclared (first use in this function)\nsrc/nlopt_wrapper.c:324: error: expected ';' before 'opt'\nsrc/nlopt_wrapper.c:325: error: 'nlopt_result' undeclared (first use in this function)\nsrc/nlopt_wrapper.c:325: error: expected ';' before 'res'\nsrc/nlopt_wrapper.c:327: error: 'opt' undeclared (first use in this function)\nsrc/nlopt_wrapper.c:331: error: 'res' undeclared (first use in this function)\nsrc/nlopt_wrapper.c:331: warning: implicit declaration of function 'nlopt_get_upper_bounds'\nsrc/nlopt_wrapper.c:333: error: 'NLOPT_SUCCESS' undeclared (first use in this function)\nsrc/nlopt_wrapper.c: In function 'ml_nlopt_add_inequality_constraint':\nsrc/nlopt_wrapper.c:349: error: 'nlopt_opt' undeclared (first use in this function)\nsrc/nlopt_wrapper.c:349: error: expected ';' before 'opt'\nsrc/nlopt_wrapper.c:357: error: 'nlopt_result' undeclared (first use in this function)\nsrc/nlopt_wrapper.c:357: error: expected ';' before 'res'\nsrc/nlopt_wrapper.c:359: error: 'res' undeclared (first use in this function)\nsrc/nlopt_wrapper.c:359: error: 'NLOPT_SUCCESS' undeclared (first use in this function)\nsrc/nlopt_wrapper.c: In function 'ml_nlopt_add_equality_constraint':\nsrc/nlopt_wrapper.c:382: error: 'nlopt_opt' undeclared (first use in this function)\nsrc/nlopt_wrapper.c:382: error: expected ';' before 'opt'\nsrc/nlopt_wrapper.c:390: error: 'nlopt_result' undeclared (first use in this function)\nsrc/nlopt_wrapper.c:390: error: expected ';' before 'res'\nsrc/nlopt_wrapper.c:392: error: 'res' undeclared (first use in this function)\nsrc/nlopt_wrapper.c:392: error: 'NLOPT_SUCCESS' undeclared (first use in this function)\nsrc/nlopt_wrapper.c: In function 'ml_nlopt_set_stopval':\nsrc/nlopt_wrapper.c:413: error: 'nlopt_opt' undeclared (first use in this function)\nsrc/nlopt_wrapper.c:413: error: expected ';' before 'opt'\nsrc/nlopt_wrapper.c:414: error: 'nlopt_result' undeclared (first use in this function)\nsrc/nlopt_wrapper.c:414: error: expected ';' before 'res'\nsrc/nlopt_wrapper.c:416: error: 'res' undeclared (first use in this function)\nsrc/nlopt_wrapper.c:416: warning: implicit declaration of function 'nlopt_set_stopval'\nsrc/nlopt_wrapper.c:416: error: 'opt' undeclared (first use in this function)\nsrc/nlopt_wrapper.c: In function 'ml_nlopt_get_stopval':\nsrc/nlopt_wrapper.c:423: error: 'nlopt_opt' undeclared (first use in this function)\nsrc/nlopt_wrapper.c:423: error: expected ';' before 'opt'\nsrc/nlopt_wrapper.c:425: warning: implicit declaration of function 'nlopt_get_stopval'\nsrc/nlopt_wrapper.c:425: error: 'opt' undeclared (first use in this function)\nsrc/nlopt_wrapper.c: In function 'ml_nlopt_set_ftol_rel':\nsrc/nlopt_wrapper.c:431: error: 'nlopt_opt' undeclared (first use in this function)\nsrc/nlopt_wrapper.c:431: error: expected ';' before 'opt'\nsrc/nlopt_wrapper.c:432: error: 'nlopt_result' undeclared (first use in this function)\nsrc/nlopt_wrapper.c:432: error: expected ';' before 'res'\nsrc/nlopt_wrapper.c:434: error: 'res' undeclared (first use in this function)\nsrc/nlopt_wrapper.c:434: warning: implicit declaration of function 'nlopt_set_ftol_rel'\nsrc/nlopt_wrapper.c:434: error: 'opt' undeclared (first use in this function)\nsrc/nlopt_wrapper.c: In function 'ml_nlopt_get_ftol_rel':\nsrc/nlopt_wrapper.c:441: error: 'nlopt_opt' undeclared (first use in this function)\nsrc/nlopt_wrapper.c:441: error: expected ';' before 'opt'\nsrc/nlopt_wrapper.c:443: warning: implicit declaration of function 'nlopt_get_ftol_rel'\nsrc/nlopt_wrapper.c:443: error: 'opt' undeclared (first use in this function)\nsrc/nlopt_wrapper.c: In function 'ml_nlopt_set_ftol_abs':\nsrc/nlopt_wrapper.c:449: error: 'nlopt_opt' undeclared (first use in this function)\nsrc/nlopt_wrapper.c:449: error: expected ';' before 'opt'\nsrc/nlopt_wrapper.c:450: error: 'nlopt_result' undeclared (first use in this function)\nsrc/nlopt_wrapper.c:450: error: expected ';' before 'res'\nsrc/nlopt_wrapper.c:452: error: 'res' undeclared (first use in this function)\nsrc/nlopt_wrapper.c:452: warning: implicit declaration of function 'nlopt_set_ftol_abs'\nsrc/nlopt_wrapper.c:452: error: 'opt' undeclared (first use in this function)\nsrc/nlopt_wrapper.c: In function 'ml_nlopt_get_ftol_abs':\nsrc/nlopt_wrapper.c:459: error: 'nlopt_opt' undeclared (first use in this function)\nsrc/nlopt_wrapper.c:459: error: expected ';' before 'opt'\nsrc/nlopt_wrapper.c:461: warning: implicit declaration of function 'nlopt_get_ftol_abs'\nsrc/nlopt_wrapper.c:461: error: 'opt' undeclared (first use in this function)\nsrc/nlopt_wrapper.c: In function 'ml_nlopt_set_xtol_rel':\nsrc/nlopt_wrapper.c:466: error: 'nlopt_opt' undeclared (first use in this function)\nsrc/nlopt_wrapper.c:466: error: expected ';' before 'opt'\nsrc/nlopt_wrapper.c:467: error: 'nlopt_result' undeclared (first use in this function)\nsrc/nlopt_wrapper.c:467: error: expected ';' before 'res'\nsrc/nlopt_wrapper.c:469: error: 'res' undeclared (first use in this function)\nsrc/nlopt_wrapper.c:469: warning: implicit declaration of function 'nlopt_set_xtol_rel'\nsrc/nlopt_wrapper.c:469: error: 'opt' undeclared (first use in this function)\nsrc/nlopt_wrapper.c: In function 'ml_nlopt_get_xtol_rel':\nsrc/nlopt_wrapper.c:476: error: 'nlopt_opt' undeclared (first use in this function)\nsrc/nlopt_wrapper.c:476: error: expected ';' before 'opt'\nsrc/nlopt_wrapper.c:478: warning: implicit declaration of function 'nlopt_get_xtol_rel'\nsrc/nlopt_wrapper.c:478: error: 'opt' undeclared (first use in this function)\nsrc/nlopt_wrapper.c: In function 'ml_nlopt_set_xtol_abs':\nsrc/nlopt_wrapper.c:483: error: 'nlopt_opt' undeclared (first use in this function)\nsrc/nlopt_wrapper.c:483: error: expected ';' before 'opt'\nsrc/nlopt_wrapper.c:484: error: 'nlopt_result' undeclared (first use in this function)\nsrc/nlopt_wrapper.c:484: error: expected ';' before 'res'\nsrc/nlopt_wrapper.c:492: error: 'res' undeclared (first use in this function)\nsrc/nlopt_wrapper.c:492: warning: implicit declaration of function 'nlopt_set_xtol_abs'\nsrc/nlopt_wrapper.c:492: error: 'opt' undeclared (first use in this function)\nsrc/nlopt_wrapper.c: In function 'ml_nlopt_get_xtol_abs':\nsrc/nlopt_wrapper.c:501: error: 'nlopt_opt' undeclared (first use in this function)\nsrc/nlopt_wrapper.c:501: error: expected ';' before 'opt'\nsrc/nlopt_wrapper.c:502: error: 'nlopt_result' undeclared (first use in this function)\nsrc/nlopt_wrapper.c:502: error: expected ';' before 'res'\nsrc/nlopt_wrapper.c:507: error: 'res' undeclared (first use in this function)\nsrc/nlopt_wrapper.c:507: warning: implicit declaration of function 'nlopt_get_xtol_abs'\nsrc/nlopt_wrapper.c:507: error: 'opt' undeclared (first use in this function)\nsrc/nlopt_wrapper.c:509: error: 'NLOPT_SUCCESS' undeclared (first use in this function)\nsrc/nlopt_wrapper.c: In function 'ml_nlopt_set_maxeval':\nsrc/nlopt_wrapper.c:521: error: 'nlopt_opt' undeclared (first use in this function)\nsrc/nlopt_wrapper.c:521: error: expected ';' before 'opt'\nsrc/nlopt_wrapper.c:522: error: 'nlopt_result' undeclared (first use in this function)\nsrc/nlopt_wrapper.c:522: error: expected ';' before 'res'\nsrc/nlopt_wrapper.c:524: error: 'res' undeclared (first use in this function)\nsrc/nlopt_wrapper.c:524: warning: implicit declaration of function 'nlopt_set_maxeval'\nsrc/nlopt_wrapper.c:524: error: 'opt' undeclared (first use in this function)\nsrc/nlopt_wrapper.c: In function 'ml_nlopt_get_maxeval':\nsrc/nlopt_wrapper.c:531: error: 'nlopt_opt' undeclared (first use in this function)\nsrc/nlopt_wrapper.c:531: error: expected ';' before 'opt'\nsrc/nlopt_wrapper.c:533: warning: implicit declaration of function 'nlopt_get_maxeval'\nsrc/nlopt_wrapper.c:533: error: 'opt' undeclared (first use in this function)\nsrc/nlopt_wrapper.c: In function 'ml_nlopt_set_maxtime':\nsrc/nlopt_wrapper.c:538: error: 'nlopt_opt' undeclared (first use in this function)\nsrc/nlopt_wrapper.c:538: error: expected ';' before 'opt'\nsrc/nlopt_wrapper.c:539: error: 'nlopt_result' undeclared (first use in this function)\nsrc/nlopt_wrapper.c:539: error: expected ';' before 'res'\nsrc/nlopt_wrapper.c:541: error: 'res' undeclared (first use in this function)\nsrc/nlopt_wrapper.c:541: warning: implicit declaration of function 'nlopt_set_maxtime'\nsrc/nlopt_wrapper.c:541: error: 'opt' undeclared (first use in this function)\nsrc/nlopt_wrapper.c: In function 'ml_nlopt_get_maxtime':\nsrc/nlopt_wrapper.c:548: error: 'nlopt_opt' undeclared (first use in this function)\nsrc/nlopt_wrapper.c:548: error: expected ';' before 'opt'\nsrc/nlopt_wrapper.c:550: warning: implicit declaration of function 'nlopt_get_maxtime'\nsrc/nlopt_wrapper.c:550: error: 'opt' undeclared (first use in this function)\nsrc/nlopt_wrapper.c: In function 'ml_nlopt_force_stop':\nsrc/nlopt_wrapper.c:555: error: 'nlopt_opt' undeclared (first use in this function)\nsrc/nlopt_wrapper.c:555: error: expected ';' before 'opt'\nsrc/nlopt_wrapper.c:556: error: 'nlopt_result' undeclared (first use in this function)\nsrc/nlopt_wrapper.c:556: error: expected ';' before 'res'\nsrc/nlopt_wrapper.c:558: error: 'res' undeclared (first use in this function)\nsrc/nlopt_wrapper.c:558: warning: implicit declaration of function 'nlopt_force_stop'\nsrc/nlopt_wrapper.c:558: error: 'opt' undeclared (first use in this function)\nsrc/nlopt_wrapper.c: In function 'ml_nlopt_set_initial_step':\nsrc/nlopt_wrapper.c:567: error: 'nlopt_opt' undeclared (first use in this function)\nsrc/nlopt_wrapper.c:567: error: expected ';' before 'opt'\nsrc/nlopt_wrapper.c:568: error: 'nlopt_result' undeclared (first use in this function)\nsrc/nlopt_wrapper.c:568: error: expected ';' before 'res'\nsrc/nlopt_wrapper.c:576: error: 'res' undeclared (first use in this function)\nsrc/nlopt_wrapper.c:576: warning: implicit declaration of function 'nlopt_set_initial_step'\nsrc/nlopt_wrapper.c:576: error: 'opt' undeclared (first use in this function)\nsrc/nlopt_wrapper.c: In function 'ml_nlopt_get_initial_step':\nsrc/nlopt_wrapper.c:585: error: 'nlopt_opt' undeclared (first use in this function)\nsrc/nlopt_wrapper.c:585: error: expected ';' before 'opt'\nsrc/nlopt_wrapper.c:586: error: 'nlopt_result' undeclared (first use in this function)\nsrc/nlopt_wrapper.c:586: error: expected ';' before 'res'\nsrc/nlopt_wrapper.c:595: error: 'res' undeclared (first use in this function)\nsrc/nlopt_wrapper.c:595: warning: implicit declaration of function 'nlopt_get_initial_step'\nsrc/nlopt_wrapper.c:595: error: 'opt' undeclared (first use in this function)\nsrc/nlopt_wrapper.c:597: error: 'NLOPT_SUCCESS' undeclared (first use in this function)\nsrc/nlopt_wrapper.c: In function 'ml_nlopt_set_local_optimizer':\nsrc/nlopt_wrapper.c:611: error: 'nlopt_opt' undeclared (first use in this function)\nsrc/nlopt_wrapper.c:611: error: expected ';' before 'opt'\nsrc/nlopt_wrapper.c:612: error: expected ';' before 'local_opt'\nsrc/nlopt_wrapper.c:613: error: 'nlopt_result' undeclared (first use in this function)\nsrc/nlopt_wrapper.c:613: error: expected ';' before 'res'\nsrc/nlopt_wrapper.c:615: error: 'res' undeclared (first use in this function)\nsrc/nlopt_wrapper.c:615: warning: implicit declaration of function 'nlopt_set_local_optimizer'\nsrc/nlopt_wrapper.c:615: error: 'opt' undeclared (first use in this function)\nsrc/nlopt_wrapper.c:615: error: 'local_opt' undeclared (first use in this function)\nsrc/nlopt_wrapper.c: In function 'ml_nlopt_set_population':\nsrc/nlopt_wrapper.c:624: error: 'nlopt_opt' undeclared (first use in this function)\nsrc/nlopt_wrapper.c:624: error: expected ';' before 'opt'\nsrc/nlopt_wrapper.c:625: error: 'nlopt_result' undeclared (first use in this function)\nsrc/nlopt_wrapper.c:625: error: expected ';' before 'res'\nsrc/nlopt_wrapper.c:627: error: 'res' undeclared (first use in this function)\nsrc/nlopt_wrapper.c:627: warning: implicit declaration of function 'nlopt_set_population'\nsrc/nlopt_wrapper.c:627: error: 'opt' undeclared (first use in this function)\nsrc/nlopt_wrapper.c: In function 'ml_nlopt_set_vector_storage':\nsrc/nlopt_wrapper.c:637: error: 'nlopt_opt' undeclared (first use in this function)\nsrc/nlopt_wrapper.c:637: error: expected ';' before 'opt'\nsrc/nlopt_wrapper.c:638: error: 'nlopt_result' undeclared (first use in this function)\nsrc/nlopt_wrapper.c:638: error: expected ';' before 'res'\nsrc/nlopt_wrapper.c:640: error: 'res' undeclared (first use in this function)\nsrc/nlopt_wrapper.c:640: warning: implicit declaration of function 'nlopt_set_vector_storage'\nsrc/nlopt_wrapper.c:640: error: 'opt' undeclared (first use in this function)\nsrc/nlopt_wrapper.c: In function 'ml_nlopt_get_vector_storage':\nsrc/nlopt_wrapper.c:647: error: 'nlopt_opt' undeclared (first use in this function)\nsrc/nlopt_wrapper.c:647: error: expected ';' before 'opt'\nsrc/nlopt_wrapper.c:649: warning: implicit declaration of function 'nlopt_get_vector_storage'\nsrc/nlopt_wrapper.c:649: error: 'opt' undeclared (first use in this function)\nsrc/nlopt_wrapper.c: In function 'ml_nlopt_version':\nsrc/nlopt_wrapper.c:662: warning: implicit declaration of function 'nlopt_version'\nCommand exited with code 2.\nE: Failure(\"Command ''/Users/avsm/ocamlot/worker/ocaml/4.01/bin/ocamlbuild' src/libnlopt_stubs.a src/dllnlopt_stubs.so src/nlopt.cma src/nlopt.cmxa src/nlopt.a src/nlopt.cmxs examples/rosenbrock.native examples/tutorial.native -tag debug' terminated with error code 10\")\nUninstalling nlopt-ocaml.0.5:\n  ocamlfind remove nlopt\nocamlfind: [WARNING] No such directory: /Volumes/ramdisk/ocamlot/ocamlot.work.2013-06-24.31/opam-install/system/lib/nlopt\n\n")(info"Compiler: 4.01.0+dev18-2013-06-13\nOPAM: df84b0565f0709578c581c1dea82246688d2804f\nOCAMLRUNPARAM = b\nHOME = /Volumes/ramdisk/ocamlot/ocamlot.work.2013-06-24.31\nPATH = /Volumes/ramdisk/ocamlot/ocamlot.work.2013-06-24.31/opam-install/system/bin:/Volumes/ramdisk/ocamlot/ocamlot.work.2013-06-24.31:/Users/avsm/ocamlot/worker/ocaml/4.01/bin:/Users/avsm/.opam/system/bin:/usr/bin:/bin:/usr/sbin:/sbin:/usr/local/bin\nMANPATH = /Volumes/ramdisk/ocamlot/ocamlot.work.2013-06-24.31/opam-install/system/man:\nOCAML_TOPLEVEL_PATH = /Volumes/ramdisk/ocamlot/ocamlot.work.2013-06-24.31/opam-install/system/lib/toplevel\nOPAMROOT = /Volumes/ramdisk/ocamlot/ocamlot.work.2013-06-24.31/opam-install\nCAML_LD_LIBRARY_PATH = /Volumes/ramdisk/ocamlot/ocamlot.work.2013-06-24.31/opam-install/system/lib/stublibs:/Users/avsm/ocamlot/worker/ocaml/4.01/lib/ocaml/stublibs\n"))))))(1372081378.0816218853(Checked_in 6))(1372081354.0560419559(Checked_in 6))(1372081330.0484189987(Checked_in 6))(1372081305.9976229668(Started 6))(1372078592.5281701088(Advertized((os Darwin)(arch X86_64))))))(host((os Darwin)(arch X86_64)))(job(Opam((diff(((repo((url"")(repo_url(URL git://github.com/OCamlPro/opam-repository.git))))(label OCamlPro/opam-repository:master)(reference(Ref master)))))(packages(nlopt-ocaml.0.5))(target((host((os Darwin)(arch X86_64)))(compiler((c_version 4.01.0)(c_build"")))))(action Build)))))